<?xml version="1.0" encoding="UTF-8"?>
<testsuites name="POPSApp_DailySmoke" time="282.483" tests="11" failures="0" skips="0" errors="1">
   <testsuite name="POPSApp_DailySmoke" tests="11" failures="0" errors="1" time="282.483" skips="0" timestamp="2021-03-30 09:48:58" hostname="huy.thanh - CA-HUYTHANH.pops.local" id="Test Suites/POPS App/POPSApp_DailySmoke">
      <properties>
         <property name="deviceName" value=""/>
         <property name="devicePlatform" value=""/>
         <property name="logFolder" value="D:\\Working\\AUTO\\KATAWEB\\popstestautomation\\POPSTestAutomation\\Reports\\20210330_094848\\POPS App\\POPSApp_DailySmoke\\20210330_094848"/>
         <property name="logFiles" value="D:\\Working\\AUTO\\KATAWEB\\popstestautomation\\POPSTestAutomation\\Reports\\20210330_094848\\POPS App\\POPSApp_DailySmoke\\20210330_094848\\execution0.log"/>
         <property name="attachments" value="D:\\Working\\AUTO\\KATAWEB\\popstestautomation\\POPSTestAutomation\\Reports\\20210330_094848\\POPS App\\POPSApp_DailySmoke\\20210330_094848\\Data Files/tmp/tc1/ActualmyScreenshot.png, D:\\Working\\AUTO\\KATAWEB\\popstestautomation\\POPSTestAutomation\\Reports\\20210330_094848\\POPS App\\POPSApp_DailySmoke\\20210330_094848\\Data Files/tmp/tc1/ActualanotherScreenshot.png, D:\\Working\\AUTO\\KATAWEB\\popstestautomation\\POPSTestAutomation\\Reports\\20210330_094848\\POPS App\\POPSApp_DailySmoke\\20210330_094848\\1617072683407.png, D:\\Working\\AUTO\\KATAWEB\\popstestautomation\\POPSTestAutomation\\Reports\\20210330_094848\\POPS App\\POPSApp_DailySmoke\\20210330_094848\\1617072686617.png, D:\\Working\\AUTO\\KATAWEB\\popstestautomation\\POPSTestAutomation\\Reports\\20210330_094848\\POPS App\\POPSApp_DailySmoke\\20210330_094848\\1617072689600.png, D:\\Working\\AUTO\\KATAWEB\\popstestautomation\\POPSTestAutomation\\Reports\\20210330_094848\\POPS App\\POPSApp_DailySmoke\\20210330_094848\\1617072692650.png, D:\\Working\\AUTO\\KATAWEB\\popstestautomation\\POPSTestAutomation\\Reports\\20210330_094848\\POPS App\\POPSApp_DailySmoke\\20210330_094848\\1617072695755.png, D:\\Working\\AUTO\\KATAWEB\\popstestautomation\\POPSTestAutomation\\Reports\\20210330_094848\\POPS App\\POPSApp_DailySmoke\\20210330_094848\\1617072701684.png, D:\\Working\\AUTO\\KATAWEB\\popstestautomation\\POPSTestAutomation\\Reports\\20210330_094848\\POPS App\\POPSApp_DailySmoke\\20210330_094848\\1617072782608.png, D:\\Working\\AUTO\\KATAWEB\\popstestautomation\\POPSTestAutomation\\Reports\\20210330_094848\\POPS App\\POPSApp_DailySmoke\\20210330_094848\\1617072785644.png, D:\\Working\\AUTO\\KATAWEB\\popstestautomation\\POPSTestAutomation\\Reports\\20210330_094848\\POPS App\\POPSApp_DailySmoke\\20210330_094848\\1617072788615.png, D:\\Working\\AUTO\\KATAWEB\\popstestautomation\\POPSTestAutomation\\Reports\\20210330_094848\\POPS App\\POPSApp_DailySmoke\\20210330_094848\\1617072791620.png, D:\\Working\\AUTO\\KATAWEB\\popstestautomation\\POPSTestAutomation\\Reports\\20210330_094848\\POPS App\\POPSApp_DailySmoke\\20210330_094848\\1617072803205.png, D:\\Working\\AUTO\\KATAWEB\\popstestautomation\\POPSTestAutomation\\Reports\\20210330_094848\\POPS App\\POPSApp_DailySmoke\\20210330_094848\\1617072806227.png, D:\\Working\\AUTO\\KATAWEB\\popstestautomation\\POPSTestAutomation\\Reports\\20210330_094848\\POPS App\\POPSApp_DailySmoke\\20210330_094848\\1617072809280.png, D:\\Working\\AUTO\\KATAWEB\\popstestautomation\\POPSTestAutomation\\Reports\\20210330_094848\\POPS App\\POPSApp_DailySmoke\\20210330_094848\\1617072812269.png"/>
         <property name="hostName" value="huy.thanh - CA-HUYTHANH.pops.local"/>
         <property name="os" value="Windows 10 64bit"/>
         <property name="katalonVersion" value="7.9.0.208"/>
         <property name="browser" value="Chrome 89.0.4389.90"/>
         <property name="hostAddress" value="192.168.56.1"/>
         <property name="sessionId" value="2fbd72bcc7cc248e889d5d6d78bf061b"/>
         <property name="seleniumVersion" value="3.141.59"/>
         <property name="proxyInformation" value="ProxyInformation { proxyOption=NO_PROXY, proxyServerType=HTTP, username=, password=********, proxyServerAddress=, proxyServerPort=0, executionList=&quot;&quot;, isApplyToDesiredCapabilities=true }"/>
         <property name="platform" value="Windows 10"/>
      </properties>
      <testcase name="Test Cases/VideoPlayer/VerifyNextVideoByClickingButton" time="17.01" classname="Test Cases/VideoPlayer/VerifyNextVideoByClickingButton" status="ERROR">
         <error type="ERROR" message="Test Cases/VideoPlayer/VerifyNextVideoByClickingButton FAILED.
Reason:
org.openqa.selenium.StaleElementReferenceException: stale element reference: element is not attached to the page document
  (Session info: chrome=89.0.4389.90)
For documentation on this error, please visit: https://www.seleniumhq.org/exceptions/stale_element_reference.html
Build info: version: '3.141.59', revision: 'e82be7d358', time: '2018-11-14T08:25:53'
System info: host: 'CA-HUYTHANH', ip: '192.168.56.1', os.name: 'Windows 10', os.arch: 'amd64', os.version: '10.0', java.version: '1.8.0_181'
Driver info: com.kms.katalon.selenium.driver.CChromeDriver
Capabilities {acceptInsecureCerts: false, browserName: chrome, browserVersion: 89.0.4389.90, chrome: {chromedriverVersion: 89.0.4389.23 (61b08ee2c5002..., userDataDir: C:\Users\HUY~1.THA\AppData\...}, goog:chromeOptions: {debuggerAddress: localhost:55317}, javascriptEnabled: true, networkConnectionEnabled: false, pageLoadStrategy: normal, platform: WINDOWS, platformName: WINDOWS, proxy: Proxy(), setWindowRect: true, strictFileInteractability: false, timeouts: {implicit: 0, pageLoad: 300000, script: 30000}, unhandledPromptBehavior: dismiss and notify, webauthn:extension:largeBlob: true, webauthn:virtualAuthenticators: true}
Session ID: fefdb29d5a41f5f77b099097d070503c
	at org.openqa.selenium.remote.http.W3CHttpResponseCodec.createException(W3CHttpResponseCodec.java:187)
	at org.openqa.selenium.remote.http.W3CHttpResponseCodec.decode(W3CHttpResponseCodec.java:122)
	at org.openqa.selenium.remote.http.W3CHttpResponseCodec.decode(W3CHttpResponseCodec.java:49)
	at org.openqa.selenium.remote.HttpCommandExecutor.execute(HttpCommandExecutor.java:158)
	at org.openqa.selenium.remote.service.DriverCommandExecutor.execute(DriverCommandExecutor.java:83)
	at org.openqa.selenium.remote.RemoteWebDriver.execute(RemoteWebDriver.java:552)
	at com.kms.katalon.selenium.driver.CChromeDriver.execute(CChromeDriver.java:19)
	at org.openqa.selenium.remote.RemoteWebElement.execute(RemoteWebElement.java:285)
	at org.openqa.selenium.remote.RemoteWebElement.click(RemoteWebElement.java:84)
	at org.openqa.selenium.support.events.EventFiringWebDriver$EventFiringWebElement.lambda$new$0(EventFiringWebDriver.java:404)
	at com.sun.proxy.$Proxy14.click(Unknown Source)
	at org.openqa.selenium.support.events.EventFiringWebDriver$EventFiringWebElement.click(EventFiringWebDriver.java:417)
	at org.openqa.selenium.WebElement$click$0.call(Unknown Source)
	at commonActions.BaseActions.clickFirstElement(BaseActions.groovy:196)
	at commonActions.BaseActions.invokeMethod(BaseActions.groovy)
	at com.kms.katalon.core.main.CustomKeywordDelegatingMetaClass.invokeStaticMethod(CustomKeywordDelegatingMetaClass.java:50)
	at VerifyNextVideoByClickingButton.run(VerifyNextVideoByClickingButton:35)
	at com.kms.katalon.core.main.ScriptEngine.run(ScriptEngine.java:194)
	at com.kms.katalon.core.main.ScriptEngine.runScriptAsRawText(ScriptEngine.java:119)
	at com.kms.katalon.core.main.TestCaseExecutor.runScript(TestCaseExecutor.java:398)
	at com.kms.katalon.core.main.TestCaseExecutor.doExecute(TestCaseExecutor.java:389)
	at com.kms.katalon.core.main.TestCaseExecutor.processExecutionPhase(TestCaseExecutor.java:368)
	at com.kms.katalon.core.main.TestCaseExecutor.accessMainPhase(TestCaseExecutor.java:360)
	at com.kms.katalon.core.main.TestCaseExecutor.execute(TestCaseExecutor.java:255)
	at com.kms.katalon.core.main.TestSuiteExecutor.accessTestCaseMainPhase(TestSuiteExecutor.java:203)
	at com.kms.katalon.core.main.TestSuiteExecutor.accessTestSuiteMainPhase(TestSuiteExecutor.java:152)
	at com.kms.katalon.core.main.TestSuiteExecutor.execute(TestSuiteExecutor.java:95)
	at com.kms.katalon.core.main.TestCaseMain.startTestSuite(TestCaseMain.java:157)
	at com.kms.katalon.core.main.TestCaseMain$startTestSuite$0.call(Unknown Source)
	at TempTestSuite1617072528233.run(TempTestSuite1617072528233.groovy:39)
"/>
         <system-out><![CDATA[2021-03-30 09:48:58 - [TEST_CASE][ERROR] - Test Cases/VideoPlayer/VerifyNextVideoByClickingButton: Test Cases/VideoPlayer/VerifyNextVideoByClickingButton FAILED.
Reason:
org.openqa.selenium.StaleElementReferenceException: stale element reference: element is not attached to the page document
  (Session info: chrome=89.0.4389.90)
For documentation on this error, please visit: https://www.seleniumhq.org/exceptions/stale_element_reference.html
Build info: version: '3.141.59', revision: 'e82be7d358', time: '2018-11-14T08:25:53'
System info: host: 'CA-HUYTHANH', ip: '192.168.56.1', os.name: 'Windows 10', os.arch: 'amd64', os.version: '10.0', java.version: '1.8.0_181'
Driver info: com.kms.katalon.selenium.driver.CChromeDriver
Capabilities {acceptInsecureCerts: false, browserName: chrome, browserVersion: 89.0.4389.90, chrome: {chromedriverVersion: 89.0.4389.23 (61b08ee2c5002..., userDataDir: C:\Users\HUY~1.THA\AppData\...}, goog:chromeOptions: {debuggerAddress: localhost:55317}, javascriptEnabled: true, networkConnectionEnabled: false, pageLoadStrategy: normal, platform: WINDOWS, platformName: WINDOWS, proxy: Proxy(), setWindowRect: true, strictFileInteractability: false, timeouts: {implicit: 0, pageLoad: 300000, script: 30000}, unhandledPromptBehavior: dismiss and notify, webauthn:extension:largeBlob: true, webauthn:virtualAuthenticators: true}
Session ID: fefdb29d5a41f5f77b099097d070503c
	at org.openqa.selenium.remote.http.W3CHttpResponseCodec.createException(W3CHttpResponseCodec.java:187)
	at org.openqa.selenium.remote.http.W3CHttpResponseCodec.decode(W3CHttpResponseCodec.java:122)
	at org.openqa.selenium.remote.http.W3CHttpResponseCodec.decode(W3CHttpResponseCodec.java:49)
	at org.openqa.selenium.remote.HttpCommandExecutor.execute(HttpCommandExecutor.java:158)
	at org.openqa.selenium.remote.service.DriverCommandExecutor.execute(DriverCommandExecutor.java:83)
	at org.openqa.selenium.remote.RemoteWebDriver.execute(RemoteWebDriver.java:552)
	at com.kms.katalon.selenium.driver.CChromeDriver.execute(CChromeDriver.java:19)
	at org.openqa.selenium.remote.RemoteWebElement.execute(RemoteWebElement.java:285)
	at org.openqa.selenium.remote.RemoteWebElement.click(RemoteWebElement.java:84)
	at org.openqa.selenium.support.events.EventFiringWebDriver$EventFiringWebElement.lambda$new$0(EventFiringWebDriver.java:404)
	at com.sun.proxy.$Proxy14.click(Unknown Source)
	at org.openqa.selenium.support.events.EventFiringWebDriver$EventFiringWebElement.click(EventFiringWebDriver.java:417)
	at org.openqa.selenium.WebElement$click$0.call(Unknown Source)
	at commonActions.BaseActions.clickFirstElement(BaseActions.groovy:196)
	at commonActions.BaseActions.invokeMethod(BaseActions.groovy)
	at com.kms.katalon.core.main.CustomKeywordDelegatingMetaClass.invokeStaticMethod(CustomKeywordDelegatingMetaClass.java:50)
	at VerifyNextVideoByClickingButton.run(VerifyNextVideoByClickingButton:35)
	at com.kms.katalon.core.main.ScriptEngine.run(ScriptEngine.java:194)
	at com.kms.katalon.core.main.ScriptEngine.runScriptAsRawText(ScriptEngine.java:119)
	at com.kms.katalon.core.main.TestCaseExecutor.runScript(TestCaseExecutor.java:398)
	at com.kms.katalon.core.main.TestCaseExecutor.doExecute(TestCaseExecutor.java:389)
	at com.kms.katalon.core.main.TestCaseExecutor.processExecutionPhase(TestCaseExecutor.java:368)
	at com.kms.katalon.core.main.TestCaseExecutor.accessMainPhase(TestCaseExecutor.java:360)
	at com.kms.katalon.core.main.TestCaseExecutor.execute(TestCaseExecutor.java:255)
	at com.kms.katalon.core.main.TestSuiteExecutor.accessTestCaseMainPhase(TestSuiteExecutor.java:203)
	at com.kms.katalon.core.main.TestSuiteExecutor.accessTestSuiteMainPhase(TestSuiteExecutor.java:152)
	at com.kms.katalon.core.main.TestSuiteExecutor.execute(TestSuiteExecutor.java:95)
	at com.kms.katalon.core.main.TestCaseMain.startTestSuite(TestCaseMain.java:157)
	at com.kms.katalon.core.main.TestCaseMain$startTestSuite$0.call(Unknown Source)
	at TempTestSuite1617072528233.run(TempTestSuite1617072528233.groovy:39)


2021-03-30 09:48:58 - [TEST_STEP][PASSED] - Start listener action : sampleBeforeTestCase: null

2021-03-30 09:48:58 - [TEST_STEP][PASSED] - println(testCaseContext.getTestCaseId()): null

2021-03-30 09:48:58 - [TEST_STEP][PASSED] - println(testCaseContext.getTestCaseVariables()): null

2021-03-30 09:48:59 - [TEST_STEP][PASSED] - openBrowser(SourceURL): Browser is opened with url: 'https://pops.vn/'

2021-03-30 09:48:59 - [MESSAGE][INFO] - Starting 'Chrome' driver

2021-03-30 09:48:59 - [MESSAGE][INFO] - Action delay is set to 0 milliseconds

2021-03-30 09:49:04 - [MESSAGE][PASSED] - Browser is opened with url: 'https://pops.vn/'

2021-03-30 09:49:04 - [TEST_STEP][PASSED] - maximizeWindow(): Current window maximized

2021-03-30 09:49:04 - [MESSAGE][PASSED] - Current window maximized

2021-03-30 09:49:04 - [TEST_STEP][PASSED] - click(findTestObject("SearchPageUI/TEXTBOX_SEARCH")): Object: 'Object Repository/SearchPageUI/TEXTBOX_SEARCH' is clicked on

2021-03-30 09:49:06 - [MESSAGE][PASSED] - Object: 'Object Repository/SearchPageUI/TEXTBOX_SEARCH' is clicked on

2021-03-30 09:49:06 - [TEST_STEP][PASSED] - commonActions.SearchActions.verifyComicSuggest(findTestObject("SearchPageUI/COMIC_ITEMS")): commonActions.SearchActions.verifyComicSuggest is PASSED

2021-03-30 09:49:07 - [MESSAGE][INFO] - HAR: D:\Working\AUTO\KATAWEB\popstestautomation\POPSTestAutomation\Reports\20210330_094848\POPS App\POPSApp_DailySmoke\20210330_094848\requests\main\0.har

2021-03-30 09:49:07 - [MESSAGE][PASSED] - Send request successfully

2021-03-30 09:49:07 - [MESSAGE][PASSED] - Object 'Object Repository/SearchPageUI/COMIC_ITEMS' is present

2021-03-30 09:49:07 - [MESSAGE][INFO] - HAR: D:\Working\AUTO\KATAWEB\popstestautomation\POPSTestAutomation\Reports\20210330_094848\POPS App\POPSApp_DailySmoke\20210330_094848\requests\main\1.har

2021-03-30 09:49:07 - [MESSAGE][PASSED] - Send request successfully

2021-03-30 09:49:07 - [MESSAGE][PASSED] - commonActions.SearchActions.verifyComicSuggest is PASSED

2021-03-30 09:49:07 - [TEST_STEP][PASSED] - commonActions.SearchActions.verifyVideoSuggest(findTestObject("SearchPageUI/VIDEO_ITEMS")): commonActions.SearchActions.verifyVideoSuggest is PASSED

2021-03-30 09:49:08 - [MESSAGE][INFO] - HAR: D:\Working\AUTO\KATAWEB\popstestautomation\POPSTestAutomation\Reports\20210330_094848\POPS App\POPSApp_DailySmoke\20210330_094848\requests\main\2.har

2021-03-30 09:49:08 - [MESSAGE][PASSED] - Send request successfully

2021-03-30 09:49:08 - [MESSAGE][PASSED] - Object 'Object Repository/SearchPageUI/VIDEO_ITEMS' is present

2021-03-30 09:49:09 - [MESSAGE][INFO] - HAR: D:\Working\AUTO\KATAWEB\popstestautomation\POPSTestAutomation\Reports\20210330_094848\POPS App\POPSApp_DailySmoke\20210330_094848\requests\main\3.har

2021-03-30 09:49:09 - [MESSAGE][PASSED] - Send request successfully

2021-03-30 09:49:09 - [MESSAGE][PASSED] - commonActions.SearchActions.verifyVideoSuggest is PASSED

2021-03-30 09:49:09 - [TEST_STEP][PASSED] - commonActions.SearchActions.searchAnyVideo(findTestObject("SearchPageUI/TEXTBOX_SEARCH"), "conan"): commonActions.SearchActions.searchAnyVideo is PASSED

2021-03-30 09:49:09 - [MESSAGE][WARNING] - Timeout '0' is invalid. Using default page load timeout: '30'

2021-03-30 09:49:09 - [MESSAGE][PASSED] - Object 'Object Repository/SearchPageUI/TEXTBOX_SEARCH' is present

2021-03-30 09:49:10 - [MESSAGE][PASSED] - Text of object 'Object Repository/SearchPageUI/TEXTBOX_SEARCH' is cleared

2021-03-30 09:49:10 - [MESSAGE][PASSED] - Text 'conan' is set on object 'Object Repository/SearchPageUI/TEXTBOX_SEARCH'

2021-03-30 09:49:12 - [MESSAGE][PASSED] - Object: 'Object Repository/SearchPageUI/ICON_SEARCH_BUTTON' is clicked on

2021-03-30 09:49:12 - [MESSAGE][WARNING] - Timeout '0' is invalid. Using default page load timeout: '30'

2021-03-30 09:49:13 - [MESSAGE][PASSED] - commonActions.SearchActions.searchAnyVideo is PASSED

2021-03-30 09:49:13 - [TEST_STEP][PASSED] - waitForElementPresent(findTestObject("SearchPageUI/RESULT_ELEMENTS"), 1): Object 'Object Repository/SearchPageUI/RESULT_ELEMENTS' is present

2021-03-30 09:49:14 - [MESSAGE][PASSED] - Object 'Object Repository/SearchPageUI/RESULT_ELEMENTS' is present

2021-03-30 09:49:14 - [TEST_STEP][PASSED] - commonActions.BaseActions.clickFirstElement(findTestObject("SearchPageUI/RESULT_ELEMENTS"), 0): commonActions.BaseActions.clickFirstElement is PASSED

2021-03-30 09:49:14 - [MESSAGE][PASSED] - commonActions.BaseActions.clickFirstElement is PASSED

2021-03-30 09:49:14 - [TEST_STEP][ERROR] - commonActions.BaseActions.clickFirstElement(findTestObject("SearchPageUI/LIST_TITLE_RESULT"), 0): stale element reference: element is not attached to the page document
  (Session info: chrome=89.0.4389.90)
For documentation on this error, please visit: https://www.seleniumhq.org/exceptions/stale_element_reference.html
Build info: version: '3.141.59', revision: 'e82be7d358', time: '2018-11-14T08:25:53'
System info: host: 'CA-HUYTHANH', ip: '192.168.56.1', os.name: 'Windows 10', os.arch: 'amd64', os.version: '10.0', java.version: '1.8.0_181'
Driver info: com.kms.katalon.selenium.driver.CChromeDriver
Capabilities {acceptInsecureCerts: false, browserName: chrome, browserVersion: 89.0.4389.90, chrome: {chromedriverVersion: 89.0.4389.23 (61b08ee2c5002..., userDataDir: C:\Users\HUY~1.THA\AppData\...}, goog:chromeOptions: {debuggerAddress: localhost:55317}, javascriptEnabled: true, networkConnectionEnabled: false, pageLoadStrategy: normal, platform: WINDOWS, platformName: WINDOWS, proxy: Proxy(), setWindowRect: true, strictFileInteractability: false, timeouts: {implicit: 0, pageLoad: 300000, script: 30000}, unhandledPromptBehavior: dismiss and notify, webauthn:extension:largeBlob: true, webauthn:virtualAuthenticators: true}
Session ID: fefdb29d5a41f5f77b099097d070503c

2021-03-30 09:49:15 - [MESSAGE][ERROR] - stale element reference: element is not attached to the page document
  (Session info: chrome=89.0.4389.90)
For documentation on this error, please visit: https://www.seleniumhq.org/exceptions/stale_element_reference.html
Build info: version: '3.141.59', revision: 'e82be7d358', time: '2018-11-14T08:25:53'
System info: host: 'CA-HUYTHANH', ip: '192.168.56.1', os.name: 'Windows 10', os.arch: 'amd64', os.version: '10.0', java.version: '1.8.0_181'
Driver info: com.kms.katalon.selenium.driver.CChromeDriver
Capabilities {acceptInsecureCerts: false, browserName: chrome, browserVersion: 89.0.4389.90, chrome: {chromedriverVersion: 89.0.4389.23 (61b08ee2c5002..., userDataDir: C:\Users\HUY~1.THA\AppData\...}, goog:chromeOptions: {debuggerAddress: localhost:55317}, javascriptEnabled: true, networkConnectionEnabled: false, pageLoadStrategy: normal, platform: WINDOWS, platformName: WINDOWS, proxy: Proxy(), setWindowRect: true, strictFileInteractability: false, timeouts: {implicit: 0, pageLoad: 300000, script: 30000}, unhandledPromptBehavior: dismiss and notify, webauthn:extension:largeBlob: true, webauthn:virtualAuthenticators: true}
Session ID: fefdb29d5a41f5f77b099097d070503c

2021-03-30 09:49:15 - [TEST_STEP][PASSED] - Start listener action : sampleAfterTestCase: null

2021-03-30 09:49:15 - [TEST_STEP][PASSED] - println(testCaseContext.getTestCaseId()): null

2021-03-30 09:49:15 - [TEST_STEP][PASSED] - println(testCaseContext.getTestCaseStatus()): null]]></system-out>
         <system-err><![CDATA[2021-03-30 09:48:58 - [TEST_CASE][ERROR] - Test Cases/VideoPlayer/VerifyNextVideoByClickingButton: Test Cases/VideoPlayer/VerifyNextVideoByClickingButton FAILED.
Reason:
org.openqa.selenium.StaleElementReferenceException: stale element reference: element is not attached to the page document
  (Session info: chrome=89.0.4389.90)
For documentation on this error, please visit: https://www.seleniumhq.org/exceptions/stale_element_reference.html
Build info: version: '3.141.59', revision: 'e82be7d358', time: '2018-11-14T08:25:53'
System info: host: 'CA-HUYTHANH', ip: '192.168.56.1', os.name: 'Windows 10', os.arch: 'amd64', os.version: '10.0', java.version: '1.8.0_181'
Driver info: com.kms.katalon.selenium.driver.CChromeDriver
Capabilities {acceptInsecureCerts: false, browserName: chrome, browserVersion: 89.0.4389.90, chrome: {chromedriverVersion: 89.0.4389.23 (61b08ee2c5002..., userDataDir: C:\Users\HUY~1.THA\AppData\...}, goog:chromeOptions: {debuggerAddress: localhost:55317}, javascriptEnabled: true, networkConnectionEnabled: false, pageLoadStrategy: normal, platform: WINDOWS, platformName: WINDOWS, proxy: Proxy(), setWindowRect: true, strictFileInteractability: false, timeouts: {implicit: 0, pageLoad: 300000, script: 30000}, unhandledPromptBehavior: dismiss and notify, webauthn:extension:largeBlob: true, webauthn:virtualAuthenticators: true}
Session ID: fefdb29d5a41f5f77b099097d070503c
	at org.openqa.selenium.remote.http.W3CHttpResponseCodec.createException(W3CHttpResponseCodec.java:187)
	at org.openqa.selenium.remote.http.W3CHttpResponseCodec.decode(W3CHttpResponseCodec.java:122)
	at org.openqa.selenium.remote.http.W3CHttpResponseCodec.decode(W3CHttpResponseCodec.java:49)
	at org.openqa.selenium.remote.HttpCommandExecutor.execute(HttpCommandExecutor.java:158)
	at org.openqa.selenium.remote.service.DriverCommandExecutor.execute(DriverCommandExecutor.java:83)
	at org.openqa.selenium.remote.RemoteWebDriver.execute(RemoteWebDriver.java:552)
	at com.kms.katalon.selenium.driver.CChromeDriver.execute(CChromeDriver.java:19)
	at org.openqa.selenium.remote.RemoteWebElement.execute(RemoteWebElement.java:285)
	at org.openqa.selenium.remote.RemoteWebElement.click(RemoteWebElement.java:84)
	at org.openqa.selenium.support.events.EventFiringWebDriver$EventFiringWebElement.lambda$new$0(EventFiringWebDriver.java:404)
	at com.sun.proxy.$Proxy14.click(Unknown Source)
	at org.openqa.selenium.support.events.EventFiringWebDriver$EventFiringWebElement.click(EventFiringWebDriver.java:417)
	at org.openqa.selenium.WebElement$click$0.call(Unknown Source)
	at commonActions.BaseActions.clickFirstElement(BaseActions.groovy:196)
	at commonActions.BaseActions.invokeMethod(BaseActions.groovy)
	at com.kms.katalon.core.main.CustomKeywordDelegatingMetaClass.invokeStaticMethod(CustomKeywordDelegatingMetaClass.java:50)
	at VerifyNextVideoByClickingButton.run(VerifyNextVideoByClickingButton:35)
	at com.kms.katalon.core.main.ScriptEngine.run(ScriptEngine.java:194)
	at com.kms.katalon.core.main.ScriptEngine.runScriptAsRawText(ScriptEngine.java:119)
	at com.kms.katalon.core.main.TestCaseExecutor.runScript(TestCaseExecutor.java:398)
	at com.kms.katalon.core.main.TestCaseExecutor.doExecute(TestCaseExecutor.java:389)
	at com.kms.katalon.core.main.TestCaseExecutor.processExecutionPhase(TestCaseExecutor.java:368)
	at com.kms.katalon.core.main.TestCaseExecutor.accessMainPhase(TestCaseExecutor.java:360)
	at com.kms.katalon.core.main.TestCaseExecutor.execute(TestCaseExecutor.java:255)
	at com.kms.katalon.core.main.TestSuiteExecutor.accessTestCaseMainPhase(TestSuiteExecutor.java:203)
	at com.kms.katalon.core.main.TestSuiteExecutor.accessTestSuiteMainPhase(TestSuiteExecutor.java:152)
	at com.kms.katalon.core.main.TestSuiteExecutor.execute(TestSuiteExecutor.java:95)
	at com.kms.katalon.core.main.TestCaseMain.startTestSuite(TestCaseMain.java:157)
	at com.kms.katalon.core.main.TestCaseMain$startTestSuite$0.call(Unknown Source)
	at TempTestSuite1617072528233.run(TempTestSuite1617072528233.groovy:39)]]></system-err>
      </testcase>
      <testcase name="Test Cases/VideoPlayer/VerifyVideoCanPlay" time="62.759" classname="Test Cases/VideoPlayer/VerifyVideoCanPlay" status="PASSED">
         <system-out><![CDATA[2021-03-30 09:49:15 - [TEST_CASE][PASSED] - Test Cases/VideoPlayer/VerifyVideoCanPlay: Test Cases/VideoPlayer/VerifyVideoCanPlay

2021-03-30 09:49:15 - [TEST_STEP][PASSED] - Start listener action : sampleBeforeTestCase: null

2021-03-30 09:49:15 - [TEST_STEP][PASSED] - println(testCaseContext.getTestCaseId()): null

2021-03-30 09:49:15 - [TEST_STEP][PASSED] - println(testCaseContext.getTestCaseVariables()): null

2021-03-30 09:49:16 - [TEST_STEP][PASSED] - openBrowser(SourceURL): Browser is opened with url: 'https://pops.vn/'

2021-03-30 09:49:16 - [MESSAGE][WARNING] - A browser is already opened. Closing browser and opening a new one

2021-03-30 09:49:16 - [MESSAGE][INFO] - Starting 'Chrome' driver

2021-03-30 09:49:16 - [MESSAGE][INFO] - Action delay is set to 0 milliseconds

2021-03-30 09:49:19 - [MESSAGE][PASSED] - Browser is opened with url: 'https://pops.vn/'

2021-03-30 09:49:19 - [TEST_STEP][PASSED] - maximizeWindow(): Current window maximized

2021-03-30 09:49:19 - [MESSAGE][PASSED] - Current window maximized

2021-03-30 09:49:19 - [TEST_STEP][PASSED] - click(findTestObject("SearchPageUI/TEXTBOX_SEARCH")): Object: 'Object Repository/SearchPageUI/TEXTBOX_SEARCH' is clicked on

2021-03-30 09:49:21 - [MESSAGE][PASSED] - Object: 'Object Repository/SearchPageUI/TEXTBOX_SEARCH' is clicked on

2021-03-30 09:49:21 - [TEST_STEP][PASSED] - commonActions.SearchActions.verifyComicSuggest(findTestObject("SearchPageUI/COMIC_ITEMS")): commonActions.SearchActions.verifyComicSuggest is PASSED

2021-03-30 09:49:21 - [MESSAGE][INFO] - HAR: D:\Working\AUTO\KATAWEB\popstestautomation\POPSTestAutomation\Reports\20210330_094848\POPS App\POPSApp_DailySmoke\20210330_094848\requests\main\4.har

2021-03-30 09:49:21 - [MESSAGE][PASSED] - Send request successfully

2021-03-30 09:49:22 - [MESSAGE][PASSED] - Object 'Object Repository/SearchPageUI/COMIC_ITEMS' is present

2021-03-30 09:49:22 - [MESSAGE][INFO] - HAR: D:\Working\AUTO\KATAWEB\popstestautomation\POPSTestAutomation\Reports\20210330_094848\POPS App\POPSApp_DailySmoke\20210330_094848\requests\main\5.har

2021-03-30 09:49:22 - [MESSAGE][PASSED] - Send request successfully

2021-03-30 09:49:22 - [MESSAGE][PASSED] - commonActions.SearchActions.verifyComicSuggest is PASSED

2021-03-30 09:49:22 - [TEST_STEP][PASSED] - commonActions.SearchActions.verifyVideoSuggest(findTestObject("SearchPageUI/VIDEO_ITEMS")): commonActions.SearchActions.verifyVideoSuggest is PASSED

2021-03-30 09:49:23 - [MESSAGE][INFO] - HAR: D:\Working\AUTO\KATAWEB\popstestautomation\POPSTestAutomation\Reports\20210330_094848\POPS App\POPSApp_DailySmoke\20210330_094848\requests\main\6.har

2021-03-30 09:49:23 - [MESSAGE][PASSED] - Send request successfully

2021-03-30 09:49:24 - [MESSAGE][PASSED] - Object 'Object Repository/SearchPageUI/VIDEO_ITEMS' is present

2021-03-30 09:49:24 - [MESSAGE][INFO] - HAR: D:\Working\AUTO\KATAWEB\popstestautomation\POPSTestAutomation\Reports\20210330_094848\POPS App\POPSApp_DailySmoke\20210330_094848\requests\main\7.har

2021-03-30 09:49:24 - [MESSAGE][PASSED] - Send request successfully

2021-03-30 09:49:24 - [MESSAGE][PASSED] - commonActions.SearchActions.verifyVideoSuggest is PASSED

2021-03-30 09:49:24 - [TEST_STEP][PASSED] - commonActions.SearchActions.searchAnyVideo(findTestObject("SearchPageUI/TEXTBOX_SEARCH"), "conan"): commonActions.SearchActions.searchAnyVideo is PASSED

2021-03-30 09:49:24 - [MESSAGE][WARNING] - Timeout '0' is invalid. Using default page load timeout: '30'

2021-03-30 09:49:25 - [MESSAGE][PASSED] - Object 'Object Repository/SearchPageUI/TEXTBOX_SEARCH' is present

2021-03-30 09:49:25 - [MESSAGE][PASSED] - Text of object 'Object Repository/SearchPageUI/TEXTBOX_SEARCH' is cleared

2021-03-30 09:49:26 - [MESSAGE][PASSED] - Text 'conan' is set on object 'Object Repository/SearchPageUI/TEXTBOX_SEARCH'

2021-03-30 09:49:27 - [MESSAGE][PASSED] - Object: 'Object Repository/SearchPageUI/ICON_SEARCH_BUTTON' is clicked on

2021-03-30 09:49:27 - [MESSAGE][WARNING] - Timeout '0' is invalid. Using default page load timeout: '30'

2021-03-30 09:49:28 - [MESSAGE][PASSED] - commonActions.SearchActions.searchAnyVideo is PASSED

2021-03-30 09:49:28 - [TEST_STEP][PASSED] - commonActions.BaseActions.clickFirstElement(findTestObject("SearchPageUI/RESULT_ELEMENTS"), 0): commonActions.BaseActions.clickFirstElement is PASSED

2021-03-30 09:49:28 - [MESSAGE][PASSED] - commonActions.BaseActions.clickFirstElement is PASSED

2021-03-30 09:49:28 - [TEST_STEP][PASSED] - commonActions.BaseActions.clickFirstElement(findTestObject("SearchPageUI/LIST_TITLE_RESULT"), 0): commonActions.BaseActions.clickFirstElement is PASSED

2021-03-30 09:49:29 - [MESSAGE][PASSED] - commonActions.BaseActions.clickFirstElement is PASSED

2021-03-30 09:49:29 - [TEST_STEP][PASSED] - commonActions.VideoPlayer.verifyPlayer(25): commonActions.VideoPlayer.verifyPlayer is PASSED

2021-03-30 09:49:30 - [MESSAGE][WARNING] - Timeout '0' is invalid. Using default page load timeout: '30'

2021-03-30 09:49:50 - [MESSAGE][INFO] - 0 hidden object(s)

2021-03-30 09:49:50 - [MESSAGE][PASSED] - Taking screenshot successfully
[[ATTACHMENT|D:\\Working\\AUTO\\KATAWEB\\popstestautomation\\POPSTestAutomation\\Reports\\20210330_094848\\POPS App\\POPSApp_DailySmoke\\20210330_094848\\Data Files/tmp/tc1/ActualmyScreenshot.png]]

2021-03-30 09:50:15 - [MESSAGE][PASSED] - Delayed 25 second(s)

2021-03-30 09:50:15 - [MESSAGE][WARNING] - Timeout '0' is invalid. Using default page load timeout: '30'

2021-03-30 09:50:16 - [MESSAGE][INFO] - 0 hidden object(s)

2021-03-30 09:50:17 - [MESSAGE][PASSED] - Taking screenshot successfully
[[ATTACHMENT|D:\\Working\\AUTO\\KATAWEB\\popstestautomation\\POPSTestAutomation\\Reports\\20210330_094848\\POPS App\\POPSApp_DailySmoke\\20210330_094848\\Data Files/tmp/tc1/ActualanotherScreenshot.png]]

2021-03-30 09:50:18 - [MESSAGE][PASSED] - commonActions.VideoPlayer.verifyPlayer is PASSED

2021-03-30 09:50:18 - [TEST_STEP][PASSED] - closeBrowser(): Browser is closed

2021-03-30 09:50:18 - [MESSAGE][PASSED] - Browser is closed

2021-03-30 09:50:18 - [TEST_STEP][PASSED] - Start listener action : sampleAfterTestCase: null

2021-03-30 09:50:18 - [TEST_STEP][PASSED] - println(testCaseContext.getTestCaseId()): null

2021-03-30 09:50:18 - [TEST_STEP][PASSED] - println(testCaseContext.getTestCaseStatus()): null]]></system-out>
         <system-err><![CDATA[]]></system-err>
      </testcase>
      <testcase name="Test Cases/UnlockComic/VerifyUnlockComic" time="26.234" classname="Test Cases/UnlockComic/VerifyUnlockComic" status="PASSED">
         <system-out><![CDATA[2021-03-30 09:50:18 - [TEST_CASE][PASSED] - Test Cases/UnlockComic/VerifyUnlockComic: Test Cases/UnlockComic/VerifyUnlockComic

2021-03-30 09:50:18 - [TEST_STEP][PASSED] - Start listener action : sampleBeforeTestCase: null

2021-03-30 09:50:18 - [TEST_STEP][PASSED] - println(testCaseContext.getTestCaseId()): null

2021-03-30 09:50:18 - [TEST_STEP][PASSED] - println(testCaseContext.getTestCaseVariables()): null

2021-03-30 09:50:18 - [TEST_STEP][PASSED] - openBrowser(SourceURL): Browser is opened with url: 'https://pops.vn/'

2021-03-30 09:50:18 - [MESSAGE][INFO] - Starting 'Chrome' driver

2021-03-30 09:50:18 - [MESSAGE][INFO] - Action delay is set to 0 milliseconds

2021-03-30 09:50:21 - [MESSAGE][PASSED] - Browser is opened with url: 'https://pops.vn/'

2021-03-30 09:50:21 - [TEST_STEP][PASSED] - maximizeWindow(): Current window maximized

2021-03-30 09:50:21 - [MESSAGE][PASSED] - Current window maximized

2021-03-30 09:50:21 - [TEST_STEP][PASSED] - commonActions.SignInActions.SignInWithValidAccount("huy.thanh@pops.vn", "12345678"): commonActions.SignInActions.SignInWithValidAccount is PASSED

2021-03-30 09:50:23 - [MESSAGE][PASSED] - Object: 'Object Repository/POPS App UI/TopMenu/button_DangNhap' is clicked on

2021-03-30 09:50:23 - [TEST_CASE][PASSED] - Test Cases/POPS App/CommonTestCases/SignInWithAccount: Test Cases/POPS App/CommonTestCases/SignInWithAccount

2021-03-30 09:50:23 - [TEST_STEP][PASSED] - setText(findTestObject("POPS App UI/SignIn_DangNhap/input_Email"), Email): Text 'huy.thanh@pops.vn' is set on object 'Object Repository/POPS App UI/SignIn_DangNhap/input_Email'

2021-03-30 09:50:25 - [MESSAGE][PASSED] - Text 'huy.thanh@pops.vn' is set on object 'Object Repository/POPS App UI/SignIn_DangNhap/input_Email'

2021-03-30 09:50:25 - [TEST_STEP][PASSED] - setText(findTestObject("POPS App UI/SignIn_DangNhap/input_Password"), Password): Text '12345678' is set on object 'Object Repository/POPS App UI/SignIn_DangNhap/input_Password'

2021-03-30 09:50:26 - [MESSAGE][PASSED] - Text '12345678' is set on object 'Object Repository/POPS App UI/SignIn_DangNhap/input_Password'

2021-03-30 09:50:26 - [TEST_STEP][PASSED] - click(findTestObject("POPS App UI/SignIn_DangNhap/button_DangNhap")): Object: 'Object Repository/POPS App UI/SignIn_DangNhap/button_DangNhap' is clicked on

2021-03-30 09:50:26 - [MESSAGE][PASSED] - Object: 'Object Repository/POPS App UI/SignIn_DangNhap/button_DangNhap' is clicked on

2021-03-30 09:50:26 - [MESSAGE][PASSED] - Call Test Case 'Test Cases/POPS App/CommonTestCases/SignInWithAccount' successfully

2021-03-30 09:50:30 - [MESSAGE][PASSED] - Web element with id: 'Object Repository/POPS App UI/TopMenu/button_DangNhap' located by 'By.xpath: //div[@id='__next']/main/div/header/div[2]/div[2]/div[3]/a' is not present after '3' second(s)

2021-03-30 09:50:30 - [MESSAGE][PASSED] - commonActions.SignInActions.SignInWithValidAccount is PASSED

2021-03-30 09:50:30 - [TEST_STEP][PASSED] - commonActions.SearchActions.searchAnyComic(findTestObject("SearchPageUI/TEXTBOX_SEARCH"), APICMS.getComicNameCanUnlock()): commonActions.SearchActions.searchAnyComic is PASSED

2021-03-30 09:50:31 - [MESSAGE][INFO] - HAR: D:\Working\AUTO\KATAWEB\popstestautomation\POPSTestAutomation\Reports\20210330_094848\POPS App\POPSApp_DailySmoke\20210330_094848\requests\main\8.har

2021-03-30 09:50:31 - [MESSAGE][PASSED] - Send request successfully

2021-03-30 09:50:32 - [MESSAGE][INFO] - HAR: D:\Working\AUTO\KATAWEB\popstestautomation\POPSTestAutomation\Reports\20210330_094848\POPS App\POPSApp_DailySmoke\20210330_094848\requests\main\9.har

2021-03-30 09:50:32 - [MESSAGE][PASSED] - Send request successfully

2021-03-30 09:50:32 - [MESSAGE][INFO] - HAR: D:\Working\AUTO\KATAWEB\popstestautomation\POPSTestAutomation\Reports\20210330_094848\POPS App\POPSApp_DailySmoke\20210330_094848\requests\main\10.har

2021-03-30 09:50:32 - [MESSAGE][PASSED] - Send request successfully

2021-03-30 09:50:33 - [MESSAGE][INFO] - HAR: D:\Working\AUTO\KATAWEB\popstestautomation\POPSTestAutomation\Reports\20210330_094848\POPS App\POPSApp_DailySmoke\20210330_094848\requests\main\11.har

2021-03-30 09:50:33 - [MESSAGE][PASSED] - Send request successfully

2021-03-30 09:50:34 - [MESSAGE][INFO] - HAR: D:\Working\AUTO\KATAWEB\popstestautomation\POPSTestAutomation\Reports\20210330_094848\POPS App\POPSApp_DailySmoke\20210330_094848\requests\main\12.har

2021-03-30 09:50:34 - [MESSAGE][PASSED] - Send request successfully

2021-03-30 09:50:34 - [MESSAGE][INFO] - HAR: D:\Working\AUTO\KATAWEB\popstestautomation\POPSTestAutomation\Reports\20210330_094848\POPS App\POPSApp_DailySmoke\20210330_094848\requests\main\13.har

2021-03-30 09:50:34 - [MESSAGE][PASSED] - Send request successfully

2021-03-30 09:50:34 - [MESSAGE][INFO] - HAR: D:\Working\AUTO\KATAWEB\popstestautomation\POPSTestAutomation\Reports\20210330_094848\POPS App\POPSApp_DailySmoke\20210330_094848\requests\main\14.har

2021-03-30 09:50:34 - [MESSAGE][PASSED] - Send request successfully

2021-03-30 09:50:35 - [MESSAGE][INFO] - HAR: D:\Working\AUTO\KATAWEB\popstestautomation\POPSTestAutomation\Reports\20210330_094848\POPS App\POPSApp_DailySmoke\20210330_094848\requests\main\15.har

2021-03-30 09:50:35 - [MESSAGE][PASSED] - Send request successfully

2021-03-30 09:50:35 - [MESSAGE][INFO] - HAR: D:\Working\AUTO\KATAWEB\popstestautomation\POPSTestAutomation\Reports\20210330_094848\POPS App\POPSApp_DailySmoke\20210330_094848\requests\main\16.har

2021-03-30 09:50:35 - [MESSAGE][PASSED] - Send request successfully

2021-03-30 09:50:36 - [MESSAGE][INFO] - HAR: D:\Working\AUTO\KATAWEB\popstestautomation\POPSTestAutomation\Reports\20210330_094848\POPS App\POPSApp_DailySmoke\20210330_094848\requests\main\17.har

2021-03-30 09:50:36 - [MESSAGE][PASSED] - Send request successfully

2021-03-30 09:50:37 - [MESSAGE][INFO] - HAR: D:\Working\AUTO\KATAWEB\popstestautomation\POPSTestAutomation\Reports\20210330_094848\POPS App\POPSApp_DailySmoke\20210330_094848\requests\main\18.har

2021-03-30 09:50:37 - [MESSAGE][PASSED] - Send request successfully

2021-03-30 09:50:37 - [MESSAGE][INFO] - HAR: D:\Working\AUTO\KATAWEB\popstestautomation\POPSTestAutomation\Reports\20210330_094848\POPS App\POPSApp_DailySmoke\20210330_094848\requests\main\19.har

2021-03-30 09:50:37 - [MESSAGE][PASSED] - Send request successfully

2021-03-30 09:50:38 - [MESSAGE][INFO] - HAR: D:\Working\AUTO\KATAWEB\popstestautomation\POPSTestAutomation\Reports\20210330_094848\POPS App\POPSApp_DailySmoke\20210330_094848\requests\main\20.har

2021-03-30 09:50:38 - [MESSAGE][PASSED] - Send request successfully

2021-03-30 09:50:38 - [MESSAGE][WARNING] - Timeout '0' is invalid. Using default page load timeout: '30'

2021-03-30 09:50:39 - [MESSAGE][PASSED] - Object 'Object Repository/SearchPageUI/TEXTBOX_SEARCH' is present

2021-03-30 09:50:39 - [MESSAGE][PASSED] - Text of object 'Object Repository/SearchPageUI/TEXTBOX_SEARCH' is cleared

2021-03-30 09:50:40 - [MESSAGE][PASSED] - Text 'Hầu Nữ Và Công Tước Ma Cà Rồng' is set on object 'Object Repository/SearchPageUI/TEXTBOX_SEARCH'

2021-03-30 09:50:40 - [MESSAGE][PASSED] - Object: 'Object Repository/SearchPageUI/ICON_SEARCH_BUTTON' is clicked on

2021-03-30 09:50:40 - [MESSAGE][WARNING] - Timeout '0' is invalid. Using default page load timeout: '30'

2021-03-30 09:50:41 - [MESSAGE][PASSED] - commonActions.SearchActions.searchAnyComic is PASSED

2021-03-30 09:50:41 - [TEST_STEP][PASSED] - commonActions.BaseActions.clickFirstElement(findTestObject("SearchPageUI/COMIC_RESULT_ITEMS"), 0): commonActions.BaseActions.clickFirstElement is PASSED

2021-03-30 09:50:42 - [MESSAGE][PASSED] - commonActions.BaseActions.clickFirstElement is PASSED

2021-03-30 09:50:42 - [TEST_STEP][PASSED] - click(findTestObject("ComicPageUI/COMICDETAILPAGEUI/BUTTON_SORT")): Object: 'Object Repository/ComicPageUI/COMICDETAILPAGEUI/BUTTON_SORT' is clicked on

2021-03-30 09:50:43 - [MESSAGE][PASSED] - Object: 'Object Repository/ComicPageUI/COMICDETAILPAGEUI/BUTTON_SORT' is clicked on

2021-03-30 09:50:43 - [TEST_STEP][PASSED] - commonActions.BaseActions.clickFirstElement(findTestObject("ComicPageUI/COMICDETAILPAGEUI/BUTTON_STAR_ICON"), 0): commonActions.BaseActions.clickFirstElement is PASSED

2021-03-30 09:50:44 - [MESSAGE][PASSED] - commonActions.BaseActions.clickFirstElement is PASSED

2021-03-30 09:50:44 - [TEST_STEP][PASSED] - click(findTestObject("ComicPageUI/COMICDETAILPAGEUI/BUTTON_BUY_NOW")): Object: 'Object Repository/ComicPageUI/COMICDETAILPAGEUI/BUTTON_BUY_NOW' is clicked on

2021-03-30 09:50:44 - [MESSAGE][PASSED] - Object: 'Object Repository/ComicPageUI/COMICDETAILPAGEUI/BUTTON_BUY_NOW' is clicked on

2021-03-30 09:50:44 - [TEST_STEP][PASSED] - Start listener action : sampleAfterTestCase: null

2021-03-30 09:50:44 - [TEST_STEP][PASSED] - println(testCaseContext.getTestCaseId()): null

2021-03-30 09:50:44 - [TEST_STEP][PASSED] - println(testCaseContext.getTestCaseStatus()): null]]></system-out>
         <system-err><![CDATA[]]></system-err>
      </testcase>
      <testcase name="Test Cases/Search/VerifySearchData" time="8.461" classname="Test Cases/Search/VerifySearchData" status="PASSED">
         <system-out><![CDATA[2021-03-30 09:50:44 - [TEST_CASE][PASSED] - Test Cases/Search/VerifySearchData: Test Cases/Search/VerifySearchData

2021-03-30 09:50:44 - [TEST_STEP][PASSED] - Start listener action : sampleBeforeTestCase: null

2021-03-30 09:50:44 - [TEST_STEP][PASSED] - println(testCaseContext.getTestCaseId()): null

2021-03-30 09:50:44 - [TEST_STEP][PASSED] - println(testCaseContext.getTestCaseVariables()): null

2021-03-30 09:50:45 - [TEST_STEP][PASSED] - openBrowser(SourceURL): Browser is opened with url: 'https://pops.vn/'

2021-03-30 09:50:45 - [MESSAGE][WARNING] - A browser is already opened. Closing browser and opening a new one

2021-03-30 09:50:45 - [MESSAGE][INFO] - Starting 'Chrome' driver

2021-03-30 09:50:45 - [MESSAGE][INFO] - Action delay is set to 0 milliseconds

2021-03-30 09:50:48 - [MESSAGE][PASSED] - Browser is opened with url: 'https://pops.vn/'

2021-03-30 09:50:48 - [TEST_STEP][PASSED] - maximizeWindow(): Current window maximized

2021-03-30 09:50:48 - [MESSAGE][PASSED] - Current window maximized

2021-03-30 09:50:48 - [TEST_STEP][PASSED] - click(findTestObject("SearchPageUI/TEXTBOX_SEARCH")): Object: 'Object Repository/SearchPageUI/TEXTBOX_SEARCH' is clicked on

2021-03-30 09:50:50 - [MESSAGE][PASSED] - Object: 'Object Repository/SearchPageUI/TEXTBOX_SEARCH' is clicked on

2021-03-30 09:50:50 - [TEST_STEP][PASSED] - commonActions.SearchActions.verifyComicSuggest(findTestObject("SearchPageUI/COMIC_ITEMS")): commonActions.SearchActions.verifyComicSuggest is PASSED

2021-03-30 09:50:50 - [MESSAGE][INFO] - HAR: D:\Working\AUTO\KATAWEB\popstestautomation\POPSTestAutomation\Reports\20210330_094848\POPS App\POPSApp_DailySmoke\20210330_094848\requests\main\21.har

2021-03-30 09:50:50 - [MESSAGE][PASSED] - Send request successfully

2021-03-30 09:50:51 - [MESSAGE][PASSED] - Object 'Object Repository/SearchPageUI/COMIC_ITEMS' is present

2021-03-30 09:50:51 - [MESSAGE][INFO] - HAR: D:\Working\AUTO\KATAWEB\popstestautomation\POPSTestAutomation\Reports\20210330_094848\POPS App\POPSApp_DailySmoke\20210330_094848\requests\main\22.har

2021-03-30 09:50:51 - [MESSAGE][PASSED] - Send request successfully

2021-03-30 09:50:51 - [MESSAGE][PASSED] - commonActions.SearchActions.verifyComicSuggest is PASSED

2021-03-30 09:50:51 - [TEST_STEP][PASSED] - commonActions.SearchActions.verifyVideoSuggest(findTestObject("SearchPageUI/VIDEO_ITEMS")): commonActions.SearchActions.verifyVideoSuggest is PASSED

2021-03-30 09:50:51 - [MESSAGE][INFO] - HAR: D:\Working\AUTO\KATAWEB\popstestautomation\POPSTestAutomation\Reports\20210330_094848\POPS App\POPSApp_DailySmoke\20210330_094848\requests\main\23.har

2021-03-30 09:50:51 - [MESSAGE][PASSED] - Send request successfully

2021-03-30 09:50:52 - [MESSAGE][PASSED] - Object 'Object Repository/SearchPageUI/VIDEO_ITEMS' is present

2021-03-30 09:50:52 - [MESSAGE][INFO] - HAR: D:\Working\AUTO\KATAWEB\popstestautomation\POPSTestAutomation\Reports\20210330_094848\POPS App\POPSApp_DailySmoke\20210330_094848\requests\main\24.har

2021-03-30 09:50:52 - [MESSAGE][PASSED] - Send request successfully

2021-03-30 09:50:52 - [MESSAGE][PASSED] - commonActions.SearchActions.verifyVideoSuggest is PASSED

2021-03-30 09:50:52 - [TEST_STEP][PASSED] - closeBrowser(): Browser is closed

2021-03-30 09:50:53 - [MESSAGE][PASSED] - Browser is closed

2021-03-30 09:50:53 - [TEST_STEP][PASSED] - Start listener action : sampleAfterTestCase: null

2021-03-30 09:50:53 - [TEST_STEP][PASSED] - println(testCaseContext.getTestCaseId()): null

2021-03-30 09:50:53 - [TEST_STEP][PASSED] - println(testCaseContext.getTestCaseStatus()): null]]></system-out>
         <system-err><![CDATA[]]></system-err>
      </testcase>
      <testcase name="Test Cases/Search/VerifySearchSugguest" time="13.069" classname="Test Cases/Search/VerifySearchSugguest" status="PASSED">
         <system-out><![CDATA[2021-03-30 09:50:53 - [TEST_CASE][PASSED] - Test Cases/Search/VerifySearchSugguest: Test Cases/Search/VerifySearchSugguest

2021-03-30 09:50:53 - [TEST_STEP][PASSED] - Start listener action : sampleBeforeTestCase: null

2021-03-30 09:50:53 - [TEST_STEP][PASSED] - println(testCaseContext.getTestCaseId()): null

2021-03-30 09:50:53 - [TEST_STEP][PASSED] - println(testCaseContext.getTestCaseVariables()): null

2021-03-30 09:50:53 - [TEST_STEP][PASSED] - openBrowser(SourceURL): Browser is opened with url: 'https://pops.vn/'

2021-03-30 09:50:53 - [MESSAGE][INFO] - Starting 'Chrome' driver

2021-03-30 09:50:53 - [MESSAGE][INFO] - Action delay is set to 0 milliseconds

2021-03-30 09:50:56 - [MESSAGE][PASSED] - Browser is opened with url: 'https://pops.vn/'

2021-03-30 09:50:56 - [TEST_STEP][PASSED] - maximizeWindow(): Current window maximized

2021-03-30 09:50:56 - [MESSAGE][PASSED] - Current window maximized

2021-03-30 09:50:56 - [TEST_STEP][PASSED] - click(findTestObject("SearchPageUI/TEXTBOX_SEARCH")): Object: 'Object Repository/SearchPageUI/TEXTBOX_SEARCH' is clicked on

2021-03-30 09:50:58 - [MESSAGE][PASSED] - Object: 'Object Repository/SearchPageUI/TEXTBOX_SEARCH' is clicked on

2021-03-30 09:50:58 - [TEST_STEP][PASSED] - commonActions.SearchActions.verifyComicSuggest(findTestObject("SearchPageUI/COMIC_ITEMS")): commonActions.SearchActions.verifyComicSuggest is PASSED

2021-03-30 09:51:03 - [MESSAGE][INFO] - HAR: D:\Working\AUTO\KATAWEB\popstestautomation\POPSTestAutomation\Reports\20210330_094848\POPS App\POPSApp_DailySmoke\20210330_094848\requests\main\25.har

2021-03-30 09:51:03 - [MESSAGE][PASSED] - Send request successfully

2021-03-30 09:51:03 - [MESSAGE][PASSED] - Object 'Object Repository/SearchPageUI/COMIC_ITEMS' is present

2021-03-30 09:51:04 - [MESSAGE][INFO] - HAR: D:\Working\AUTO\KATAWEB\popstestautomation\POPSTestAutomation\Reports\20210330_094848\POPS App\POPSApp_DailySmoke\20210330_094848\requests\main\26.har

2021-03-30 09:51:04 - [MESSAGE][PASSED] - Send request successfully

2021-03-30 09:51:04 - [MESSAGE][PASSED] - commonActions.SearchActions.verifyComicSuggest is PASSED

2021-03-30 09:51:04 - [TEST_STEP][PASSED] - commonActions.SearchActions.verifyVideoSuggest(findTestObject("SearchPageUI/VIDEO_ITEMS")): commonActions.SearchActions.verifyVideoSuggest is PASSED

2021-03-30 09:51:04 - [MESSAGE][INFO] - HAR: D:\Working\AUTO\KATAWEB\popstestautomation\POPSTestAutomation\Reports\20210330_094848\POPS App\POPSApp_DailySmoke\20210330_094848\requests\main\27.har

2021-03-30 09:51:04 - [MESSAGE][PASSED] - Send request successfully

2021-03-30 09:51:04 - [MESSAGE][PASSED] - Object 'Object Repository/SearchPageUI/VIDEO_ITEMS' is present

2021-03-30 09:51:05 - [MESSAGE][INFO] - HAR: D:\Working\AUTO\KATAWEB\popstestautomation\POPSTestAutomation\Reports\20210330_094848\POPS App\POPSApp_DailySmoke\20210330_094848\requests\main\28.har

2021-03-30 09:51:05 - [MESSAGE][PASSED] - Send request successfully

2021-03-30 09:51:05 - [MESSAGE][PASSED] - commonActions.SearchActions.verifyVideoSuggest is PASSED

2021-03-30 09:51:05 - [TEST_STEP][PASSED] - closeBrowser(): Browser is closed

2021-03-30 09:51:06 - [MESSAGE][PASSED] - Browser is closed

2021-03-30 09:51:06 - [TEST_STEP][PASSED] - Start listener action : sampleAfterTestCase: null

2021-03-30 09:51:06 - [TEST_STEP][PASSED] - println(testCaseContext.getTestCaseId()): null

2021-03-30 09:51:06 - [TEST_STEP][PASSED] - println(testCaseContext.getTestCaseStatus()): null]]></system-out>
         <system-err><![CDATA[]]></system-err>
      </testcase>
      <testcase name="Test Cases/Clickable/VerifyClickingOnGenre" time="9.663" classname="Test Cases/Clickable/VerifyClickingOnGenre" status="PASSED">
         <system-out><![CDATA[2021-03-30 09:51:06 - [TEST_CASE][PASSED] - Test Cases/Clickable/VerifyClickingOnGenre: Test Cases/Clickable/VerifyClickingOnGenre

2021-03-30 09:51:06 - [TEST_STEP][PASSED] - Start listener action : sampleBeforeTestCase: null

2021-03-30 09:51:06 - [TEST_STEP][PASSED] - println(testCaseContext.getTestCaseId()): null

2021-03-30 09:51:06 - [TEST_STEP][PASSED] - println(testCaseContext.getTestCaseVariables()): null

2021-03-30 09:51:06 - [TEST_STEP][PASSED] - openBrowser(SourceURL): Browser is opened with url: 'https://pops.vn/'

2021-03-30 09:51:06 - [MESSAGE][INFO] - Starting 'Chrome' driver

2021-03-30 09:51:06 - [MESSAGE][INFO] - Action delay is set to 0 milliseconds

2021-03-30 09:51:09 - [MESSAGE][PASSED] - Browser is opened with url: 'https://pops.vn/'

2021-03-30 09:51:09 - [TEST_STEP][PASSED] - maximizeWindow(): Current window maximized

2021-03-30 09:51:09 - [MESSAGE][PASSED] - Current window maximized

2021-03-30 09:51:09 - [TEST_STEP][PASSED] - commonActions.ClickableActions.clickingOnGenre(findTestObject("Object Repository/VideoDetailPageUI/TEXT_LINK_GENER")): commonActions.ClickableActions.clickingOnGenre is PASSED

2021-03-30 09:51:11 - [MESSAGE][PASSED] - Object 'Object Repository/SeriesDetailPageUI/SERIES_LIST_ITEMS' is present

2021-03-30 09:51:15 - [MESSAGE][PASSED] - Text of object 'Object Repository/SeriesDetailPageUI/GENRE_HEADER_TITLE' is: 'Anime'

2021-03-30 09:51:15 - [MESSAGE][PASSED] - commonActions.ClickableActions.clickingOnGenre is PASSED

2021-03-30 09:51:15 - [TEST_STEP][PASSED] - closeBrowser(): Browser is closed

2021-03-30 09:51:16 - [MESSAGE][PASSED] - Browser is closed

2021-03-30 09:51:16 - [TEST_STEP][PASSED] - Start listener action : sampleAfterTestCase: null

2021-03-30 09:51:16 - [TEST_STEP][PASSED] - println(testCaseContext.getTestCaseId()): null

2021-03-30 09:51:16 - [TEST_STEP][PASSED] - println(testCaseContext.getTestCaseStatus()): null]]></system-out>
         <system-err><![CDATA[]]></system-err>
      </testcase>
      <testcase name="Test Cases/Clickable/VerifyRankingcheckOnComicPage" time="28.974" classname="Test Cases/Clickable/VerifyRankingcheckOnComicPage" status="PASSED">
         <system-out><![CDATA[2021-03-30 09:51:16 - [TEST_CASE][PASSED] - Test Cases/Clickable/VerifyRankingcheckOnComicPage: Test Cases/Clickable/VerifyRankingcheckOnComicPage

2021-03-30 09:51:16 - [TEST_STEP][PASSED] - Start listener action : sampleBeforeTestCase: null

2021-03-30 09:51:16 - [TEST_STEP][PASSED] - println(testCaseContext.getTestCaseId()): null

2021-03-30 09:51:16 - [TEST_STEP][PASSED] - println(testCaseContext.getTestCaseVariables()): null

2021-03-30 09:51:16 - [TEST_STEP][PASSED] - openBrowser(SourceURL): Browser is opened with url: 'https://pops.vn/'

2021-03-30 09:51:16 - [MESSAGE][INFO] - Starting 'Chrome' driver

2021-03-30 09:51:16 - [MESSAGE][INFO] - Action delay is set to 0 milliseconds

2021-03-30 09:51:18 - [MESSAGE][PASSED] - Browser is opened with url: 'https://pops.vn/'

2021-03-30 09:51:18 - [TEST_STEP][PASSED] - maximizeWindow(): Current window maximized

2021-03-30 09:51:18 - [MESSAGE][PASSED] - Current window maximized

2021-03-30 09:51:18 - [TEST_STEP][PASSED] - commonActions.PageActions.openComicPage(): commonActions.PageActions.openComicPage is PASSED

2021-03-30 09:51:21 - [MESSAGE][PASSED] - Object: 'Object Repository/POPS App UI/TopMenu/menu_2_Comics' is clicked on

2021-03-30 09:51:21 - [MESSAGE][PASSED] - commonActions.PageActions.openComicPage is PASSED

2021-03-30 09:51:21 - [TEST_STEP][PASSED] - commonActions.BaseActions.ScrollToFooter(): commonActions.BaseActions.ScrollToFooter is PASSED

2021-03-30 09:51:21 - [MESSAGE][PASSED] - Execute JavaScript 'window.scrollTo(0, document.body.scrollHeight)' successfully

2021-03-30 09:51:23 - [MESSAGE][PASSED] - Delayed 2 second(s)

2021-03-30 09:51:24 - [MESSAGE][WARNING] - Object 'Object Repository/POPS App UI/Footer/POPS_Logo_In_Footer' is present but is not visible in viewport (Root cause: com.kms.katalon.core.exception.StepFailedException: Object 'Object Repository/POPS App UI/Footer/POPS_Logo_In_Footer' is present but is not visible in viewport
	at com.kms.katalon.core.webui.keyword.internal.WebUIKeywordMain.stepFailed(WebUIKeywordMain.groovy:64)
	at com.kms.katalon.core.webui.keyword.builtin.VerifyElementVisibleInViewportKeyword$_verifyElementVisibleInViewport_closure1.doCall(VerifyElementVisibleInViewportKeyword.groovy:79)
	at com.kms.katalon.core.webui.keyword.builtin.VerifyElementVisibleInViewportKeyword$_verifyElementVisibleInViewport_closure1.call(VerifyElementVisibleInViewportKeyword.groovy)
	at com.kms.katalon.core.webui.keyword.internal.WebUIKeywordMain.runKeyword(WebUIKeywordMain.groovy:20)
	at com.kms.katalon.core.webui.keyword.builtin.VerifyElementVisibleInViewportKeyword.verifyElementVisibleInViewport(VerifyElementVisibleInViewportKeyword.groovy:86)
	at com.kms.katalon.core.webui.keyword.builtin.VerifyElementVisibleInViewportKeyword.execute(VerifyElementVisibleInViewportKeyword.groovy:68)
	at com.kms.katalon.core.keyword.internal.KeywordExecutor.executeKeywordForPlatform(KeywordExecutor.groovy:73)
	at com.kms.katalon.core.webui.keyword.WebUiBuiltInKeywords.verifyElementInViewport(WebUiBuiltInKeywords.groovy:4050)
	at com.kms.katalon.core.webui.keyword.WebUiBuiltInKeywords$verifyElementInViewport$11.call(Unknown Source)
	at commonActions.BaseActions.ScrollToFooter(BaseActions.groovy:44)
	at commonActions.BaseActions.invokeMethod(BaseActions.groovy)
	at com.kms.katalon.core.main.CustomKeywordDelegatingMetaClass.invokeStaticMethod(CustomKeywordDelegatingMetaClass.java:50)
	at VerifyRankingcheckOnComicPage.run(VerifyRankingcheckOnComicPage:24)
	at com.kms.katalon.core.main.ScriptEngine.run(ScriptEngine.java:194)
	at com.kms.katalon.core.main.ScriptEngine.runScriptAsRawText(ScriptEngine.java:119)
	at com.kms.katalon.core.main.TestCaseExecutor.runScript(TestCaseExecutor.java:398)
	at com.kms.katalon.core.main.TestCaseExecutor.doExecute(TestCaseExecutor.java:389)
	at com.kms.katalon.core.main.TestCaseExecutor.processExecutionPhase(TestCaseExecutor.java:368)
	at com.kms.katalon.core.main.TestCaseExecutor.accessMainPhase(TestCaseExecutor.java:360)
	at com.kms.katalon.core.main.TestCaseExecutor.execute(TestCaseExecutor.java:255)
	at com.kms.katalon.core.main.TestSuiteExecutor.accessTestCaseMainPhase(TestSuiteExecutor.java:203)
	at com.kms.katalon.core.main.TestSuiteExecutor.accessTestSuiteMainPhase(TestSuiteExecutor.java:152)
	at com.kms.katalon.core.main.TestSuiteExecutor.execute(TestSuiteExecutor.java:95)
	at com.kms.katalon.core.main.TestCaseMain.startTestSuite(TestCaseMain.java:157)
	at com.kms.katalon.core.main.TestCaseMain$startTestSuite$0.call(Unknown Source)
	at TempTestSuite1617072528233.run(TempTestSuite1617072528233.groovy:39)
)
[[ATTACHMENT|D:\\Working\\AUTO\\KATAWEB\\popstestautomation\\POPSTestAutomation\\Reports\\20210330_094848\\POPS App\\POPSApp_DailySmoke\\20210330_094848\\1617072683407.png]]

2021-03-30 09:51:24 - [MESSAGE][PASSED] - Execute JavaScript 'window.scrollTo(0, document.body.scrollHeight)' successfully

2021-03-30 09:51:26 - [MESSAGE][PASSED] - Delayed 2 second(s)

2021-03-30 09:51:27 - [MESSAGE][WARNING] - Object 'Object Repository/POPS App UI/Footer/POPS_Logo_In_Footer' is present but is not visible in viewport (Root cause: com.kms.katalon.core.exception.StepFailedException: Object 'Object Repository/POPS App UI/Footer/POPS_Logo_In_Footer' is present but is not visible in viewport
	at com.kms.katalon.core.webui.keyword.internal.WebUIKeywordMain.stepFailed(WebUIKeywordMain.groovy:64)
	at com.kms.katalon.core.webui.keyword.builtin.VerifyElementVisibleInViewportKeyword$_verifyElementVisibleInViewport_closure1.doCall(VerifyElementVisibleInViewportKeyword.groovy:79)
	at com.kms.katalon.core.webui.keyword.builtin.VerifyElementVisibleInViewportKeyword$_verifyElementVisibleInViewport_closure1.call(VerifyElementVisibleInViewportKeyword.groovy)
	at com.kms.katalon.core.webui.keyword.internal.WebUIKeywordMain.runKeyword(WebUIKeywordMain.groovy:20)
	at com.kms.katalon.core.webui.keyword.builtin.VerifyElementVisibleInViewportKeyword.verifyElementVisibleInViewport(VerifyElementVisibleInViewportKeyword.groovy:86)
	at com.kms.katalon.core.webui.keyword.builtin.VerifyElementVisibleInViewportKeyword.execute(VerifyElementVisibleInViewportKeyword.groovy:68)
	at com.kms.katalon.core.keyword.internal.KeywordExecutor.executeKeywordForPlatform(KeywordExecutor.groovy:73)
	at com.kms.katalon.core.webui.keyword.WebUiBuiltInKeywords.verifyElementInViewport(WebUiBuiltInKeywords.groovy:4050)
	at com.kms.katalon.core.webui.keyword.WebUiBuiltInKeywords$verifyElementInViewport$11.call(Unknown Source)
	at commonActions.BaseActions.ScrollToFooter(BaseActions.groovy:44)
	at commonActions.BaseActions.invokeMethod(BaseActions.groovy)
	at com.kms.katalon.core.main.CustomKeywordDelegatingMetaClass.invokeStaticMethod(CustomKeywordDelegatingMetaClass.java:50)
	at VerifyRankingcheckOnComicPage.run(VerifyRankingcheckOnComicPage:24)
	at com.kms.katalon.core.main.ScriptEngine.run(ScriptEngine.java:194)
	at com.kms.katalon.core.main.ScriptEngine.runScriptAsRawText(ScriptEngine.java:119)
	at com.kms.katalon.core.main.TestCaseExecutor.runScript(TestCaseExecutor.java:398)
	at com.kms.katalon.core.main.TestCaseExecutor.doExecute(TestCaseExecutor.java:389)
	at com.kms.katalon.core.main.TestCaseExecutor.processExecutionPhase(TestCaseExecutor.java:368)
	at com.kms.katalon.core.main.TestCaseExecutor.accessMainPhase(TestCaseExecutor.java:360)
	at com.kms.katalon.core.main.TestCaseExecutor.execute(TestCaseExecutor.java:255)
	at com.kms.katalon.core.main.TestSuiteExecutor.accessTestCaseMainPhase(TestSuiteExecutor.java:203)
	at com.kms.katalon.core.main.TestSuiteExecutor.accessTestSuiteMainPhase(TestSuiteExecutor.java:152)
	at com.kms.katalon.core.main.TestSuiteExecutor.execute(TestSuiteExecutor.java:95)
	at com.kms.katalon.core.main.TestCaseMain.startTestSuite(TestCaseMain.java:157)
	at com.kms.katalon.core.main.TestCaseMain$startTestSuite$0.call(Unknown Source)
	at TempTestSuite1617072528233.run(TempTestSuite1617072528233.groovy:39)
)
[[ATTACHMENT|D:\\Working\\AUTO\\KATAWEB\\popstestautomation\\POPSTestAutomation\\Reports\\20210330_094848\\POPS App\\POPSApp_DailySmoke\\20210330_094848\\1617072686617.png]]

2021-03-30 09:51:27 - [MESSAGE][PASSED] - Execute JavaScript 'window.scrollTo(0, document.body.scrollHeight)' successfully

2021-03-30 09:51:29 - [MESSAGE][PASSED] - Delayed 2 second(s)

2021-03-30 09:51:30 - [MESSAGE][WARNING] - Object 'Object Repository/POPS App UI/Footer/POPS_Logo_In_Footer' is present but is not visible in viewport (Root cause: com.kms.katalon.core.exception.StepFailedException: Object 'Object Repository/POPS App UI/Footer/POPS_Logo_In_Footer' is present but is not visible in viewport
	at com.kms.katalon.core.webui.keyword.internal.WebUIKeywordMain.stepFailed(WebUIKeywordMain.groovy:64)
	at com.kms.katalon.core.webui.keyword.builtin.VerifyElementVisibleInViewportKeyword$_verifyElementVisibleInViewport_closure1.doCall(VerifyElementVisibleInViewportKeyword.groovy:79)
	at com.kms.katalon.core.webui.keyword.builtin.VerifyElementVisibleInViewportKeyword$_verifyElementVisibleInViewport_closure1.call(VerifyElementVisibleInViewportKeyword.groovy)
	at com.kms.katalon.core.webui.keyword.internal.WebUIKeywordMain.runKeyword(WebUIKeywordMain.groovy:20)
	at com.kms.katalon.core.webui.keyword.builtin.VerifyElementVisibleInViewportKeyword.verifyElementVisibleInViewport(VerifyElementVisibleInViewportKeyword.groovy:86)
	at com.kms.katalon.core.webui.keyword.builtin.VerifyElementVisibleInViewportKeyword.execute(VerifyElementVisibleInViewportKeyword.groovy:68)
	at com.kms.katalon.core.keyword.internal.KeywordExecutor.executeKeywordForPlatform(KeywordExecutor.groovy:73)
	at com.kms.katalon.core.webui.keyword.WebUiBuiltInKeywords.verifyElementInViewport(WebUiBuiltInKeywords.groovy:4050)
	at com.kms.katalon.core.webui.keyword.WebUiBuiltInKeywords$verifyElementInViewport$11.call(Unknown Source)
	at commonActions.BaseActions.ScrollToFooter(BaseActions.groovy:44)
	at commonActions.BaseActions.invokeMethod(BaseActions.groovy)
	at com.kms.katalon.core.main.CustomKeywordDelegatingMetaClass.invokeStaticMethod(CustomKeywordDelegatingMetaClass.java:50)
	at VerifyRankingcheckOnComicPage.run(VerifyRankingcheckOnComicPage:24)
	at com.kms.katalon.core.main.ScriptEngine.run(ScriptEngine.java:194)
	at com.kms.katalon.core.main.ScriptEngine.runScriptAsRawText(ScriptEngine.java:119)
	at com.kms.katalon.core.main.TestCaseExecutor.runScript(TestCaseExecutor.java:398)
	at com.kms.katalon.core.main.TestCaseExecutor.doExecute(TestCaseExecutor.java:389)
	at com.kms.katalon.core.main.TestCaseExecutor.processExecutionPhase(TestCaseExecutor.java:368)
	at com.kms.katalon.core.main.TestCaseExecutor.accessMainPhase(TestCaseExecutor.java:360)
	at com.kms.katalon.core.main.TestCaseExecutor.execute(TestCaseExecutor.java:255)
	at com.kms.katalon.core.main.TestSuiteExecutor.accessTestCaseMainPhase(TestSuiteExecutor.java:203)
	at com.kms.katalon.core.main.TestSuiteExecutor.accessTestSuiteMainPhase(TestSuiteExecutor.java:152)
	at com.kms.katalon.core.main.TestSuiteExecutor.execute(TestSuiteExecutor.java:95)
	at com.kms.katalon.core.main.TestCaseMain.startTestSuite(TestCaseMain.java:157)
	at com.kms.katalon.core.main.TestCaseMain$startTestSuite$0.call(Unknown Source)
	at TempTestSuite1617072528233.run(TempTestSuite1617072528233.groovy:39)
)
[[ATTACHMENT|D:\\Working\\AUTO\\KATAWEB\\popstestautomation\\POPSTestAutomation\\Reports\\20210330_094848\\POPS App\\POPSApp_DailySmoke\\20210330_094848\\1617072689600.png]]

2021-03-30 09:51:30 - [MESSAGE][PASSED] - Execute JavaScript 'window.scrollTo(0, document.body.scrollHeight)' successfully

2021-03-30 09:51:32 - [MESSAGE][PASSED] - Delayed 2 second(s)

2021-03-30 09:51:33 - [MESSAGE][WARNING] - Object 'Object Repository/POPS App UI/Footer/POPS_Logo_In_Footer' is present but is not visible in viewport (Root cause: com.kms.katalon.core.exception.StepFailedException: Object 'Object Repository/POPS App UI/Footer/POPS_Logo_In_Footer' is present but is not visible in viewport
	at com.kms.katalon.core.webui.keyword.internal.WebUIKeywordMain.stepFailed(WebUIKeywordMain.groovy:64)
	at com.kms.katalon.core.webui.keyword.builtin.VerifyElementVisibleInViewportKeyword$_verifyElementVisibleInViewport_closure1.doCall(VerifyElementVisibleInViewportKeyword.groovy:79)
	at com.kms.katalon.core.webui.keyword.builtin.VerifyElementVisibleInViewportKeyword$_verifyElementVisibleInViewport_closure1.call(VerifyElementVisibleInViewportKeyword.groovy)
	at com.kms.katalon.core.webui.keyword.internal.WebUIKeywordMain.runKeyword(WebUIKeywordMain.groovy:20)
	at com.kms.katalon.core.webui.keyword.builtin.VerifyElementVisibleInViewportKeyword.verifyElementVisibleInViewport(VerifyElementVisibleInViewportKeyword.groovy:86)
	at com.kms.katalon.core.webui.keyword.builtin.VerifyElementVisibleInViewportKeyword.execute(VerifyElementVisibleInViewportKeyword.groovy:68)
	at com.kms.katalon.core.keyword.internal.KeywordExecutor.executeKeywordForPlatform(KeywordExecutor.groovy:73)
	at com.kms.katalon.core.webui.keyword.WebUiBuiltInKeywords.verifyElementInViewport(WebUiBuiltInKeywords.groovy:4050)
	at com.kms.katalon.core.webui.keyword.WebUiBuiltInKeywords$verifyElementInViewport$11.call(Unknown Source)
	at commonActions.BaseActions.ScrollToFooter(BaseActions.groovy:44)
	at commonActions.BaseActions.invokeMethod(BaseActions.groovy)
	at com.kms.katalon.core.main.CustomKeywordDelegatingMetaClass.invokeStaticMethod(CustomKeywordDelegatingMetaClass.java:50)
	at VerifyRankingcheckOnComicPage.run(VerifyRankingcheckOnComicPage:24)
	at com.kms.katalon.core.main.ScriptEngine.run(ScriptEngine.java:194)
	at com.kms.katalon.core.main.ScriptEngine.runScriptAsRawText(ScriptEngine.java:119)
	at com.kms.katalon.core.main.TestCaseExecutor.runScript(TestCaseExecutor.java:398)
	at com.kms.katalon.core.main.TestCaseExecutor.doExecute(TestCaseExecutor.java:389)
	at com.kms.katalon.core.main.TestCaseExecutor.processExecutionPhase(TestCaseExecutor.java:368)
	at com.kms.katalon.core.main.TestCaseExecutor.accessMainPhase(TestCaseExecutor.java:360)
	at com.kms.katalon.core.main.TestCaseExecutor.execute(TestCaseExecutor.java:255)
	at com.kms.katalon.core.main.TestSuiteExecutor.accessTestCaseMainPhase(TestSuiteExecutor.java:203)
	at com.kms.katalon.core.main.TestSuiteExecutor.accessTestSuiteMainPhase(TestSuiteExecutor.java:152)
	at com.kms.katalon.core.main.TestSuiteExecutor.execute(TestSuiteExecutor.java:95)
	at com.kms.katalon.core.main.TestCaseMain.startTestSuite(TestCaseMain.java:157)
	at com.kms.katalon.core.main.TestCaseMain$startTestSuite$0.call(Unknown Source)
	at TempTestSuite1617072528233.run(TempTestSuite1617072528233.groovy:39)
)
[[ATTACHMENT|D:\\Working\\AUTO\\KATAWEB\\popstestautomation\\POPSTestAutomation\\Reports\\20210330_094848\\POPS App\\POPSApp_DailySmoke\\20210330_094848\\1617072692650.png]]

2021-03-30 09:51:33 - [MESSAGE][PASSED] - Execute JavaScript 'window.scrollTo(0, document.body.scrollHeight)' successfully

2021-03-30 09:51:35 - [MESSAGE][PASSED] - Delayed 2 second(s)

2021-03-30 09:51:36 - [MESSAGE][WARNING] - Object 'Object Repository/POPS App UI/Footer/POPS_Logo_In_Footer' is present but is not visible in viewport (Root cause: com.kms.katalon.core.exception.StepFailedException: Object 'Object Repository/POPS App UI/Footer/POPS_Logo_In_Footer' is present but is not visible in viewport
	at com.kms.katalon.core.webui.keyword.internal.WebUIKeywordMain.stepFailed(WebUIKeywordMain.groovy:64)
	at com.kms.katalon.core.webui.keyword.builtin.VerifyElementVisibleInViewportKeyword$_verifyElementVisibleInViewport_closure1.doCall(VerifyElementVisibleInViewportKeyword.groovy:79)
	at com.kms.katalon.core.webui.keyword.builtin.VerifyElementVisibleInViewportKeyword$_verifyElementVisibleInViewport_closure1.call(VerifyElementVisibleInViewportKeyword.groovy)
	at com.kms.katalon.core.webui.keyword.internal.WebUIKeywordMain.runKeyword(WebUIKeywordMain.groovy:20)
	at com.kms.katalon.core.webui.keyword.builtin.VerifyElementVisibleInViewportKeyword.verifyElementVisibleInViewport(VerifyElementVisibleInViewportKeyword.groovy:86)
	at com.kms.katalon.core.webui.keyword.builtin.VerifyElementVisibleInViewportKeyword.execute(VerifyElementVisibleInViewportKeyword.groovy:68)
	at com.kms.katalon.core.keyword.internal.KeywordExecutor.executeKeywordForPlatform(KeywordExecutor.groovy:73)
	at com.kms.katalon.core.webui.keyword.WebUiBuiltInKeywords.verifyElementInViewport(WebUiBuiltInKeywords.groovy:4050)
	at com.kms.katalon.core.webui.keyword.WebUiBuiltInKeywords$verifyElementInViewport$11.call(Unknown Source)
	at commonActions.BaseActions.ScrollToFooter(BaseActions.groovy:44)
	at commonActions.BaseActions.invokeMethod(BaseActions.groovy)
	at com.kms.katalon.core.main.CustomKeywordDelegatingMetaClass.invokeStaticMethod(CustomKeywordDelegatingMetaClass.java:50)
	at VerifyRankingcheckOnComicPage.run(VerifyRankingcheckOnComicPage:24)
	at com.kms.katalon.core.main.ScriptEngine.run(ScriptEngine.java:194)
	at com.kms.katalon.core.main.ScriptEngine.runScriptAsRawText(ScriptEngine.java:119)
	at com.kms.katalon.core.main.TestCaseExecutor.runScript(TestCaseExecutor.java:398)
	at com.kms.katalon.core.main.TestCaseExecutor.doExecute(TestCaseExecutor.java:389)
	at com.kms.katalon.core.main.TestCaseExecutor.processExecutionPhase(TestCaseExecutor.java:368)
	at com.kms.katalon.core.main.TestCaseExecutor.accessMainPhase(TestCaseExecutor.java:360)
	at com.kms.katalon.core.main.TestCaseExecutor.execute(TestCaseExecutor.java:255)
	at com.kms.katalon.core.main.TestSuiteExecutor.accessTestCaseMainPhase(TestSuiteExecutor.java:203)
	at com.kms.katalon.core.main.TestSuiteExecutor.accessTestSuiteMainPhase(TestSuiteExecutor.java:152)
	at com.kms.katalon.core.main.TestSuiteExecutor.execute(TestSuiteExecutor.java:95)
	at com.kms.katalon.core.main.TestCaseMain.startTestSuite(TestCaseMain.java:157)
	at com.kms.katalon.core.main.TestCaseMain$startTestSuite$0.call(Unknown Source)
	at TempTestSuite1617072528233.run(TempTestSuite1617072528233.groovy:39)
)
[[ATTACHMENT|D:\\Working\\AUTO\\KATAWEB\\popstestautomation\\POPSTestAutomation\\Reports\\20210330_094848\\POPS App\\POPSApp_DailySmoke\\20210330_094848\\1617072695755.png]]

2021-03-30 09:51:36 - [MESSAGE][PASSED] - Execute JavaScript 'window.scrollTo(0, document.body.scrollHeight)' successfully

2021-03-30 09:51:38 - [MESSAGE][PASSED] - Delayed 2 second(s)

2021-03-30 09:51:42 - [MESSAGE][WARNING] - Object 'Object Repository/POPS App UI/Footer/POPS_Logo_In_Footer' is present but is not visible in viewport (Root cause: com.kms.katalon.core.exception.StepFailedException: Object 'Object Repository/POPS App UI/Footer/POPS_Logo_In_Footer' is present but is not visible in viewport
	at com.kms.katalon.core.webui.keyword.internal.WebUIKeywordMain.stepFailed(WebUIKeywordMain.groovy:64)
	at com.kms.katalon.core.webui.keyword.builtin.VerifyElementVisibleInViewportKeyword$_verifyElementVisibleInViewport_closure1.doCall(VerifyElementVisibleInViewportKeyword.groovy:79)
	at com.kms.katalon.core.webui.keyword.builtin.VerifyElementVisibleInViewportKeyword$_verifyElementVisibleInViewport_closure1.call(VerifyElementVisibleInViewportKeyword.groovy)
	at com.kms.katalon.core.webui.keyword.internal.WebUIKeywordMain.runKeyword(WebUIKeywordMain.groovy:20)
	at com.kms.katalon.core.webui.keyword.builtin.VerifyElementVisibleInViewportKeyword.verifyElementVisibleInViewport(VerifyElementVisibleInViewportKeyword.groovy:86)
	at com.kms.katalon.core.webui.keyword.builtin.VerifyElementVisibleInViewportKeyword.execute(VerifyElementVisibleInViewportKeyword.groovy:68)
	at com.kms.katalon.core.keyword.internal.KeywordExecutor.executeKeywordForPlatform(KeywordExecutor.groovy:73)
	at com.kms.katalon.core.webui.keyword.WebUiBuiltInKeywords.verifyElementInViewport(WebUiBuiltInKeywords.groovy:4050)
	at com.kms.katalon.core.webui.keyword.WebUiBuiltInKeywords$verifyElementInViewport$11.call(Unknown Source)
	at commonActions.BaseActions.ScrollToFooter(BaseActions.groovy:44)
	at commonActions.BaseActions.invokeMethod(BaseActions.groovy)
	at com.kms.katalon.core.main.CustomKeywordDelegatingMetaClass.invokeStaticMethod(CustomKeywordDelegatingMetaClass.java:50)
	at VerifyRankingcheckOnComicPage.run(VerifyRankingcheckOnComicPage:24)
	at com.kms.katalon.core.main.ScriptEngine.run(ScriptEngine.java:194)
	at com.kms.katalon.core.main.ScriptEngine.runScriptAsRawText(ScriptEngine.java:119)
	at com.kms.katalon.core.main.TestCaseExecutor.runScript(TestCaseExecutor.java:398)
	at com.kms.katalon.core.main.TestCaseExecutor.doExecute(TestCaseExecutor.java:389)
	at com.kms.katalon.core.main.TestCaseExecutor.processExecutionPhase(TestCaseExecutor.java:368)
	at com.kms.katalon.core.main.TestCaseExecutor.accessMainPhase(TestCaseExecutor.java:360)
	at com.kms.katalon.core.main.TestCaseExecutor.execute(TestCaseExecutor.java:255)
	at com.kms.katalon.core.main.TestSuiteExecutor.accessTestCaseMainPhase(TestSuiteExecutor.java:203)
	at com.kms.katalon.core.main.TestSuiteExecutor.accessTestSuiteMainPhase(TestSuiteExecutor.java:152)
	at com.kms.katalon.core.main.TestSuiteExecutor.execute(TestSuiteExecutor.java:95)
	at com.kms.katalon.core.main.TestCaseMain.startTestSuite(TestCaseMain.java:157)
	at com.kms.katalon.core.main.TestCaseMain$startTestSuite$0.call(Unknown Source)
	at TempTestSuite1617072528233.run(TempTestSuite1617072528233.groovy:39)
)
[[ATTACHMENT|D:\\Working\\AUTO\\KATAWEB\\popstestautomation\\POPSTestAutomation\\Reports\\20210330_094848\\POPS App\\POPSApp_DailySmoke\\20210330_094848\\1617072701684.png]]

2021-03-30 09:51:42 - [MESSAGE][PASSED] - Execute JavaScript 'window.scrollTo(0, document.body.scrollHeight)' successfully

2021-03-30 09:51:44 - [MESSAGE][PASSED] - Delayed 2 second(s)

2021-03-30 09:51:44 - [MESSAGE][PASSED] - Object 'Object Repository/POPS App UI/Footer/POPS_Logo_In_Footer' is present and visible in viewport

2021-03-30 09:51:44 - [MESSAGE][PASSED] - commonActions.BaseActions.ScrollToFooter is PASSED

2021-03-30 09:51:44 - [TEST_STEP][PASSED] - commonActions.Comics.CheckComicRankingDisplay20Items(findTestObject("ComicPageUI/COMIC_RANKING_SECTION")): commonActions.Comics.CheckComicRankingDisplay20Items is PASSED

2021-03-30 09:51:45 - [MESSAGE][PASSED] - commonActions.Comics.CheckComicRankingDisplay20Items is PASSED

2021-03-30 09:51:45 - [TEST_STEP][PASSED] - Start listener action : sampleAfterTestCase: null

2021-03-30 09:51:45 - [TEST_STEP][PASSED] - println(testCaseContext.getTestCaseId()): null

2021-03-30 09:51:45 - [TEST_STEP][PASSED] - println(testCaseContext.getTestCaseStatus()): null]]></system-out>
         <system-err><![CDATA[]]></system-err>
      </testcase>
      <testcase name="Test Cases/AddToMyList/VerifyClickOnAddToMyList" time="34.893" classname="Test Cases/AddToMyList/VerifyClickOnAddToMyList" status="PASSED">
         <system-out><![CDATA[2021-03-30 09:51:45 - [TEST_CASE][PASSED] - Test Cases/AddToMyList/VerifyClickOnAddToMyList: Test Cases/AddToMyList/VerifyClickOnAddToMyList

2021-03-30 09:51:45 - [TEST_STEP][PASSED] - Start listener action : sampleBeforeTestCase: null

2021-03-30 09:51:45 - [TEST_STEP][PASSED] - println(testCaseContext.getTestCaseId()): null

2021-03-30 09:51:45 - [TEST_STEP][PASSED] - println(testCaseContext.getTestCaseVariables()): null

2021-03-30 09:51:45 - [TEST_STEP][PASSED] - openBrowser(SourceURL): Browser is opened with url: 'https://pops.vn/'

2021-03-30 09:51:45 - [MESSAGE][WARNING] - A browser is already opened. Closing browser and opening a new one

2021-03-30 09:51:45 - [MESSAGE][INFO] - Starting 'Chrome' driver

2021-03-30 09:51:45 - [MESSAGE][INFO] - Action delay is set to 0 milliseconds

2021-03-30 09:51:48 - [MESSAGE][PASSED] - Browser is opened with url: 'https://pops.vn/'

2021-03-30 09:51:48 - [TEST_STEP][PASSED] - maximizeWindow(): Current window maximized

2021-03-30 09:51:48 - [MESSAGE][PASSED] - Current window maximized

2021-03-30 09:51:48 - [TEST_STEP][PASSED] - commonActions.PageActions.openVideoPage(): commonActions.PageActions.openVideoPage is PASSED

2021-03-30 09:51:50 - [MESSAGE][PASSED] - Object: 'Object Repository/SearchPageUI/TEXTBOX_SEARCH' is clicked on

2021-03-30 09:51:50 - [MESSAGE][WARNING] - Timeout '0' is invalid. Using default page load timeout: '30'

2021-03-30 09:51:51 - [MESSAGE][PASSED] - Object 'Object Repository/SearchPageUI/TEXTBOX_SEARCH' is present

2021-03-30 09:51:51 - [MESSAGE][PASSED] - Text of object 'Object Repository/SearchPageUI/TEXTBOX_SEARCH' is cleared

2021-03-30 09:51:52 - [MESSAGE][PASSED] - Text 'conan' is set on object 'Object Repository/SearchPageUI/TEXTBOX_SEARCH'

2021-03-30 09:51:53 - [MESSAGE][PASSED] - Object: 'Object Repository/SearchPageUI/ICON_SEARCH_BUTTON' is clicked on

2021-03-30 09:51:53 - [MESSAGE][WARNING] - Timeout '0' is invalid. Using default page load timeout: '30'

2021-03-30 09:51:55 - [MESSAGE][PASSED] - Object 'Object Repository/SearchPageUI/RESULT_ELEMENTS' is present

2021-03-30 09:51:56 - [MESSAGE][PASSED] - commonActions.PageActions.openVideoPage is PASSED

2021-03-30 09:51:56 - [TEST_STEP][PASSED] - commonActions.ClickableActions.addToMyList(): commonActions.ClickableActions.addToMyList is PASSED

2021-03-30 09:51:56 - [MESSAGE][WARNING] - Timeout '0' is invalid. Using default page load timeout: '30'

2021-03-30 09:52:15 - [MESSAGE][PASSED] - Execute JavaScript 'arguments[0].click()' successfully

2021-03-30 09:52:16 - [MESSAGE][PASSED] - Text of object 'Object Repository/MyListPageUI/TEXT_SAVED_VIDEO' is: ' Đã Lưu'

2021-03-30 09:52:16 - [MESSAGE][PASSED] - Text of object 'Object Repository/VideoDetailPageUI/CURRENT_VIDEO_TITLE_TEXT' is: 'Conan - Superclip 95: Vụ án đầu tiên của Kudo Shinichi'

2021-03-30 09:52:17 - [MESSAGE][PASSED] - Object: 'Object Repository/POPS App UI/TopMenu/menu_5_Them' is clicked on

2021-03-30 09:52:18 - [MESSAGE][PASSED] - Object: 'Object Repository/MyListPageUI/BUTTON_MY_LIST_INMOREPAGE' is clicked on

2021-03-30 09:52:19 - [MESSAGE][PASSED] - Object 'Object Repository/MyListPageUI/TEXT_TITLE_NAME' is visible

2021-03-30 09:52:19 - [MESSAGE][PASSED] - Text of object 'Object Repository/MyListPageUI/TEXT_TITLE_NAME' is: 'Conan - Superclip 95: Vụ án đầu tiên của Kudo Shinichi'

2021-03-30 09:52:19 - [MESSAGE][PASSED] - commonActions.ClickableActions.addToMyList is PASSED

2021-03-30 09:52:19 - [TEST_STEP][PASSED] - closeBrowser(): Browser is closed

2021-03-30 09:52:19 - [MESSAGE][PASSED] - Browser is closed

2021-03-30 09:52:19 - [TEST_STEP][PASSED] - Start listener action : sampleAfterTestCase: null

2021-03-30 09:52:19 - [TEST_STEP][PASSED] - println(testCaseContext.getTestCaseId()): null

2021-03-30 09:52:19 - [TEST_STEP][PASSED] - println(testCaseContext.getTestCaseStatus()): null]]></system-out>
         <system-err><![CDATA[]]></system-err>
      </testcase>
      <testcase name="Test Cases/AddToMyList/VerifyMyListShowValidData" time="36.541" classname="Test Cases/AddToMyList/VerifyMyListShowValidData" status="PASSED">
         <system-out><![CDATA[2021-03-30 09:52:19 - [TEST_CASE][PASSED] - Test Cases/AddToMyList/VerifyMyListShowValidData: Test Cases/AddToMyList/VerifyMyListShowValidData

2021-03-30 09:52:19 - [TEST_STEP][PASSED] - Start listener action : sampleBeforeTestCase: null

2021-03-30 09:52:19 - [TEST_STEP][PASSED] - println(testCaseContext.getTestCaseId()): null

2021-03-30 09:52:19 - [TEST_STEP][PASSED] - println(testCaseContext.getTestCaseVariables()): null

2021-03-30 09:52:20 - [TEST_STEP][PASSED] - openBrowser(SourceURL): Browser is opened with url: 'https://pops.vn/'

2021-03-30 09:52:20 - [MESSAGE][INFO] - Starting 'Chrome' driver

2021-03-30 09:52:20 - [MESSAGE][INFO] - Action delay is set to 0 milliseconds

2021-03-30 09:52:22 - [MESSAGE][PASSED] - Browser is opened with url: 'https://pops.vn/'

2021-03-30 09:52:22 - [TEST_STEP][PASSED] - maximizeWindow(): Current window maximized

2021-03-30 09:52:22 - [MESSAGE][PASSED] - Current window maximized

2021-03-30 09:52:22 - [TEST_STEP][PASSED] - commonActions.PageActions.openVideoPage(): commonActions.PageActions.openVideoPage is PASSED

2021-03-30 09:52:25 - [MESSAGE][PASSED] - Object: 'Object Repository/SearchPageUI/TEXTBOX_SEARCH' is clicked on

2021-03-30 09:52:25 - [MESSAGE][WARNING] - Timeout '0' is invalid. Using default page load timeout: '30'

2021-03-30 09:52:26 - [MESSAGE][PASSED] - Object 'Object Repository/SearchPageUI/TEXTBOX_SEARCH' is present

2021-03-30 09:52:26 - [MESSAGE][PASSED] - Text of object 'Object Repository/SearchPageUI/TEXTBOX_SEARCH' is cleared

2021-03-30 09:52:27 - [MESSAGE][PASSED] - Text 'conan' is set on object 'Object Repository/SearchPageUI/TEXTBOX_SEARCH'

2021-03-30 09:52:28 - [MESSAGE][PASSED] - Object: 'Object Repository/SearchPageUI/ICON_SEARCH_BUTTON' is clicked on

2021-03-30 09:52:28 - [MESSAGE][WARNING] - Timeout '0' is invalid. Using default page load timeout: '30'

2021-03-30 09:52:29 - [MESSAGE][PASSED] - Object 'Object Repository/SearchPageUI/RESULT_ELEMENTS' is present

2021-03-30 09:52:30 - [MESSAGE][PASSED] - commonActions.PageActions.openVideoPage is PASSED

2021-03-30 09:52:30 - [TEST_STEP][PASSED] - commonActions.ClickableActions.addToMyList(): commonActions.ClickableActions.addToMyList is PASSED

2021-03-30 09:52:30 - [MESSAGE][WARNING] - Timeout '0' is invalid. Using default page load timeout: '30'

2021-03-30 09:52:51 - [MESSAGE][PASSED] - Execute JavaScript 'arguments[0].click()' successfully

2021-03-30 09:52:52 - [MESSAGE][PASSED] - Text of object 'Object Repository/MyListPageUI/TEXT_SAVED_VIDEO' is: ' Đã Lưu'

2021-03-30 09:52:52 - [MESSAGE][PASSED] - Text of object 'Object Repository/VideoDetailPageUI/CURRENT_VIDEO_TITLE_TEXT' is: 'Conan - Superclip 95: Vụ án đầu tiên của Kudo Shinichi'

2021-03-30 09:52:53 - [MESSAGE][PASSED] - Object: 'Object Repository/POPS App UI/TopMenu/menu_5_Them' is clicked on

2021-03-30 09:52:54 - [MESSAGE][PASSED] - Object: 'Object Repository/MyListPageUI/BUTTON_MY_LIST_INMOREPAGE' is clicked on

2021-03-30 09:52:55 - [MESSAGE][PASSED] - Object 'Object Repository/MyListPageUI/TEXT_TITLE_NAME' is visible

2021-03-30 09:52:55 - [MESSAGE][PASSED] - Text of object 'Object Repository/MyListPageUI/TEXT_TITLE_NAME' is: 'Conan - Superclip 95: Vụ án đầu tiên của Kudo Shinichi'

2021-03-30 09:52:55 - [MESSAGE][PASSED] - commonActions.ClickableActions.addToMyList is PASSED

2021-03-30 09:52:55 - [TEST_STEP][PASSED] - closeBrowser(): Browser is closed

2021-03-30 09:52:56 - [MESSAGE][PASSED] - Browser is closed

2021-03-30 09:52:56 - [TEST_STEP][PASSED] - Start listener action : sampleAfterTestCase: null

2021-03-30 09:52:56 - [TEST_STEP][PASSED] - println(testCaseContext.getTestCaseId()): null

2021-03-30 09:52:56 - [TEST_STEP][PASSED] - println(testCaseContext.getTestCaseStatus()): null]]></system-out>
         <system-err><![CDATA[]]></system-err>
      </testcase>
      <testcase name="Test Cases/Component/VerifyAlbumDisplayed" time="20.188" classname="Test Cases/Component/VerifyAlbumDisplayed" status="PASSED">
         <system-out><![CDATA[2021-03-30 09:52:56 - [TEST_CASE][PASSED] - Test Cases/Component/VerifyAlbumDisplayed: Test Cases/Component/VerifyAlbumDisplayed

2021-03-30 09:52:56 - [TEST_STEP][PASSED] - Start listener action : sampleBeforeTestCase: null

2021-03-30 09:52:56 - [TEST_STEP][PASSED] - println(testCaseContext.getTestCaseId()): null

2021-03-30 09:52:56 - [TEST_STEP][PASSED] - println(testCaseContext.getTestCaseVariables()): null

2021-03-30 09:52:56 - [TEST_STEP][PASSED] - openBrowser(SourceURL): Browser is opened with url: 'https://pops.vn/'

2021-03-30 09:52:56 - [MESSAGE][INFO] - Starting 'Chrome' driver

2021-03-30 09:52:56 - [MESSAGE][INFO] - Action delay is set to 0 milliseconds

2021-03-30 09:52:59 - [MESSAGE][PASSED] - Browser is opened with url: 'https://pops.vn/'

2021-03-30 09:52:59 - [TEST_STEP][PASSED] - maximizeWindow(): Current window maximized

2021-03-30 09:52:59 - [MESSAGE][PASSED] - Current window maximized

2021-03-30 09:52:59 - [TEST_STEP][PASSED] - commonActions.APIs.anonymousLogin(): commonActions.APIs.anonymousLogin is PASSED

2021-03-30 09:52:59 - [MESSAGE][INFO] - HAR: D:\Working\AUTO\KATAWEB\popstestautomation\POPSTestAutomation\Reports\20210330_094848\POPS App\POPSApp_DailySmoke\20210330_094848\requests\main\29.har

2021-03-30 09:52:59 - [MESSAGE][PASSED] - Send request successfully

2021-03-30 09:52:59 - [MESSAGE][PASSED] - commonActions.APIs.anonymousLogin is PASSED

2021-03-30 09:52:59 - [TEST_STEP][PASSED] - commonActions.BaseActions.ScrollToFooter(): commonActions.BaseActions.ScrollToFooter is PASSED

2021-03-30 09:53:00 - [MESSAGE][PASSED] - Execute JavaScript 'window.scrollTo(0, document.body.scrollHeight)' successfully

2021-03-30 09:53:02 - [MESSAGE][PASSED] - Delayed 2 second(s)

2021-03-30 09:53:03 - [MESSAGE][WARNING] - Object 'Object Repository/POPS App UI/Footer/POPS_Logo_In_Footer' is present but is not visible in viewport (Root cause: com.kms.katalon.core.exception.StepFailedException: Object 'Object Repository/POPS App UI/Footer/POPS_Logo_In_Footer' is present but is not visible in viewport
	at com.kms.katalon.core.webui.keyword.internal.WebUIKeywordMain.stepFailed(WebUIKeywordMain.groovy:64)
	at com.kms.katalon.core.webui.keyword.builtin.VerifyElementVisibleInViewportKeyword$_verifyElementVisibleInViewport_closure1.doCall(VerifyElementVisibleInViewportKeyword.groovy:79)
	at com.kms.katalon.core.webui.keyword.builtin.VerifyElementVisibleInViewportKeyword$_verifyElementVisibleInViewport_closure1.call(VerifyElementVisibleInViewportKeyword.groovy)
	at com.kms.katalon.core.webui.keyword.internal.WebUIKeywordMain.runKeyword(WebUIKeywordMain.groovy:20)
	at com.kms.katalon.core.webui.keyword.builtin.VerifyElementVisibleInViewportKeyword.verifyElementVisibleInViewport(VerifyElementVisibleInViewportKeyword.groovy:86)
	at com.kms.katalon.core.webui.keyword.builtin.VerifyElementVisibleInViewportKeyword.execute(VerifyElementVisibleInViewportKeyword.groovy:68)
	at com.kms.katalon.core.keyword.internal.KeywordExecutor.executeKeywordForPlatform(KeywordExecutor.groovy:73)
	at com.kms.katalon.core.webui.keyword.WebUiBuiltInKeywords.verifyElementInViewport(WebUiBuiltInKeywords.groovy:4050)
	at com.kms.katalon.core.webui.keyword.WebUiBuiltInKeywords$verifyElementInViewport$11.call(Unknown Source)
	at commonActions.BaseActions.ScrollToFooter(BaseActions.groovy:44)
	at commonActions.BaseActions.invokeMethod(BaseActions.groovy)
	at com.kms.katalon.core.main.CustomKeywordDelegatingMetaClass.invokeStaticMethod(CustomKeywordDelegatingMetaClass.java:50)
	at VerifyAlbumDisplayed.run(VerifyAlbumDisplayed:24)
	at com.kms.katalon.core.main.ScriptEngine.run(ScriptEngine.java:194)
	at com.kms.katalon.core.main.ScriptEngine.runScriptAsRawText(ScriptEngine.java:119)
	at com.kms.katalon.core.main.TestCaseExecutor.runScript(TestCaseExecutor.java:398)
	at com.kms.katalon.core.main.TestCaseExecutor.doExecute(TestCaseExecutor.java:389)
	at com.kms.katalon.core.main.TestCaseExecutor.processExecutionPhase(TestCaseExecutor.java:368)
	at com.kms.katalon.core.main.TestCaseExecutor.accessMainPhase(TestCaseExecutor.java:360)
	at com.kms.katalon.core.main.TestCaseExecutor.execute(TestCaseExecutor.java:255)
	at com.kms.katalon.core.main.TestSuiteExecutor.accessTestCaseMainPhase(TestSuiteExecutor.java:203)
	at com.kms.katalon.core.main.TestSuiteExecutor.accessTestSuiteMainPhase(TestSuiteExecutor.java:152)
	at com.kms.katalon.core.main.TestSuiteExecutor.execute(TestSuiteExecutor.java:95)
	at com.kms.katalon.core.main.TestCaseMain.startTestSuite(TestCaseMain.java:157)
	at com.kms.katalon.core.main.TestCaseMain$startTestSuite$0.call(Unknown Source)
	at TempTestSuite1617072528233.run(TempTestSuite1617072528233.groovy:39)
)
[[ATTACHMENT|D:\\Working\\AUTO\\KATAWEB\\popstestautomation\\POPSTestAutomation\\Reports\\20210330_094848\\POPS App\\POPSApp_DailySmoke\\20210330_094848\\1617072782608.png]]

2021-03-30 09:53:03 - [MESSAGE][PASSED] - Execute JavaScript 'window.scrollTo(0, document.body.scrollHeight)' successfully

2021-03-30 09:53:05 - [MESSAGE][PASSED] - Delayed 2 second(s)

2021-03-30 09:53:06 - [MESSAGE][WARNING] - Object 'Object Repository/POPS App UI/Footer/POPS_Logo_In_Footer' is present but is not visible in viewport (Root cause: com.kms.katalon.core.exception.StepFailedException: Object 'Object Repository/POPS App UI/Footer/POPS_Logo_In_Footer' is present but is not visible in viewport
	at com.kms.katalon.core.webui.keyword.internal.WebUIKeywordMain.stepFailed(WebUIKeywordMain.groovy:64)
	at com.kms.katalon.core.webui.keyword.builtin.VerifyElementVisibleInViewportKeyword$_verifyElementVisibleInViewport_closure1.doCall(VerifyElementVisibleInViewportKeyword.groovy:79)
	at com.kms.katalon.core.webui.keyword.builtin.VerifyElementVisibleInViewportKeyword$_verifyElementVisibleInViewport_closure1.call(VerifyElementVisibleInViewportKeyword.groovy)
	at com.kms.katalon.core.webui.keyword.internal.WebUIKeywordMain.runKeyword(WebUIKeywordMain.groovy:20)
	at com.kms.katalon.core.webui.keyword.builtin.VerifyElementVisibleInViewportKeyword.verifyElementVisibleInViewport(VerifyElementVisibleInViewportKeyword.groovy:86)
	at com.kms.katalon.core.webui.keyword.builtin.VerifyElementVisibleInViewportKeyword.execute(VerifyElementVisibleInViewportKeyword.groovy:68)
	at com.kms.katalon.core.keyword.internal.KeywordExecutor.executeKeywordForPlatform(KeywordExecutor.groovy:73)
	at com.kms.katalon.core.webui.keyword.WebUiBuiltInKeywords.verifyElementInViewport(WebUiBuiltInKeywords.groovy:4050)
	at com.kms.katalon.core.webui.keyword.WebUiBuiltInKeywords$verifyElementInViewport$11.call(Unknown Source)
	at commonActions.BaseActions.ScrollToFooter(BaseActions.groovy:44)
	at commonActions.BaseActions.invokeMethod(BaseActions.groovy)
	at com.kms.katalon.core.main.CustomKeywordDelegatingMetaClass.invokeStaticMethod(CustomKeywordDelegatingMetaClass.java:50)
	at VerifyAlbumDisplayed.run(VerifyAlbumDisplayed:24)
	at com.kms.katalon.core.main.ScriptEngine.run(ScriptEngine.java:194)
	at com.kms.katalon.core.main.ScriptEngine.runScriptAsRawText(ScriptEngine.java:119)
	at com.kms.katalon.core.main.TestCaseExecutor.runScript(TestCaseExecutor.java:398)
	at com.kms.katalon.core.main.TestCaseExecutor.doExecute(TestCaseExecutor.java:389)
	at com.kms.katalon.core.main.TestCaseExecutor.processExecutionPhase(TestCaseExecutor.java:368)
	at com.kms.katalon.core.main.TestCaseExecutor.accessMainPhase(TestCaseExecutor.java:360)
	at com.kms.katalon.core.main.TestCaseExecutor.execute(TestCaseExecutor.java:255)
	at com.kms.katalon.core.main.TestSuiteExecutor.accessTestCaseMainPhase(TestSuiteExecutor.java:203)
	at com.kms.katalon.core.main.TestSuiteExecutor.accessTestSuiteMainPhase(TestSuiteExecutor.java:152)
	at com.kms.katalon.core.main.TestSuiteExecutor.execute(TestSuiteExecutor.java:95)
	at com.kms.katalon.core.main.TestCaseMain.startTestSuite(TestCaseMain.java:157)
	at com.kms.katalon.core.main.TestCaseMain$startTestSuite$0.call(Unknown Source)
	at TempTestSuite1617072528233.run(TempTestSuite1617072528233.groovy:39)
)
[[ATTACHMENT|D:\\Working\\AUTO\\KATAWEB\\popstestautomation\\POPSTestAutomation\\Reports\\20210330_094848\\POPS App\\POPSApp_DailySmoke\\20210330_094848\\1617072785644.png]]

2021-03-30 09:53:06 - [MESSAGE][PASSED] - Execute JavaScript 'window.scrollTo(0, document.body.scrollHeight)' successfully

2021-03-30 09:53:08 - [MESSAGE][PASSED] - Delayed 2 second(s)

2021-03-30 09:53:09 - [MESSAGE][WARNING] - Object 'Object Repository/POPS App UI/Footer/POPS_Logo_In_Footer' is present but is not visible in viewport (Root cause: com.kms.katalon.core.exception.StepFailedException: Object 'Object Repository/POPS App UI/Footer/POPS_Logo_In_Footer' is present but is not visible in viewport
	at com.kms.katalon.core.webui.keyword.internal.WebUIKeywordMain.stepFailed(WebUIKeywordMain.groovy:64)
	at com.kms.katalon.core.webui.keyword.builtin.VerifyElementVisibleInViewportKeyword$_verifyElementVisibleInViewport_closure1.doCall(VerifyElementVisibleInViewportKeyword.groovy:79)
	at com.kms.katalon.core.webui.keyword.builtin.VerifyElementVisibleInViewportKeyword$_verifyElementVisibleInViewport_closure1.call(VerifyElementVisibleInViewportKeyword.groovy)
	at com.kms.katalon.core.webui.keyword.internal.WebUIKeywordMain.runKeyword(WebUIKeywordMain.groovy:20)
	at com.kms.katalon.core.webui.keyword.builtin.VerifyElementVisibleInViewportKeyword.verifyElementVisibleInViewport(VerifyElementVisibleInViewportKeyword.groovy:86)
	at com.kms.katalon.core.webui.keyword.builtin.VerifyElementVisibleInViewportKeyword.execute(VerifyElementVisibleInViewportKeyword.groovy:68)
	at com.kms.katalon.core.keyword.internal.KeywordExecutor.executeKeywordForPlatform(KeywordExecutor.groovy:73)
	at com.kms.katalon.core.webui.keyword.WebUiBuiltInKeywords.verifyElementInViewport(WebUiBuiltInKeywords.groovy:4050)
	at com.kms.katalon.core.webui.keyword.WebUiBuiltInKeywords$verifyElementInViewport$11.call(Unknown Source)
	at commonActions.BaseActions.ScrollToFooter(BaseActions.groovy:44)
	at commonActions.BaseActions.invokeMethod(BaseActions.groovy)
	at com.kms.katalon.core.main.CustomKeywordDelegatingMetaClass.invokeStaticMethod(CustomKeywordDelegatingMetaClass.java:50)
	at VerifyAlbumDisplayed.run(VerifyAlbumDisplayed:24)
	at com.kms.katalon.core.main.ScriptEngine.run(ScriptEngine.java:194)
	at com.kms.katalon.core.main.ScriptEngine.runScriptAsRawText(ScriptEngine.java:119)
	at com.kms.katalon.core.main.TestCaseExecutor.runScript(TestCaseExecutor.java:398)
	at com.kms.katalon.core.main.TestCaseExecutor.doExecute(TestCaseExecutor.java:389)
	at com.kms.katalon.core.main.TestCaseExecutor.processExecutionPhase(TestCaseExecutor.java:368)
	at com.kms.katalon.core.main.TestCaseExecutor.accessMainPhase(TestCaseExecutor.java:360)
	at com.kms.katalon.core.main.TestCaseExecutor.execute(TestCaseExecutor.java:255)
	at com.kms.katalon.core.main.TestSuiteExecutor.accessTestCaseMainPhase(TestSuiteExecutor.java:203)
	at com.kms.katalon.core.main.TestSuiteExecutor.accessTestSuiteMainPhase(TestSuiteExecutor.java:152)
	at com.kms.katalon.core.main.TestSuiteExecutor.execute(TestSuiteExecutor.java:95)
	at com.kms.katalon.core.main.TestCaseMain.startTestSuite(TestCaseMain.java:157)
	at com.kms.katalon.core.main.TestCaseMain$startTestSuite$0.call(Unknown Source)
	at TempTestSuite1617072528233.run(TempTestSuite1617072528233.groovy:39)
)
[[ATTACHMENT|D:\\Working\\AUTO\\KATAWEB\\popstestautomation\\POPSTestAutomation\\Reports\\20210330_094848\\POPS App\\POPSApp_DailySmoke\\20210330_094848\\1617072788615.png]]

2021-03-30 09:53:09 - [MESSAGE][PASSED] - Execute JavaScript 'window.scrollTo(0, document.body.scrollHeight)' successfully

2021-03-30 09:53:11 - [MESSAGE][PASSED] - Delayed 2 second(s)

2021-03-30 09:53:12 - [MESSAGE][WARNING] - Object 'Object Repository/POPS App UI/Footer/POPS_Logo_In_Footer' is present but is not visible in viewport (Root cause: com.kms.katalon.core.exception.StepFailedException: Object 'Object Repository/POPS App UI/Footer/POPS_Logo_In_Footer' is present but is not visible in viewport
	at com.kms.katalon.core.webui.keyword.internal.WebUIKeywordMain.stepFailed(WebUIKeywordMain.groovy:64)
	at com.kms.katalon.core.webui.keyword.builtin.VerifyElementVisibleInViewportKeyword$_verifyElementVisibleInViewport_closure1.doCall(VerifyElementVisibleInViewportKeyword.groovy:79)
	at com.kms.katalon.core.webui.keyword.builtin.VerifyElementVisibleInViewportKeyword$_verifyElementVisibleInViewport_closure1.call(VerifyElementVisibleInViewportKeyword.groovy)
	at com.kms.katalon.core.webui.keyword.internal.WebUIKeywordMain.runKeyword(WebUIKeywordMain.groovy:20)
	at com.kms.katalon.core.webui.keyword.builtin.VerifyElementVisibleInViewportKeyword.verifyElementVisibleInViewport(VerifyElementVisibleInViewportKeyword.groovy:86)
	at com.kms.katalon.core.webui.keyword.builtin.VerifyElementVisibleInViewportKeyword.execute(VerifyElementVisibleInViewportKeyword.groovy:68)
	at com.kms.katalon.core.keyword.internal.KeywordExecutor.executeKeywordForPlatform(KeywordExecutor.groovy:73)
	at com.kms.katalon.core.webui.keyword.WebUiBuiltInKeywords.verifyElementInViewport(WebUiBuiltInKeywords.groovy:4050)
	at com.kms.katalon.core.webui.keyword.WebUiBuiltInKeywords$verifyElementInViewport$11.call(Unknown Source)
	at commonActions.BaseActions.ScrollToFooter(BaseActions.groovy:44)
	at commonActions.BaseActions.invokeMethod(BaseActions.groovy)
	at com.kms.katalon.core.main.CustomKeywordDelegatingMetaClass.invokeStaticMethod(CustomKeywordDelegatingMetaClass.java:50)
	at VerifyAlbumDisplayed.run(VerifyAlbumDisplayed:24)
	at com.kms.katalon.core.main.ScriptEngine.run(ScriptEngine.java:194)
	at com.kms.katalon.core.main.ScriptEngine.runScriptAsRawText(ScriptEngine.java:119)
	at com.kms.katalon.core.main.TestCaseExecutor.runScript(TestCaseExecutor.java:398)
	at com.kms.katalon.core.main.TestCaseExecutor.doExecute(TestCaseExecutor.java:389)
	at com.kms.katalon.core.main.TestCaseExecutor.processExecutionPhase(TestCaseExecutor.java:368)
	at com.kms.katalon.core.main.TestCaseExecutor.accessMainPhase(TestCaseExecutor.java:360)
	at com.kms.katalon.core.main.TestCaseExecutor.execute(TestCaseExecutor.java:255)
	at com.kms.katalon.core.main.TestSuiteExecutor.accessTestCaseMainPhase(TestSuiteExecutor.java:203)
	at com.kms.katalon.core.main.TestSuiteExecutor.accessTestSuiteMainPhase(TestSuiteExecutor.java:152)
	at com.kms.katalon.core.main.TestSuiteExecutor.execute(TestSuiteExecutor.java:95)
	at com.kms.katalon.core.main.TestCaseMain.startTestSuite(TestCaseMain.java:157)
	at com.kms.katalon.core.main.TestCaseMain$startTestSuite$0.call(Unknown Source)
	at TempTestSuite1617072528233.run(TempTestSuite1617072528233.groovy:39)
)
[[ATTACHMENT|D:\\Working\\AUTO\\KATAWEB\\popstestautomation\\POPSTestAutomation\\Reports\\20210330_094848\\POPS App\\POPSApp_DailySmoke\\20210330_094848\\1617072791620.png]]

2021-03-30 09:53:12 - [MESSAGE][PASSED] - Execute JavaScript 'window.scrollTo(0, document.body.scrollHeight)' successfully

2021-03-30 09:53:14 - [MESSAGE][PASSED] - Delayed 2 second(s)

2021-03-30 09:53:14 - [MESSAGE][PASSED] - Object 'Object Repository/POPS App UI/Footer/POPS_Logo_In_Footer' is present and visible in viewport

2021-03-30 09:53:14 - [MESSAGE][PASSED] - commonActions.BaseActions.ScrollToFooter is PASSED

2021-03-30 09:53:14 - [TEST_STEP][PASSED] - commonActions.PageActions.checkAlbumItemsCanClickable(findTestObject("Object Repository/POPS App UI/HomePageUI/ALBUM_PART")): commonActions.PageActions.checkAlbumItemsCanClickable is PASSED

2021-03-30 09:53:15 - [MESSAGE][PASSED] - commonActions.PageActions.checkAlbumItemsCanClickable is PASSED

2021-03-30 09:53:15 - [TEST_STEP][PASSED] - commonActions.PageActions.checkBrokenImages(findTestObject("Object Repository/CommonUI/IMG_THUMNAIL"), "src"): commonActions.PageActions.checkBrokenImages is PASSED

2021-03-30 09:53:16 - [MESSAGE][INFO] - HAR: D:\Working\AUTO\KATAWEB\popstestautomation\POPSTestAutomation\Reports\20210330_094848\POPS App\POPSApp_DailySmoke\20210330_094848\requests\main\30.har

2021-03-30 09:53:16 - [MESSAGE][PASSED] - Send request successfully

2021-03-30 09:53:16 - [MESSAGE][PASSED] - commonActions.PageActions.checkBrokenImages is PASSED

2021-03-30 09:53:16 - [TEST_STEP][PASSED] - Start listener action : sampleAfterTestCase: null

2021-03-30 09:53:16 - [TEST_STEP][PASSED] - println(testCaseContext.getTestCaseId()): null

2021-03-30 09:53:16 - [TEST_STEP][PASSED] - println(testCaseContext.getTestCaseStatus()): null]]></system-out>
         <system-err><![CDATA[]]></system-err>
      </testcase>
      <testcase name="Test Cases/Component/VerifyRecommandationDisplayed" time="22.133" classname="Test Cases/Component/VerifyRecommandationDisplayed" status="PASSED">
         <system-out><![CDATA[2021-03-30 09:53:16 - [TEST_CASE][PASSED] - Test Cases/Component/VerifyRecommandationDisplayed: Test Cases/Component/VerifyRecommandationDisplayed

2021-03-30 09:53:16 - [TEST_STEP][PASSED] - Start listener action : sampleBeforeTestCase: null

2021-03-30 09:53:16 - [TEST_STEP][PASSED] - println(testCaseContext.getTestCaseId()): null

2021-03-30 09:53:16 - [TEST_STEP][PASSED] - println(testCaseContext.getTestCaseVariables()): null

2021-03-30 09:53:16 - [TEST_STEP][PASSED] - openBrowser(SourceURL): Browser is opened with url: 'https://pops.vn/'

2021-03-30 09:53:16 - [MESSAGE][WARNING] - A browser is already opened. Closing browser and opening a new one

2021-03-30 09:53:17 - [MESSAGE][INFO] - Starting 'Chrome' driver

2021-03-30 09:53:17 - [MESSAGE][INFO] - Action delay is set to 0 milliseconds

2021-03-30 09:53:19 - [MESSAGE][PASSED] - Browser is opened with url: 'https://pops.vn/'

2021-03-30 09:53:19 - [TEST_STEP][PASSED] - maximizeWindow(): Current window maximized

2021-03-30 09:53:20 - [MESSAGE][PASSED] - Current window maximized

2021-03-30 09:53:20 - [TEST_STEP][PASSED] - commonActions.APIs.anonymousLogin(): commonActions.APIs.anonymousLogin is PASSED

2021-03-30 09:53:20 - [MESSAGE][INFO] - HAR: D:\Working\AUTO\KATAWEB\popstestautomation\POPSTestAutomation\Reports\20210330_094848\POPS App\POPSApp_DailySmoke\20210330_094848\requests\main\31.har

2021-03-30 09:53:20 - [MESSAGE][PASSED] - Send request successfully

2021-03-30 09:53:20 - [MESSAGE][PASSED] - commonActions.APIs.anonymousLogin is PASSED

2021-03-30 09:53:20 - [TEST_STEP][PASSED] - commonActions.BaseActions.ScrollToFooter(): commonActions.BaseActions.ScrollToFooter is PASSED

2021-03-30 09:53:20 - [MESSAGE][PASSED] - Execute JavaScript 'window.scrollTo(0, document.body.scrollHeight)' successfully

2021-03-30 09:53:22 - [MESSAGE][PASSED] - Delayed 2 second(s)

2021-03-30 09:53:23 - [MESSAGE][WARNING] - Object 'Object Repository/POPS App UI/Footer/POPS_Logo_In_Footer' is present but is not visible in viewport (Root cause: com.kms.katalon.core.exception.StepFailedException: Object 'Object Repository/POPS App UI/Footer/POPS_Logo_In_Footer' is present but is not visible in viewport
	at com.kms.katalon.core.webui.keyword.internal.WebUIKeywordMain.stepFailed(WebUIKeywordMain.groovy:64)
	at com.kms.katalon.core.webui.keyword.builtin.VerifyElementVisibleInViewportKeyword$_verifyElementVisibleInViewport_closure1.doCall(VerifyElementVisibleInViewportKeyword.groovy:79)
	at com.kms.katalon.core.webui.keyword.builtin.VerifyElementVisibleInViewportKeyword$_verifyElementVisibleInViewport_closure1.call(VerifyElementVisibleInViewportKeyword.groovy)
	at com.kms.katalon.core.webui.keyword.internal.WebUIKeywordMain.runKeyword(WebUIKeywordMain.groovy:20)
	at com.kms.katalon.core.webui.keyword.builtin.VerifyElementVisibleInViewportKeyword.verifyElementVisibleInViewport(VerifyElementVisibleInViewportKeyword.groovy:86)
	at com.kms.katalon.core.webui.keyword.builtin.VerifyElementVisibleInViewportKeyword.execute(VerifyElementVisibleInViewportKeyword.groovy:68)
	at com.kms.katalon.core.keyword.internal.KeywordExecutor.executeKeywordForPlatform(KeywordExecutor.groovy:73)
	at com.kms.katalon.core.webui.keyword.WebUiBuiltInKeywords.verifyElementInViewport(WebUiBuiltInKeywords.groovy:4050)
	at com.kms.katalon.core.webui.keyword.WebUiBuiltInKeywords$verifyElementInViewport$11.call(Unknown Source)
	at commonActions.BaseActions.ScrollToFooter(BaseActions.groovy:44)
	at commonActions.BaseActions.invokeMethod(BaseActions.groovy)
	at com.kms.katalon.core.main.CustomKeywordDelegatingMetaClass.invokeStaticMethod(CustomKeywordDelegatingMetaClass.java:50)
	at VerifyRecommandationDisplayed.run(VerifyRecommandationDisplayed:24)
	at com.kms.katalon.core.main.ScriptEngine.run(ScriptEngine.java:194)
	at com.kms.katalon.core.main.ScriptEngine.runScriptAsRawText(ScriptEngine.java:119)
	at com.kms.katalon.core.main.TestCaseExecutor.runScript(TestCaseExecutor.java:398)
	at com.kms.katalon.core.main.TestCaseExecutor.doExecute(TestCaseExecutor.java:389)
	at com.kms.katalon.core.main.TestCaseExecutor.processExecutionPhase(TestCaseExecutor.java:368)
	at com.kms.katalon.core.main.TestCaseExecutor.accessMainPhase(TestCaseExecutor.java:360)
	at com.kms.katalon.core.main.TestCaseExecutor.execute(TestCaseExecutor.java:255)
	at com.kms.katalon.core.main.TestSuiteExecutor.accessTestCaseMainPhase(TestSuiteExecutor.java:203)
	at com.kms.katalon.core.main.TestSuiteExecutor.accessTestSuiteMainPhase(TestSuiteExecutor.java:152)
	at com.kms.katalon.core.main.TestSuiteExecutor.execute(TestSuiteExecutor.java:95)
	at com.kms.katalon.core.main.TestCaseMain.startTestSuite(TestCaseMain.java:157)
	at com.kms.katalon.core.main.TestCaseMain$startTestSuite$0.call(Unknown Source)
	at TempTestSuite1617072528233.run(TempTestSuite1617072528233.groovy:39)
)
[[ATTACHMENT|D:\\Working\\AUTO\\KATAWEB\\popstestautomation\\POPSTestAutomation\\Reports\\20210330_094848\\POPS App\\POPSApp_DailySmoke\\20210330_094848\\1617072803205.png]]

2021-03-30 09:53:23 - [MESSAGE][PASSED] - Execute JavaScript 'window.scrollTo(0, document.body.scrollHeight)' successfully

2021-03-30 09:53:25 - [MESSAGE][PASSED] - Delayed 2 second(s)

2021-03-30 09:53:26 - [MESSAGE][WARNING] - Object 'Object Repository/POPS App UI/Footer/POPS_Logo_In_Footer' is present but is not visible in viewport (Root cause: com.kms.katalon.core.exception.StepFailedException: Object 'Object Repository/POPS App UI/Footer/POPS_Logo_In_Footer' is present but is not visible in viewport
	at com.kms.katalon.core.webui.keyword.internal.WebUIKeywordMain.stepFailed(WebUIKeywordMain.groovy:64)
	at com.kms.katalon.core.webui.keyword.builtin.VerifyElementVisibleInViewportKeyword$_verifyElementVisibleInViewport_closure1.doCall(VerifyElementVisibleInViewportKeyword.groovy:79)
	at com.kms.katalon.core.webui.keyword.builtin.VerifyElementVisibleInViewportKeyword$_verifyElementVisibleInViewport_closure1.call(VerifyElementVisibleInViewportKeyword.groovy)
	at com.kms.katalon.core.webui.keyword.internal.WebUIKeywordMain.runKeyword(WebUIKeywordMain.groovy:20)
	at com.kms.katalon.core.webui.keyword.builtin.VerifyElementVisibleInViewportKeyword.verifyElementVisibleInViewport(VerifyElementVisibleInViewportKeyword.groovy:86)
	at com.kms.katalon.core.webui.keyword.builtin.VerifyElementVisibleInViewportKeyword.execute(VerifyElementVisibleInViewportKeyword.groovy:68)
	at com.kms.katalon.core.keyword.internal.KeywordExecutor.executeKeywordForPlatform(KeywordExecutor.groovy:73)
	at com.kms.katalon.core.webui.keyword.WebUiBuiltInKeywords.verifyElementInViewport(WebUiBuiltInKeywords.groovy:4050)
	at com.kms.katalon.core.webui.keyword.WebUiBuiltInKeywords$verifyElementInViewport$11.call(Unknown Source)
	at commonActions.BaseActions.ScrollToFooter(BaseActions.groovy:44)
	at commonActions.BaseActions.invokeMethod(BaseActions.groovy)
	at com.kms.katalon.core.main.CustomKeywordDelegatingMetaClass.invokeStaticMethod(CustomKeywordDelegatingMetaClass.java:50)
	at VerifyRecommandationDisplayed.run(VerifyRecommandationDisplayed:24)
	at com.kms.katalon.core.main.ScriptEngine.run(ScriptEngine.java:194)
	at com.kms.katalon.core.main.ScriptEngine.runScriptAsRawText(ScriptEngine.java:119)
	at com.kms.katalon.core.main.TestCaseExecutor.runScript(TestCaseExecutor.java:398)
	at com.kms.katalon.core.main.TestCaseExecutor.doExecute(TestCaseExecutor.java:389)
	at com.kms.katalon.core.main.TestCaseExecutor.processExecutionPhase(TestCaseExecutor.java:368)
	at com.kms.katalon.core.main.TestCaseExecutor.accessMainPhase(TestCaseExecutor.java:360)
	at com.kms.katalon.core.main.TestCaseExecutor.execute(TestCaseExecutor.java:255)
	at com.kms.katalon.core.main.TestSuiteExecutor.accessTestCaseMainPhase(TestSuiteExecutor.java:203)
	at com.kms.katalon.core.main.TestSuiteExecutor.accessTestSuiteMainPhase(TestSuiteExecutor.java:152)
	at com.kms.katalon.core.main.TestSuiteExecutor.execute(TestSuiteExecutor.java:95)
	at com.kms.katalon.core.main.TestCaseMain.startTestSuite(TestCaseMain.java:157)
	at com.kms.katalon.core.main.TestCaseMain$startTestSuite$0.call(Unknown Source)
	at TempTestSuite1617072528233.run(TempTestSuite1617072528233.groovy:39)
)
[[ATTACHMENT|D:\\Working\\AUTO\\KATAWEB\\popstestautomation\\POPSTestAutomation\\Reports\\20210330_094848\\POPS App\\POPSApp_DailySmoke\\20210330_094848\\1617072806227.png]]

2021-03-30 09:53:27 - [MESSAGE][PASSED] - Execute JavaScript 'window.scrollTo(0, document.body.scrollHeight)' successfully

2021-03-30 09:53:29 - [MESSAGE][PASSED] - Delayed 2 second(s)

2021-03-30 09:53:29 - [MESSAGE][WARNING] - Object 'Object Repository/POPS App UI/Footer/POPS_Logo_In_Footer' is present but is not visible in viewport (Root cause: com.kms.katalon.core.exception.StepFailedException: Object 'Object Repository/POPS App UI/Footer/POPS_Logo_In_Footer' is present but is not visible in viewport
	at com.kms.katalon.core.webui.keyword.internal.WebUIKeywordMain.stepFailed(WebUIKeywordMain.groovy:64)
	at com.kms.katalon.core.webui.keyword.builtin.VerifyElementVisibleInViewportKeyword$_verifyElementVisibleInViewport_closure1.doCall(VerifyElementVisibleInViewportKeyword.groovy:79)
	at com.kms.katalon.core.webui.keyword.builtin.VerifyElementVisibleInViewportKeyword$_verifyElementVisibleInViewport_closure1.call(VerifyElementVisibleInViewportKeyword.groovy)
	at com.kms.katalon.core.webui.keyword.internal.WebUIKeywordMain.runKeyword(WebUIKeywordMain.groovy:20)
	at com.kms.katalon.core.webui.keyword.builtin.VerifyElementVisibleInViewportKeyword.verifyElementVisibleInViewport(VerifyElementVisibleInViewportKeyword.groovy:86)
	at com.kms.katalon.core.webui.keyword.builtin.VerifyElementVisibleInViewportKeyword.execute(VerifyElementVisibleInViewportKeyword.groovy:68)
	at com.kms.katalon.core.keyword.internal.KeywordExecutor.executeKeywordForPlatform(KeywordExecutor.groovy:73)
	at com.kms.katalon.core.webui.keyword.WebUiBuiltInKeywords.verifyElementInViewport(WebUiBuiltInKeywords.groovy:4050)
	at com.kms.katalon.core.webui.keyword.WebUiBuiltInKeywords$verifyElementInViewport$11.call(Unknown Source)
	at commonActions.BaseActions.ScrollToFooter(BaseActions.groovy:44)
	at commonActions.BaseActions.invokeMethod(BaseActions.groovy)
	at com.kms.katalon.core.main.CustomKeywordDelegatingMetaClass.invokeStaticMethod(CustomKeywordDelegatingMetaClass.java:50)
	at VerifyRecommandationDisplayed.run(VerifyRecommandationDisplayed:24)
	at com.kms.katalon.core.main.ScriptEngine.run(ScriptEngine.java:194)
	at com.kms.katalon.core.main.ScriptEngine.runScriptAsRawText(ScriptEngine.java:119)
	at com.kms.katalon.core.main.TestCaseExecutor.runScript(TestCaseExecutor.java:398)
	at com.kms.katalon.core.main.TestCaseExecutor.doExecute(TestCaseExecutor.java:389)
	at com.kms.katalon.core.main.TestCaseExecutor.processExecutionPhase(TestCaseExecutor.java:368)
	at com.kms.katalon.core.main.TestCaseExecutor.accessMainPhase(TestCaseExecutor.java:360)
	at com.kms.katalon.core.main.TestCaseExecutor.execute(TestCaseExecutor.java:255)
	at com.kms.katalon.core.main.TestSuiteExecutor.accessTestCaseMainPhase(TestSuiteExecutor.java:203)
	at com.kms.katalon.core.main.TestSuiteExecutor.accessTestSuiteMainPhase(TestSuiteExecutor.java:152)
	at com.kms.katalon.core.main.TestSuiteExecutor.execute(TestSuiteExecutor.java:95)
	at com.kms.katalon.core.main.TestCaseMain.startTestSuite(TestCaseMain.java:157)
	at com.kms.katalon.core.main.TestCaseMain$startTestSuite$0.call(Unknown Source)
	at TempTestSuite1617072528233.run(TempTestSuite1617072528233.groovy:39)
)
[[ATTACHMENT|D:\\Working\\AUTO\\KATAWEB\\popstestautomation\\POPSTestAutomation\\Reports\\20210330_094848\\POPS App\\POPSApp_DailySmoke\\20210330_094848\\1617072809280.png]]

2021-03-30 09:53:30 - [MESSAGE][PASSED] - Execute JavaScript 'window.scrollTo(0, document.body.scrollHeight)' successfully

2021-03-30 09:53:32 - [MESSAGE][PASSED] - Delayed 2 second(s)

2021-03-30 09:53:32 - [MESSAGE][WARNING] - Object 'Object Repository/POPS App UI/Footer/POPS_Logo_In_Footer' is present but is not visible in viewport (Root cause: com.kms.katalon.core.exception.StepFailedException: Object 'Object Repository/POPS App UI/Footer/POPS_Logo_In_Footer' is present but is not visible in viewport
	at com.kms.katalon.core.webui.keyword.internal.WebUIKeywordMain.stepFailed(WebUIKeywordMain.groovy:64)
	at com.kms.katalon.core.webui.keyword.builtin.VerifyElementVisibleInViewportKeyword$_verifyElementVisibleInViewport_closure1.doCall(VerifyElementVisibleInViewportKeyword.groovy:79)
	at com.kms.katalon.core.webui.keyword.builtin.VerifyElementVisibleInViewportKeyword$_verifyElementVisibleInViewport_closure1.call(VerifyElementVisibleInViewportKeyword.groovy)
	at com.kms.katalon.core.webui.keyword.internal.WebUIKeywordMain.runKeyword(WebUIKeywordMain.groovy:20)
	at com.kms.katalon.core.webui.keyword.builtin.VerifyElementVisibleInViewportKeyword.verifyElementVisibleInViewport(VerifyElementVisibleInViewportKeyword.groovy:86)
	at com.kms.katalon.core.webui.keyword.builtin.VerifyElementVisibleInViewportKeyword.execute(VerifyElementVisibleInViewportKeyword.groovy:68)
	at com.kms.katalon.core.keyword.internal.KeywordExecutor.executeKeywordForPlatform(KeywordExecutor.groovy:73)
	at com.kms.katalon.core.webui.keyword.WebUiBuiltInKeywords.verifyElementInViewport(WebUiBuiltInKeywords.groovy:4050)
	at com.kms.katalon.core.webui.keyword.WebUiBuiltInKeywords$verifyElementInViewport$11.call(Unknown Source)
	at commonActions.BaseActions.ScrollToFooter(BaseActions.groovy:44)
	at commonActions.BaseActions.invokeMethod(BaseActions.groovy)
	at com.kms.katalon.core.main.CustomKeywordDelegatingMetaClass.invokeStaticMethod(CustomKeywordDelegatingMetaClass.java:50)
	at VerifyRecommandationDisplayed.run(VerifyRecommandationDisplayed:24)
	at com.kms.katalon.core.main.ScriptEngine.run(ScriptEngine.java:194)
	at com.kms.katalon.core.main.ScriptEngine.runScriptAsRawText(ScriptEngine.java:119)
	at com.kms.katalon.core.main.TestCaseExecutor.runScript(TestCaseExecutor.java:398)
	at com.kms.katalon.core.main.TestCaseExecutor.doExecute(TestCaseExecutor.java:389)
	at com.kms.katalon.core.main.TestCaseExecutor.processExecutionPhase(TestCaseExecutor.java:368)
	at com.kms.katalon.core.main.TestCaseExecutor.accessMainPhase(TestCaseExecutor.java:360)
	at com.kms.katalon.core.main.TestCaseExecutor.execute(TestCaseExecutor.java:255)
	at com.kms.katalon.core.main.TestSuiteExecutor.accessTestCaseMainPhase(TestSuiteExecutor.java:203)
	at com.kms.katalon.core.main.TestSuiteExecutor.accessTestSuiteMainPhase(TestSuiteExecutor.java:152)
	at com.kms.katalon.core.main.TestSuiteExecutor.execute(TestSuiteExecutor.java:95)
	at com.kms.katalon.core.main.TestCaseMain.startTestSuite(TestCaseMain.java:157)
	at com.kms.katalon.core.main.TestCaseMain$startTestSuite$0.call(Unknown Source)
	at TempTestSuite1617072528233.run(TempTestSuite1617072528233.groovy:39)
)
[[ATTACHMENT|D:\\Working\\AUTO\\KATAWEB\\popstestautomation\\POPSTestAutomation\\Reports\\20210330_094848\\POPS App\\POPSApp_DailySmoke\\20210330_094848\\1617072812269.png]]

2021-03-30 09:53:33 - [MESSAGE][PASSED] - Execute JavaScript 'window.scrollTo(0, document.body.scrollHeight)' successfully

2021-03-30 09:53:35 - [MESSAGE][PASSED] - Delayed 2 second(s)

2021-03-30 09:53:35 - [MESSAGE][PASSED] - Object 'Object Repository/POPS App UI/Footer/POPS_Logo_In_Footer' is present and visible in viewport

2021-03-30 09:53:35 - [MESSAGE][PASSED] - commonActions.BaseActions.ScrollToFooter is PASSED

2021-03-30 09:53:35 - [TEST_STEP][PASSED] - commonActions.PageActions.checkRecommandation(findTestObject("POPS App UI/HomePageUI/RECOMMANDATION_PART")): commonActions.PageActions.checkRecommandation is PASSED

2021-03-30 09:53:36 - [MESSAGE][INFO] - HAR: D:\Working\AUTO\KATAWEB\popstestautomation\POPSTestAutomation\Reports\20210330_094848\POPS App\POPSApp_DailySmoke\20210330_094848\requests\main\32.har

2021-03-30 09:53:36 - [MESSAGE][PASSED] - Send request successfully

2021-03-30 09:53:36 - [MESSAGE][PASSED] - commonActions.PageActions.checkRecommandation is PASSED

2021-03-30 09:53:36 - [TEST_STEP][PASSED] - commonActions.PageActions.checkReCommandationCanClickable(findTestObject("POPS App UI/HomePageUI/RECOMMANDATION_PART")): commonActions.PageActions.checkReCommandationCanClickable is PASSED

2021-03-30 09:53:37 - [MESSAGE][PASSED] - commonActions.PageActions.checkReCommandationCanClickable is PASSED

2021-03-30 09:53:37 - [TEST_STEP][PASSED] - commonActions.PageActions.checkBrokenImages(findTestObject("Object Repository/CommonUI/IMG_THUMNAIL"), "src"): commonActions.PageActions.checkBrokenImages is PASSED

2021-03-30 09:53:38 - [MESSAGE][PASSED] - commonActions.PageActions.checkBrokenImages is PASSED

2021-03-30 09:53:38 - [TEST_STEP][PASSED] - Start listener action : sampleAfterTestCase: null

2021-03-30 09:53:38 - [TEST_STEP][PASSED] - println(testCaseContext.getTestCaseId()): null

2021-03-30 09:53:38 - [TEST_STEP][PASSED] - println(testCaseContext.getTestCaseStatus()): null]]></system-out>
         <system-err><![CDATA[]]></system-err>
      </testcase>
      <system-out><![CDATA[2021-03-30 09:48:58 - [TEST_SUITE][ERROR] - POPSApp_DailySmoke: Test Cases/VideoPlayer/VerifyNextVideoByClickingButton FAILED.
Reason:
org.openqa.selenium.StaleElementReferenceException: stale element reference: element is not attached to the page document
  (Session info: chrome=89.0.4389.90)
For documentation on this error, please visit: https://www.seleniumhq.org/exceptions/stale_element_reference.html
Build info: version: '3.141.59', revision: 'e82be7d358', time: '2018-11-14T08:25:53'
System info: host: 'CA-HUYTHANH', ip: '192.168.56.1', os.name: 'Windows 10', os.arch: 'amd64', os.version: '10.0', java.version: '1.8.0_181'
Driver info: com.kms.katalon.selenium.driver.CChromeDriver
Capabilities {acceptInsecureCerts: false, browserName: chrome, browserVersion: 89.0.4389.90, chrome: {chromedriverVersion: 89.0.4389.23 (61b08ee2c5002..., userDataDir: C:\Users\HUY~1.THA\AppData\...}, goog:chromeOptions: {debuggerAddress: localhost:55317}, javascriptEnabled: true, networkConnectionEnabled: false, pageLoadStrategy: normal, platform: WINDOWS, platformName: WINDOWS, proxy: Proxy(), setWindowRect: true, strictFileInteractability: false, timeouts: {implicit: 0, pageLoad: 300000, script: 30000}, unhandledPromptBehavior: dismiss and notify, webauthn:extension:largeBlob: true, webauthn:virtualAuthenticators: true}
Session ID: fefdb29d5a41f5f77b099097d070503c
	at org.openqa.selenium.remote.http.W3CHttpResponseCodec.createException(W3CHttpResponseCodec.java:187)
	at org.openqa.selenium.remote.http.W3CHttpResponseCodec.decode(W3CHttpResponseCodec.java:122)
	at org.openqa.selenium.remote.http.W3CHttpResponseCodec.decode(W3CHttpResponseCodec.java:49)
	at org.openqa.selenium.remote.HttpCommandExecutor.execute(HttpCommandExecutor.java:158)
	at org.openqa.selenium.remote.service.DriverCommandExecutor.execute(DriverCommandExecutor.java:83)
	at org.openqa.selenium.remote.RemoteWebDriver.execute(RemoteWebDriver.java:552)
	at com.kms.katalon.selenium.driver.CChromeDriver.execute(CChromeDriver.java:19)
	at org.openqa.selenium.remote.RemoteWebElement.execute(RemoteWebElement.java:285)
	at org.openqa.selenium.remote.RemoteWebElement.click(RemoteWebElement.java:84)
	at org.openqa.selenium.support.events.EventFiringWebDriver$EventFiringWebElement.lambda$new$0(EventFiringWebDriver.java:404)
	at com.sun.proxy.$Proxy14.click(Unknown Source)
	at org.openqa.selenium.support.events.EventFiringWebDriver$EventFiringWebElement.click(EventFiringWebDriver.java:417)
	at org.openqa.selenium.WebElement$click$0.call(Unknown Source)
	at commonActions.BaseActions.clickFirstElement(BaseActions.groovy:196)
	at commonActions.BaseActions.invokeMethod(BaseActions.groovy)
	at com.kms.katalon.core.main.CustomKeywordDelegatingMetaClass.invokeStaticMethod(CustomKeywordDelegatingMetaClass.java:50)
	at VerifyNextVideoByClickingButton.run(VerifyNextVideoByClickingButton:35)
	at com.kms.katalon.core.main.ScriptEngine.run(ScriptEngine.java:194)
	at com.kms.katalon.core.main.ScriptEngine.runScriptAsRawText(ScriptEngine.java:119)
	at com.kms.katalon.core.main.TestCaseExecutor.runScript(TestCaseExecutor.java:398)
	at com.kms.katalon.core.main.TestCaseExecutor.doExecute(TestCaseExecutor.java:389)
	at com.kms.katalon.core.main.TestCaseExecutor.processExecutionPhase(TestCaseExecutor.java:368)
	at com.kms.katalon.core.main.TestCaseExecutor.accessMainPhase(TestCaseExecutor.java:360)
	at com.kms.katalon.core.main.TestCaseExecutor.execute(TestCaseExecutor.java:255)
	at com.kms.katalon.core.main.TestSuiteExecutor.accessTestCaseMainPhase(TestSuiteExecutor.java:203)
	at com.kms.katalon.core.main.TestSuiteExecutor.accessTestSuiteMainPhase(TestSuiteExecutor.java:152)
	at com.kms.katalon.core.main.TestSuiteExecutor.execute(TestSuiteExecutor.java:95)
	at com.kms.katalon.core.main.TestCaseMain.startTestSuite(TestCaseMain.java:157)
	at com.kms.katalon.core.main.TestCaseMain$startTestSuite$0.call(Unknown Source)
	at TempTestSuite1617072528233.run(TempTestSuite1617072528233.groovy:39)]]></system-out>
      <system-err><![CDATA[2021-03-30 09:48:58 - [TEST_SUITE][ERROR] - POPSApp_DailySmoke: Test Cases/VideoPlayer/VerifyNextVideoByClickingButton FAILED.
Reason:
org.openqa.selenium.StaleElementReferenceException: stale element reference: element is not attached to the page document
  (Session info: chrome=89.0.4389.90)
For documentation on this error, please visit: https://www.seleniumhq.org/exceptions/stale_element_reference.html
Build info: version: '3.141.59', revision: 'e82be7d358', time: '2018-11-14T08:25:53'
System info: host: 'CA-HUYTHANH', ip: '192.168.56.1', os.name: 'Windows 10', os.arch: 'amd64', os.version: '10.0', java.version: '1.8.0_181'
Driver info: com.kms.katalon.selenium.driver.CChromeDriver
Capabilities {acceptInsecureCerts: false, browserName: chrome, browserVersion: 89.0.4389.90, chrome: {chromedriverVersion: 89.0.4389.23 (61b08ee2c5002..., userDataDir: C:\Users\HUY~1.THA\AppData\...}, goog:chromeOptions: {debuggerAddress: localhost:55317}, javascriptEnabled: true, networkConnectionEnabled: false, pageLoadStrategy: normal, platform: WINDOWS, platformName: WINDOWS, proxy: Proxy(), setWindowRect: true, strictFileInteractability: false, timeouts: {implicit: 0, pageLoad: 300000, script: 30000}, unhandledPromptBehavior: dismiss and notify, webauthn:extension:largeBlob: true, webauthn:virtualAuthenticators: true}
Session ID: fefdb29d5a41f5f77b099097d070503c
	at org.openqa.selenium.remote.http.W3CHttpResponseCodec.createException(W3CHttpResponseCodec.java:187)
	at org.openqa.selenium.remote.http.W3CHttpResponseCodec.decode(W3CHttpResponseCodec.java:122)
	at org.openqa.selenium.remote.http.W3CHttpResponseCodec.decode(W3CHttpResponseCodec.java:49)
	at org.openqa.selenium.remote.HttpCommandExecutor.execute(HttpCommandExecutor.java:158)
	at org.openqa.selenium.remote.service.DriverCommandExecutor.execute(DriverCommandExecutor.java:83)
	at org.openqa.selenium.remote.RemoteWebDriver.execute(RemoteWebDriver.java:552)
	at com.kms.katalon.selenium.driver.CChromeDriver.execute(CChromeDriver.java:19)
	at org.openqa.selenium.remote.RemoteWebElement.execute(RemoteWebElement.java:285)
	at org.openqa.selenium.remote.RemoteWebElement.click(RemoteWebElement.java:84)
	at org.openqa.selenium.support.events.EventFiringWebDriver$EventFiringWebElement.lambda$new$0(EventFiringWebDriver.java:404)
	at com.sun.proxy.$Proxy14.click(Unknown Source)
	at org.openqa.selenium.support.events.EventFiringWebDriver$EventFiringWebElement.click(EventFiringWebDriver.java:417)
	at org.openqa.selenium.WebElement$click$0.call(Unknown Source)
	at commonActions.BaseActions.clickFirstElement(BaseActions.groovy:196)
	at commonActions.BaseActions.invokeMethod(BaseActions.groovy)
	at com.kms.katalon.core.main.CustomKeywordDelegatingMetaClass.invokeStaticMethod(CustomKeywordDelegatingMetaClass.java:50)
	at VerifyNextVideoByClickingButton.run(VerifyNextVideoByClickingButton:35)
	at com.kms.katalon.core.main.ScriptEngine.run(ScriptEngine.java:194)
	at com.kms.katalon.core.main.ScriptEngine.runScriptAsRawText(ScriptEngine.java:119)
	at com.kms.katalon.core.main.TestCaseExecutor.runScript(TestCaseExecutor.java:398)
	at com.kms.katalon.core.main.TestCaseExecutor.doExecute(TestCaseExecutor.java:389)
	at com.kms.katalon.core.main.TestCaseExecutor.processExecutionPhase(TestCaseExecutor.java:368)
	at com.kms.katalon.core.main.TestCaseExecutor.accessMainPhase(TestCaseExecutor.java:360)
	at com.kms.katalon.core.main.TestCaseExecutor.execute(TestCaseExecutor.java:255)
	at com.kms.katalon.core.main.TestSuiteExecutor.accessTestCaseMainPhase(TestSuiteExecutor.java:203)
	at com.kms.katalon.core.main.TestSuiteExecutor.accessTestSuiteMainPhase(TestSuiteExecutor.java:152)
	at com.kms.katalon.core.main.TestSuiteExecutor.execute(TestSuiteExecutor.java:95)
	at com.kms.katalon.core.main.TestCaseMain.startTestSuite(TestCaseMain.java:157)
	at com.kms.katalon.core.main.TestCaseMain$startTestSuite$0.call(Unknown Source)
	at TempTestSuite1617072528233.run(TempTestSuite1617072528233.groovy:39)]]></system-err>
   </testsuite>
</testsuites>
