<?xml version="1.0" encoding="UTF-8"?>
<testsuites name="POPSApp_DailySmoke" time="305.716" tests="11" failures="0" skips="0" errors="1">
   <testsuite name="POPSApp_DailySmoke" tests="11" failures="0" errors="1" time="305.716" skips="0" timestamp="2021-03-30 10:18:48" hostname="huy.thanh - CA-HUYTHANH.pops.local" id="Test Suites/POPS App/POPSApp_DailySmoke">
      <properties>
         <property name="deviceName" value=""/>
         <property name="devicePlatform" value=""/>
         <property name="logFolder" value="D:\\Working\\AUTO\\KATAWEB\\popstestautomation\\POPSTestAutomation\\Reports\\20210330_101837\\POPS App\\POPSApp_DailySmoke\\20210330_101837"/>
         <property name="logFiles" value="D:\\Working\\AUTO\\KATAWEB\\popstestautomation\\POPSTestAutomation\\Reports\\20210330_101837\\POPS App\\POPSApp_DailySmoke\\20210330_101837\\execution0.log"/>
         <property name="attachments" value="D:\\Working\\AUTO\\KATAWEB\\popstestautomation\\POPSTestAutomation\\Reports\\20210330_101837\\POPS App\\POPSApp_DailySmoke\\20210330_101837\\1617074480882.png, D:\\Working\\AUTO\\KATAWEB\\popstestautomation\\POPSTestAutomation\\Reports\\20210330_101837\\POPS App\\POPSApp_DailySmoke\\20210330_101837\\1617074484165.png, D:\\Working\\AUTO\\KATAWEB\\popstestautomation\\POPSTestAutomation\\Reports\\20210330_101837\\POPS App\\POPSApp_DailySmoke\\20210330_101837\\1617074487213.png, D:\\Working\\AUTO\\KATAWEB\\popstestautomation\\POPSTestAutomation\\Reports\\20210330_101837\\POPS App\\POPSApp_DailySmoke\\20210330_101837\\1617074496439.png, D:\\Working\\AUTO\\KATAWEB\\popstestautomation\\POPSTestAutomation\\Reports\\20210330_101837\\POPS App\\POPSApp_DailySmoke\\20210330_101837\\1617074501099.png, D:\\Working\\AUTO\\KATAWEB\\popstestautomation\\POPSTestAutomation\\Reports\\20210330_101837\\POPS App\\POPSApp_DailySmoke\\20210330_101837\\1617074507086.png, D:\\Working\\AUTO\\KATAWEB\\popstestautomation\\POPSTestAutomation\\Reports\\20210330_101837\\POPS App\\POPSApp_DailySmoke\\20210330_101837\\1617074589956.png, D:\\Working\\AUTO\\KATAWEB\\popstestautomation\\POPSTestAutomation\\Reports\\20210330_101837\\POPS App\\POPSApp_DailySmoke\\20210330_101837\\1617074592925.png, D:\\Working\\AUTO\\KATAWEB\\popstestautomation\\POPSTestAutomation\\Reports\\20210330_101837\\POPS App\\POPSApp_DailySmoke\\20210330_101837\\1617074596598.png, D:\\Working\\AUTO\\KATAWEB\\popstestautomation\\POPSTestAutomation\\Reports\\20210330_101837\\POPS App\\POPSApp_DailySmoke\\20210330_101837\\1617074600641.png, D:\\Working\\AUTO\\KATAWEB\\popstestautomation\\POPSTestAutomation\\Reports\\20210330_101837\\POPS App\\POPSApp_DailySmoke\\20210330_101837\\1617074617093.png, D:\\Working\\AUTO\\KATAWEB\\popstestautomation\\POPSTestAutomation\\Reports\\20210330_101837\\POPS App\\POPSApp_DailySmoke\\20210330_101837\\1617074620132.png, D:\\Working\\AUTO\\KATAWEB\\popstestautomation\\POPSTestAutomation\\Reports\\20210330_101837\\POPS App\\POPSApp_DailySmoke\\20210330_101837\\1617074623381.png, D:\\Working\\AUTO\\KATAWEB\\popstestautomation\\POPSTestAutomation\\Reports\\20210330_101837\\POPS App\\POPSApp_DailySmoke\\20210330_101837\\1617074626411.png"/>
         <property name="hostName" value="huy.thanh - CA-HUYTHANH.pops.local"/>
         <property name="os" value="Windows 10 64bit"/>
         <property name="katalonVersion" value="7.9.0.208"/>
         <property name="browser" value="Chrome 89.0.4389.90"/>
         <property name="hostAddress" value="192.168.56.1"/>
         <property name="sessionId" value="7873aa0a701a4dd2b9f7d462f38ef72d"/>
         <property name="seleniumVersion" value="3.141.59"/>
         <property name="proxyInformation" value="ProxyInformation { proxyOption=NO_PROXY, proxyServerType=HTTP, username=, password=********, proxyServerAddress=, proxyServerPort=0, executionList=&quot;&quot;, isApplyToDesiredCapabilities=true }"/>
         <property name="platform" value="Windows 10"/>
      </properties>
      <testcase name="Test Cases/VideoPlayer/VerifyNextVideoByClickingButton" time="65.24" classname="Test Cases/VideoPlayer/VerifyNextVideoByClickingButton" status="PASSED">
         <system-out><![CDATA[2021-03-30 10:18:49 - [TEST_CASE][PASSED] - Test Cases/VideoPlayer/VerifyNextVideoByClickingButton: Test Cases/VideoPlayer/VerifyNextVideoByClickingButton

2021-03-30 10:18:49 - [TEST_STEP][PASSED] - Start listener action : sampleBeforeTestCase: null

2021-03-30 10:18:49 - [TEST_STEP][PASSED] - println(testCaseContext.getTestCaseId()): null

2021-03-30 10:18:49 - [TEST_STEP][PASSED] - println(testCaseContext.getTestCaseVariables()): null

2021-03-30 10:18:49 - [TEST_STEP][PASSED] - openBrowser(SourceURL): Browser is opened with url: 'https://pops.vn/'

2021-03-30 10:18:50 - [MESSAGE][INFO] - Starting 'Chrome' driver

2021-03-30 10:18:50 - [MESSAGE][INFO] - Action delay is set to 0 milliseconds

2021-03-30 10:18:53 - [MESSAGE][PASSED] - Browser is opened with url: 'https://pops.vn/'

2021-03-30 10:18:53 - [TEST_STEP][PASSED] - maximizeWindow(): Current window maximized

2021-03-30 10:18:53 - [MESSAGE][PASSED] - Current window maximized

2021-03-30 10:18:53 - [TEST_STEP][PASSED] - click(findTestObject("SearchPageUI/TEXTBOX_SEARCH")): Object: 'Object Repository/SearchPageUI/TEXTBOX_SEARCH' is clicked on

2021-03-30 10:18:55 - [MESSAGE][PASSED] - Object: 'Object Repository/SearchPageUI/TEXTBOX_SEARCH' is clicked on

2021-03-30 10:18:55 - [TEST_STEP][PASSED] - commonActions.SearchActions.verifyComicSuggest(findTestObject("SearchPageUI/COMIC_ITEMS")): commonActions.SearchActions.verifyComicSuggest is PASSED

2021-03-30 10:18:56 - [MESSAGE][INFO] - HAR: D:\Working\AUTO\KATAWEB\popstestautomation\POPSTestAutomation\Reports\20210330_101837\POPS App\POPSApp_DailySmoke\20210330_101837\requests\main\0.har

2021-03-30 10:18:56 - [MESSAGE][PASSED] - Send request successfully

2021-03-30 10:18:56 - [MESSAGE][PASSED] - Object 'Object Repository/SearchPageUI/COMIC_ITEMS' is present

2021-03-30 10:18:56 - [MESSAGE][INFO] - HAR: D:\Working\AUTO\KATAWEB\popstestautomation\POPSTestAutomation\Reports\20210330_101837\POPS App\POPSApp_DailySmoke\20210330_101837\requests\main\1.har

2021-03-30 10:18:56 - [MESSAGE][PASSED] - Send request successfully

2021-03-30 10:18:56 - [MESSAGE][PASSED] - commonActions.SearchActions.verifyComicSuggest is PASSED

2021-03-30 10:18:56 - [TEST_STEP][PASSED] - commonActions.SearchActions.verifyVideoSuggest(findTestObject("SearchPageUI/VIDEO_ITEMS")): commonActions.SearchActions.verifyVideoSuggest is PASSED

2021-03-30 10:18:57 - [MESSAGE][INFO] - HAR: D:\Working\AUTO\KATAWEB\popstestautomation\POPSTestAutomation\Reports\20210330_101837\POPS App\POPSApp_DailySmoke\20210330_101837\requests\main\2.har

2021-03-30 10:18:57 - [MESSAGE][PASSED] - Send request successfully

2021-03-30 10:18:57 - [MESSAGE][PASSED] - Object 'Object Repository/SearchPageUI/VIDEO_ITEMS' is present

2021-03-30 10:18:58 - [MESSAGE][INFO] - HAR: D:\Working\AUTO\KATAWEB\popstestautomation\POPSTestAutomation\Reports\20210330_101837\POPS App\POPSApp_DailySmoke\20210330_101837\requests\main\3.har

2021-03-30 10:18:58 - [MESSAGE][PASSED] - Send request successfully

2021-03-30 10:18:58 - [MESSAGE][PASSED] - commonActions.SearchActions.verifyVideoSuggest is PASSED

2021-03-30 10:18:58 - [TEST_STEP][PASSED] - commonActions.SearchActions.searchAnyVideo(findTestObject("SearchPageUI/TEXTBOX_SEARCH"), "conan"): commonActions.SearchActions.searchAnyVideo is PASSED

2021-03-30 10:18:58 - [MESSAGE][WARNING] - Timeout '0' is invalid. Using default page load timeout: '30'

2021-03-30 10:18:58 - [MESSAGE][PASSED] - Object 'Object Repository/SearchPageUI/TEXTBOX_SEARCH' is present

2021-03-30 10:18:59 - [MESSAGE][PASSED] - Text of object 'Object Repository/SearchPageUI/TEXTBOX_SEARCH' is cleared

2021-03-30 10:18:59 - [MESSAGE][PASSED] - Text 'conan' is set on object 'Object Repository/SearchPageUI/TEXTBOX_SEARCH'

2021-03-30 10:19:00 - [MESSAGE][PASSED] - Object: 'Object Repository/SearchPageUI/ICON_SEARCH_BUTTON' is clicked on

2021-03-30 10:19:00 - [MESSAGE][WARNING] - Timeout '0' is invalid. Using default page load timeout: '30'

2021-03-30 10:19:02 - [MESSAGE][PASSED] - commonActions.SearchActions.searchAnyVideo is PASSED

2021-03-30 10:19:02 - [TEST_STEP][PASSED] - waitForElementPresent(findTestObject("SearchPageUI/RESULT_ELEMENTS"), 1): Object 'Object Repository/SearchPageUI/RESULT_ELEMENTS' is present

2021-03-30 10:19:02 - [MESSAGE][PASSED] - Object 'Object Repository/SearchPageUI/RESULT_ELEMENTS' is present

2021-03-30 10:19:02 - [TEST_STEP][PASSED] - commonActions.BaseActions.clickFirstElement(findTestObject("SearchPageUI/RESULT_ELEMENTS"), 0): commonActions.BaseActions.clickFirstElement is PASSED

2021-03-30 10:19:02 - [MESSAGE][PASSED] - commonActions.BaseActions.clickFirstElement is PASSED

2021-03-30 10:19:02 - [TEST_STEP][PASSED] - commonActions.BaseActions.clickFirstElement(findTestObject("SearchPageUI/LIST_TITLE_RESULT"), 0): commonActions.BaseActions.clickFirstElement is PASSED

2021-03-30 10:19:04 - [MESSAGE][PASSED] - commonActions.BaseActions.clickFirstElement is PASSED

2021-03-30 10:19:04 - [TEST_STEP][PASSED] - commonActions.VideoPlayer.nextVideoByClicking(findTestObject("VideoDetailPageUI/video_frame")): commonActions.VideoPlayer.nextVideoByClicking is PASSED

2021-03-30 10:19:24 - [MESSAGE][PASSED] - Object 'Object Repository/VideoDetailPageUI/video_frame' is present

2021-03-30 10:19:24 - [MESSAGE][WARNING] - Timeout '0' is invalid. Using default page load timeout: '30'

2021-03-30 10:19:25 - [MESSAGE][PASSED] - Scroll to object 'Object Repository/VideoDetailPageUI/NEXT_VIDEO_TITLE_TEXT' successfully

2021-03-30 10:19:46 - [MESSAGE][PASSED] - Delayed 20 second(s)

2021-03-30 10:19:53 - [MESSAGE][PASSED] - Object: 'Object Repository/VideoDetailPageUI/video_frame' is clicked on

2021-03-30 10:19:54 - [MESSAGE][PASSED] - Execute JavaScript 'arguments[0].click()' successfully

2021-03-30 10:19:54 - [MESSAGE][PASSED] - commonActions.VideoPlayer.nextVideoByClicking is PASSED

2021-03-30 10:19:54 - [TEST_STEP][PASSED] - closeBrowser(): Browser is closed

2021-03-30 10:19:55 - [MESSAGE][PASSED] - Browser is closed

2021-03-30 10:19:55 - [TEST_STEP][PASSED] - Start listener action : sampleAfterTestCase: null

2021-03-30 10:19:55 - [TEST_STEP][PASSED] - println(testCaseContext.getTestCaseId()): null

2021-03-30 10:19:55 - [TEST_STEP][PASSED] - println(testCaseContext.getTestCaseStatus()): null]]></system-out>
         <system-err><![CDATA[]]></system-err>
      </testcase>
      <testcase name="Test Cases/VideoPlayer/VerifyVideoCanPlay" time="13.886" classname="Test Cases/VideoPlayer/VerifyVideoCanPlay" status="ERROR">
         <error type="ERROR" message="Test Cases/VideoPlayer/VerifyVideoCanPlay FAILED.
Reason:
org.openqa.selenium.StaleElementReferenceException: stale element reference: element is not attached to the page document
  (Session info: chrome=89.0.4389.90)
For documentation on this error, please visit: https://www.seleniumhq.org/exceptions/stale_element_reference.html
Build info: version: '3.141.59', revision: 'e82be7d358', time: '2018-11-14T08:25:53'
System info: host: 'CA-HUYTHANH', ip: '192.168.56.1', os.name: 'Windows 10', os.arch: 'amd64', os.version: '10.0', java.version: '1.8.0_181'
Driver info: com.kms.katalon.selenium.driver.CChromeDriver
Capabilities {acceptInsecureCerts: false, browserName: chrome, browserVersion: 89.0.4389.90, chrome: {chromedriverVersion: 89.0.4389.23 (61b08ee2c5002..., userDataDir: C:\Users\HUY~1.THA\AppData\...}, goog:chromeOptions: {debuggerAddress: localhost:57966}, javascriptEnabled: true, networkConnectionEnabled: false, pageLoadStrategy: normal, platform: WINDOWS, platformName: WINDOWS, proxy: Proxy(), setWindowRect: true, strictFileInteractability: false, timeouts: {implicit: 0, pageLoad: 300000, script: 30000}, unhandledPromptBehavior: dismiss and notify, webauthn:extension:largeBlob: true, webauthn:virtualAuthenticators: true}
Session ID: e8d2fe34c2984af6b04f1f4e78f21175
	at org.openqa.selenium.remote.http.W3CHttpResponseCodec.createException(W3CHttpResponseCodec.java:187)
	at org.openqa.selenium.remote.http.W3CHttpResponseCodec.decode(W3CHttpResponseCodec.java:122)
	at org.openqa.selenium.remote.http.W3CHttpResponseCodec.decode(W3CHttpResponseCodec.java:49)
	at org.openqa.selenium.remote.HttpCommandExecutor.execute(HttpCommandExecutor.java:158)
	at org.openqa.selenium.remote.service.DriverCommandExecutor.execute(DriverCommandExecutor.java:83)
	at org.openqa.selenium.remote.RemoteWebDriver.execute(RemoteWebDriver.java:552)
	at com.kms.katalon.selenium.driver.CChromeDriver.execute(CChromeDriver.java:19)
	at org.openqa.selenium.remote.RemoteWebElement.execute(RemoteWebElement.java:285)
	at org.openqa.selenium.remote.RemoteWebElement.click(RemoteWebElement.java:84)
	at org.openqa.selenium.support.events.EventFiringWebDriver$EventFiringWebElement.lambda$new$0(EventFiringWebDriver.java:404)
	at com.sun.proxy.$Proxy14.click(Unknown Source)
	at org.openqa.selenium.support.events.EventFiringWebDriver$EventFiringWebElement.click(EventFiringWebDriver.java:417)
	at org.openqa.selenium.WebElement$click$0.call(Unknown Source)
	at commonActions.BaseActions.clickFirstElement(BaseActions.groovy:196)
	at commonActions.BaseActions.invokeMethod(BaseActions.groovy)
	at com.kms.katalon.core.main.CustomKeywordDelegatingMetaClass.invokeStaticMethod(CustomKeywordDelegatingMetaClass.java:50)
	at VerifyVideoCanPlay.run(VerifyVideoCanPlay:33)
	at com.kms.katalon.core.main.ScriptEngine.run(ScriptEngine.java:194)
	at com.kms.katalon.core.main.ScriptEngine.runScriptAsRawText(ScriptEngine.java:119)
	at com.kms.katalon.core.main.TestCaseExecutor.runScript(TestCaseExecutor.java:398)
	at com.kms.katalon.core.main.TestCaseExecutor.doExecute(TestCaseExecutor.java:389)
	at com.kms.katalon.core.main.TestCaseExecutor.processExecutionPhase(TestCaseExecutor.java:368)
	at com.kms.katalon.core.main.TestCaseExecutor.accessMainPhase(TestCaseExecutor.java:360)
	at com.kms.katalon.core.main.TestCaseExecutor.execute(TestCaseExecutor.java:255)
	at com.kms.katalon.core.main.TestSuiteExecutor.accessTestCaseMainPhase(TestSuiteExecutor.java:203)
	at com.kms.katalon.core.main.TestSuiteExecutor.accessTestSuiteMainPhase(TestSuiteExecutor.java:152)
	at com.kms.katalon.core.main.TestSuiteExecutor.execute(TestSuiteExecutor.java:95)
	at com.kms.katalon.core.main.TestCaseMain.startTestSuite(TestCaseMain.java:157)
	at com.kms.katalon.core.main.TestCaseMain$startTestSuite$0.call(Unknown Source)
	at TempTestSuite1617074317162.run(TempTestSuite1617074317162.groovy:39)
"/>
         <system-out><![CDATA[2021-03-30 10:19:55 - [TEST_CASE][ERROR] - Test Cases/VideoPlayer/VerifyVideoCanPlay: Test Cases/VideoPlayer/VerifyVideoCanPlay FAILED.
Reason:
org.openqa.selenium.StaleElementReferenceException: stale element reference: element is not attached to the page document
  (Session info: chrome=89.0.4389.90)
For documentation on this error, please visit: https://www.seleniumhq.org/exceptions/stale_element_reference.html
Build info: version: '3.141.59', revision: 'e82be7d358', time: '2018-11-14T08:25:53'
System info: host: 'CA-HUYTHANH', ip: '192.168.56.1', os.name: 'Windows 10', os.arch: 'amd64', os.version: '10.0', java.version: '1.8.0_181'
Driver info: com.kms.katalon.selenium.driver.CChromeDriver
Capabilities {acceptInsecureCerts: false, browserName: chrome, browserVersion: 89.0.4389.90, chrome: {chromedriverVersion: 89.0.4389.23 (61b08ee2c5002..., userDataDir: C:\Users\HUY~1.THA\AppData\...}, goog:chromeOptions: {debuggerAddress: localhost:57966}, javascriptEnabled: true, networkConnectionEnabled: false, pageLoadStrategy: normal, platform: WINDOWS, platformName: WINDOWS, proxy: Proxy(), setWindowRect: true, strictFileInteractability: false, timeouts: {implicit: 0, pageLoad: 300000, script: 30000}, unhandledPromptBehavior: dismiss and notify, webauthn:extension:largeBlob: true, webauthn:virtualAuthenticators: true}
Session ID: e8d2fe34c2984af6b04f1f4e78f21175
	at org.openqa.selenium.remote.http.W3CHttpResponseCodec.createException(W3CHttpResponseCodec.java:187)
	at org.openqa.selenium.remote.http.W3CHttpResponseCodec.decode(W3CHttpResponseCodec.java:122)
	at org.openqa.selenium.remote.http.W3CHttpResponseCodec.decode(W3CHttpResponseCodec.java:49)
	at org.openqa.selenium.remote.HttpCommandExecutor.execute(HttpCommandExecutor.java:158)
	at org.openqa.selenium.remote.service.DriverCommandExecutor.execute(DriverCommandExecutor.java:83)
	at org.openqa.selenium.remote.RemoteWebDriver.execute(RemoteWebDriver.java:552)
	at com.kms.katalon.selenium.driver.CChromeDriver.execute(CChromeDriver.java:19)
	at org.openqa.selenium.remote.RemoteWebElement.execute(RemoteWebElement.java:285)
	at org.openqa.selenium.remote.RemoteWebElement.click(RemoteWebElement.java:84)
	at org.openqa.selenium.support.events.EventFiringWebDriver$EventFiringWebElement.lambda$new$0(EventFiringWebDriver.java:404)
	at com.sun.proxy.$Proxy14.click(Unknown Source)
	at org.openqa.selenium.support.events.EventFiringWebDriver$EventFiringWebElement.click(EventFiringWebDriver.java:417)
	at org.openqa.selenium.WebElement$click$0.call(Unknown Source)
	at commonActions.BaseActions.clickFirstElement(BaseActions.groovy:196)
	at commonActions.BaseActions.invokeMethod(BaseActions.groovy)
	at com.kms.katalon.core.main.CustomKeywordDelegatingMetaClass.invokeStaticMethod(CustomKeywordDelegatingMetaClass.java:50)
	at VerifyVideoCanPlay.run(VerifyVideoCanPlay:33)
	at com.kms.katalon.core.main.ScriptEngine.run(ScriptEngine.java:194)
	at com.kms.katalon.core.main.ScriptEngine.runScriptAsRawText(ScriptEngine.java:119)
	at com.kms.katalon.core.main.TestCaseExecutor.runScript(TestCaseExecutor.java:398)
	at com.kms.katalon.core.main.TestCaseExecutor.doExecute(TestCaseExecutor.java:389)
	at com.kms.katalon.core.main.TestCaseExecutor.processExecutionPhase(TestCaseExecutor.java:368)
	at com.kms.katalon.core.main.TestCaseExecutor.accessMainPhase(TestCaseExecutor.java:360)
	at com.kms.katalon.core.main.TestCaseExecutor.execute(TestCaseExecutor.java:255)
	at com.kms.katalon.core.main.TestSuiteExecutor.accessTestCaseMainPhase(TestSuiteExecutor.java:203)
	at com.kms.katalon.core.main.TestSuiteExecutor.accessTestSuiteMainPhase(TestSuiteExecutor.java:152)
	at com.kms.katalon.core.main.TestSuiteExecutor.execute(TestSuiteExecutor.java:95)
	at com.kms.katalon.core.main.TestCaseMain.startTestSuite(TestCaseMain.java:157)
	at com.kms.katalon.core.main.TestCaseMain$startTestSuite$0.call(Unknown Source)
	at TempTestSuite1617074317162.run(TempTestSuite1617074317162.groovy:39)


2021-03-30 10:19:55 - [TEST_STEP][PASSED] - Start listener action : sampleBeforeTestCase: null

2021-03-30 10:19:55 - [TEST_STEP][PASSED] - println(testCaseContext.getTestCaseId()): null

2021-03-30 10:19:55 - [TEST_STEP][PASSED] - println(testCaseContext.getTestCaseVariables()): null

2021-03-30 10:19:55 - [TEST_STEP][PASSED] - openBrowser(SourceURL): Browser is opened with url: 'https://pops.vn/'

2021-03-30 10:19:55 - [MESSAGE][INFO] - Starting 'Chrome' driver

2021-03-30 10:19:55 - [MESSAGE][INFO] - Action delay is set to 0 milliseconds

2021-03-30 10:19:59 - [MESSAGE][PASSED] - Browser is opened with url: 'https://pops.vn/'

2021-03-30 10:19:59 - [TEST_STEP][PASSED] - maximizeWindow(): Current window maximized

2021-03-30 10:19:59 - [MESSAGE][PASSED] - Current window maximized

2021-03-30 10:19:59 - [TEST_STEP][PASSED] - click(findTestObject("SearchPageUI/TEXTBOX_SEARCH")): Object: 'Object Repository/SearchPageUI/TEXTBOX_SEARCH' is clicked on

2021-03-30 10:20:00 - [MESSAGE][PASSED] - Object: 'Object Repository/SearchPageUI/TEXTBOX_SEARCH' is clicked on

2021-03-30 10:20:00 - [TEST_STEP][PASSED] - commonActions.SearchActions.verifyComicSuggest(findTestObject("SearchPageUI/COMIC_ITEMS")): commonActions.SearchActions.verifyComicSuggest is PASSED

2021-03-30 10:20:01 - [MESSAGE][INFO] - HAR: D:\Working\AUTO\KATAWEB\popstestautomation\POPSTestAutomation\Reports\20210330_101837\POPS App\POPSApp_DailySmoke\20210330_101837\requests\main\4.har

2021-03-30 10:20:01 - [MESSAGE][PASSED] - Send request successfully

2021-03-30 10:20:01 - [MESSAGE][PASSED] - Object 'Object Repository/SearchPageUI/COMIC_ITEMS' is present

2021-03-30 10:20:02 - [MESSAGE][INFO] - HAR: D:\Working\AUTO\KATAWEB\popstestautomation\POPSTestAutomation\Reports\20210330_101837\POPS App\POPSApp_DailySmoke\20210330_101837\requests\main\5.har

2021-03-30 10:20:02 - [MESSAGE][PASSED] - Send request successfully

2021-03-30 10:20:02 - [MESSAGE][PASSED] - commonActions.SearchActions.verifyComicSuggest is PASSED

2021-03-30 10:20:02 - [TEST_STEP][PASSED] - commonActions.SearchActions.verifyVideoSuggest(findTestObject("SearchPageUI/VIDEO_ITEMS")): commonActions.SearchActions.verifyVideoSuggest is PASSED

2021-03-30 10:20:02 - [MESSAGE][INFO] - HAR: D:\Working\AUTO\KATAWEB\popstestautomation\POPSTestAutomation\Reports\20210330_101837\POPS App\POPSApp_DailySmoke\20210330_101837\requests\main\6.har

2021-03-30 10:20:02 - [MESSAGE][PASSED] - Send request successfully

2021-03-30 10:20:02 - [MESSAGE][PASSED] - Object 'Object Repository/SearchPageUI/VIDEO_ITEMS' is present

2021-03-30 10:20:03 - [MESSAGE][INFO] - HAR: D:\Working\AUTO\KATAWEB\popstestautomation\POPSTestAutomation\Reports\20210330_101837\POPS App\POPSApp_DailySmoke\20210330_101837\requests\main\7.har

2021-03-30 10:20:03 - [MESSAGE][PASSED] - Send request successfully

2021-03-30 10:20:03 - [MESSAGE][PASSED] - commonActions.SearchActions.verifyVideoSuggest is PASSED

2021-03-30 10:20:03 - [TEST_STEP][PASSED] - commonActions.SearchActions.searchAnyVideo(findTestObject("SearchPageUI/TEXTBOX_SEARCH"), "conan"): commonActions.SearchActions.searchAnyVideo is PASSED

2021-03-30 10:20:03 - [MESSAGE][WARNING] - Timeout '0' is invalid. Using default page load timeout: '30'

2021-03-30 10:20:03 - [MESSAGE][PASSED] - Object 'Object Repository/SearchPageUI/TEXTBOX_SEARCH' is present

2021-03-30 10:20:04 - [MESSAGE][PASSED] - Text of object 'Object Repository/SearchPageUI/TEXTBOX_SEARCH' is cleared

2021-03-30 10:20:05 - [MESSAGE][PASSED] - Text 'conan' is set on object 'Object Repository/SearchPageUI/TEXTBOX_SEARCH'

2021-03-30 10:20:06 - [MESSAGE][PASSED] - Object: 'Object Repository/SearchPageUI/ICON_SEARCH_BUTTON' is clicked on

2021-03-30 10:20:06 - [MESSAGE][WARNING] - Timeout '0' is invalid. Using default page load timeout: '30'

2021-03-30 10:20:07 - [MESSAGE][PASSED] - commonActions.SearchActions.searchAnyVideo is PASSED

2021-03-30 10:20:07 - [TEST_STEP][PASSED] - commonActions.BaseActions.clickFirstElement(findTestObject("SearchPageUI/RESULT_ELEMENTS"), 0): commonActions.BaseActions.clickFirstElement is PASSED

2021-03-30 10:20:07 - [MESSAGE][PASSED] - commonActions.BaseActions.clickFirstElement is PASSED

2021-03-30 10:20:07 - [TEST_STEP][ERROR] - commonActions.BaseActions.clickFirstElement(findTestObject("SearchPageUI/LIST_TITLE_RESULT"), 0): stale element reference: element is not attached to the page document
  (Session info: chrome=89.0.4389.90)
For documentation on this error, please visit: https://www.seleniumhq.org/exceptions/stale_element_reference.html
Build info: version: '3.141.59', revision: 'e82be7d358', time: '2018-11-14T08:25:53'
System info: host: 'CA-HUYTHANH', ip: '192.168.56.1', os.name: 'Windows 10', os.arch: 'amd64', os.version: '10.0', java.version: '1.8.0_181'
Driver info: com.kms.katalon.selenium.driver.CChromeDriver
Capabilities {acceptInsecureCerts: false, browserName: chrome, browserVersion: 89.0.4389.90, chrome: {chromedriverVersion: 89.0.4389.23 (61b08ee2c5002..., userDataDir: C:\Users\HUY~1.THA\AppData\...}, goog:chromeOptions: {debuggerAddress: localhost:57966}, javascriptEnabled: true, networkConnectionEnabled: false, pageLoadStrategy: normal, platform: WINDOWS, platformName: WINDOWS, proxy: Proxy(), setWindowRect: true, strictFileInteractability: false, timeouts: {implicit: 0, pageLoad: 300000, script: 30000}, unhandledPromptBehavior: dismiss and notify, webauthn:extension:largeBlob: true, webauthn:virtualAuthenticators: true}
Session ID: e8d2fe34c2984af6b04f1f4e78f21175

2021-03-30 10:20:08 - [MESSAGE][ERROR] - stale element reference: element is not attached to the page document
  (Session info: chrome=89.0.4389.90)
For documentation on this error, please visit: https://www.seleniumhq.org/exceptions/stale_element_reference.html
Build info: version: '3.141.59', revision: 'e82be7d358', time: '2018-11-14T08:25:53'
System info: host: 'CA-HUYTHANH', ip: '192.168.56.1', os.name: 'Windows 10', os.arch: 'amd64', os.version: '10.0', java.version: '1.8.0_181'
Driver info: com.kms.katalon.selenium.driver.CChromeDriver
Capabilities {acceptInsecureCerts: false, browserName: chrome, browserVersion: 89.0.4389.90, chrome: {chromedriverVersion: 89.0.4389.23 (61b08ee2c5002..., userDataDir: C:\Users\HUY~1.THA\AppData\...}, goog:chromeOptions: {debuggerAddress: localhost:57966}, javascriptEnabled: true, networkConnectionEnabled: false, pageLoadStrategy: normal, platform: WINDOWS, platformName: WINDOWS, proxy: Proxy(), setWindowRect: true, strictFileInteractability: false, timeouts: {implicit: 0, pageLoad: 300000, script: 30000}, unhandledPromptBehavior: dismiss and notify, webauthn:extension:largeBlob: true, webauthn:virtualAuthenticators: true}
Session ID: e8d2fe34c2984af6b04f1f4e78f21175

2021-03-30 10:20:08 - [TEST_STEP][PASSED] - Start listener action : sampleAfterTestCase: null

2021-03-30 10:20:08 - [TEST_STEP][PASSED] - println(testCaseContext.getTestCaseId()): null

2021-03-30 10:20:08 - [TEST_STEP][PASSED] - println(testCaseContext.getTestCaseStatus()): null]]></system-out>
         <system-err><![CDATA[2021-03-30 10:19:55 - [TEST_CASE][ERROR] - Test Cases/VideoPlayer/VerifyVideoCanPlay: Test Cases/VideoPlayer/VerifyVideoCanPlay FAILED.
Reason:
org.openqa.selenium.StaleElementReferenceException: stale element reference: element is not attached to the page document
  (Session info: chrome=89.0.4389.90)
For documentation on this error, please visit: https://www.seleniumhq.org/exceptions/stale_element_reference.html
Build info: version: '3.141.59', revision: 'e82be7d358', time: '2018-11-14T08:25:53'
System info: host: 'CA-HUYTHANH', ip: '192.168.56.1', os.name: 'Windows 10', os.arch: 'amd64', os.version: '10.0', java.version: '1.8.0_181'
Driver info: com.kms.katalon.selenium.driver.CChromeDriver
Capabilities {acceptInsecureCerts: false, browserName: chrome, browserVersion: 89.0.4389.90, chrome: {chromedriverVersion: 89.0.4389.23 (61b08ee2c5002..., userDataDir: C:\Users\HUY~1.THA\AppData\...}, goog:chromeOptions: {debuggerAddress: localhost:57966}, javascriptEnabled: true, networkConnectionEnabled: false, pageLoadStrategy: normal, platform: WINDOWS, platformName: WINDOWS, proxy: Proxy(), setWindowRect: true, strictFileInteractability: false, timeouts: {implicit: 0, pageLoad: 300000, script: 30000}, unhandledPromptBehavior: dismiss and notify, webauthn:extension:largeBlob: true, webauthn:virtualAuthenticators: true}
Session ID: e8d2fe34c2984af6b04f1f4e78f21175
	at org.openqa.selenium.remote.http.W3CHttpResponseCodec.createException(W3CHttpResponseCodec.java:187)
	at org.openqa.selenium.remote.http.W3CHttpResponseCodec.decode(W3CHttpResponseCodec.java:122)
	at org.openqa.selenium.remote.http.W3CHttpResponseCodec.decode(W3CHttpResponseCodec.java:49)
	at org.openqa.selenium.remote.HttpCommandExecutor.execute(HttpCommandExecutor.java:158)
	at org.openqa.selenium.remote.service.DriverCommandExecutor.execute(DriverCommandExecutor.java:83)
	at org.openqa.selenium.remote.RemoteWebDriver.execute(RemoteWebDriver.java:552)
	at com.kms.katalon.selenium.driver.CChromeDriver.execute(CChromeDriver.java:19)
	at org.openqa.selenium.remote.RemoteWebElement.execute(RemoteWebElement.java:285)
	at org.openqa.selenium.remote.RemoteWebElement.click(RemoteWebElement.java:84)
	at org.openqa.selenium.support.events.EventFiringWebDriver$EventFiringWebElement.lambda$new$0(EventFiringWebDriver.java:404)
	at com.sun.proxy.$Proxy14.click(Unknown Source)
	at org.openqa.selenium.support.events.EventFiringWebDriver$EventFiringWebElement.click(EventFiringWebDriver.java:417)
	at org.openqa.selenium.WebElement$click$0.call(Unknown Source)
	at commonActions.BaseActions.clickFirstElement(BaseActions.groovy:196)
	at commonActions.BaseActions.invokeMethod(BaseActions.groovy)
	at com.kms.katalon.core.main.CustomKeywordDelegatingMetaClass.invokeStaticMethod(CustomKeywordDelegatingMetaClass.java:50)
	at VerifyVideoCanPlay.run(VerifyVideoCanPlay:33)
	at com.kms.katalon.core.main.ScriptEngine.run(ScriptEngine.java:194)
	at com.kms.katalon.core.main.ScriptEngine.runScriptAsRawText(ScriptEngine.java:119)
	at com.kms.katalon.core.main.TestCaseExecutor.runScript(TestCaseExecutor.java:398)
	at com.kms.katalon.core.main.TestCaseExecutor.doExecute(TestCaseExecutor.java:389)
	at com.kms.katalon.core.main.TestCaseExecutor.processExecutionPhase(TestCaseExecutor.java:368)
	at com.kms.katalon.core.main.TestCaseExecutor.accessMainPhase(TestCaseExecutor.java:360)
	at com.kms.katalon.core.main.TestCaseExecutor.execute(TestCaseExecutor.java:255)
	at com.kms.katalon.core.main.TestSuiteExecutor.accessTestCaseMainPhase(TestSuiteExecutor.java:203)
	at com.kms.katalon.core.main.TestSuiteExecutor.accessTestSuiteMainPhase(TestSuiteExecutor.java:152)
	at com.kms.katalon.core.main.TestSuiteExecutor.execute(TestSuiteExecutor.java:95)
	at com.kms.katalon.core.main.TestCaseMain.startTestSuite(TestCaseMain.java:157)
	at com.kms.katalon.core.main.TestCaseMain$startTestSuite$0.call(Unknown Source)
	at TempTestSuite1617074317162.run(TempTestSuite1617074317162.groovy:39)]]></system-err>
      </testcase>
      <testcase name="Test Cases/UnlockComic/VerifyUnlockComic" time="30.797" classname="Test Cases/UnlockComic/VerifyUnlockComic" status="PASSED">
         <system-out><![CDATA[2021-03-30 10:20:08 - [TEST_CASE][PASSED] - Test Cases/UnlockComic/VerifyUnlockComic: Test Cases/UnlockComic/VerifyUnlockComic

2021-03-30 10:20:08 - [TEST_STEP][PASSED] - Start listener action : sampleBeforeTestCase: null

2021-03-30 10:20:08 - [TEST_STEP][PASSED] - println(testCaseContext.getTestCaseId()): null

2021-03-30 10:20:08 - [TEST_STEP][PASSED] - println(testCaseContext.getTestCaseVariables()): null

2021-03-30 10:20:09 - [TEST_STEP][PASSED] - openBrowser(SourceURL): Browser is opened with url: 'https://pops.vn/'

2021-03-30 10:20:09 - [MESSAGE][WARNING] - A browser is already opened. Closing browser and opening a new one

2021-03-30 10:20:09 - [MESSAGE][INFO] - Starting 'Chrome' driver

2021-03-30 10:20:09 - [MESSAGE][INFO] - Action delay is set to 0 milliseconds

2021-03-30 10:20:12 - [MESSAGE][PASSED] - Browser is opened with url: 'https://pops.vn/'

2021-03-30 10:20:12 - [TEST_STEP][PASSED] - maximizeWindow(): Current window maximized

2021-03-30 10:20:12 - [MESSAGE][PASSED] - Current window maximized

2021-03-30 10:20:12 - [TEST_STEP][PASSED] - commonActions.SignInActions.SignInWithValidAccount("huy.thanh@pops.vn", "12345678"): commonActions.SignInActions.SignInWithValidAccount is PASSED

2021-03-30 10:20:15 - [MESSAGE][PASSED] - Object: 'Object Repository/POPS App UI/TopMenu/button_DangNhap' is clicked on

2021-03-30 10:20:15 - [TEST_CASE][PASSED] - Test Cases/POPS App/CommonTestCases/SignInWithAccount: Test Cases/POPS App/CommonTestCases/SignInWithAccount

2021-03-30 10:20:15 - [TEST_STEP][PASSED] - setText(findTestObject("POPS App UI/SignIn_DangNhap/input_Email"), Email): Text 'huy.thanh@pops.vn' is set on object 'Object Repository/POPS App UI/SignIn_DangNhap/input_Email'

2021-03-30 10:20:17 - [MESSAGE][PASSED] - Text 'huy.thanh@pops.vn' is set on object 'Object Repository/POPS App UI/SignIn_DangNhap/input_Email'

2021-03-30 10:20:17 - [TEST_STEP][PASSED] - setText(findTestObject("POPS App UI/SignIn_DangNhap/input_Password"), Password): Text '12345678' is set on object 'Object Repository/POPS App UI/SignIn_DangNhap/input_Password'

2021-03-30 10:20:18 - [MESSAGE][PASSED] - Text '12345678' is set on object 'Object Repository/POPS App UI/SignIn_DangNhap/input_Password'

2021-03-30 10:20:18 - [TEST_STEP][PASSED] - click(findTestObject("POPS App UI/SignIn_DangNhap/button_DangNhap")): Object: 'Object Repository/POPS App UI/SignIn_DangNhap/button_DangNhap' is clicked on

2021-03-30 10:20:18 - [MESSAGE][PASSED] - Object: 'Object Repository/POPS App UI/SignIn_DangNhap/button_DangNhap' is clicked on

2021-03-30 10:20:18 - [MESSAGE][PASSED] - Call Test Case 'Test Cases/POPS App/CommonTestCases/SignInWithAccount' successfully

2021-03-30 10:20:22 - [MESSAGE][PASSED] - Web element with id: 'Object Repository/POPS App UI/TopMenu/button_DangNhap' located by 'By.xpath: //div[@id='__next']/main/div/header/div[2]/div[2]/div[3]/a' is not present after '3' second(s)

2021-03-30 10:20:22 - [MESSAGE][PASSED] - commonActions.SignInActions.SignInWithValidAccount is PASSED

2021-03-30 10:20:22 - [TEST_STEP][PASSED] - commonActions.SearchActions.searchAnyComic(findTestObject("SearchPageUI/TEXTBOX_SEARCH"), APICMS.getComicNameCanUnlock()): commonActions.SearchActions.searchAnyComic is PASSED

2021-03-30 10:20:22 - [MESSAGE][INFO] - HAR: D:\Working\AUTO\KATAWEB\popstestautomation\POPSTestAutomation\Reports\20210330_101837\POPS App\POPSApp_DailySmoke\20210330_101837\requests\main\8.har

2021-03-30 10:20:22 - [MESSAGE][PASSED] - Send request successfully

2021-03-30 10:20:23 - [MESSAGE][INFO] - HAR: D:\Working\AUTO\KATAWEB\popstestautomation\POPSTestAutomation\Reports\20210330_101837\POPS App\POPSApp_DailySmoke\20210330_101837\requests\main\9.har

2021-03-30 10:20:23 - [MESSAGE][PASSED] - Send request successfully

2021-03-30 10:20:24 - [MESSAGE][INFO] - HAR: D:\Working\AUTO\KATAWEB\popstestautomation\POPSTestAutomation\Reports\20210330_101837\POPS App\POPSApp_DailySmoke\20210330_101837\requests\main\10.har

2021-03-30 10:20:24 - [MESSAGE][PASSED] - Send request successfully

2021-03-30 10:20:25 - [MESSAGE][INFO] - HAR: D:\Working\AUTO\KATAWEB\popstestautomation\POPSTestAutomation\Reports\20210330_101837\POPS App\POPSApp_DailySmoke\20210330_101837\requests\main\11.har

2021-03-30 10:20:25 - [MESSAGE][PASSED] - Send request successfully

2021-03-30 10:20:25 - [MESSAGE][INFO] - HAR: D:\Working\AUTO\KATAWEB\popstestautomation\POPSTestAutomation\Reports\20210330_101837\POPS App\POPSApp_DailySmoke\20210330_101837\requests\main\12.har

2021-03-30 10:20:25 - [MESSAGE][PASSED] - Send request successfully

2021-03-30 10:20:26 - [MESSAGE][INFO] - HAR: D:\Working\AUTO\KATAWEB\popstestautomation\POPSTestAutomation\Reports\20210330_101837\POPS App\POPSApp_DailySmoke\20210330_101837\requests\main\13.har

2021-03-30 10:20:26 - [MESSAGE][PASSED] - Send request successfully

2021-03-30 10:20:26 - [MESSAGE][INFO] - HAR: D:\Working\AUTO\KATAWEB\popstestautomation\POPSTestAutomation\Reports\20210330_101837\POPS App\POPSApp_DailySmoke\20210330_101837\requests\main\14.har

2021-03-30 10:20:26 - [MESSAGE][PASSED] - Send request successfully

2021-03-30 10:20:27 - [MESSAGE][INFO] - HAR: D:\Working\AUTO\KATAWEB\popstestautomation\POPSTestAutomation\Reports\20210330_101837\POPS App\POPSApp_DailySmoke\20210330_101837\requests\main\15.har

2021-03-30 10:20:27 - [MESSAGE][PASSED] - Send request successfully

2021-03-30 10:20:28 - [MESSAGE][INFO] - HAR: D:\Working\AUTO\KATAWEB\popstestautomation\POPSTestAutomation\Reports\20210330_101837\POPS App\POPSApp_DailySmoke\20210330_101837\requests\main\16.har

2021-03-30 10:20:28 - [MESSAGE][PASSED] - Send request successfully

2021-03-30 10:20:28 - [MESSAGE][INFO] - HAR: D:\Working\AUTO\KATAWEB\popstestautomation\POPSTestAutomation\Reports\20210330_101837\POPS App\POPSApp_DailySmoke\20210330_101837\requests\main\17.har

2021-03-30 10:20:28 - [MESSAGE][PASSED] - Send request successfully

2021-03-30 10:20:29 - [MESSAGE][INFO] - HAR: D:\Working\AUTO\KATAWEB\popstestautomation\POPSTestAutomation\Reports\20210330_101837\POPS App\POPSApp_DailySmoke\20210330_101837\requests\main\18.har

2021-03-30 10:20:29 - [MESSAGE][PASSED] - Send request successfully

2021-03-30 10:20:29 - [MESSAGE][INFO] - HAR: D:\Working\AUTO\KATAWEB\popstestautomation\POPSTestAutomation\Reports\20210330_101837\POPS App\POPSApp_DailySmoke\20210330_101837\requests\main\19.har

2021-03-30 10:20:29 - [MESSAGE][PASSED] - Send request successfully

2021-03-30 10:20:31 - [MESSAGE][INFO] - HAR: D:\Working\AUTO\KATAWEB\popstestautomation\POPSTestAutomation\Reports\20210330_101837\POPS App\POPSApp_DailySmoke\20210330_101837\requests\main\20.har

2021-03-30 10:20:31 - [MESSAGE][PASSED] - Send request successfully

2021-03-30 10:20:31 - [MESSAGE][WARNING] - Timeout '0' is invalid. Using default page load timeout: '30'

2021-03-30 10:20:31 - [MESSAGE][PASSED] - Object 'Object Repository/SearchPageUI/TEXTBOX_SEARCH' is present

2021-03-30 10:20:32 - [MESSAGE][PASSED] - Text of object 'Object Repository/SearchPageUI/TEXTBOX_SEARCH' is cleared

2021-03-30 10:20:32 - [MESSAGE][PASSED] - Text 'Hầu Nữ Và Công Tước Ma Cà Rồng' is set on object 'Object Repository/SearchPageUI/TEXTBOX_SEARCH'

2021-03-30 10:20:33 - [MESSAGE][PASSED] - Object: 'Object Repository/SearchPageUI/ICON_SEARCH_BUTTON' is clicked on

2021-03-30 10:20:34 - [MESSAGE][WARNING] - Timeout '0' is invalid. Using default page load timeout: '30'

2021-03-30 10:20:36 - [MESSAGE][PASSED] - commonActions.SearchActions.searchAnyComic is PASSED

2021-03-30 10:20:36 - [TEST_STEP][PASSED] - commonActions.BaseActions.clickFirstElement(findTestObject("SearchPageUI/COMIC_RESULT_ITEMS"), 0): commonActions.BaseActions.clickFirstElement is PASSED

2021-03-30 10:20:36 - [MESSAGE][PASSED] - commonActions.BaseActions.clickFirstElement is PASSED

2021-03-30 10:20:36 - [TEST_STEP][PASSED] - click(findTestObject("ComicPageUI/COMICDETAILPAGEUI/BUTTON_SORT")): Object: 'Object Repository/ComicPageUI/COMICDETAILPAGEUI/BUTTON_SORT' is clicked on

2021-03-30 10:20:37 - [MESSAGE][PASSED] - Object: 'Object Repository/ComicPageUI/COMICDETAILPAGEUI/BUTTON_SORT' is clicked on

2021-03-30 10:20:37 - [TEST_STEP][PASSED] - commonActions.BaseActions.clickFirstElement(findTestObject("ComicPageUI/COMICDETAILPAGEUI/BUTTON_STAR_ICON"), 0): commonActions.BaseActions.clickFirstElement is PASSED

2021-03-30 10:20:39 - [MESSAGE][PASSED] - commonActions.BaseActions.clickFirstElement is PASSED

2021-03-30 10:20:39 - [TEST_STEP][PASSED] - click(findTestObject("ComicPageUI/COMICDETAILPAGEUI/BUTTON_BUY_NOW")): Object: 'Object Repository/ComicPageUI/COMICDETAILPAGEUI/BUTTON_BUY_NOW' is clicked on

2021-03-30 10:20:39 - [MESSAGE][PASSED] - Object: 'Object Repository/ComicPageUI/COMICDETAILPAGEUI/BUTTON_BUY_NOW' is clicked on

2021-03-30 10:20:39 - [TEST_STEP][PASSED] - Start listener action : sampleAfterTestCase: null

2021-03-30 10:20:39 - [TEST_STEP][PASSED] - println(testCaseContext.getTestCaseId()): null

2021-03-30 10:20:39 - [TEST_STEP][PASSED] - println(testCaseContext.getTestCaseStatus()): null]]></system-out>
         <system-err><![CDATA[]]></system-err>
      </testcase>
      <testcase name="Test Cases/Search/VerifySearchData" time="13.458" classname="Test Cases/Search/VerifySearchData" status="PASSED">
         <system-out><![CDATA[2021-03-30 10:20:39 - [TEST_CASE][PASSED] - Test Cases/Search/VerifySearchData: Test Cases/Search/VerifySearchData

2021-03-30 10:20:39 - [TEST_STEP][PASSED] - Start listener action : sampleBeforeTestCase: null

2021-03-30 10:20:39 - [TEST_STEP][PASSED] - println(testCaseContext.getTestCaseId()): null

2021-03-30 10:20:39 - [TEST_STEP][PASSED] - println(testCaseContext.getTestCaseVariables()): null

2021-03-30 10:20:39 - [TEST_STEP][PASSED] - openBrowser(SourceURL): Browser is opened with url: 'https://pops.vn/'

2021-03-30 10:20:39 - [MESSAGE][WARNING] - A browser is already opened. Closing browser and opening a new one

2021-03-30 10:20:40 - [MESSAGE][INFO] - Starting 'Chrome' driver

2021-03-30 10:20:40 - [MESSAGE][INFO] - Action delay is set to 0 milliseconds

2021-03-30 10:20:43 - [MESSAGE][PASSED] - Browser is opened with url: 'https://pops.vn/'

2021-03-30 10:20:43 - [TEST_STEP][PASSED] - maximizeWindow(): Current window maximized

2021-03-30 10:20:43 - [MESSAGE][PASSED] - Current window maximized

2021-03-30 10:20:43 - [TEST_STEP][PASSED] - click(findTestObject("SearchPageUI/TEXTBOX_SEARCH")): Object: 'Object Repository/SearchPageUI/TEXTBOX_SEARCH' is clicked on

2021-03-30 10:20:45 - [MESSAGE][PASSED] - Object: 'Object Repository/SearchPageUI/TEXTBOX_SEARCH' is clicked on

2021-03-30 10:20:45 - [TEST_STEP][PASSED] - commonActions.SearchActions.verifyComicSuggest(findTestObject("SearchPageUI/COMIC_ITEMS")): commonActions.SearchActions.verifyComicSuggest is PASSED

2021-03-30 10:20:45 - [MESSAGE][INFO] - HAR: D:\Working\AUTO\KATAWEB\popstestautomation\POPSTestAutomation\Reports\20210330_101837\POPS App\POPSApp_DailySmoke\20210330_101837\requests\main\21.har

2021-03-30 10:20:45 - [MESSAGE][PASSED] - Send request successfully

2021-03-30 10:20:46 - [MESSAGE][PASSED] - Object 'Object Repository/SearchPageUI/COMIC_ITEMS' is present

2021-03-30 10:20:46 - [MESSAGE][INFO] - HAR: D:\Working\AUTO\KATAWEB\popstestautomation\POPSTestAutomation\Reports\20210330_101837\POPS App\POPSApp_DailySmoke\20210330_101837\requests\main\22.har

2021-03-30 10:20:46 - [MESSAGE][PASSED] - Send request successfully

2021-03-30 10:20:46 - [MESSAGE][PASSED] - commonActions.SearchActions.verifyComicSuggest is PASSED

2021-03-30 10:20:46 - [TEST_STEP][PASSED] - commonActions.SearchActions.verifyVideoSuggest(findTestObject("SearchPageUI/VIDEO_ITEMS")): commonActions.SearchActions.verifyVideoSuggest is PASSED

2021-03-30 10:20:47 - [MESSAGE][INFO] - HAR: D:\Working\AUTO\KATAWEB\popstestautomation\POPSTestAutomation\Reports\20210330_101837\POPS App\POPSApp_DailySmoke\20210330_101837\requests\main\23.har

2021-03-30 10:20:47 - [MESSAGE][PASSED] - Send request successfully

2021-03-30 10:20:48 - [MESSAGE][PASSED] - Object 'Object Repository/SearchPageUI/VIDEO_ITEMS' is present

2021-03-30 10:20:48 - [MESSAGE][INFO] - HAR: D:\Working\AUTO\KATAWEB\popstestautomation\POPSTestAutomation\Reports\20210330_101837\POPS App\POPSApp_DailySmoke\20210330_101837\requests\main\24.har

2021-03-30 10:20:48 - [MESSAGE][PASSED] - Send request successfully

2021-03-30 10:20:48 - [MESSAGE][PASSED] - commonActions.SearchActions.verifyVideoSuggest is PASSED

2021-03-30 10:20:48 - [TEST_STEP][PASSED] - closeBrowser(): Browser is closed

2021-03-30 10:20:53 - [MESSAGE][PASSED] - Browser is closed

2021-03-30 10:20:53 - [TEST_STEP][PASSED] - Start listener action : sampleAfterTestCase: null

2021-03-30 10:20:53 - [TEST_STEP][PASSED] - println(testCaseContext.getTestCaseId()): null

2021-03-30 10:20:53 - [TEST_STEP][PASSED] - println(testCaseContext.getTestCaseStatus()): null]]></system-out>
         <system-err><![CDATA[]]></system-err>
      </testcase>
      <testcase name="Test Cases/Search/VerifySearchSugguest" time="9.736" classname="Test Cases/Search/VerifySearchSugguest" status="PASSED">
         <system-out><![CDATA[2021-03-30 10:20:53 - [TEST_CASE][PASSED] - Test Cases/Search/VerifySearchSugguest: Test Cases/Search/VerifySearchSugguest

2021-03-30 10:20:53 - [TEST_STEP][PASSED] - Start listener action : sampleBeforeTestCase: null

2021-03-30 10:20:53 - [TEST_STEP][PASSED] - println(testCaseContext.getTestCaseId()): null

2021-03-30 10:20:53 - [TEST_STEP][PASSED] - println(testCaseContext.getTestCaseVariables()): null

2021-03-30 10:20:53 - [TEST_STEP][PASSED] - openBrowser(SourceURL): Browser is opened with url: 'https://pops.vn/'

2021-03-30 10:20:53 - [MESSAGE][INFO] - Starting 'Chrome' driver

2021-03-30 10:20:53 - [MESSAGE][INFO] - Action delay is set to 0 milliseconds

2021-03-30 10:20:56 - [MESSAGE][PASSED] - Browser is opened with url: 'https://pops.vn/'

2021-03-30 10:20:56 - [TEST_STEP][PASSED] - maximizeWindow(): Current window maximized

2021-03-30 10:20:56 - [MESSAGE][PASSED] - Current window maximized

2021-03-30 10:20:56 - [TEST_STEP][PASSED] - click(findTestObject("SearchPageUI/TEXTBOX_SEARCH")): Object: 'Object Repository/SearchPageUI/TEXTBOX_SEARCH' is clicked on

2021-03-30 10:20:59 - [MESSAGE][PASSED] - Object: 'Object Repository/SearchPageUI/TEXTBOX_SEARCH' is clicked on

2021-03-30 10:20:59 - [TEST_STEP][PASSED] - commonActions.SearchActions.verifyComicSuggest(findTestObject("SearchPageUI/COMIC_ITEMS")): commonActions.SearchActions.verifyComicSuggest is PASSED

2021-03-30 10:21:00 - [MESSAGE][INFO] - HAR: D:\Working\AUTO\KATAWEB\popstestautomation\POPSTestAutomation\Reports\20210330_101837\POPS App\POPSApp_DailySmoke\20210330_101837\requests\main\25.har

2021-03-30 10:21:00 - [MESSAGE][PASSED] - Send request successfully

2021-03-30 10:21:00 - [MESSAGE][PASSED] - Object 'Object Repository/SearchPageUI/COMIC_ITEMS' is present

2021-03-30 10:21:01 - [MESSAGE][INFO] - HAR: D:\Working\AUTO\KATAWEB\popstestautomation\POPSTestAutomation\Reports\20210330_101837\POPS App\POPSApp_DailySmoke\20210330_101837\requests\main\26.har

2021-03-30 10:21:01 - [MESSAGE][PASSED] - Send request successfully

2021-03-30 10:21:01 - [MESSAGE][PASSED] - commonActions.SearchActions.verifyComicSuggest is PASSED

2021-03-30 10:21:01 - [TEST_STEP][PASSED] - commonActions.SearchActions.verifyVideoSuggest(findTestObject("SearchPageUI/VIDEO_ITEMS")): commonActions.SearchActions.verifyVideoSuggest is PASSED

2021-03-30 10:21:01 - [MESSAGE][INFO] - HAR: D:\Working\AUTO\KATAWEB\popstestautomation\POPSTestAutomation\Reports\20210330_101837\POPS App\POPSApp_DailySmoke\20210330_101837\requests\main\27.har

2021-03-30 10:21:01 - [MESSAGE][PASSED] - Send request successfully

2021-03-30 10:21:01 - [MESSAGE][PASSED] - Object 'Object Repository/SearchPageUI/VIDEO_ITEMS' is present

2021-03-30 10:21:02 - [MESSAGE][INFO] - HAR: D:\Working\AUTO\KATAWEB\popstestautomation\POPSTestAutomation\Reports\20210330_101837\POPS App\POPSApp_DailySmoke\20210330_101837\requests\main\28.har

2021-03-30 10:21:02 - [MESSAGE][PASSED] - Send request successfully

2021-03-30 10:21:02 - [MESSAGE][PASSED] - commonActions.SearchActions.verifyVideoSuggest is PASSED

2021-03-30 10:21:02 - [TEST_STEP][PASSED] - closeBrowser(): Browser is closed

2021-03-30 10:21:02 - [MESSAGE][PASSED] - Browser is closed

2021-03-30 10:21:02 - [TEST_STEP][PASSED] - Start listener action : sampleAfterTestCase: null

2021-03-30 10:21:02 - [TEST_STEP][PASSED] - println(testCaseContext.getTestCaseId()): null

2021-03-30 10:21:02 - [TEST_STEP][PASSED] - println(testCaseContext.getTestCaseStatus()): null]]></system-out>
         <system-err><![CDATA[]]></system-err>
      </testcase>
      <testcase name="Test Cases/Clickable/VerifyClickingOnGenre" time="9.815" classname="Test Cases/Clickable/VerifyClickingOnGenre" status="PASSED">
         <system-out><![CDATA[2021-03-30 10:21:02 - [TEST_CASE][PASSED] - Test Cases/Clickable/VerifyClickingOnGenre: Test Cases/Clickable/VerifyClickingOnGenre

2021-03-30 10:21:02 - [TEST_STEP][PASSED] - Start listener action : sampleBeforeTestCase: null

2021-03-30 10:21:02 - [TEST_STEP][PASSED] - println(testCaseContext.getTestCaseId()): null

2021-03-30 10:21:02 - [TEST_STEP][PASSED] - println(testCaseContext.getTestCaseVariables()): null

2021-03-30 10:21:03 - [TEST_STEP][PASSED] - openBrowser(SourceURL): Browser is opened with url: 'https://pops.vn/'

2021-03-30 10:21:03 - [MESSAGE][INFO] - Starting 'Chrome' driver

2021-03-30 10:21:03 - [MESSAGE][INFO] - Action delay is set to 0 milliseconds

2021-03-30 10:21:05 - [MESSAGE][PASSED] - Browser is opened with url: 'https://pops.vn/'

2021-03-30 10:21:05 - [TEST_STEP][PASSED] - maximizeWindow(): Current window maximized

2021-03-30 10:21:05 - [MESSAGE][PASSED] - Current window maximized

2021-03-30 10:21:05 - [TEST_STEP][PASSED] - commonActions.ClickableActions.clickingOnGenre(findTestObject("Object Repository/VideoDetailPageUI/TEXT_LINK_GENER")): commonActions.ClickableActions.clickingOnGenre is PASSED

2021-03-30 10:21:08 - [MESSAGE][PASSED] - Object 'Object Repository/SeriesDetailPageUI/SERIES_LIST_ITEMS' is present

2021-03-30 10:21:12 - [MESSAGE][PASSED] - Text of object 'Object Repository/SeriesDetailPageUI/GENRE_HEADER_TITLE' is: 'Anime'

2021-03-30 10:21:12 - [MESSAGE][PASSED] - commonActions.ClickableActions.clickingOnGenre is PASSED

2021-03-30 10:21:12 - [TEST_STEP][PASSED] - closeBrowser(): Browser is closed

2021-03-30 10:21:12 - [MESSAGE][PASSED] - Browser is closed

2021-03-30 10:21:12 - [TEST_STEP][PASSED] - Start listener action : sampleAfterTestCase: null

2021-03-30 10:21:12 - [TEST_STEP][PASSED] - println(testCaseContext.getTestCaseId()): null

2021-03-30 10:21:12 - [TEST_STEP][PASSED] - println(testCaseContext.getTestCaseStatus()): null]]></system-out>
         <system-err><![CDATA[]]></system-err>
      </testcase>
      <testcase name="Test Cases/Clickable/VerifyRankingcheckOnComicPage" time="37.773" classname="Test Cases/Clickable/VerifyRankingcheckOnComicPage" status="PASSED">
         <system-out><![CDATA[2021-03-30 10:21:12 - [TEST_CASE][PASSED] - Test Cases/Clickable/VerifyRankingcheckOnComicPage: Test Cases/Clickable/VerifyRankingcheckOnComicPage

2021-03-30 10:21:12 - [TEST_STEP][PASSED] - Start listener action : sampleBeforeTestCase: null

2021-03-30 10:21:12 - [TEST_STEP][PASSED] - println(testCaseContext.getTestCaseId()): null

2021-03-30 10:21:12 - [TEST_STEP][PASSED] - println(testCaseContext.getTestCaseVariables()): null

2021-03-30 10:21:12 - [TEST_STEP][PASSED] - openBrowser(SourceURL): Browser is opened with url: 'https://pops.vn/'

2021-03-30 10:21:12 - [MESSAGE][INFO] - Starting 'Chrome' driver

2021-03-30 10:21:12 - [MESSAGE][INFO] - Action delay is set to 0 milliseconds

2021-03-30 10:21:15 - [MESSAGE][PASSED] - Browser is opened with url: 'https://pops.vn/'

2021-03-30 10:21:15 - [TEST_STEP][PASSED] - maximizeWindow(): Current window maximized

2021-03-30 10:21:15 - [MESSAGE][PASSED] - Current window maximized

2021-03-30 10:21:15 - [TEST_STEP][PASSED] - commonActions.PageActions.openComicPage(): commonActions.PageActions.openComicPage is PASSED

2021-03-30 10:21:18 - [MESSAGE][PASSED] - Object: 'Object Repository/POPS App UI/TopMenu/menu_2_Comics' is clicked on

2021-03-30 10:21:18 - [MESSAGE][PASSED] - commonActions.PageActions.openComicPage is PASSED

2021-03-30 10:21:18 - [TEST_STEP][PASSED] - commonActions.BaseActions.ScrollToFooter(): commonActions.BaseActions.ScrollToFooter is PASSED

2021-03-30 10:21:18 - [MESSAGE][PASSED] - Execute JavaScript 'window.scrollTo(0, document.body.scrollHeight)' successfully

2021-03-30 10:21:20 - [MESSAGE][PASSED] - Delayed 2 second(s)

2021-03-30 10:21:21 - [MESSAGE][WARNING] - Object 'Object Repository/POPS App UI/Footer/POPS_Logo_In_Footer' is present but is not visible in viewport (Root cause: com.kms.katalon.core.exception.StepFailedException: Object 'Object Repository/POPS App UI/Footer/POPS_Logo_In_Footer' is present but is not visible in viewport
	at com.kms.katalon.core.webui.keyword.internal.WebUIKeywordMain.stepFailed(WebUIKeywordMain.groovy:64)
	at com.kms.katalon.core.webui.keyword.builtin.VerifyElementVisibleInViewportKeyword$_verifyElementVisibleInViewport_closure1.doCall(VerifyElementVisibleInViewportKeyword.groovy:79)
	at com.kms.katalon.core.webui.keyword.builtin.VerifyElementVisibleInViewportKeyword$_verifyElementVisibleInViewport_closure1.call(VerifyElementVisibleInViewportKeyword.groovy)
	at com.kms.katalon.core.webui.keyword.internal.WebUIKeywordMain.runKeyword(WebUIKeywordMain.groovy:20)
	at com.kms.katalon.core.webui.keyword.builtin.VerifyElementVisibleInViewportKeyword.verifyElementVisibleInViewport(VerifyElementVisibleInViewportKeyword.groovy:86)
	at com.kms.katalon.core.webui.keyword.builtin.VerifyElementVisibleInViewportKeyword.execute(VerifyElementVisibleInViewportKeyword.groovy:68)
	at com.kms.katalon.core.keyword.internal.KeywordExecutor.executeKeywordForPlatform(KeywordExecutor.groovy:73)
	at com.kms.katalon.core.webui.keyword.WebUiBuiltInKeywords.verifyElementInViewport(WebUiBuiltInKeywords.groovy:4050)
	at com.kms.katalon.core.webui.keyword.WebUiBuiltInKeywords$verifyElementInViewport$11.call(Unknown Source)
	at commonActions.BaseActions.ScrollToFooter(BaseActions.groovy:44)
	at commonActions.BaseActions.invokeMethod(BaseActions.groovy)
	at com.kms.katalon.core.main.CustomKeywordDelegatingMetaClass.invokeStaticMethod(CustomKeywordDelegatingMetaClass.java:50)
	at VerifyRankingcheckOnComicPage.run(VerifyRankingcheckOnComicPage:24)
	at com.kms.katalon.core.main.ScriptEngine.run(ScriptEngine.java:194)
	at com.kms.katalon.core.main.ScriptEngine.runScriptAsRawText(ScriptEngine.java:119)
	at com.kms.katalon.core.main.TestCaseExecutor.runScript(TestCaseExecutor.java:398)
	at com.kms.katalon.core.main.TestCaseExecutor.doExecute(TestCaseExecutor.java:389)
	at com.kms.katalon.core.main.TestCaseExecutor.processExecutionPhase(TestCaseExecutor.java:368)
	at com.kms.katalon.core.main.TestCaseExecutor.accessMainPhase(TestCaseExecutor.java:360)
	at com.kms.katalon.core.main.TestCaseExecutor.execute(TestCaseExecutor.java:255)
	at com.kms.katalon.core.main.TestSuiteExecutor.accessTestCaseMainPhase(TestSuiteExecutor.java:203)
	at com.kms.katalon.core.main.TestSuiteExecutor.accessTestSuiteMainPhase(TestSuiteExecutor.java:152)
	at com.kms.katalon.core.main.TestSuiteExecutor.execute(TestSuiteExecutor.java:95)
	at com.kms.katalon.core.main.TestCaseMain.startTestSuite(TestCaseMain.java:157)
	at com.kms.katalon.core.main.TestCaseMain$startTestSuite$0.call(Unknown Source)
	at TempTestSuite1617074317162.run(TempTestSuite1617074317162.groovy:39)
)
[[ATTACHMENT|D:\\Working\\AUTO\\KATAWEB\\popstestautomation\\POPSTestAutomation\\Reports\\20210330_101837\\POPS App\\POPSApp_DailySmoke\\20210330_101837\\1617074480882.png]]

2021-03-30 10:21:21 - [MESSAGE][PASSED] - Execute JavaScript 'window.scrollTo(0, document.body.scrollHeight)' successfully

2021-03-30 10:21:23 - [MESSAGE][PASSED] - Delayed 2 second(s)

2021-03-30 10:21:24 - [MESSAGE][WARNING] - Object 'Object Repository/POPS App UI/Footer/POPS_Logo_In_Footer' is present but is not visible in viewport (Root cause: com.kms.katalon.core.exception.StepFailedException: Object 'Object Repository/POPS App UI/Footer/POPS_Logo_In_Footer' is present but is not visible in viewport
	at com.kms.katalon.core.webui.keyword.internal.WebUIKeywordMain.stepFailed(WebUIKeywordMain.groovy:64)
	at com.kms.katalon.core.webui.keyword.builtin.VerifyElementVisibleInViewportKeyword$_verifyElementVisibleInViewport_closure1.doCall(VerifyElementVisibleInViewportKeyword.groovy:79)
	at com.kms.katalon.core.webui.keyword.builtin.VerifyElementVisibleInViewportKeyword$_verifyElementVisibleInViewport_closure1.call(VerifyElementVisibleInViewportKeyword.groovy)
	at com.kms.katalon.core.webui.keyword.internal.WebUIKeywordMain.runKeyword(WebUIKeywordMain.groovy:20)
	at com.kms.katalon.core.webui.keyword.builtin.VerifyElementVisibleInViewportKeyword.verifyElementVisibleInViewport(VerifyElementVisibleInViewportKeyword.groovy:86)
	at com.kms.katalon.core.webui.keyword.builtin.VerifyElementVisibleInViewportKeyword.execute(VerifyElementVisibleInViewportKeyword.groovy:68)
	at com.kms.katalon.core.keyword.internal.KeywordExecutor.executeKeywordForPlatform(KeywordExecutor.groovy:73)
	at com.kms.katalon.core.webui.keyword.WebUiBuiltInKeywords.verifyElementInViewport(WebUiBuiltInKeywords.groovy:4050)
	at com.kms.katalon.core.webui.keyword.WebUiBuiltInKeywords$verifyElementInViewport$11.call(Unknown Source)
	at commonActions.BaseActions.ScrollToFooter(BaseActions.groovy:44)
	at commonActions.BaseActions.invokeMethod(BaseActions.groovy)
	at com.kms.katalon.core.main.CustomKeywordDelegatingMetaClass.invokeStaticMethod(CustomKeywordDelegatingMetaClass.java:50)
	at VerifyRankingcheckOnComicPage.run(VerifyRankingcheckOnComicPage:24)
	at com.kms.katalon.core.main.ScriptEngine.run(ScriptEngine.java:194)
	at com.kms.katalon.core.main.ScriptEngine.runScriptAsRawText(ScriptEngine.java:119)
	at com.kms.katalon.core.main.TestCaseExecutor.runScript(TestCaseExecutor.java:398)
	at com.kms.katalon.core.main.TestCaseExecutor.doExecute(TestCaseExecutor.java:389)
	at com.kms.katalon.core.main.TestCaseExecutor.processExecutionPhase(TestCaseExecutor.java:368)
	at com.kms.katalon.core.main.TestCaseExecutor.accessMainPhase(TestCaseExecutor.java:360)
	at com.kms.katalon.core.main.TestCaseExecutor.execute(TestCaseExecutor.java:255)
	at com.kms.katalon.core.main.TestSuiteExecutor.accessTestCaseMainPhase(TestSuiteExecutor.java:203)
	at com.kms.katalon.core.main.TestSuiteExecutor.accessTestSuiteMainPhase(TestSuiteExecutor.java:152)
	at com.kms.katalon.core.main.TestSuiteExecutor.execute(TestSuiteExecutor.java:95)
	at com.kms.katalon.core.main.TestCaseMain.startTestSuite(TestCaseMain.java:157)
	at com.kms.katalon.core.main.TestCaseMain$startTestSuite$0.call(Unknown Source)
	at TempTestSuite1617074317162.run(TempTestSuite1617074317162.groovy:39)
)
[[ATTACHMENT|D:\\Working\\AUTO\\KATAWEB\\popstestautomation\\POPSTestAutomation\\Reports\\20210330_101837\\POPS App\\POPSApp_DailySmoke\\20210330_101837\\1617074484165.png]]

2021-03-30 10:21:24 - [MESSAGE][PASSED] - Execute JavaScript 'window.scrollTo(0, document.body.scrollHeight)' successfully

2021-03-30 10:21:26 - [MESSAGE][PASSED] - Delayed 2 second(s)

2021-03-30 10:21:27 - [MESSAGE][WARNING] - Object 'Object Repository/POPS App UI/Footer/POPS_Logo_In_Footer' is present but is not visible in viewport (Root cause: com.kms.katalon.core.exception.StepFailedException: Object 'Object Repository/POPS App UI/Footer/POPS_Logo_In_Footer' is present but is not visible in viewport
	at com.kms.katalon.core.webui.keyword.internal.WebUIKeywordMain.stepFailed(WebUIKeywordMain.groovy:64)
	at com.kms.katalon.core.webui.keyword.builtin.VerifyElementVisibleInViewportKeyword$_verifyElementVisibleInViewport_closure1.doCall(VerifyElementVisibleInViewportKeyword.groovy:79)
	at com.kms.katalon.core.webui.keyword.builtin.VerifyElementVisibleInViewportKeyword$_verifyElementVisibleInViewport_closure1.call(VerifyElementVisibleInViewportKeyword.groovy)
	at com.kms.katalon.core.webui.keyword.internal.WebUIKeywordMain.runKeyword(WebUIKeywordMain.groovy:20)
	at com.kms.katalon.core.webui.keyword.builtin.VerifyElementVisibleInViewportKeyword.verifyElementVisibleInViewport(VerifyElementVisibleInViewportKeyword.groovy:86)
	at com.kms.katalon.core.webui.keyword.builtin.VerifyElementVisibleInViewportKeyword.execute(VerifyElementVisibleInViewportKeyword.groovy:68)
	at com.kms.katalon.core.keyword.internal.KeywordExecutor.executeKeywordForPlatform(KeywordExecutor.groovy:73)
	at com.kms.katalon.core.webui.keyword.WebUiBuiltInKeywords.verifyElementInViewport(WebUiBuiltInKeywords.groovy:4050)
	at com.kms.katalon.core.webui.keyword.WebUiBuiltInKeywords$verifyElementInViewport$11.call(Unknown Source)
	at commonActions.BaseActions.ScrollToFooter(BaseActions.groovy:44)
	at commonActions.BaseActions.invokeMethod(BaseActions.groovy)
	at com.kms.katalon.core.main.CustomKeywordDelegatingMetaClass.invokeStaticMethod(CustomKeywordDelegatingMetaClass.java:50)
	at VerifyRankingcheckOnComicPage.run(VerifyRankingcheckOnComicPage:24)
	at com.kms.katalon.core.main.ScriptEngine.run(ScriptEngine.java:194)
	at com.kms.katalon.core.main.ScriptEngine.runScriptAsRawText(ScriptEngine.java:119)
	at com.kms.katalon.core.main.TestCaseExecutor.runScript(TestCaseExecutor.java:398)
	at com.kms.katalon.core.main.TestCaseExecutor.doExecute(TestCaseExecutor.java:389)
	at com.kms.katalon.core.main.TestCaseExecutor.processExecutionPhase(TestCaseExecutor.java:368)
	at com.kms.katalon.core.main.TestCaseExecutor.accessMainPhase(TestCaseExecutor.java:360)
	at com.kms.katalon.core.main.TestCaseExecutor.execute(TestCaseExecutor.java:255)
	at com.kms.katalon.core.main.TestSuiteExecutor.accessTestCaseMainPhase(TestSuiteExecutor.java:203)
	at com.kms.katalon.core.main.TestSuiteExecutor.accessTestSuiteMainPhase(TestSuiteExecutor.java:152)
	at com.kms.katalon.core.main.TestSuiteExecutor.execute(TestSuiteExecutor.java:95)
	at com.kms.katalon.core.main.TestCaseMain.startTestSuite(TestCaseMain.java:157)
	at com.kms.katalon.core.main.TestCaseMain$startTestSuite$0.call(Unknown Source)
	at TempTestSuite1617074317162.run(TempTestSuite1617074317162.groovy:39)
)
[[ATTACHMENT|D:\\Working\\AUTO\\KATAWEB\\popstestautomation\\POPSTestAutomation\\Reports\\20210330_101837\\POPS App\\POPSApp_DailySmoke\\20210330_101837\\1617074487213.png]]

2021-03-30 10:21:28 - [MESSAGE][PASSED] - Execute JavaScript 'window.scrollTo(0, document.body.scrollHeight)' successfully

2021-03-30 10:21:30 - [MESSAGE][PASSED] - Delayed 2 second(s)

2021-03-30 10:21:37 - [MESSAGE][WARNING] - Object 'Object Repository/POPS App UI/Footer/POPS_Logo_In_Footer' is present but is not visible in viewport (Root cause: com.kms.katalon.core.exception.StepFailedException: Object 'Object Repository/POPS App UI/Footer/POPS_Logo_In_Footer' is present but is not visible in viewport
	at com.kms.katalon.core.webui.keyword.internal.WebUIKeywordMain.stepFailed(WebUIKeywordMain.groovy:64)
	at com.kms.katalon.core.webui.keyword.builtin.VerifyElementVisibleInViewportKeyword$_verifyElementVisibleInViewport_closure1.doCall(VerifyElementVisibleInViewportKeyword.groovy:79)
	at com.kms.katalon.core.webui.keyword.builtin.VerifyElementVisibleInViewportKeyword$_verifyElementVisibleInViewport_closure1.call(VerifyElementVisibleInViewportKeyword.groovy)
	at com.kms.katalon.core.webui.keyword.internal.WebUIKeywordMain.runKeyword(WebUIKeywordMain.groovy:20)
	at com.kms.katalon.core.webui.keyword.builtin.VerifyElementVisibleInViewportKeyword.verifyElementVisibleInViewport(VerifyElementVisibleInViewportKeyword.groovy:86)
	at com.kms.katalon.core.webui.keyword.builtin.VerifyElementVisibleInViewportKeyword.execute(VerifyElementVisibleInViewportKeyword.groovy:68)
	at com.kms.katalon.core.keyword.internal.KeywordExecutor.executeKeywordForPlatform(KeywordExecutor.groovy:73)
	at com.kms.katalon.core.webui.keyword.WebUiBuiltInKeywords.verifyElementInViewport(WebUiBuiltInKeywords.groovy:4050)
	at com.kms.katalon.core.webui.keyword.WebUiBuiltInKeywords$verifyElementInViewport$11.call(Unknown Source)
	at commonActions.BaseActions.ScrollToFooter(BaseActions.groovy:44)
	at commonActions.BaseActions.invokeMethod(BaseActions.groovy)
	at com.kms.katalon.core.main.CustomKeywordDelegatingMetaClass.invokeStaticMethod(CustomKeywordDelegatingMetaClass.java:50)
	at VerifyRankingcheckOnComicPage.run(VerifyRankingcheckOnComicPage:24)
	at com.kms.katalon.core.main.ScriptEngine.run(ScriptEngine.java:194)
	at com.kms.katalon.core.main.ScriptEngine.runScriptAsRawText(ScriptEngine.java:119)
	at com.kms.katalon.core.main.TestCaseExecutor.runScript(TestCaseExecutor.java:398)
	at com.kms.katalon.core.main.TestCaseExecutor.doExecute(TestCaseExecutor.java:389)
	at com.kms.katalon.core.main.TestCaseExecutor.processExecutionPhase(TestCaseExecutor.java:368)
	at com.kms.katalon.core.main.TestCaseExecutor.accessMainPhase(TestCaseExecutor.java:360)
	at com.kms.katalon.core.main.TestCaseExecutor.execute(TestCaseExecutor.java:255)
	at com.kms.katalon.core.main.TestSuiteExecutor.accessTestCaseMainPhase(TestSuiteExecutor.java:203)
	at com.kms.katalon.core.main.TestSuiteExecutor.accessTestSuiteMainPhase(TestSuiteExecutor.java:152)
	at com.kms.katalon.core.main.TestSuiteExecutor.execute(TestSuiteExecutor.java:95)
	at com.kms.katalon.core.main.TestCaseMain.startTestSuite(TestCaseMain.java:157)
	at com.kms.katalon.core.main.TestCaseMain$startTestSuite$0.call(Unknown Source)
	at TempTestSuite1617074317162.run(TempTestSuite1617074317162.groovy:39)
)
[[ATTACHMENT|D:\\Working\\AUTO\\KATAWEB\\popstestautomation\\POPSTestAutomation\\Reports\\20210330_101837\\POPS App\\POPSApp_DailySmoke\\20210330_101837\\1617074496439.png]]

2021-03-30 10:21:37 - [MESSAGE][PASSED] - Execute JavaScript 'window.scrollTo(0, document.body.scrollHeight)' successfully

2021-03-30 10:21:39 - [MESSAGE][PASSED] - Delayed 2 second(s)

2021-03-30 10:21:41 - [MESSAGE][WARNING] - Object 'Object Repository/POPS App UI/Footer/POPS_Logo_In_Footer' is present but is not visible in viewport (Root cause: com.kms.katalon.core.exception.StepFailedException: Object 'Object Repository/POPS App UI/Footer/POPS_Logo_In_Footer' is present but is not visible in viewport
	at com.kms.katalon.core.webui.keyword.internal.WebUIKeywordMain.stepFailed(WebUIKeywordMain.groovy:64)
	at com.kms.katalon.core.webui.keyword.builtin.VerifyElementVisibleInViewportKeyword$_verifyElementVisibleInViewport_closure1.doCall(VerifyElementVisibleInViewportKeyword.groovy:79)
	at com.kms.katalon.core.webui.keyword.builtin.VerifyElementVisibleInViewportKeyword$_verifyElementVisibleInViewport_closure1.call(VerifyElementVisibleInViewportKeyword.groovy)
	at com.kms.katalon.core.webui.keyword.internal.WebUIKeywordMain.runKeyword(WebUIKeywordMain.groovy:20)
	at com.kms.katalon.core.webui.keyword.builtin.VerifyElementVisibleInViewportKeyword.verifyElementVisibleInViewport(VerifyElementVisibleInViewportKeyword.groovy:86)
	at com.kms.katalon.core.webui.keyword.builtin.VerifyElementVisibleInViewportKeyword.execute(VerifyElementVisibleInViewportKeyword.groovy:68)
	at com.kms.katalon.core.keyword.internal.KeywordExecutor.executeKeywordForPlatform(KeywordExecutor.groovy:73)
	at com.kms.katalon.core.webui.keyword.WebUiBuiltInKeywords.verifyElementInViewport(WebUiBuiltInKeywords.groovy:4050)
	at com.kms.katalon.core.webui.keyword.WebUiBuiltInKeywords$verifyElementInViewport$11.call(Unknown Source)
	at commonActions.BaseActions.ScrollToFooter(BaseActions.groovy:44)
	at commonActions.BaseActions.invokeMethod(BaseActions.groovy)
	at com.kms.katalon.core.main.CustomKeywordDelegatingMetaClass.invokeStaticMethod(CustomKeywordDelegatingMetaClass.java:50)
	at VerifyRankingcheckOnComicPage.run(VerifyRankingcheckOnComicPage:24)
	at com.kms.katalon.core.main.ScriptEngine.run(ScriptEngine.java:194)
	at com.kms.katalon.core.main.ScriptEngine.runScriptAsRawText(ScriptEngine.java:119)
	at com.kms.katalon.core.main.TestCaseExecutor.runScript(TestCaseExecutor.java:398)
	at com.kms.katalon.core.main.TestCaseExecutor.doExecute(TestCaseExecutor.java:389)
	at com.kms.katalon.core.main.TestCaseExecutor.processExecutionPhase(TestCaseExecutor.java:368)
	at com.kms.katalon.core.main.TestCaseExecutor.accessMainPhase(TestCaseExecutor.java:360)
	at com.kms.katalon.core.main.TestCaseExecutor.execute(TestCaseExecutor.java:255)
	at com.kms.katalon.core.main.TestSuiteExecutor.accessTestCaseMainPhase(TestSuiteExecutor.java:203)
	at com.kms.katalon.core.main.TestSuiteExecutor.accessTestSuiteMainPhase(TestSuiteExecutor.java:152)
	at com.kms.katalon.core.main.TestSuiteExecutor.execute(TestSuiteExecutor.java:95)
	at com.kms.katalon.core.main.TestCaseMain.startTestSuite(TestCaseMain.java:157)
	at com.kms.katalon.core.main.TestCaseMain$startTestSuite$0.call(Unknown Source)
	at TempTestSuite1617074317162.run(TempTestSuite1617074317162.groovy:39)
)
[[ATTACHMENT|D:\\Working\\AUTO\\KATAWEB\\popstestautomation\\POPSTestAutomation\\Reports\\20210330_101837\\POPS App\\POPSApp_DailySmoke\\20210330_101837\\1617074501099.png]]

2021-03-30 10:21:41 - [MESSAGE][PASSED] - Execute JavaScript 'window.scrollTo(0, document.body.scrollHeight)' successfully

2021-03-30 10:21:43 - [MESSAGE][PASSED] - Delayed 2 second(s)

2021-03-30 10:21:47 - [MESSAGE][WARNING] - Object 'Object Repository/POPS App UI/Footer/POPS_Logo_In_Footer' is present but is not visible in viewport (Root cause: com.kms.katalon.core.exception.StepFailedException: Object 'Object Repository/POPS App UI/Footer/POPS_Logo_In_Footer' is present but is not visible in viewport
	at com.kms.katalon.core.webui.keyword.internal.WebUIKeywordMain.stepFailed(WebUIKeywordMain.groovy:64)
	at com.kms.katalon.core.webui.keyword.builtin.VerifyElementVisibleInViewportKeyword$_verifyElementVisibleInViewport_closure1.doCall(VerifyElementVisibleInViewportKeyword.groovy:79)
	at com.kms.katalon.core.webui.keyword.builtin.VerifyElementVisibleInViewportKeyword$_verifyElementVisibleInViewport_closure1.call(VerifyElementVisibleInViewportKeyword.groovy)
	at com.kms.katalon.core.webui.keyword.internal.WebUIKeywordMain.runKeyword(WebUIKeywordMain.groovy:20)
	at com.kms.katalon.core.webui.keyword.builtin.VerifyElementVisibleInViewportKeyword.verifyElementVisibleInViewport(VerifyElementVisibleInViewportKeyword.groovy:86)
	at com.kms.katalon.core.webui.keyword.builtin.VerifyElementVisibleInViewportKeyword.execute(VerifyElementVisibleInViewportKeyword.groovy:68)
	at com.kms.katalon.core.keyword.internal.KeywordExecutor.executeKeywordForPlatform(KeywordExecutor.groovy:73)
	at com.kms.katalon.core.webui.keyword.WebUiBuiltInKeywords.verifyElementInViewport(WebUiBuiltInKeywords.groovy:4050)
	at com.kms.katalon.core.webui.keyword.WebUiBuiltInKeywords$verifyElementInViewport$11.call(Unknown Source)
	at commonActions.BaseActions.ScrollToFooter(BaseActions.groovy:44)
	at commonActions.BaseActions.invokeMethod(BaseActions.groovy)
	at com.kms.katalon.core.main.CustomKeywordDelegatingMetaClass.invokeStaticMethod(CustomKeywordDelegatingMetaClass.java:50)
	at VerifyRankingcheckOnComicPage.run(VerifyRankingcheckOnComicPage:24)
	at com.kms.katalon.core.main.ScriptEngine.run(ScriptEngine.java:194)
	at com.kms.katalon.core.main.ScriptEngine.runScriptAsRawText(ScriptEngine.java:119)
	at com.kms.katalon.core.main.TestCaseExecutor.runScript(TestCaseExecutor.java:398)
	at com.kms.katalon.core.main.TestCaseExecutor.doExecute(TestCaseExecutor.java:389)
	at com.kms.katalon.core.main.TestCaseExecutor.processExecutionPhase(TestCaseExecutor.java:368)
	at com.kms.katalon.core.main.TestCaseExecutor.accessMainPhase(TestCaseExecutor.java:360)
	at com.kms.katalon.core.main.TestCaseExecutor.execute(TestCaseExecutor.java:255)
	at com.kms.katalon.core.main.TestSuiteExecutor.accessTestCaseMainPhase(TestSuiteExecutor.java:203)
	at com.kms.katalon.core.main.TestSuiteExecutor.accessTestSuiteMainPhase(TestSuiteExecutor.java:152)
	at com.kms.katalon.core.main.TestSuiteExecutor.execute(TestSuiteExecutor.java:95)
	at com.kms.katalon.core.main.TestCaseMain.startTestSuite(TestCaseMain.java:157)
	at com.kms.katalon.core.main.TestCaseMain$startTestSuite$0.call(Unknown Source)
	at TempTestSuite1617074317162.run(TempTestSuite1617074317162.groovy:39)
)
[[ATTACHMENT|D:\\Working\\AUTO\\KATAWEB\\popstestautomation\\POPSTestAutomation\\Reports\\20210330_101837\\POPS App\\POPSApp_DailySmoke\\20210330_101837\\1617074507086.png]]

2021-03-30 10:21:47 - [MESSAGE][PASSED] - Execute JavaScript 'window.scrollTo(0, document.body.scrollHeight)' successfully

2021-03-30 10:21:49 - [MESSAGE][PASSED] - Delayed 2 second(s)

2021-03-30 10:21:50 - [MESSAGE][PASSED] - Object 'Object Repository/POPS App UI/Footer/POPS_Logo_In_Footer' is present and visible in viewport

2021-03-30 10:21:50 - [MESSAGE][PASSED] - commonActions.BaseActions.ScrollToFooter is PASSED

2021-03-30 10:21:50 - [TEST_STEP][PASSED] - commonActions.Comics.CheckComicRankingDisplay20Items(findTestObject("ComicPageUI/COMIC_RANKING_SECTION")): commonActions.Comics.CheckComicRankingDisplay20Items is PASSED

2021-03-30 10:21:50 - [MESSAGE][PASSED] - commonActions.Comics.CheckComicRankingDisplay20Items is PASSED

2021-03-30 10:21:50 - [TEST_STEP][PASSED] - Start listener action : sampleAfterTestCase: null

2021-03-30 10:21:50 - [TEST_STEP][PASSED] - println(testCaseContext.getTestCaseId()): null

2021-03-30 10:21:50 - [TEST_STEP][PASSED] - println(testCaseContext.getTestCaseStatus()): null]]></system-out>
         <system-err><![CDATA[]]></system-err>
      </testcase>
      <testcase name="Test Cases/AddToMyList/VerifyClickOnAddToMyList" time="36.791" classname="Test Cases/AddToMyList/VerifyClickOnAddToMyList" status="PASSED">
         <system-out><![CDATA[2021-03-30 10:21:50 - [TEST_CASE][PASSED] - Test Cases/AddToMyList/VerifyClickOnAddToMyList: Test Cases/AddToMyList/VerifyClickOnAddToMyList

2021-03-30 10:21:50 - [TEST_STEP][PASSED] - Start listener action : sampleBeforeTestCase: null

2021-03-30 10:21:50 - [TEST_STEP][PASSED] - println(testCaseContext.getTestCaseId()): null

2021-03-30 10:21:50 - [TEST_STEP][PASSED] - println(testCaseContext.getTestCaseVariables()): null

2021-03-30 10:21:50 - [TEST_STEP][PASSED] - openBrowser(SourceURL): Browser is opened with url: 'https://pops.vn/'

2021-03-30 10:21:50 - [MESSAGE][WARNING] - A browser is already opened. Closing browser and opening a new one

2021-03-30 10:21:51 - [MESSAGE][INFO] - Starting 'Chrome' driver

2021-03-30 10:21:51 - [MESSAGE][INFO] - Action delay is set to 0 milliseconds

2021-03-30 10:21:53 - [MESSAGE][PASSED] - Browser is opened with url: 'https://pops.vn/'

2021-03-30 10:21:53 - [TEST_STEP][PASSED] - maximizeWindow(): Current window maximized

2021-03-30 10:21:53 - [MESSAGE][PASSED] - Current window maximized

2021-03-30 10:21:53 - [TEST_STEP][PASSED] - commonActions.PageActions.openVideoPage(): commonActions.PageActions.openVideoPage is PASSED

2021-03-30 10:21:56 - [MESSAGE][PASSED] - Object: 'Object Repository/SearchPageUI/TEXTBOX_SEARCH' is clicked on

2021-03-30 10:21:56 - [MESSAGE][WARNING] - Timeout '0' is invalid. Using default page load timeout: '30'

2021-03-30 10:21:56 - [MESSAGE][PASSED] - Object 'Object Repository/SearchPageUI/TEXTBOX_SEARCH' is present

2021-03-30 10:21:57 - [MESSAGE][PASSED] - Text of object 'Object Repository/SearchPageUI/TEXTBOX_SEARCH' is cleared

2021-03-30 10:21:58 - [MESSAGE][PASSED] - Text 'conan' is set on object 'Object Repository/SearchPageUI/TEXTBOX_SEARCH'

2021-03-30 10:21:59 - [MESSAGE][PASSED] - Object: 'Object Repository/SearchPageUI/ICON_SEARCH_BUTTON' is clicked on

2021-03-30 10:21:59 - [MESSAGE][WARNING] - Timeout '0' is invalid. Using default page load timeout: '30'

2021-03-30 10:22:00 - [MESSAGE][PASSED] - Object 'Object Repository/SearchPageUI/RESULT_ELEMENTS' is present

2021-03-30 10:22:01 - [MESSAGE][PASSED] - commonActions.PageActions.openVideoPage is PASSED

2021-03-30 10:22:01 - [TEST_STEP][PASSED] - commonActions.ClickableActions.addToMyList(): commonActions.ClickableActions.addToMyList is PASSED

2021-03-30 10:22:01 - [MESSAGE][WARNING] - Timeout '0' is invalid. Using default page load timeout: '30'

2021-03-30 10:22:21 - [MESSAGE][PASSED] - Execute JavaScript 'arguments[0].click()' successfully

2021-03-30 10:22:21 - [MESSAGE][PASSED] - Text of object 'Object Repository/MyListPageUI/TEXT_SAVED_VIDEO' is: ' Đã Lưu'

2021-03-30 10:22:22 - [MESSAGE][PASSED] - Text of object 'Object Repository/VideoDetailPageUI/CURRENT_VIDEO_TITLE_TEXT' is: 'Conan - Superclip 95: Vụ án đầu tiên của Kudo Shinichi'

2021-03-30 10:22:23 - [MESSAGE][PASSED] - Object: 'Object Repository/POPS App UI/TopMenu/menu_5_Them' is clicked on

2021-03-30 10:22:24 - [MESSAGE][PASSED] - Object: 'Object Repository/MyListPageUI/BUTTON_MY_LIST_INMOREPAGE' is clicked on

2021-03-30 10:22:26 - [MESSAGE][PASSED] - Object 'Object Repository/MyListPageUI/TEXT_TITLE_NAME' is visible

2021-03-30 10:22:26 - [MESSAGE][PASSED] - Text of object 'Object Repository/MyListPageUI/TEXT_TITLE_NAME' is: 'Conan - Superclip 95: Vụ án đầu tiên của Kudo Shinichi'

2021-03-30 10:22:26 - [MESSAGE][PASSED] - commonActions.ClickableActions.addToMyList is PASSED

2021-03-30 10:22:26 - [TEST_STEP][PASSED] - closeBrowser(): Browser is closed

2021-03-30 10:22:27 - [MESSAGE][PASSED] - Browser is closed

2021-03-30 10:22:27 - [TEST_STEP][PASSED] - Start listener action : sampleAfterTestCase: null

2021-03-30 10:22:27 - [TEST_STEP][PASSED] - println(testCaseContext.getTestCaseId()): null

2021-03-30 10:22:27 - [TEST_STEP][PASSED] - println(testCaseContext.getTestCaseStatus()): null]]></system-out>
         <system-err><![CDATA[]]></system-err>
      </testcase>
      <testcase name="Test Cases/AddToMyList/VerifyMyListShowValidData" time="35.902" classname="Test Cases/AddToMyList/VerifyMyListShowValidData" status="PASSED">
         <system-out><![CDATA[2021-03-30 10:22:27 - [TEST_CASE][PASSED] - Test Cases/AddToMyList/VerifyMyListShowValidData: Test Cases/AddToMyList/VerifyMyListShowValidData

2021-03-30 10:22:27 - [TEST_STEP][PASSED] - Start listener action : sampleBeforeTestCase: null

2021-03-30 10:22:27 - [TEST_STEP][PASSED] - println(testCaseContext.getTestCaseId()): null

2021-03-30 10:22:27 - [TEST_STEP][PASSED] - println(testCaseContext.getTestCaseVariables()): null

2021-03-30 10:22:27 - [TEST_STEP][PASSED] - openBrowser(SourceURL): Browser is opened with url: 'https://pops.vn/'

2021-03-30 10:22:27 - [MESSAGE][INFO] - Starting 'Chrome' driver

2021-03-30 10:22:27 - [MESSAGE][INFO] - Action delay is set to 0 milliseconds

2021-03-30 10:22:30 - [MESSAGE][PASSED] - Browser is opened with url: 'https://pops.vn/'

2021-03-30 10:22:30 - [TEST_STEP][PASSED] - maximizeWindow(): Current window maximized

2021-03-30 10:22:30 - [MESSAGE][PASSED] - Current window maximized

2021-03-30 10:22:30 - [TEST_STEP][PASSED] - commonActions.PageActions.openVideoPage(): commonActions.PageActions.openVideoPage is PASSED

2021-03-30 10:22:32 - [MESSAGE][PASSED] - Object: 'Object Repository/SearchPageUI/TEXTBOX_SEARCH' is clicked on

2021-03-30 10:22:32 - [MESSAGE][WARNING] - Timeout '0' is invalid. Using default page load timeout: '30'

2021-03-30 10:22:33 - [MESSAGE][PASSED] - Object 'Object Repository/SearchPageUI/TEXTBOX_SEARCH' is present

2021-03-30 10:22:34 - [MESSAGE][PASSED] - Text of object 'Object Repository/SearchPageUI/TEXTBOX_SEARCH' is cleared

2021-03-30 10:22:34 - [MESSAGE][PASSED] - Text 'conan' is set on object 'Object Repository/SearchPageUI/TEXTBOX_SEARCH'

2021-03-30 10:22:35 - [MESSAGE][PASSED] - Object: 'Object Repository/SearchPageUI/ICON_SEARCH_BUTTON' is clicked on

2021-03-30 10:22:35 - [MESSAGE][WARNING] - Timeout '0' is invalid. Using default page load timeout: '30'

2021-03-30 10:22:37 - [MESSAGE][PASSED] - Object 'Object Repository/SearchPageUI/RESULT_ELEMENTS' is present

2021-03-30 10:22:38 - [MESSAGE][PASSED] - commonActions.PageActions.openVideoPage is PASSED

2021-03-30 10:22:38 - [TEST_STEP][PASSED] - commonActions.ClickableActions.addToMyList(): commonActions.ClickableActions.addToMyList is PASSED

2021-03-30 10:22:38 - [MESSAGE][WARNING] - Timeout '0' is invalid. Using default page load timeout: '30'

2021-03-30 10:22:58 - [MESSAGE][PASSED] - Execute JavaScript 'arguments[0].click()' successfully

2021-03-30 10:22:59 - [MESSAGE][PASSED] - Text of object 'Object Repository/MyListPageUI/TEXT_SAVED_VIDEO' is: ' Đã Lưu'

2021-03-30 10:23:00 - [MESSAGE][PASSED] - Text of object 'Object Repository/VideoDetailPageUI/CURRENT_VIDEO_TITLE_TEXT' is: 'Conan - Superclip 95: Vụ án đầu tiên của Kudo Shinichi'

2021-03-30 10:23:00 - [MESSAGE][PASSED] - Object: 'Object Repository/POPS App UI/TopMenu/menu_5_Them' is clicked on

2021-03-30 10:23:01 - [MESSAGE][PASSED] - Object: 'Object Repository/MyListPageUI/BUTTON_MY_LIST_INMOREPAGE' is clicked on

2021-03-30 10:23:02 - [MESSAGE][PASSED] - Object 'Object Repository/MyListPageUI/TEXT_TITLE_NAME' is visible

2021-03-30 10:23:02 - [MESSAGE][PASSED] - Text of object 'Object Repository/MyListPageUI/TEXT_TITLE_NAME' is: 'Conan - Superclip 95: Vụ án đầu tiên của Kudo Shinichi'

2021-03-30 10:23:02 - [MESSAGE][PASSED] - commonActions.ClickableActions.addToMyList is PASSED

2021-03-30 10:23:02 - [TEST_STEP][PASSED] - closeBrowser(): Browser is closed

2021-03-30 10:23:03 - [MESSAGE][PASSED] - Browser is closed

2021-03-30 10:23:03 - [TEST_STEP][PASSED] - Start listener action : sampleAfterTestCase: null

2021-03-30 10:23:03 - [TEST_STEP][PASSED] - println(testCaseContext.getTestCaseId()): null

2021-03-30 10:23:03 - [TEST_STEP][PASSED] - println(testCaseContext.getTestCaseStatus()): null]]></system-out>
         <system-err><![CDATA[]]></system-err>
      </testcase>
      <testcase name="Test Cases/Component/VerifyAlbumDisplayed" time="26.473" classname="Test Cases/Component/VerifyAlbumDisplayed" status="PASSED">
         <system-out><![CDATA[2021-03-30 10:23:03 - [TEST_CASE][PASSED] - Test Cases/Component/VerifyAlbumDisplayed: Test Cases/Component/VerifyAlbumDisplayed

2021-03-30 10:23:03 - [TEST_STEP][PASSED] - Start listener action : sampleBeforeTestCase: null

2021-03-30 10:23:03 - [TEST_STEP][PASSED] - println(testCaseContext.getTestCaseId()): null

2021-03-30 10:23:03 - [TEST_STEP][PASSED] - println(testCaseContext.getTestCaseVariables()): null

2021-03-30 10:23:03 - [TEST_STEP][PASSED] - openBrowser(SourceURL): Browser is opened with url: 'https://pops.vn/'

2021-03-30 10:23:03 - [MESSAGE][INFO] - Starting 'Chrome' driver

2021-03-30 10:23:03 - [MESSAGE][INFO] - Action delay is set to 0 milliseconds

2021-03-30 10:23:06 - [MESSAGE][PASSED] - Browser is opened with url: 'https://pops.vn/'

2021-03-30 10:23:06 - [TEST_STEP][PASSED] - maximizeWindow(): Current window maximized

2021-03-30 10:23:06 - [MESSAGE][PASSED] - Current window maximized

2021-03-30 10:23:06 - [TEST_STEP][PASSED] - commonActions.APIs.anonymousLogin(): commonActions.APIs.anonymousLogin is PASSED

2021-03-30 10:23:06 - [MESSAGE][INFO] - HAR: D:\Working\AUTO\KATAWEB\popstestautomation\POPSTestAutomation\Reports\20210330_101837\POPS App\POPSApp_DailySmoke\20210330_101837\requests\main\29.har

2021-03-30 10:23:06 - [MESSAGE][PASSED] - Send request successfully

2021-03-30 10:23:06 - [MESSAGE][PASSED] - commonActions.APIs.anonymousLogin is PASSED

2021-03-30 10:23:06 - [TEST_STEP][PASSED] - commonActions.BaseActions.ScrollToFooter(): commonActions.BaseActions.ScrollToFooter is PASSED

2021-03-30 10:23:06 - [MESSAGE][PASSED] - Execute JavaScript 'window.scrollTo(0, document.body.scrollHeight)' successfully

2021-03-30 10:23:08 - [MESSAGE][PASSED] - Delayed 2 second(s)

2021-03-30 10:23:10 - [MESSAGE][WARNING] - Object 'Object Repository/POPS App UI/Footer/POPS_Logo_In_Footer' is present but is not visible in viewport (Root cause: com.kms.katalon.core.exception.StepFailedException: Object 'Object Repository/POPS App UI/Footer/POPS_Logo_In_Footer' is present but is not visible in viewport
	at com.kms.katalon.core.webui.keyword.internal.WebUIKeywordMain.stepFailed(WebUIKeywordMain.groovy:64)
	at com.kms.katalon.core.webui.keyword.builtin.VerifyElementVisibleInViewportKeyword$_verifyElementVisibleInViewport_closure1.doCall(VerifyElementVisibleInViewportKeyword.groovy:79)
	at com.kms.katalon.core.webui.keyword.builtin.VerifyElementVisibleInViewportKeyword$_verifyElementVisibleInViewport_closure1.call(VerifyElementVisibleInViewportKeyword.groovy)
	at com.kms.katalon.core.webui.keyword.internal.WebUIKeywordMain.runKeyword(WebUIKeywordMain.groovy:20)
	at com.kms.katalon.core.webui.keyword.builtin.VerifyElementVisibleInViewportKeyword.verifyElementVisibleInViewport(VerifyElementVisibleInViewportKeyword.groovy:86)
	at com.kms.katalon.core.webui.keyword.builtin.VerifyElementVisibleInViewportKeyword.execute(VerifyElementVisibleInViewportKeyword.groovy:68)
	at com.kms.katalon.core.keyword.internal.KeywordExecutor.executeKeywordForPlatform(KeywordExecutor.groovy:73)
	at com.kms.katalon.core.webui.keyword.WebUiBuiltInKeywords.verifyElementInViewport(WebUiBuiltInKeywords.groovy:4050)
	at com.kms.katalon.core.webui.keyword.WebUiBuiltInKeywords$verifyElementInViewport$11.call(Unknown Source)
	at commonActions.BaseActions.ScrollToFooter(BaseActions.groovy:44)
	at commonActions.BaseActions.invokeMethod(BaseActions.groovy)
	at com.kms.katalon.core.main.CustomKeywordDelegatingMetaClass.invokeStaticMethod(CustomKeywordDelegatingMetaClass.java:50)
	at VerifyAlbumDisplayed.run(VerifyAlbumDisplayed:24)
	at com.kms.katalon.core.main.ScriptEngine.run(ScriptEngine.java:194)
	at com.kms.katalon.core.main.ScriptEngine.runScriptAsRawText(ScriptEngine.java:119)
	at com.kms.katalon.core.main.TestCaseExecutor.runScript(TestCaseExecutor.java:398)
	at com.kms.katalon.core.main.TestCaseExecutor.doExecute(TestCaseExecutor.java:389)
	at com.kms.katalon.core.main.TestCaseExecutor.processExecutionPhase(TestCaseExecutor.java:368)
	at com.kms.katalon.core.main.TestCaseExecutor.accessMainPhase(TestCaseExecutor.java:360)
	at com.kms.katalon.core.main.TestCaseExecutor.execute(TestCaseExecutor.java:255)
	at com.kms.katalon.core.main.TestSuiteExecutor.accessTestCaseMainPhase(TestSuiteExecutor.java:203)
	at com.kms.katalon.core.main.TestSuiteExecutor.accessTestSuiteMainPhase(TestSuiteExecutor.java:152)
	at com.kms.katalon.core.main.TestSuiteExecutor.execute(TestSuiteExecutor.java:95)
	at com.kms.katalon.core.main.TestCaseMain.startTestSuite(TestCaseMain.java:157)
	at com.kms.katalon.core.main.TestCaseMain$startTestSuite$0.call(Unknown Source)
	at TempTestSuite1617074317162.run(TempTestSuite1617074317162.groovy:39)
)
[[ATTACHMENT|D:\\Working\\AUTO\\KATAWEB\\popstestautomation\\POPSTestAutomation\\Reports\\20210330_101837\\POPS App\\POPSApp_DailySmoke\\20210330_101837\\1617074589956.png]]

2021-03-30 10:23:10 - [MESSAGE][PASSED] - Execute JavaScript 'window.scrollTo(0, document.body.scrollHeight)' successfully

2021-03-30 10:23:12 - [MESSAGE][PASSED] - Delayed 2 second(s)

2021-03-30 10:23:13 - [MESSAGE][WARNING] - Object 'Object Repository/POPS App UI/Footer/POPS_Logo_In_Footer' is present but is not visible in viewport (Root cause: com.kms.katalon.core.exception.StepFailedException: Object 'Object Repository/POPS App UI/Footer/POPS_Logo_In_Footer' is present but is not visible in viewport
	at com.kms.katalon.core.webui.keyword.internal.WebUIKeywordMain.stepFailed(WebUIKeywordMain.groovy:64)
	at com.kms.katalon.core.webui.keyword.builtin.VerifyElementVisibleInViewportKeyword$_verifyElementVisibleInViewport_closure1.doCall(VerifyElementVisibleInViewportKeyword.groovy:79)
	at com.kms.katalon.core.webui.keyword.builtin.VerifyElementVisibleInViewportKeyword$_verifyElementVisibleInViewport_closure1.call(VerifyElementVisibleInViewportKeyword.groovy)
	at com.kms.katalon.core.webui.keyword.internal.WebUIKeywordMain.runKeyword(WebUIKeywordMain.groovy:20)
	at com.kms.katalon.core.webui.keyword.builtin.VerifyElementVisibleInViewportKeyword.verifyElementVisibleInViewport(VerifyElementVisibleInViewportKeyword.groovy:86)
	at com.kms.katalon.core.webui.keyword.builtin.VerifyElementVisibleInViewportKeyword.execute(VerifyElementVisibleInViewportKeyword.groovy:68)
	at com.kms.katalon.core.keyword.internal.KeywordExecutor.executeKeywordForPlatform(KeywordExecutor.groovy:73)
	at com.kms.katalon.core.webui.keyword.WebUiBuiltInKeywords.verifyElementInViewport(WebUiBuiltInKeywords.groovy:4050)
	at com.kms.katalon.core.webui.keyword.WebUiBuiltInKeywords$verifyElementInViewport$11.call(Unknown Source)
	at commonActions.BaseActions.ScrollToFooter(BaseActions.groovy:44)
	at commonActions.BaseActions.invokeMethod(BaseActions.groovy)
	at com.kms.katalon.core.main.CustomKeywordDelegatingMetaClass.invokeStaticMethod(CustomKeywordDelegatingMetaClass.java:50)
	at VerifyAlbumDisplayed.run(VerifyAlbumDisplayed:24)
	at com.kms.katalon.core.main.ScriptEngine.run(ScriptEngine.java:194)
	at com.kms.katalon.core.main.ScriptEngine.runScriptAsRawText(ScriptEngine.java:119)
	at com.kms.katalon.core.main.TestCaseExecutor.runScript(TestCaseExecutor.java:398)
	at com.kms.katalon.core.main.TestCaseExecutor.doExecute(TestCaseExecutor.java:389)
	at com.kms.katalon.core.main.TestCaseExecutor.processExecutionPhase(TestCaseExecutor.java:368)
	at com.kms.katalon.core.main.TestCaseExecutor.accessMainPhase(TestCaseExecutor.java:360)
	at com.kms.katalon.core.main.TestCaseExecutor.execute(TestCaseExecutor.java:255)
	at com.kms.katalon.core.main.TestSuiteExecutor.accessTestCaseMainPhase(TestSuiteExecutor.java:203)
	at com.kms.katalon.core.main.TestSuiteExecutor.accessTestSuiteMainPhase(TestSuiteExecutor.java:152)
	at com.kms.katalon.core.main.TestSuiteExecutor.execute(TestSuiteExecutor.java:95)
	at com.kms.katalon.core.main.TestCaseMain.startTestSuite(TestCaseMain.java:157)
	at com.kms.katalon.core.main.TestCaseMain$startTestSuite$0.call(Unknown Source)
	at TempTestSuite1617074317162.run(TempTestSuite1617074317162.groovy:39)
)
[[ATTACHMENT|D:\\Working\\AUTO\\KATAWEB\\popstestautomation\\POPSTestAutomation\\Reports\\20210330_101837\\POPS App\\POPSApp_DailySmoke\\20210330_101837\\1617074592925.png]]

2021-03-30 10:23:13 - [MESSAGE][PASSED] - Execute JavaScript 'window.scrollTo(0, document.body.scrollHeight)' successfully

2021-03-30 10:23:15 - [MESSAGE][PASSED] - Delayed 2 second(s)

2021-03-30 10:23:17 - [MESSAGE][WARNING] - Object 'Object Repository/POPS App UI/Footer/POPS_Logo_In_Footer' is present but is not visible in viewport (Root cause: com.kms.katalon.core.exception.StepFailedException: Object 'Object Repository/POPS App UI/Footer/POPS_Logo_In_Footer' is present but is not visible in viewport
	at com.kms.katalon.core.webui.keyword.internal.WebUIKeywordMain.stepFailed(WebUIKeywordMain.groovy:64)
	at com.kms.katalon.core.webui.keyword.builtin.VerifyElementVisibleInViewportKeyword$_verifyElementVisibleInViewport_closure1.doCall(VerifyElementVisibleInViewportKeyword.groovy:79)
	at com.kms.katalon.core.webui.keyword.builtin.VerifyElementVisibleInViewportKeyword$_verifyElementVisibleInViewport_closure1.call(VerifyElementVisibleInViewportKeyword.groovy)
	at com.kms.katalon.core.webui.keyword.internal.WebUIKeywordMain.runKeyword(WebUIKeywordMain.groovy:20)
	at com.kms.katalon.core.webui.keyword.builtin.VerifyElementVisibleInViewportKeyword.verifyElementVisibleInViewport(VerifyElementVisibleInViewportKeyword.groovy:86)
	at com.kms.katalon.core.webui.keyword.builtin.VerifyElementVisibleInViewportKeyword.execute(VerifyElementVisibleInViewportKeyword.groovy:68)
	at com.kms.katalon.core.keyword.internal.KeywordExecutor.executeKeywordForPlatform(KeywordExecutor.groovy:73)
	at com.kms.katalon.core.webui.keyword.WebUiBuiltInKeywords.verifyElementInViewport(WebUiBuiltInKeywords.groovy:4050)
	at com.kms.katalon.core.webui.keyword.WebUiBuiltInKeywords$verifyElementInViewport$11.call(Unknown Source)
	at commonActions.BaseActions.ScrollToFooter(BaseActions.groovy:44)
	at commonActions.BaseActions.invokeMethod(BaseActions.groovy)
	at com.kms.katalon.core.main.CustomKeywordDelegatingMetaClass.invokeStaticMethod(CustomKeywordDelegatingMetaClass.java:50)
	at VerifyAlbumDisplayed.run(VerifyAlbumDisplayed:24)
	at com.kms.katalon.core.main.ScriptEngine.run(ScriptEngine.java:194)
	at com.kms.katalon.core.main.ScriptEngine.runScriptAsRawText(ScriptEngine.java:119)
	at com.kms.katalon.core.main.TestCaseExecutor.runScript(TestCaseExecutor.java:398)
	at com.kms.katalon.core.main.TestCaseExecutor.doExecute(TestCaseExecutor.java:389)
	at com.kms.katalon.core.main.TestCaseExecutor.processExecutionPhase(TestCaseExecutor.java:368)
	at com.kms.katalon.core.main.TestCaseExecutor.accessMainPhase(TestCaseExecutor.java:360)
	at com.kms.katalon.core.main.TestCaseExecutor.execute(TestCaseExecutor.java:255)
	at com.kms.katalon.core.main.TestSuiteExecutor.accessTestCaseMainPhase(TestSuiteExecutor.java:203)
	at com.kms.katalon.core.main.TestSuiteExecutor.accessTestSuiteMainPhase(TestSuiteExecutor.java:152)
	at com.kms.katalon.core.main.TestSuiteExecutor.execute(TestSuiteExecutor.java:95)
	at com.kms.katalon.core.main.TestCaseMain.startTestSuite(TestCaseMain.java:157)
	at com.kms.katalon.core.main.TestCaseMain$startTestSuite$0.call(Unknown Source)
	at TempTestSuite1617074317162.run(TempTestSuite1617074317162.groovy:39)
)
[[ATTACHMENT|D:\\Working\\AUTO\\KATAWEB\\popstestautomation\\POPSTestAutomation\\Reports\\20210330_101837\\POPS App\\POPSApp_DailySmoke\\20210330_101837\\1617074596598.png]]

2021-03-30 10:23:17 - [MESSAGE][PASSED] - Execute JavaScript 'window.scrollTo(0, document.body.scrollHeight)' successfully

2021-03-30 10:23:19 - [MESSAGE][PASSED] - Delayed 2 second(s)

2021-03-30 10:23:21 - [MESSAGE][WARNING] - Object 'Object Repository/POPS App UI/Footer/POPS_Logo_In_Footer' is present but is not visible in viewport (Root cause: com.kms.katalon.core.exception.StepFailedException: Object 'Object Repository/POPS App UI/Footer/POPS_Logo_In_Footer' is present but is not visible in viewport
	at com.kms.katalon.core.webui.keyword.internal.WebUIKeywordMain.stepFailed(WebUIKeywordMain.groovy:64)
	at com.kms.katalon.core.webui.keyword.builtin.VerifyElementVisibleInViewportKeyword$_verifyElementVisibleInViewport_closure1.doCall(VerifyElementVisibleInViewportKeyword.groovy:79)
	at com.kms.katalon.core.webui.keyword.builtin.VerifyElementVisibleInViewportKeyword$_verifyElementVisibleInViewport_closure1.call(VerifyElementVisibleInViewportKeyword.groovy)
	at com.kms.katalon.core.webui.keyword.internal.WebUIKeywordMain.runKeyword(WebUIKeywordMain.groovy:20)
	at com.kms.katalon.core.webui.keyword.builtin.VerifyElementVisibleInViewportKeyword.verifyElementVisibleInViewport(VerifyElementVisibleInViewportKeyword.groovy:86)
	at com.kms.katalon.core.webui.keyword.builtin.VerifyElementVisibleInViewportKeyword.execute(VerifyElementVisibleInViewportKeyword.groovy:68)
	at com.kms.katalon.core.keyword.internal.KeywordExecutor.executeKeywordForPlatform(KeywordExecutor.groovy:73)
	at com.kms.katalon.core.webui.keyword.WebUiBuiltInKeywords.verifyElementInViewport(WebUiBuiltInKeywords.groovy:4050)
	at com.kms.katalon.core.webui.keyword.WebUiBuiltInKeywords$verifyElementInViewport$11.call(Unknown Source)
	at commonActions.BaseActions.ScrollToFooter(BaseActions.groovy:44)
	at commonActions.BaseActions.invokeMethod(BaseActions.groovy)
	at com.kms.katalon.core.main.CustomKeywordDelegatingMetaClass.invokeStaticMethod(CustomKeywordDelegatingMetaClass.java:50)
	at VerifyAlbumDisplayed.run(VerifyAlbumDisplayed:24)
	at com.kms.katalon.core.main.ScriptEngine.run(ScriptEngine.java:194)
	at com.kms.katalon.core.main.ScriptEngine.runScriptAsRawText(ScriptEngine.java:119)
	at com.kms.katalon.core.main.TestCaseExecutor.runScript(TestCaseExecutor.java:398)
	at com.kms.katalon.core.main.TestCaseExecutor.doExecute(TestCaseExecutor.java:389)
	at com.kms.katalon.core.main.TestCaseExecutor.processExecutionPhase(TestCaseExecutor.java:368)
	at com.kms.katalon.core.main.TestCaseExecutor.accessMainPhase(TestCaseExecutor.java:360)
	at com.kms.katalon.core.main.TestCaseExecutor.execute(TestCaseExecutor.java:255)
	at com.kms.katalon.core.main.TestSuiteExecutor.accessTestCaseMainPhase(TestSuiteExecutor.java:203)
	at com.kms.katalon.core.main.TestSuiteExecutor.accessTestSuiteMainPhase(TestSuiteExecutor.java:152)
	at com.kms.katalon.core.main.TestSuiteExecutor.execute(TestSuiteExecutor.java:95)
	at com.kms.katalon.core.main.TestCaseMain.startTestSuite(TestCaseMain.java:157)
	at com.kms.katalon.core.main.TestCaseMain$startTestSuite$0.call(Unknown Source)
	at TempTestSuite1617074317162.run(TempTestSuite1617074317162.groovy:39)
)
[[ATTACHMENT|D:\\Working\\AUTO\\KATAWEB\\popstestautomation\\POPSTestAutomation\\Reports\\20210330_101837\\POPS App\\POPSApp_DailySmoke\\20210330_101837\\1617074600641.png]]

2021-03-30 10:23:21 - [MESSAGE][PASSED] - Execute JavaScript 'window.scrollTo(0, document.body.scrollHeight)' successfully

2021-03-30 10:23:23 - [MESSAGE][PASSED] - Delayed 2 second(s)

2021-03-30 10:23:24 - [MESSAGE][PASSED] - Object 'Object Repository/POPS App UI/Footer/POPS_Logo_In_Footer' is present and visible in viewport

2021-03-30 10:23:24 - [MESSAGE][PASSED] - commonActions.BaseActions.ScrollToFooter is PASSED

2021-03-30 10:23:24 - [TEST_STEP][PASSED] - commonActions.PageActions.checkAlbumItemsCanClickable(findTestObject("Object Repository/POPS App UI/HomePageUI/ALBUM_PART")): commonActions.PageActions.checkAlbumItemsCanClickable is PASSED

2021-03-30 10:23:26 - [MESSAGE][PASSED] - commonActions.PageActions.checkAlbumItemsCanClickable is PASSED

2021-03-30 10:23:26 - [TEST_STEP][PASSED] - commonActions.PageActions.checkBrokenImages(findTestObject("Object Repository/CommonUI/IMG_THUMNAIL"), "src"): commonActions.PageActions.checkBrokenImages is PASSED

2021-03-30 10:23:29 - [MESSAGE][PASSED] - commonActions.PageActions.checkBrokenImages is PASSED

2021-03-30 10:23:29 - [TEST_STEP][PASSED] - Start listener action : sampleAfterTestCase: null

2021-03-30 10:23:29 - [TEST_STEP][PASSED] - println(testCaseContext.getTestCaseId()): null

2021-03-30 10:23:29 - [TEST_STEP][PASSED] - println(testCaseContext.getTestCaseStatus()): null]]></system-out>
         <system-err><![CDATA[]]></system-err>
      </testcase>
      <testcase name="Test Cases/Component/VerifyRecommandationDisplayed" time="23.285" classname="Test Cases/Component/VerifyRecommandationDisplayed" status="PASSED">
         <system-out><![CDATA[2021-03-30 10:23:29 - [TEST_CASE][PASSED] - Test Cases/Component/VerifyRecommandationDisplayed: Test Cases/Component/VerifyRecommandationDisplayed

2021-03-30 10:23:29 - [TEST_STEP][PASSED] - Start listener action : sampleBeforeTestCase: null

2021-03-30 10:23:29 - [TEST_STEP][PASSED] - println(testCaseContext.getTestCaseId()): null

2021-03-30 10:23:29 - [TEST_STEP][PASSED] - println(testCaseContext.getTestCaseVariables()): null

2021-03-30 10:23:29 - [TEST_STEP][PASSED] - openBrowser(SourceURL): Browser is opened with url: 'https://pops.vn/'

2021-03-30 10:23:29 - [MESSAGE][WARNING] - A browser is already opened. Closing browser and opening a new one

2021-03-30 10:23:30 - [MESSAGE][INFO] - Starting 'Chrome' driver

2021-03-30 10:23:30 - [MESSAGE][INFO] - Action delay is set to 0 milliseconds

2021-03-30 10:23:32 - [MESSAGE][PASSED] - Browser is opened with url: 'https://pops.vn/'

2021-03-30 10:23:32 - [TEST_STEP][PASSED] - maximizeWindow(): Current window maximized

2021-03-30 10:23:33 - [MESSAGE][PASSED] - Current window maximized

2021-03-30 10:23:33 - [TEST_STEP][PASSED] - commonActions.APIs.anonymousLogin(): commonActions.APIs.anonymousLogin is PASSED

2021-03-30 10:23:33 - [MESSAGE][INFO] - HAR: D:\Working\AUTO\KATAWEB\popstestautomation\POPSTestAutomation\Reports\20210330_101837\POPS App\POPSApp_DailySmoke\20210330_101837\requests\main\30.har

2021-03-30 10:23:33 - [MESSAGE][PASSED] - Send request successfully

2021-03-30 10:23:33 - [MESSAGE][PASSED] - commonActions.APIs.anonymousLogin is PASSED

2021-03-30 10:23:33 - [TEST_STEP][PASSED] - commonActions.BaseActions.ScrollToFooter(): commonActions.BaseActions.ScrollToFooter is PASSED

2021-03-30 10:23:33 - [MESSAGE][PASSED] - Execute JavaScript 'window.scrollTo(0, document.body.scrollHeight)' successfully

2021-03-30 10:23:35 - [MESSAGE][PASSED] - Delayed 2 second(s)

2021-03-30 10:23:37 - [MESSAGE][WARNING] - Object 'Object Repository/POPS App UI/Footer/POPS_Logo_In_Footer' is present but is not visible in viewport (Root cause: com.kms.katalon.core.exception.StepFailedException: Object 'Object Repository/POPS App UI/Footer/POPS_Logo_In_Footer' is present but is not visible in viewport
	at com.kms.katalon.core.webui.keyword.internal.WebUIKeywordMain.stepFailed(WebUIKeywordMain.groovy:64)
	at com.kms.katalon.core.webui.keyword.builtin.VerifyElementVisibleInViewportKeyword$_verifyElementVisibleInViewport_closure1.doCall(VerifyElementVisibleInViewportKeyword.groovy:79)
	at com.kms.katalon.core.webui.keyword.builtin.VerifyElementVisibleInViewportKeyword$_verifyElementVisibleInViewport_closure1.call(VerifyElementVisibleInViewportKeyword.groovy)
	at com.kms.katalon.core.webui.keyword.internal.WebUIKeywordMain.runKeyword(WebUIKeywordMain.groovy:20)
	at com.kms.katalon.core.webui.keyword.builtin.VerifyElementVisibleInViewportKeyword.verifyElementVisibleInViewport(VerifyElementVisibleInViewportKeyword.groovy:86)
	at com.kms.katalon.core.webui.keyword.builtin.VerifyElementVisibleInViewportKeyword.execute(VerifyElementVisibleInViewportKeyword.groovy:68)
	at com.kms.katalon.core.keyword.internal.KeywordExecutor.executeKeywordForPlatform(KeywordExecutor.groovy:73)
	at com.kms.katalon.core.webui.keyword.WebUiBuiltInKeywords.verifyElementInViewport(WebUiBuiltInKeywords.groovy:4050)
	at com.kms.katalon.core.webui.keyword.WebUiBuiltInKeywords$verifyElementInViewport$11.call(Unknown Source)
	at commonActions.BaseActions.ScrollToFooter(BaseActions.groovy:44)
	at commonActions.BaseActions.invokeMethod(BaseActions.groovy)
	at com.kms.katalon.core.main.CustomKeywordDelegatingMetaClass.invokeStaticMethod(CustomKeywordDelegatingMetaClass.java:50)
	at VerifyRecommandationDisplayed.run(VerifyRecommandationDisplayed:24)
	at com.kms.katalon.core.main.ScriptEngine.run(ScriptEngine.java:194)
	at com.kms.katalon.core.main.ScriptEngine.runScriptAsRawText(ScriptEngine.java:119)
	at com.kms.katalon.core.main.TestCaseExecutor.runScript(TestCaseExecutor.java:398)
	at com.kms.katalon.core.main.TestCaseExecutor.doExecute(TestCaseExecutor.java:389)
	at com.kms.katalon.core.main.TestCaseExecutor.processExecutionPhase(TestCaseExecutor.java:368)
	at com.kms.katalon.core.main.TestCaseExecutor.accessMainPhase(TestCaseExecutor.java:360)
	at com.kms.katalon.core.main.TestCaseExecutor.execute(TestCaseExecutor.java:255)
	at com.kms.katalon.core.main.TestSuiteExecutor.accessTestCaseMainPhase(TestSuiteExecutor.java:203)
	at com.kms.katalon.core.main.TestSuiteExecutor.accessTestSuiteMainPhase(TestSuiteExecutor.java:152)
	at com.kms.katalon.core.main.TestSuiteExecutor.execute(TestSuiteExecutor.java:95)
	at com.kms.katalon.core.main.TestCaseMain.startTestSuite(TestCaseMain.java:157)
	at com.kms.katalon.core.main.TestCaseMain$startTestSuite$0.call(Unknown Source)
	at TempTestSuite1617074317162.run(TempTestSuite1617074317162.groovy:39)
)
[[ATTACHMENT|D:\\Working\\AUTO\\KATAWEB\\popstestautomation\\POPSTestAutomation\\Reports\\20210330_101837\\POPS App\\POPSApp_DailySmoke\\20210330_101837\\1617074617093.png]]

2021-03-30 10:23:37 - [MESSAGE][PASSED] - Execute JavaScript 'window.scrollTo(0, document.body.scrollHeight)' successfully

2021-03-30 10:23:39 - [MESSAGE][PASSED] - Delayed 2 second(s)

2021-03-30 10:23:41 - [MESSAGE][WARNING] - Object 'Object Repository/POPS App UI/Footer/POPS_Logo_In_Footer' is present but is not visible in viewport (Root cause: com.kms.katalon.core.exception.StepFailedException: Object 'Object Repository/POPS App UI/Footer/POPS_Logo_In_Footer' is present but is not visible in viewport
	at com.kms.katalon.core.webui.keyword.internal.WebUIKeywordMain.stepFailed(WebUIKeywordMain.groovy:64)
	at com.kms.katalon.core.webui.keyword.builtin.VerifyElementVisibleInViewportKeyword$_verifyElementVisibleInViewport_closure1.doCall(VerifyElementVisibleInViewportKeyword.groovy:79)
	at com.kms.katalon.core.webui.keyword.builtin.VerifyElementVisibleInViewportKeyword$_verifyElementVisibleInViewport_closure1.call(VerifyElementVisibleInViewportKeyword.groovy)
	at com.kms.katalon.core.webui.keyword.internal.WebUIKeywordMain.runKeyword(WebUIKeywordMain.groovy:20)
	at com.kms.katalon.core.webui.keyword.builtin.VerifyElementVisibleInViewportKeyword.verifyElementVisibleInViewport(VerifyElementVisibleInViewportKeyword.groovy:86)
	at com.kms.katalon.core.webui.keyword.builtin.VerifyElementVisibleInViewportKeyword.execute(VerifyElementVisibleInViewportKeyword.groovy:68)
	at com.kms.katalon.core.keyword.internal.KeywordExecutor.executeKeywordForPlatform(KeywordExecutor.groovy:73)
	at com.kms.katalon.core.webui.keyword.WebUiBuiltInKeywords.verifyElementInViewport(WebUiBuiltInKeywords.groovy:4050)
	at com.kms.katalon.core.webui.keyword.WebUiBuiltInKeywords$verifyElementInViewport$11.call(Unknown Source)
	at commonActions.BaseActions.ScrollToFooter(BaseActions.groovy:44)
	at commonActions.BaseActions.invokeMethod(BaseActions.groovy)
	at com.kms.katalon.core.main.CustomKeywordDelegatingMetaClass.invokeStaticMethod(CustomKeywordDelegatingMetaClass.java:50)
	at VerifyRecommandationDisplayed.run(VerifyRecommandationDisplayed:24)
	at com.kms.katalon.core.main.ScriptEngine.run(ScriptEngine.java:194)
	at com.kms.katalon.core.main.ScriptEngine.runScriptAsRawText(ScriptEngine.java:119)
	at com.kms.katalon.core.main.TestCaseExecutor.runScript(TestCaseExecutor.java:398)
	at com.kms.katalon.core.main.TestCaseExecutor.doExecute(TestCaseExecutor.java:389)
	at com.kms.katalon.core.main.TestCaseExecutor.processExecutionPhase(TestCaseExecutor.java:368)
	at com.kms.katalon.core.main.TestCaseExecutor.accessMainPhase(TestCaseExecutor.java:360)
	at com.kms.katalon.core.main.TestCaseExecutor.execute(TestCaseExecutor.java:255)
	at com.kms.katalon.core.main.TestSuiteExecutor.accessTestCaseMainPhase(TestSuiteExecutor.java:203)
	at com.kms.katalon.core.main.TestSuiteExecutor.accessTestSuiteMainPhase(TestSuiteExecutor.java:152)
	at com.kms.katalon.core.main.TestSuiteExecutor.execute(TestSuiteExecutor.java:95)
	at com.kms.katalon.core.main.TestCaseMain.startTestSuite(TestCaseMain.java:157)
	at com.kms.katalon.core.main.TestCaseMain$startTestSuite$0.call(Unknown Source)
	at TempTestSuite1617074317162.run(TempTestSuite1617074317162.groovy:39)
)
[[ATTACHMENT|D:\\Working\\AUTO\\KATAWEB\\popstestautomation\\POPSTestAutomation\\Reports\\20210330_101837\\POPS App\\POPSApp_DailySmoke\\20210330_101837\\1617074620132.png]]

2021-03-30 10:23:41 - [MESSAGE][PASSED] - Execute JavaScript 'window.scrollTo(0, document.body.scrollHeight)' successfully

2021-03-30 10:23:43 - [MESSAGE][PASSED] - Delayed 2 second(s)

2021-03-30 10:23:44 - [MESSAGE][WARNING] - Object 'Object Repository/POPS App UI/Footer/POPS_Logo_In_Footer' is present but is not visible in viewport (Root cause: com.kms.katalon.core.exception.StepFailedException: Object 'Object Repository/POPS App UI/Footer/POPS_Logo_In_Footer' is present but is not visible in viewport
	at com.kms.katalon.core.webui.keyword.internal.WebUIKeywordMain.stepFailed(WebUIKeywordMain.groovy:64)
	at com.kms.katalon.core.webui.keyword.builtin.VerifyElementVisibleInViewportKeyword$_verifyElementVisibleInViewport_closure1.doCall(VerifyElementVisibleInViewportKeyword.groovy:79)
	at com.kms.katalon.core.webui.keyword.builtin.VerifyElementVisibleInViewportKeyword$_verifyElementVisibleInViewport_closure1.call(VerifyElementVisibleInViewportKeyword.groovy)
	at com.kms.katalon.core.webui.keyword.internal.WebUIKeywordMain.runKeyword(WebUIKeywordMain.groovy:20)
	at com.kms.katalon.core.webui.keyword.builtin.VerifyElementVisibleInViewportKeyword.verifyElementVisibleInViewport(VerifyElementVisibleInViewportKeyword.groovy:86)
	at com.kms.katalon.core.webui.keyword.builtin.VerifyElementVisibleInViewportKeyword.execute(VerifyElementVisibleInViewportKeyword.groovy:68)
	at com.kms.katalon.core.keyword.internal.KeywordExecutor.executeKeywordForPlatform(KeywordExecutor.groovy:73)
	at com.kms.katalon.core.webui.keyword.WebUiBuiltInKeywords.verifyElementInViewport(WebUiBuiltInKeywords.groovy:4050)
	at com.kms.katalon.core.webui.keyword.WebUiBuiltInKeywords$verifyElementInViewport$11.call(Unknown Source)
	at commonActions.BaseActions.ScrollToFooter(BaseActions.groovy:44)
	at commonActions.BaseActions.invokeMethod(BaseActions.groovy)
	at com.kms.katalon.core.main.CustomKeywordDelegatingMetaClass.invokeStaticMethod(CustomKeywordDelegatingMetaClass.java:50)
	at VerifyRecommandationDisplayed.run(VerifyRecommandationDisplayed:24)
	at com.kms.katalon.core.main.ScriptEngine.run(ScriptEngine.java:194)
	at com.kms.katalon.core.main.ScriptEngine.runScriptAsRawText(ScriptEngine.java:119)
	at com.kms.katalon.core.main.TestCaseExecutor.runScript(TestCaseExecutor.java:398)
	at com.kms.katalon.core.main.TestCaseExecutor.doExecute(TestCaseExecutor.java:389)
	at com.kms.katalon.core.main.TestCaseExecutor.processExecutionPhase(TestCaseExecutor.java:368)
	at com.kms.katalon.core.main.TestCaseExecutor.accessMainPhase(TestCaseExecutor.java:360)
	at com.kms.katalon.core.main.TestCaseExecutor.execute(TestCaseExecutor.java:255)
	at com.kms.katalon.core.main.TestSuiteExecutor.accessTestCaseMainPhase(TestSuiteExecutor.java:203)
	at com.kms.katalon.core.main.TestSuiteExecutor.accessTestSuiteMainPhase(TestSuiteExecutor.java:152)
	at com.kms.katalon.core.main.TestSuiteExecutor.execute(TestSuiteExecutor.java:95)
	at com.kms.katalon.core.main.TestCaseMain.startTestSuite(TestCaseMain.java:157)
	at com.kms.katalon.core.main.TestCaseMain$startTestSuite$0.call(Unknown Source)
	at TempTestSuite1617074317162.run(TempTestSuite1617074317162.groovy:39)
)
[[ATTACHMENT|D:\\Working\\AUTO\\KATAWEB\\popstestautomation\\POPSTestAutomation\\Reports\\20210330_101837\\POPS App\\POPSApp_DailySmoke\\20210330_101837\\1617074623381.png]]

2021-03-30 10:23:44 - [MESSAGE][PASSED] - Execute JavaScript 'window.scrollTo(0, document.body.scrollHeight)' successfully

2021-03-30 10:23:46 - [MESSAGE][PASSED] - Delayed 2 second(s)

2021-03-30 10:23:47 - [MESSAGE][WARNING] - Object 'Object Repository/POPS App UI/Footer/POPS_Logo_In_Footer' is present but is not visible in viewport (Root cause: com.kms.katalon.core.exception.StepFailedException: Object 'Object Repository/POPS App UI/Footer/POPS_Logo_In_Footer' is present but is not visible in viewport
	at com.kms.katalon.core.webui.keyword.internal.WebUIKeywordMain.stepFailed(WebUIKeywordMain.groovy:64)
	at com.kms.katalon.core.webui.keyword.builtin.VerifyElementVisibleInViewportKeyword$_verifyElementVisibleInViewport_closure1.doCall(VerifyElementVisibleInViewportKeyword.groovy:79)
	at com.kms.katalon.core.webui.keyword.builtin.VerifyElementVisibleInViewportKeyword$_verifyElementVisibleInViewport_closure1.call(VerifyElementVisibleInViewportKeyword.groovy)
	at com.kms.katalon.core.webui.keyword.internal.WebUIKeywordMain.runKeyword(WebUIKeywordMain.groovy:20)
	at com.kms.katalon.core.webui.keyword.builtin.VerifyElementVisibleInViewportKeyword.verifyElementVisibleInViewport(VerifyElementVisibleInViewportKeyword.groovy:86)
	at com.kms.katalon.core.webui.keyword.builtin.VerifyElementVisibleInViewportKeyword.execute(VerifyElementVisibleInViewportKeyword.groovy:68)
	at com.kms.katalon.core.keyword.internal.KeywordExecutor.executeKeywordForPlatform(KeywordExecutor.groovy:73)
	at com.kms.katalon.core.webui.keyword.WebUiBuiltInKeywords.verifyElementInViewport(WebUiBuiltInKeywords.groovy:4050)
	at com.kms.katalon.core.webui.keyword.WebUiBuiltInKeywords$verifyElementInViewport$11.call(Unknown Source)
	at commonActions.BaseActions.ScrollToFooter(BaseActions.groovy:44)
	at commonActions.BaseActions.invokeMethod(BaseActions.groovy)
	at com.kms.katalon.core.main.CustomKeywordDelegatingMetaClass.invokeStaticMethod(CustomKeywordDelegatingMetaClass.java:50)
	at VerifyRecommandationDisplayed.run(VerifyRecommandationDisplayed:24)
	at com.kms.katalon.core.main.ScriptEngine.run(ScriptEngine.java:194)
	at com.kms.katalon.core.main.ScriptEngine.runScriptAsRawText(ScriptEngine.java:119)
	at com.kms.katalon.core.main.TestCaseExecutor.runScript(TestCaseExecutor.java:398)
	at com.kms.katalon.core.main.TestCaseExecutor.doExecute(TestCaseExecutor.java:389)
	at com.kms.katalon.core.main.TestCaseExecutor.processExecutionPhase(TestCaseExecutor.java:368)
	at com.kms.katalon.core.main.TestCaseExecutor.accessMainPhase(TestCaseExecutor.java:360)
	at com.kms.katalon.core.main.TestCaseExecutor.execute(TestCaseExecutor.java:255)
	at com.kms.katalon.core.main.TestSuiteExecutor.accessTestCaseMainPhase(TestSuiteExecutor.java:203)
	at com.kms.katalon.core.main.TestSuiteExecutor.accessTestSuiteMainPhase(TestSuiteExecutor.java:152)
	at com.kms.katalon.core.main.TestSuiteExecutor.execute(TestSuiteExecutor.java:95)
	at com.kms.katalon.core.main.TestCaseMain.startTestSuite(TestCaseMain.java:157)
	at com.kms.katalon.core.main.TestCaseMain$startTestSuite$0.call(Unknown Source)
	at TempTestSuite1617074317162.run(TempTestSuite1617074317162.groovy:39)
)
[[ATTACHMENT|D:\\Working\\AUTO\\KATAWEB\\popstestautomation\\POPSTestAutomation\\Reports\\20210330_101837\\POPS App\\POPSApp_DailySmoke\\20210330_101837\\1617074626411.png]]

2021-03-30 10:23:47 - [MESSAGE][PASSED] - Execute JavaScript 'window.scrollTo(0, document.body.scrollHeight)' successfully

2021-03-30 10:23:49 - [MESSAGE][PASSED] - Delayed 2 second(s)

2021-03-30 10:23:49 - [MESSAGE][PASSED] - Object 'Object Repository/POPS App UI/Footer/POPS_Logo_In_Footer' is present and visible in viewport

2021-03-30 10:23:49 - [MESSAGE][PASSED] - commonActions.BaseActions.ScrollToFooter is PASSED

2021-03-30 10:23:49 - [TEST_STEP][PASSED] - commonActions.PageActions.checkRecommandation(findTestObject("POPS App UI/HomePageUI/RECOMMANDATION_PART")): commonActions.PageActions.checkRecommandation is PASSED

2021-03-30 10:23:51 - [MESSAGE][INFO] - HAR: D:\Working\AUTO\KATAWEB\popstestautomation\POPSTestAutomation\Reports\20210330_101837\POPS App\POPSApp_DailySmoke\20210330_101837\requests\main\31.har

2021-03-30 10:23:51 - [MESSAGE][PASSED] - Send request successfully

2021-03-30 10:23:51 - [MESSAGE][PASSED] - commonActions.PageActions.checkRecommandation is PASSED

2021-03-30 10:23:51 - [TEST_STEP][PASSED] - commonActions.PageActions.checkReCommandationCanClickable(findTestObject("POPS App UI/HomePageUI/RECOMMANDATION_PART")): commonActions.PageActions.checkReCommandationCanClickable is PASSED

2021-03-30 10:23:51 - [MESSAGE][PASSED] - commonActions.PageActions.checkReCommandationCanClickable is PASSED

2021-03-30 10:23:51 - [TEST_STEP][PASSED] - commonActions.PageActions.checkBrokenImages(findTestObject("Object Repository/CommonUI/IMG_THUMNAIL"), "src"): commonActions.PageActions.checkBrokenImages is PASSED

2021-03-30 10:23:52 - [MESSAGE][PASSED] - commonActions.PageActions.checkBrokenImages is PASSED

2021-03-30 10:23:52 - [TEST_STEP][PASSED] - Start listener action : sampleAfterTestCase: null

2021-03-30 10:23:52 - [TEST_STEP][PASSED] - println(testCaseContext.getTestCaseId()): null

2021-03-30 10:23:52 - [TEST_STEP][PASSED] - println(testCaseContext.getTestCaseStatus()): null]]></system-out>
         <system-err><![CDATA[]]></system-err>
      </testcase>
      <system-out><![CDATA[2021-03-30 10:18:48 - [TEST_SUITE][ERROR] - POPSApp_DailySmoke: Test Cases/VideoPlayer/VerifyVideoCanPlay FAILED.
Reason:
org.openqa.selenium.StaleElementReferenceException: stale element reference: element is not attached to the page document
  (Session info: chrome=89.0.4389.90)
For documentation on this error, please visit: https://www.seleniumhq.org/exceptions/stale_element_reference.html
Build info: version: '3.141.59', revision: 'e82be7d358', time: '2018-11-14T08:25:53'
System info: host: 'CA-HUYTHANH', ip: '192.168.56.1', os.name: 'Windows 10', os.arch: 'amd64', os.version: '10.0', java.version: '1.8.0_181'
Driver info: com.kms.katalon.selenium.driver.CChromeDriver
Capabilities {acceptInsecureCerts: false, browserName: chrome, browserVersion: 89.0.4389.90, chrome: {chromedriverVersion: 89.0.4389.23 (61b08ee2c5002..., userDataDir: C:\Users\HUY~1.THA\AppData\...}, goog:chromeOptions: {debuggerAddress: localhost:57966}, javascriptEnabled: true, networkConnectionEnabled: false, pageLoadStrategy: normal, platform: WINDOWS, platformName: WINDOWS, proxy: Proxy(), setWindowRect: true, strictFileInteractability: false, timeouts: {implicit: 0, pageLoad: 300000, script: 30000}, unhandledPromptBehavior: dismiss and notify, webauthn:extension:largeBlob: true, webauthn:virtualAuthenticators: true}
Session ID: e8d2fe34c2984af6b04f1f4e78f21175
	at org.openqa.selenium.remote.http.W3CHttpResponseCodec.createException(W3CHttpResponseCodec.java:187)
	at org.openqa.selenium.remote.http.W3CHttpResponseCodec.decode(W3CHttpResponseCodec.java:122)
	at org.openqa.selenium.remote.http.W3CHttpResponseCodec.decode(W3CHttpResponseCodec.java:49)
	at org.openqa.selenium.remote.HttpCommandExecutor.execute(HttpCommandExecutor.java:158)
	at org.openqa.selenium.remote.service.DriverCommandExecutor.execute(DriverCommandExecutor.java:83)
	at org.openqa.selenium.remote.RemoteWebDriver.execute(RemoteWebDriver.java:552)
	at com.kms.katalon.selenium.driver.CChromeDriver.execute(CChromeDriver.java:19)
	at org.openqa.selenium.remote.RemoteWebElement.execute(RemoteWebElement.java:285)
	at org.openqa.selenium.remote.RemoteWebElement.click(RemoteWebElement.java:84)
	at org.openqa.selenium.support.events.EventFiringWebDriver$EventFiringWebElement.lambda$new$0(EventFiringWebDriver.java:404)
	at com.sun.proxy.$Proxy14.click(Unknown Source)
	at org.openqa.selenium.support.events.EventFiringWebDriver$EventFiringWebElement.click(EventFiringWebDriver.java:417)
	at org.openqa.selenium.WebElement$click$0.call(Unknown Source)
	at commonActions.BaseActions.clickFirstElement(BaseActions.groovy:196)
	at commonActions.BaseActions.invokeMethod(BaseActions.groovy)
	at com.kms.katalon.core.main.CustomKeywordDelegatingMetaClass.invokeStaticMethod(CustomKeywordDelegatingMetaClass.java:50)
	at VerifyVideoCanPlay.run(VerifyVideoCanPlay:33)
	at com.kms.katalon.core.main.ScriptEngine.run(ScriptEngine.java:194)
	at com.kms.katalon.core.main.ScriptEngine.runScriptAsRawText(ScriptEngine.java:119)
	at com.kms.katalon.core.main.TestCaseExecutor.runScript(TestCaseExecutor.java:398)
	at com.kms.katalon.core.main.TestCaseExecutor.doExecute(TestCaseExecutor.java:389)
	at com.kms.katalon.core.main.TestCaseExecutor.processExecutionPhase(TestCaseExecutor.java:368)
	at com.kms.katalon.core.main.TestCaseExecutor.accessMainPhase(TestCaseExecutor.java:360)
	at com.kms.katalon.core.main.TestCaseExecutor.execute(TestCaseExecutor.java:255)
	at com.kms.katalon.core.main.TestSuiteExecutor.accessTestCaseMainPhase(TestSuiteExecutor.java:203)
	at com.kms.katalon.core.main.TestSuiteExecutor.accessTestSuiteMainPhase(TestSuiteExecutor.java:152)
	at com.kms.katalon.core.main.TestSuiteExecutor.execute(TestSuiteExecutor.java:95)
	at com.kms.katalon.core.main.TestCaseMain.startTestSuite(TestCaseMain.java:157)
	at com.kms.katalon.core.main.TestCaseMain$startTestSuite$0.call(Unknown Source)
	at TempTestSuite1617074317162.run(TempTestSuite1617074317162.groovy:39)]]></system-out>
      <system-err><![CDATA[2021-03-30 10:18:48 - [TEST_SUITE][ERROR] - POPSApp_DailySmoke: Test Cases/VideoPlayer/VerifyVideoCanPlay FAILED.
Reason:
org.openqa.selenium.StaleElementReferenceException: stale element reference: element is not attached to the page document
  (Session info: chrome=89.0.4389.90)
For documentation on this error, please visit: https://www.seleniumhq.org/exceptions/stale_element_reference.html
Build info: version: '3.141.59', revision: 'e82be7d358', time: '2018-11-14T08:25:53'
System info: host: 'CA-HUYTHANH', ip: '192.168.56.1', os.name: 'Windows 10', os.arch: 'amd64', os.version: '10.0', java.version: '1.8.0_181'
Driver info: com.kms.katalon.selenium.driver.CChromeDriver
Capabilities {acceptInsecureCerts: false, browserName: chrome, browserVersion: 89.0.4389.90, chrome: {chromedriverVersion: 89.0.4389.23 (61b08ee2c5002..., userDataDir: C:\Users\HUY~1.THA\AppData\...}, goog:chromeOptions: {debuggerAddress: localhost:57966}, javascriptEnabled: true, networkConnectionEnabled: false, pageLoadStrategy: normal, platform: WINDOWS, platformName: WINDOWS, proxy: Proxy(), setWindowRect: true, strictFileInteractability: false, timeouts: {implicit: 0, pageLoad: 300000, script: 30000}, unhandledPromptBehavior: dismiss and notify, webauthn:extension:largeBlob: true, webauthn:virtualAuthenticators: true}
Session ID: e8d2fe34c2984af6b04f1f4e78f21175
	at org.openqa.selenium.remote.http.W3CHttpResponseCodec.createException(W3CHttpResponseCodec.java:187)
	at org.openqa.selenium.remote.http.W3CHttpResponseCodec.decode(W3CHttpResponseCodec.java:122)
	at org.openqa.selenium.remote.http.W3CHttpResponseCodec.decode(W3CHttpResponseCodec.java:49)
	at org.openqa.selenium.remote.HttpCommandExecutor.execute(HttpCommandExecutor.java:158)
	at org.openqa.selenium.remote.service.DriverCommandExecutor.execute(DriverCommandExecutor.java:83)
	at org.openqa.selenium.remote.RemoteWebDriver.execute(RemoteWebDriver.java:552)
	at com.kms.katalon.selenium.driver.CChromeDriver.execute(CChromeDriver.java:19)
	at org.openqa.selenium.remote.RemoteWebElement.execute(RemoteWebElement.java:285)
	at org.openqa.selenium.remote.RemoteWebElement.click(RemoteWebElement.java:84)
	at org.openqa.selenium.support.events.EventFiringWebDriver$EventFiringWebElement.lambda$new$0(EventFiringWebDriver.java:404)
	at com.sun.proxy.$Proxy14.click(Unknown Source)
	at org.openqa.selenium.support.events.EventFiringWebDriver$EventFiringWebElement.click(EventFiringWebDriver.java:417)
	at org.openqa.selenium.WebElement$click$0.call(Unknown Source)
	at commonActions.BaseActions.clickFirstElement(BaseActions.groovy:196)
	at commonActions.BaseActions.invokeMethod(BaseActions.groovy)
	at com.kms.katalon.core.main.CustomKeywordDelegatingMetaClass.invokeStaticMethod(CustomKeywordDelegatingMetaClass.java:50)
	at VerifyVideoCanPlay.run(VerifyVideoCanPlay:33)
	at com.kms.katalon.core.main.ScriptEngine.run(ScriptEngine.java:194)
	at com.kms.katalon.core.main.ScriptEngine.runScriptAsRawText(ScriptEngine.java:119)
	at com.kms.katalon.core.main.TestCaseExecutor.runScript(TestCaseExecutor.java:398)
	at com.kms.katalon.core.main.TestCaseExecutor.doExecute(TestCaseExecutor.java:389)
	at com.kms.katalon.core.main.TestCaseExecutor.processExecutionPhase(TestCaseExecutor.java:368)
	at com.kms.katalon.core.main.TestCaseExecutor.accessMainPhase(TestCaseExecutor.java:360)
	at com.kms.katalon.core.main.TestCaseExecutor.execute(TestCaseExecutor.java:255)
	at com.kms.katalon.core.main.TestSuiteExecutor.accessTestCaseMainPhase(TestSuiteExecutor.java:203)
	at com.kms.katalon.core.main.TestSuiteExecutor.accessTestSuiteMainPhase(TestSuiteExecutor.java:152)
	at com.kms.katalon.core.main.TestSuiteExecutor.execute(TestSuiteExecutor.java:95)
	at com.kms.katalon.core.main.TestCaseMain.startTestSuite(TestCaseMain.java:157)
	at com.kms.katalon.core.main.TestCaseMain$startTestSuite$0.call(Unknown Source)
	at TempTestSuite1617074317162.run(TempTestSuite1617074317162.groovy:39)]]></system-err>
   </testsuite>
</testsuites>
