<?xml version="1.0" encoding="UTF-8"?>
<testsuites name="POPSApp_DailySmoke" time="324.025" tests="11" failures="0" skips="0" errors="1">
   <testsuite name="POPSApp_DailySmoke" tests="11" failures="0" errors="1" time="324.025" skips="0" timestamp="2021-03-31 11:18:47" hostname="huy.thanh - CA-HUYTHANH.pops.local" id="Test Suites/POPS App/POPSApp_DailySmoke">
      <properties>
         <property name="deviceName" value=""/>
         <property name="devicePlatform" value=""/>
         <property name="logFolder" value="D:\\Working\\AUTO\\KATAWEB\\popstestautomation\\POPSTestAutomation\\Reports\\20210331_111836\\POPS App\\POPSApp_DailySmoke\\20210331_111836"/>
         <property name="logFiles" value="D:\\Working\\AUTO\\KATAWEB\\popstestautomation\\POPSTestAutomation\\Reports\\20210331_111836\\POPS App\\POPSApp_DailySmoke\\20210331_111836\\execution0.log"/>
         <property name="attachments" value="D:\\Working\\AUTO\\KATAWEB\\popstestautomation\\POPSTestAutomation\\Reports\\20210331_111836\\POPS App\\POPSApp_DailySmoke\\20210331_111836\\Data Files/tmp/tc1/ActualmyScreenshot.png, D:\\Working\\AUTO\\KATAWEB\\popstestautomation\\POPSTestAutomation\\Reports\\20210331_111836\\POPS App\\POPSApp_DailySmoke\\20210331_111836\\Data Files/tmp/tc1/ActualanotherScreenshot.png, D:\\Working\\AUTO\\KATAWEB\\popstestautomation\\POPSTestAutomation\\Reports\\20210331_111836\\POPS App\\POPSApp_DailySmoke\\20210331_111836\\1617164527823.png, D:\\Working\\AUTO\\KATAWEB\\popstestautomation\\POPSTestAutomation\\Reports\\20210331_111836\\POPS App\\POPSApp_DailySmoke\\20210331_111836\\1617164531002.png, D:\\Working\\AUTO\\KATAWEB\\popstestautomation\\POPSTestAutomation\\Reports\\20210331_111836\\POPS App\\POPSApp_DailySmoke\\20210331_111836\\1617164533985.png, D:\\Working\\AUTO\\KATAWEB\\popstestautomation\\POPSTestAutomation\\Reports\\20210331_111836\\POPS App\\POPSApp_DailySmoke\\20210331_111836\\1617164536991.png, D:\\Working\\AUTO\\KATAWEB\\popstestautomation\\POPSTestAutomation\\Reports\\20210331_111836\\POPS App\\POPSApp_DailySmoke\\20210331_111836\\1617164540031.png, D:\\Working\\AUTO\\KATAWEB\\popstestautomation\\POPSTestAutomation\\Reports\\20210331_111836\\POPS App\\POPSApp_DailySmoke\\20210331_111836\\1617164543125.png, D:\\Working\\AUTO\\KATAWEB\\popstestautomation\\POPSTestAutomation\\Reports\\20210331_111836\\POPS App\\POPSApp_DailySmoke\\20210331_111836\\1617164546290.png, D:\\Working\\AUTO\\KATAWEB\\popstestautomation\\POPSTestAutomation\\Reports\\20210331_111836\\POPS App\\POPSApp_DailySmoke\\20210331_111836\\1617164609523.png, D:\\Working\\AUTO\\KATAWEB\\popstestautomation\\POPSTestAutomation\\Reports\\20210331_111836\\POPS App\\POPSApp_DailySmoke\\20210331_111836\\1617164613503.png, D:\\Working\\AUTO\\KATAWEB\\popstestautomation\\POPSTestAutomation\\Reports\\20210331_111836\\POPS App\\POPSApp_DailySmoke\\20210331_111836\\1617164616497.png, D:\\Working\\AUTO\\KATAWEB\\popstestautomation\\POPSTestAutomation\\Reports\\20210331_111836\\POPS App\\POPSApp_DailySmoke\\20210331_111836\\1617164619533.png, D:\\Working\\AUTO\\KATAWEB\\popstestautomation\\POPSTestAutomation\\Reports\\20210331_111836\\POPS App\\POPSApp_DailySmoke\\20210331_111836\\1617164622506.png, D:\\Working\\AUTO\\KATAWEB\\popstestautomation\\POPSTestAutomation\\Reports\\20210331_111836\\POPS App\\POPSApp_DailySmoke\\20210331_111836\\1617164634164.png, D:\\Working\\AUTO\\KATAWEB\\popstestautomation\\POPSTestAutomation\\Reports\\20210331_111836\\POPS App\\POPSApp_DailySmoke\\20210331_111836\\1617164637040.png, D:\\Working\\AUTO\\KATAWEB\\popstestautomation\\POPSTestAutomation\\Reports\\20210331_111836\\POPS App\\POPSApp_DailySmoke\\20210331_111836\\1617164640065.png, D:\\Working\\AUTO\\KATAWEB\\popstestautomation\\POPSTestAutomation\\Reports\\20210331_111836\\POPS App\\POPSApp_DailySmoke\\20210331_111836\\1617164643033.png"/>
         <property name="hostName" value="huy.thanh - CA-HUYTHANH.pops.local"/>
         <property name="os" value="Windows 10 64bit"/>
         <property name="katalonVersion" value="7.9.0.208"/>
         <property name="browser" value="Chrome 89.0.4389.90"/>
         <property name="hostAddress" value="192.168.56.1"/>
         <property name="sessionId" value="ff40c15955c971badedbe36508458aef"/>
         <property name="seleniumVersion" value="3.141.59"/>
         <property name="proxyInformation" value="ProxyInformation { proxyOption=NO_PROXY, proxyServerType=HTTP, username=, password=********, proxyServerAddress=, proxyServerPort=0, executionList=&quot;&quot;, isApplyToDesiredCapabilities=true }"/>
         <property name="platform" value="Windows 10"/>
      </properties>
      <testcase name="Test Cases/VideoPlayer/VerifyNextVideoByClickingButton" time="61.045" classname="Test Cases/VideoPlayer/VerifyNextVideoByClickingButton" status="PASSED">
         <system-out><![CDATA[2021-03-31 11:18:48 - [TEST_CASE][PASSED] - Test Cases/VideoPlayer/VerifyNextVideoByClickingButton: Test Cases/VideoPlayer/VerifyNextVideoByClickingButton

2021-03-31 11:18:48 - [TEST_STEP][PASSED] - Start listener action : sampleBeforeTestCase: null

2021-03-31 11:18:48 - [TEST_STEP][PASSED] - println(testCaseContext.getTestCaseId()): null

2021-03-31 11:18:48 - [TEST_STEP][PASSED] - println(testCaseContext.getTestCaseVariables()): null

2021-03-31 11:18:48 - [TEST_STEP][PASSED] - openBrowser(SourceURL): Browser is opened with url: 'https://pops.vn/'

2021-03-31 11:18:49 - [MESSAGE][INFO] - Starting 'Chrome' driver

2021-03-31 11:18:49 - [MESSAGE][INFO] - Action delay is set to 0 milliseconds

2021-03-31 11:18:52 - [MESSAGE][PASSED] - Browser is opened with url: 'https://pops.vn/'

2021-03-31 11:18:52 - [TEST_STEP][PASSED] - maximizeWindow(): Current window maximized

2021-03-31 11:18:52 - [MESSAGE][PASSED] - Current window maximized

2021-03-31 11:18:52 - [TEST_STEP][PASSED] - click(findTestObject("SearchPageUI/TEXTBOX_SEARCH")): Object: 'Object Repository/SearchPageUI/TEXTBOX_SEARCH' is clicked on

2021-03-31 11:18:54 - [MESSAGE][PASSED] - Object: 'Object Repository/SearchPageUI/TEXTBOX_SEARCH' is clicked on

2021-03-31 11:18:54 - [TEST_STEP][PASSED] - commonActions.SearchActions.verifyComicSuggest(findTestObject("SearchPageUI/COMIC_ITEMS")): commonActions.SearchActions.verifyComicSuggest is PASSED

2021-03-31 11:18:55 - [MESSAGE][INFO] - HAR: D:\Working\AUTO\KATAWEB\popstestautomation\POPSTestAutomation\Reports\20210331_111836\POPS App\POPSApp_DailySmoke\20210331_111836\requests\main\0.har

2021-03-31 11:18:55 - [MESSAGE][PASSED] - Send request successfully

2021-03-31 11:18:55 - [MESSAGE][PASSED] - Object 'Object Repository/SearchPageUI/COMIC_ITEMS' is present

2021-03-31 11:18:56 - [MESSAGE][INFO] - HAR: D:\Working\AUTO\KATAWEB\popstestautomation\POPSTestAutomation\Reports\20210331_111836\POPS App\POPSApp_DailySmoke\20210331_111836\requests\main\1.har

2021-03-31 11:18:56 - [MESSAGE][PASSED] - Send request successfully

2021-03-31 11:18:56 - [MESSAGE][PASSED] - commonActions.SearchActions.verifyComicSuggest is PASSED

2021-03-31 11:18:56 - [TEST_STEP][PASSED] - commonActions.SearchActions.verifyVideoSuggest(findTestObject("SearchPageUI/VIDEO_ITEMS")): commonActions.SearchActions.verifyVideoSuggest is PASSED

2021-03-31 11:18:56 - [MESSAGE][INFO] - HAR: D:\Working\AUTO\KATAWEB\popstestautomation\POPSTestAutomation\Reports\20210331_111836\POPS App\POPSApp_DailySmoke\20210331_111836\requests\main\2.har

2021-03-31 11:18:56 - [MESSAGE][PASSED] - Send request successfully

2021-03-31 11:18:56 - [MESSAGE][PASSED] - Object 'Object Repository/SearchPageUI/VIDEO_ITEMS' is present

2021-03-31 11:18:56 - [MESSAGE][INFO] - HAR: D:\Working\AUTO\KATAWEB\popstestautomation\POPSTestAutomation\Reports\20210331_111836\POPS App\POPSApp_DailySmoke\20210331_111836\requests\main\3.har

2021-03-31 11:18:56 - [MESSAGE][PASSED] - Send request successfully

2021-03-31 11:18:56 - [MESSAGE][PASSED] - commonActions.SearchActions.verifyVideoSuggest is PASSED

2021-03-31 11:18:56 - [TEST_STEP][PASSED] - commonActions.SearchActions.searchAnyVideo(findTestObject("SearchPageUI/TEXTBOX_SEARCH"), "conan"): commonActions.SearchActions.searchAnyVideo is PASSED

2021-03-31 11:18:56 - [MESSAGE][WARNING] - Timeout '0' is invalid. Using default page load timeout: '30'

2021-03-31 11:18:57 - [MESSAGE][PASSED] - Object 'Object Repository/SearchPageUI/TEXTBOX_SEARCH' is present

2021-03-31 11:18:57 - [MESSAGE][PASSED] - Text of object 'Object Repository/SearchPageUI/TEXTBOX_SEARCH' is cleared

2021-03-31 11:18:58 - [MESSAGE][PASSED] - Text 'conan' is set on object 'Object Repository/SearchPageUI/TEXTBOX_SEARCH'

2021-03-31 11:18:59 - [MESSAGE][PASSED] - Object: 'Object Repository/SearchPageUI/ICON_SEARCH_BUTTON' is clicked on

2021-03-31 11:18:59 - [MESSAGE][WARNING] - Timeout '0' is invalid. Using default page load timeout: '30'

2021-03-31 11:19:01 - [MESSAGE][PASSED] - commonActions.SearchActions.searchAnyVideo is PASSED

2021-03-31 11:19:01 - [TEST_STEP][PASSED] - waitForElementPresent(findTestObject("SearchPageUI/RESULT_ELEMENTS"), 1): Object 'Object Repository/SearchPageUI/RESULT_ELEMENTS' is present

2021-03-31 11:19:01 - [MESSAGE][PASSED] - Object 'Object Repository/SearchPageUI/RESULT_ELEMENTS' is present

2021-03-31 11:19:01 - [TEST_STEP][PASSED] - commonActions.BaseActions.clickFirstElement(findTestObject("SearchPageUI/RESULT_ELEMENTS"), 0): commonActions.BaseActions.clickFirstElement is PASSED

2021-03-31 11:19:01 - [MESSAGE][PASSED] - commonActions.BaseActions.clickFirstElement is PASSED

2021-03-31 11:19:01 - [TEST_STEP][PASSED] - commonActions.BaseActions.clickFirstElement(findTestObject("SearchPageUI/LIST_TITLE_RESULT"), 0): commonActions.BaseActions.clickFirstElement is PASSED

2021-03-31 11:19:02 - [MESSAGE][PASSED] - commonActions.BaseActions.clickFirstElement is PASSED

2021-03-31 11:19:02 - [TEST_STEP][PASSED] - commonActions.VideoPlayer.nextVideoByClicking(findTestObject("VideoDetailPageUI/video_frame")): commonActions.VideoPlayer.nextVideoByClicking is PASSED

2021-03-31 11:19:20 - [MESSAGE][PASSED] - Object 'Object Repository/VideoDetailPageUI/video_frame' is present

2021-03-31 11:19:20 - [MESSAGE][WARNING] - Timeout '0' is invalid. Using default page load timeout: '30'

2021-03-31 11:19:22 - [MESSAGE][PASSED] - Scroll to object 'Object Repository/VideoDetailPageUI/NEXT_VIDEO_TITLE_TEXT' successfully

2021-03-31 11:19:48 - [MESSAGE][PASSED] - Delayed 25 second(s)

2021-03-31 11:19:48 - [MESSAGE][PASSED] - Object: 'Object Repository/VideoDetailPageUI/video_frame' is clicked on

2021-03-31 11:19:48 - [MESSAGE][PASSED] - Execute JavaScript 'arguments[0].click()' successfully

2021-03-31 11:19:48 - [MESSAGE][PASSED] - commonActions.VideoPlayer.nextVideoByClicking is PASSED

2021-03-31 11:19:48 - [TEST_STEP][PASSED] - closeBrowser(): Browser is closed

2021-03-31 11:19:49 - [MESSAGE][PASSED] - Browser is closed

2021-03-31 11:19:49 - [TEST_STEP][PASSED] - Start listener action : sampleAfterTestCase: null

2021-03-31 11:19:49 - [TEST_STEP][PASSED] - println(testCaseContext.getTestCaseId()): null

2021-03-31 11:19:49 - [TEST_STEP][PASSED] - println(testCaseContext.getTestCaseStatus()): null]]></system-out>
         <system-err><![CDATA[]]></system-err>
      </testcase>
      <testcase name="Test Cases/VideoPlayer/VerifyVideoCanPlay" time="63.207" classname="Test Cases/VideoPlayer/VerifyVideoCanPlay" status="PASSED">
         <system-out><![CDATA[2021-03-31 11:19:49 - [TEST_CASE][PASSED] - Test Cases/VideoPlayer/VerifyVideoCanPlay: Test Cases/VideoPlayer/VerifyVideoCanPlay

2021-03-31 11:19:49 - [TEST_STEP][PASSED] - Start listener action : sampleBeforeTestCase: null

2021-03-31 11:19:49 - [TEST_STEP][PASSED] - println(testCaseContext.getTestCaseId()): null

2021-03-31 11:19:49 - [TEST_STEP][PASSED] - println(testCaseContext.getTestCaseVariables()): null

2021-03-31 11:19:49 - [TEST_STEP][PASSED] - openBrowser(SourceURL): Browser is opened with url: 'https://pops.vn/'

2021-03-31 11:19:49 - [MESSAGE][INFO] - Starting 'Chrome' driver

2021-03-31 11:19:49 - [MESSAGE][INFO] - Action delay is set to 0 milliseconds

2021-03-31 11:19:52 - [MESSAGE][PASSED] - Browser is opened with url: 'https://pops.vn/'

2021-03-31 11:19:52 - [TEST_STEP][PASSED] - maximizeWindow(): Current window maximized

2021-03-31 11:19:52 - [MESSAGE][PASSED] - Current window maximized

2021-03-31 11:19:52 - [TEST_STEP][PASSED] - click(findTestObject("SearchPageUI/TEXTBOX_SEARCH")): Object: 'Object Repository/SearchPageUI/TEXTBOX_SEARCH' is clicked on

2021-03-31 11:19:55 - [MESSAGE][PASSED] - Object: 'Object Repository/SearchPageUI/TEXTBOX_SEARCH' is clicked on

2021-03-31 11:19:55 - [TEST_STEP][PASSED] - commonActions.SearchActions.verifyComicSuggest(findTestObject("SearchPageUI/COMIC_ITEMS")): commonActions.SearchActions.verifyComicSuggest is PASSED

2021-03-31 11:19:55 - [MESSAGE][INFO] - HAR: D:\Working\AUTO\KATAWEB\popstestautomation\POPSTestAutomation\Reports\20210331_111836\POPS App\POPSApp_DailySmoke\20210331_111836\requests\main\4.har

2021-03-31 11:19:55 - [MESSAGE][PASSED] - Send request successfully

2021-03-31 11:19:56 - [MESSAGE][PASSED] - Object 'Object Repository/SearchPageUI/COMIC_ITEMS' is present

2021-03-31 11:19:56 - [MESSAGE][INFO] - HAR: D:\Working\AUTO\KATAWEB\popstestautomation\POPSTestAutomation\Reports\20210331_111836\POPS App\POPSApp_DailySmoke\20210331_111836\requests\main\5.har

2021-03-31 11:19:56 - [MESSAGE][PASSED] - Send request successfully

2021-03-31 11:19:56 - [MESSAGE][PASSED] - commonActions.SearchActions.verifyComicSuggest is PASSED

2021-03-31 11:19:56 - [TEST_STEP][PASSED] - commonActions.SearchActions.verifyVideoSuggest(findTestObject("SearchPageUI/VIDEO_ITEMS")): commonActions.SearchActions.verifyVideoSuggest is PASSED

2021-03-31 11:19:57 - [MESSAGE][INFO] - HAR: D:\Working\AUTO\KATAWEB\popstestautomation\POPSTestAutomation\Reports\20210331_111836\POPS App\POPSApp_DailySmoke\20210331_111836\requests\main\6.har

2021-03-31 11:19:57 - [MESSAGE][PASSED] - Send request successfully

2021-03-31 11:19:57 - [MESSAGE][PASSED] - Object 'Object Repository/SearchPageUI/VIDEO_ITEMS' is present

2021-03-31 11:19:57 - [MESSAGE][INFO] - HAR: D:\Working\AUTO\KATAWEB\popstestautomation\POPSTestAutomation\Reports\20210331_111836\POPS App\POPSApp_DailySmoke\20210331_111836\requests\main\7.har

2021-03-31 11:19:57 - [MESSAGE][PASSED] - Send request successfully

2021-03-31 11:19:57 - [MESSAGE][PASSED] - commonActions.SearchActions.verifyVideoSuggest is PASSED

2021-03-31 11:19:57 - [TEST_STEP][PASSED] - commonActions.SearchActions.searchAnyVideo(findTestObject("SearchPageUI/TEXTBOX_SEARCH"), "conan"): commonActions.SearchActions.searchAnyVideo is PASSED

2021-03-31 11:19:57 - [MESSAGE][WARNING] - Timeout '0' is invalid. Using default page load timeout: '30'

2021-03-31 11:19:58 - [MESSAGE][PASSED] - Object 'Object Repository/SearchPageUI/TEXTBOX_SEARCH' is present

2021-03-31 11:19:58 - [MESSAGE][PASSED] - Text of object 'Object Repository/SearchPageUI/TEXTBOX_SEARCH' is cleared

2021-03-31 11:19:59 - [MESSAGE][PASSED] - Text 'conan' is set on object 'Object Repository/SearchPageUI/TEXTBOX_SEARCH'

2021-03-31 11:20:00 - [MESSAGE][PASSED] - Object: 'Object Repository/SearchPageUI/ICON_SEARCH_BUTTON' is clicked on

2021-03-31 11:20:00 - [MESSAGE][WARNING] - Timeout '0' is invalid. Using default page load timeout: '30'

2021-03-31 11:20:01 - [MESSAGE][PASSED] - commonActions.SearchActions.searchAnyVideo is PASSED

2021-03-31 11:20:01 - [TEST_STEP][PASSED] - commonActions.BaseActions.clickFirstElement(findTestObject("SearchPageUI/RESULT_ELEMENTS"), 0): commonActions.BaseActions.clickFirstElement is PASSED

2021-03-31 11:20:02 - [MESSAGE][PASSED] - commonActions.BaseActions.clickFirstElement is PASSED

2021-03-31 11:20:02 - [TEST_STEP][PASSED] - commonActions.BaseActions.ClickElementsByJS(findTestObject("SearchPageUI/LIST_TITLE_RESULT"), 3): commonActions.BaseActions.ClickElementsByJS is PASSED

2021-03-31 11:20:03 - [MESSAGE][PASSED] - Execute JavaScript 'arguments[0].click()' successfully

2021-03-31 11:20:03 - [MESSAGE][PASSED] - commonActions.BaseActions.ClickElementsByJS is PASSED

2021-03-31 11:20:03 - [TEST_STEP][PASSED] - commonActions.VideoPlayer.verifyPlayer(25): commonActions.VideoPlayer.verifyPlayer is PASSED

2021-03-31 11:20:03 - [MESSAGE][WARNING] - Timeout '0' is invalid. Using default page load timeout: '30'

2021-03-31 11:20:24 - [MESSAGE][INFO] - 0 hidden object(s)

2021-03-31 11:20:24 - [MESSAGE][PASSED] - Taking screenshot successfully
[[ATTACHMENT|D:\\Working\\AUTO\\KATAWEB\\popstestautomation\\POPSTestAutomation\\Reports\\20210331_111836\\POPS App\\POPSApp_DailySmoke\\20210331_111836\\Data Files/tmp/tc1/ActualmyScreenshot.png]]

2021-03-31 11:20:49 - [MESSAGE][PASSED] - Delayed 25 second(s)

2021-03-31 11:20:49 - [MESSAGE][WARNING] - Timeout '0' is invalid. Using default page load timeout: '30'

2021-03-31 11:20:51 - [MESSAGE][INFO] - 0 hidden object(s)

2021-03-31 11:20:51 - [MESSAGE][PASSED] - Taking screenshot successfully
[[ATTACHMENT|D:\\Working\\AUTO\\KATAWEB\\popstestautomation\\POPSTestAutomation\\Reports\\20210331_111836\\POPS App\\POPSApp_DailySmoke\\20210331_111836\\Data Files/tmp/tc1/ActualanotherScreenshot.png]]

2021-03-31 11:20:52 - [MESSAGE][PASSED] - commonActions.VideoPlayer.verifyPlayer is PASSED

2021-03-31 11:20:52 - [TEST_STEP][PASSED] - closeBrowser(): Browser is closed

2021-03-31 11:20:52 - [MESSAGE][PASSED] - Browser is closed

2021-03-31 11:20:52 - [TEST_STEP][PASSED] - Start listener action : sampleAfterTestCase: null

2021-03-31 11:20:52 - [TEST_STEP][PASSED] - println(testCaseContext.getTestCaseId()): null

2021-03-31 11:20:52 - [TEST_STEP][PASSED] - println(testCaseContext.getTestCaseStatus()): null]]></system-out>
         <system-err><![CDATA[]]></system-err>
      </testcase>
      <testcase name="Test Cases/UnlockComic/VerifyUnlockComic" time="41.443" classname="Test Cases/UnlockComic/VerifyUnlockComic" status="PASSED">
         <system-out><![CDATA[2021-03-31 11:20:52 - [TEST_CASE][PASSED] - Test Cases/UnlockComic/VerifyUnlockComic: Test Cases/UnlockComic/VerifyUnlockComic

2021-03-31 11:20:52 - [TEST_STEP][PASSED] - Start listener action : sampleBeforeTestCase: null

2021-03-31 11:20:52 - [TEST_STEP][PASSED] - println(testCaseContext.getTestCaseId()): null

2021-03-31 11:20:52 - [TEST_STEP][PASSED] - println(testCaseContext.getTestCaseVariables()): null

2021-03-31 11:20:53 - [TEST_STEP][PASSED] - openBrowser(SourceURL): Browser is opened with url: 'https://pops.vn/'

2021-03-31 11:20:53 - [MESSAGE][INFO] - Starting 'Chrome' driver

2021-03-31 11:20:53 - [MESSAGE][INFO] - Action delay is set to 0 milliseconds

2021-03-31 11:20:58 - [MESSAGE][PASSED] - Browser is opened with url: 'https://pops.vn/'

2021-03-31 11:20:58 - [TEST_STEP][PASSED] - maximizeWindow(): Current window maximized

2021-03-31 11:20:58 - [MESSAGE][PASSED] - Current window maximized

2021-03-31 11:20:58 - [TEST_STEP][PASSED] - commonActions.SignInActions.SignInWithValidAccount("huy.thanh@pops.vn", "12345678"): commonActions.SignInActions.SignInWithValidAccount is PASSED

2021-03-31 11:20:59 - [MESSAGE][PASSED] - Object: 'Object Repository/POPS App UI/TopMenu/button_DangNhap' is clicked on

2021-03-31 11:20:59 - [TEST_CASE][PASSED] - Test Cases/POPS App/CommonTestCases/SignInWithAccount: Test Cases/POPS App/CommonTestCases/SignInWithAccount

2021-03-31 11:20:59 - [TEST_STEP][PASSED] - setText(findTestObject("POPS App UI/SignIn_DangNhap/input_Email"), Email): Text 'huy.thanh@pops.vn' is set on object 'Object Repository/POPS App UI/SignIn_DangNhap/input_Email'

2021-03-31 11:21:01 - [MESSAGE][PASSED] - Text 'huy.thanh@pops.vn' is set on object 'Object Repository/POPS App UI/SignIn_DangNhap/input_Email'

2021-03-31 11:21:01 - [TEST_STEP][PASSED] - setText(findTestObject("POPS App UI/SignIn_DangNhap/input_Password"), Password): Text '12345678' is set on object 'Object Repository/POPS App UI/SignIn_DangNhap/input_Password'

2021-03-31 11:21:02 - [MESSAGE][PASSED] - Text '12345678' is set on object 'Object Repository/POPS App UI/SignIn_DangNhap/input_Password'

2021-03-31 11:21:02 - [TEST_STEP][PASSED] - click(findTestObject("POPS App UI/SignIn_DangNhap/button_DangNhap")): Object: 'Object Repository/POPS App UI/SignIn_DangNhap/button_DangNhap' is clicked on

2021-03-31 11:21:02 - [MESSAGE][PASSED] - Object: 'Object Repository/POPS App UI/SignIn_DangNhap/button_DangNhap' is clicked on

2021-03-31 11:21:02 - [MESSAGE][PASSED] - Call Test Case 'Test Cases/POPS App/CommonTestCases/SignInWithAccount' successfully

2021-03-31 11:21:06 - [MESSAGE][PASSED] - Web element with id: 'Object Repository/POPS App UI/TopMenu/button_DangNhap' located by 'By.xpath: //div[@id='__next']/main/div/header/div[2]/div[2]/div[3]/a' is not present after '3' second(s)

2021-03-31 11:21:06 - [MESSAGE][PASSED] - commonActions.SignInActions.SignInWithValidAccount is PASSED

2021-03-31 11:21:06 - [TEST_STEP][PASSED] - commonActions.SearchActions.searchAnyComic(findTestObject("SearchPageUI/TEXTBOX_SEARCH"), APICMS.getComicNameCanUnlock()): commonActions.SearchActions.searchAnyComic is PASSED

2021-03-31 11:21:07 - [MESSAGE][INFO] - HAR: D:\Working\AUTO\KATAWEB\popstestautomation\POPSTestAutomation\Reports\20210331_111836\POPS App\POPSApp_DailySmoke\20210331_111836\requests\main\8.har

2021-03-31 11:21:07 - [MESSAGE][PASSED] - Send request successfully

2021-03-31 11:21:08 - [MESSAGE][INFO] - HAR: D:\Working\AUTO\KATAWEB\popstestautomation\POPSTestAutomation\Reports\20210331_111836\POPS App\POPSApp_DailySmoke\20210331_111836\requests\main\9.har

2021-03-31 11:21:08 - [MESSAGE][PASSED] - Send request successfully

2021-03-31 11:21:08 - [MESSAGE][INFO] - HAR: D:\Working\AUTO\KATAWEB\popstestautomation\POPSTestAutomation\Reports\20210331_111836\POPS App\POPSApp_DailySmoke\20210331_111836\requests\main\10.har

2021-03-31 11:21:08 - [MESSAGE][PASSED] - Send request successfully

2021-03-31 11:21:09 - [MESSAGE][INFO] - HAR: D:\Working\AUTO\KATAWEB\popstestautomation\POPSTestAutomation\Reports\20210331_111836\POPS App\POPSApp_DailySmoke\20210331_111836\requests\main\11.har

2021-03-31 11:21:09 - [MESSAGE][PASSED] - Send request successfully

2021-03-31 11:21:09 - [MESSAGE][INFO] - HAR: D:\Working\AUTO\KATAWEB\popstestautomation\POPSTestAutomation\Reports\20210331_111836\POPS App\POPSApp_DailySmoke\20210331_111836\requests\main\12.har

2021-03-31 11:21:09 - [MESSAGE][PASSED] - Send request successfully

2021-03-31 11:21:10 - [MESSAGE][INFO] - HAR: D:\Working\AUTO\KATAWEB\popstestautomation\POPSTestAutomation\Reports\20210331_111836\POPS App\POPSApp_DailySmoke\20210331_111836\requests\main\13.har

2021-03-31 11:21:10 - [MESSAGE][PASSED] - Send request successfully

2021-03-31 11:21:10 - [MESSAGE][INFO] - HAR: D:\Working\AUTO\KATAWEB\popstestautomation\POPSTestAutomation\Reports\20210331_111836\POPS App\POPSApp_DailySmoke\20210331_111836\requests\main\14.har

2021-03-31 11:21:10 - [MESSAGE][PASSED] - Send request successfully

2021-03-31 11:21:11 - [MESSAGE][INFO] - HAR: D:\Working\AUTO\KATAWEB\popstestautomation\POPSTestAutomation\Reports\20210331_111836\POPS App\POPSApp_DailySmoke\20210331_111836\requests\main\15.har

2021-03-31 11:21:11 - [MESSAGE][PASSED] - Send request successfully

2021-03-31 11:21:12 - [MESSAGE][INFO] - HAR: D:\Working\AUTO\KATAWEB\popstestautomation\POPSTestAutomation\Reports\20210331_111836\POPS App\POPSApp_DailySmoke\20210331_111836\requests\main\16.har

2021-03-31 11:21:12 - [MESSAGE][PASSED] - Send request successfully

2021-03-31 11:21:13 - [MESSAGE][INFO] - HAR: D:\Working\AUTO\KATAWEB\popstestautomation\POPSTestAutomation\Reports\20210331_111836\POPS App\POPSApp_DailySmoke\20210331_111836\requests\main\17.har

2021-03-31 11:21:13 - [MESSAGE][PASSED] - Send request successfully

2021-03-31 11:21:14 - [MESSAGE][INFO] - HAR: D:\Working\AUTO\KATAWEB\popstestautomation\POPSTestAutomation\Reports\20210331_111836\POPS App\POPSApp_DailySmoke\20210331_111836\requests\main\18.har

2021-03-31 11:21:14 - [MESSAGE][PASSED] - Send request successfully

2021-03-31 11:21:14 - [MESSAGE][INFO] - HAR: D:\Working\AUTO\KATAWEB\popstestautomation\POPSTestAutomation\Reports\20210331_111836\POPS App\POPSApp_DailySmoke\20210331_111836\requests\main\19.har

2021-03-31 11:21:14 - [MESSAGE][PASSED] - Send request successfully

2021-03-31 11:21:15 - [MESSAGE][INFO] - HAR: D:\Working\AUTO\KATAWEB\popstestautomation\POPSTestAutomation\Reports\20210331_111836\POPS App\POPSApp_DailySmoke\20210331_111836\requests\main\20.har

2021-03-31 11:21:15 - [MESSAGE][PASSED] - Send request successfully

2021-03-31 11:21:15 - [MESSAGE][INFO] - HAR: D:\Working\AUTO\KATAWEB\popstestautomation\POPSTestAutomation\Reports\20210331_111836\POPS App\POPSApp_DailySmoke\20210331_111836\requests\main\21.har

2021-03-31 11:21:15 - [MESSAGE][PASSED] - Send request successfully

2021-03-31 11:21:16 - [MESSAGE][INFO] - HAR: D:\Working\AUTO\KATAWEB\popstestautomation\POPSTestAutomation\Reports\20210331_111836\POPS App\POPSApp_DailySmoke\20210331_111836\requests\main\22.har

2021-03-31 11:21:16 - [MESSAGE][PASSED] - Send request successfully

2021-03-31 11:21:16 - [MESSAGE][WARNING] - Timeout '0' is invalid. Using default page load timeout: '30'

2021-03-31 11:21:16 - [MESSAGE][PASSED] - Object 'Object Repository/SearchPageUI/TEXTBOX_SEARCH' is present

2021-03-31 11:21:16 - [MESSAGE][PASSED] - Text of object 'Object Repository/SearchPageUI/TEXTBOX_SEARCH' is cleared

2021-03-31 11:21:18 - [MESSAGE][PASSED] - Text 'Hầu Nữ Và Công Tước Ma Cà Rồng' is set on object 'Object Repository/SearchPageUI/TEXTBOX_SEARCH'

2021-03-31 11:21:18 - [MESSAGE][PASSED] - Object: 'Object Repository/SearchPageUI/ICON_SEARCH_BUTTON' is clicked on

2021-03-31 11:21:18 - [MESSAGE][WARNING] - Timeout '0' is invalid. Using default page load timeout: '30'

2021-03-31 11:21:20 - [MESSAGE][PASSED] - commonActions.SearchActions.searchAnyComic is PASSED

2021-03-31 11:21:20 - [TEST_STEP][PASSED] - commonActions.BaseActions.clickFirstElement(findTestObject("SearchPageUI/COMIC_RESULT_ITEMS")): commonActions.BaseActions.clickFirstElement is PASSED

2021-03-31 11:21:20 - [MESSAGE][PASSED] - commonActions.BaseActions.clickFirstElement is PASSED

2021-03-31 11:21:20 - [TEST_STEP][PASSED] - click(findTestObject("ComicPageUI/COMICDETAILPAGEUI/BUTTON_SORT")): Object: 'Object Repository/ComicPageUI/COMICDETAILPAGEUI/BUTTON_SORT' is clicked on

2021-03-31 11:21:21 - [MESSAGE][PASSED] - Object: 'Object Repository/ComicPageUI/COMICDETAILPAGEUI/BUTTON_SORT' is clicked on

2021-03-31 11:21:21 - [TEST_STEP][PASSED] - commonActions.Comics.checkUnlockChapterVisible(findTestObject("ComicPageUI/COMICDETAILPAGEUI/BUTTON_STAR_ICON")): commonActions.Comics.checkUnlockChapterVisible is PASSED

2021-03-31 11:21:28 - [MESSAGE][INFO] - Unable to find the element located by 'By.xpath: //div[@class='chapter-list']//*[name()='g' and @id='b6403b77-0667-483c-9d9e-0a0190b1fe52']'. Please recheck the objects properties to make sure the desired element is located. 

2021-03-31 11:21:28 - [MESSAGE][WARNING] - [SELF-HEALING] Failed to find element with id 'Object Repository/ComicPageUI/COMICDETAILPAGEUI/BUTTON_STAR_ICON'. Try using Self-healing.

2021-03-31 11:21:28 - [MESSAGE][INFO] - [SELF-HEALING] Working Locator: '//*[name()='g']'.

2021-03-31 11:21:28 - [MESSAGE][WARNING] - [SELF-HEALING] null

2021-03-31 11:21:29 - [MESSAGE][INFO] - Unable to find the element located by 'By.xpath: '. Please recheck the objects properties to make sure the desired element is located. 

2021-03-31 11:21:29 - [MESSAGE][WARNING] - [SELF-HEALING] Cannot find elements when the selector is null

2021-03-31 11:21:29 - [MESSAGE][PASSED] - Execute JavaScript 'window.scrollTo(0, document.body.scrollHeight)' successfully

2021-03-31 11:21:31 - [MESSAGE][PASSED] - Delayed 2 second(s)

2021-03-31 11:21:31 - [MESSAGE][PASSED] - Object 'Object Repository/POPS App UI/Footer/POPS_Logo_In_Footer' is present and visible in viewport

2021-03-31 11:21:31 - [MESSAGE][PASSED] - Execute JavaScript 'arguments[0].click()' successfully

2021-03-31 11:21:31 - [MESSAGE][PASSED] - commonActions.Comics.checkUnlockChapterVisible is PASSED

2021-03-31 11:21:31 - [TEST_STEP][PASSED] - commonActions.BaseActions.clickFirstElement(findTestObject("ComicPageUI/COMICDETAILPAGEUI/BUTTON_STAR_ICON")): commonActions.BaseActions.clickFirstElement is PASSED

2021-03-31 11:21:32 - [MESSAGE][PASSED] - commonActions.BaseActions.clickFirstElement is PASSED

2021-03-31 11:21:32 - [TEST_STEP][PASSED] - click(findTestObject("ComicPageUI/COMICDETAILPAGEUI/BUTTON_BUY_NOW")): Object: 'Object Repository/ComicPageUI/COMICDETAILPAGEUI/BUTTON_BUY_NOW' is clicked on

2021-03-31 11:21:33 - [MESSAGE][PASSED] - Object: 'Object Repository/ComicPageUI/COMICDETAILPAGEUI/BUTTON_BUY_NOW' is clicked on

2021-03-31 11:21:33 - [TEST_STEP][PASSED] - closeBrowser(): Browser is closed

2021-03-31 11:21:34 - [MESSAGE][PASSED] - Browser is closed

2021-03-31 11:21:34 - [TEST_STEP][PASSED] - Start listener action : sampleAfterTestCase: null

2021-03-31 11:21:34 - [TEST_STEP][PASSED] - println(testCaseContext.getTestCaseId()): null

2021-03-31 11:21:34 - [TEST_STEP][PASSED] - println(testCaseContext.getTestCaseStatus()): null]]></system-out>
         <system-err><![CDATA[]]></system-err>
      </testcase>
      <testcase name="Test Cases/Search/VerifySearchData" time="7.607" classname="Test Cases/Search/VerifySearchData" status="PASSED">
         <system-out><![CDATA[2021-03-31 11:21:34 - [TEST_CASE][PASSED] - Test Cases/Search/VerifySearchData: Test Cases/Search/VerifySearchData

2021-03-31 11:21:34 - [TEST_STEP][PASSED] - Start listener action : sampleBeforeTestCase: null

2021-03-31 11:21:34 - [TEST_STEP][PASSED] - println(testCaseContext.getTestCaseId()): null

2021-03-31 11:21:34 - [TEST_STEP][PASSED] - println(testCaseContext.getTestCaseVariables()): null

2021-03-31 11:21:34 - [TEST_STEP][PASSED] - openBrowser(SourceURL): Browser is opened with url: 'https://pops.vn/'

2021-03-31 11:21:34 - [MESSAGE][INFO] - Starting 'Chrome' driver

2021-03-31 11:21:34 - [MESSAGE][INFO] - Action delay is set to 0 milliseconds

2021-03-31 11:21:36 - [MESSAGE][PASSED] - Browser is opened with url: 'https://pops.vn/'

2021-03-31 11:21:36 - [TEST_STEP][PASSED] - maximizeWindow(): Current window maximized

2021-03-31 11:21:36 - [MESSAGE][PASSED] - Current window maximized

2021-03-31 11:21:36 - [TEST_STEP][PASSED] - click(findTestObject("SearchPageUI/TEXTBOX_SEARCH")): Object: 'Object Repository/SearchPageUI/TEXTBOX_SEARCH' is clicked on

2021-03-31 11:21:38 - [MESSAGE][PASSED] - Object: 'Object Repository/SearchPageUI/TEXTBOX_SEARCH' is clicked on

2021-03-31 11:21:38 - [TEST_STEP][PASSED] - commonActions.SearchActions.verifyComicSuggest(findTestObject("SearchPageUI/COMIC_ITEMS")): commonActions.SearchActions.verifyComicSuggest is PASSED

2021-03-31 11:21:39 - [MESSAGE][INFO] - HAR: D:\Working\AUTO\KATAWEB\popstestautomation\POPSTestAutomation\Reports\20210331_111836\POPS App\POPSApp_DailySmoke\20210331_111836\requests\main\23.har

2021-03-31 11:21:39 - [MESSAGE][PASSED] - Send request successfully

2021-03-31 11:21:39 - [MESSAGE][PASSED] - Object 'Object Repository/SearchPageUI/COMIC_ITEMS' is present

2021-03-31 11:21:40 - [MESSAGE][INFO] - HAR: D:\Working\AUTO\KATAWEB\popstestautomation\POPSTestAutomation\Reports\20210331_111836\POPS App\POPSApp_DailySmoke\20210331_111836\requests\main\24.har

2021-03-31 11:21:40 - [MESSAGE][PASSED] - Send request successfully

2021-03-31 11:21:40 - [MESSAGE][PASSED] - commonActions.SearchActions.verifyComicSuggest is PASSED

2021-03-31 11:21:40 - [TEST_STEP][PASSED] - commonActions.SearchActions.verifyVideoSuggest(findTestObject("SearchPageUI/VIDEO_ITEMS")): commonActions.SearchActions.verifyVideoSuggest is PASSED

2021-03-31 11:21:40 - [MESSAGE][INFO] - HAR: D:\Working\AUTO\KATAWEB\popstestautomation\POPSTestAutomation\Reports\20210331_111836\POPS App\POPSApp_DailySmoke\20210331_111836\requests\main\25.har

2021-03-31 11:21:40 - [MESSAGE][PASSED] - Send request successfully

2021-03-31 11:21:40 - [MESSAGE][PASSED] - Object 'Object Repository/SearchPageUI/VIDEO_ITEMS' is present

2021-03-31 11:21:41 - [MESSAGE][INFO] - HAR: D:\Working\AUTO\KATAWEB\popstestautomation\POPSTestAutomation\Reports\20210331_111836\POPS App\POPSApp_DailySmoke\20210331_111836\requests\main\26.har

2021-03-31 11:21:41 - [MESSAGE][PASSED] - Send request successfully

2021-03-31 11:21:41 - [MESSAGE][PASSED] - commonActions.SearchActions.verifyVideoSuggest is PASSED

2021-03-31 11:21:41 - [TEST_STEP][PASSED] - closeBrowser(): Browser is closed

2021-03-31 11:21:41 - [MESSAGE][PASSED] - Browser is closed

2021-03-31 11:21:41 - [TEST_STEP][PASSED] - Start listener action : sampleAfterTestCase: null

2021-03-31 11:21:41 - [TEST_STEP][PASSED] - println(testCaseContext.getTestCaseId()): null

2021-03-31 11:21:41 - [TEST_STEP][PASSED] - println(testCaseContext.getTestCaseStatus()): null]]></system-out>
         <system-err><![CDATA[]]></system-err>
      </testcase>
      <testcase name="Test Cases/Search/VerifySearchSugguest" time="9.415" classname="Test Cases/Search/VerifySearchSugguest" status="PASSED">
         <system-out><![CDATA[2021-03-31 11:21:41 - [TEST_CASE][PASSED] - Test Cases/Search/VerifySearchSugguest: Test Cases/Search/VerifySearchSugguest

2021-03-31 11:21:41 - [TEST_STEP][PASSED] - Start listener action : sampleBeforeTestCase: null

2021-03-31 11:21:41 - [TEST_STEP][PASSED] - println(testCaseContext.getTestCaseId()): null

2021-03-31 11:21:41 - [TEST_STEP][PASSED] - println(testCaseContext.getTestCaseVariables()): null

2021-03-31 11:21:42 - [TEST_STEP][PASSED] - openBrowser(SourceURL): Browser is opened with url: 'https://pops.vn/'

2021-03-31 11:21:42 - [MESSAGE][INFO] - Starting 'Chrome' driver

2021-03-31 11:21:42 - [MESSAGE][INFO] - Action delay is set to 0 milliseconds

2021-03-31 11:21:44 - [MESSAGE][PASSED] - Browser is opened with url: 'https://pops.vn/'

2021-03-31 11:21:44 - [TEST_STEP][PASSED] - maximizeWindow(): Current window maximized

2021-03-31 11:21:44 - [MESSAGE][PASSED] - Current window maximized

2021-03-31 11:21:44 - [TEST_STEP][PASSED] - click(findTestObject("SearchPageUI/TEXTBOX_SEARCH")): Object: 'Object Repository/SearchPageUI/TEXTBOX_SEARCH' is clicked on

2021-03-31 11:21:46 - [MESSAGE][PASSED] - Object: 'Object Repository/SearchPageUI/TEXTBOX_SEARCH' is clicked on

2021-03-31 11:21:46 - [TEST_STEP][PASSED] - commonActions.SearchActions.verifyComicSuggest(findTestObject("SearchPageUI/COMIC_ITEMS")): commonActions.SearchActions.verifyComicSuggest is PASSED

2021-03-31 11:21:46 - [MESSAGE][INFO] - HAR: D:\Working\AUTO\KATAWEB\popstestautomation\POPSTestAutomation\Reports\20210331_111836\POPS App\POPSApp_DailySmoke\20210331_111836\requests\main\27.har

2021-03-31 11:21:46 - [MESSAGE][PASSED] - Send request successfully

2021-03-31 11:21:47 - [MESSAGE][PASSED] - Object 'Object Repository/SearchPageUI/COMIC_ITEMS' is present

2021-03-31 11:21:49 - [MESSAGE][INFO] - HAR: D:\Working\AUTO\KATAWEB\popstestautomation\POPSTestAutomation\Reports\20210331_111836\POPS App\POPSApp_DailySmoke\20210331_111836\requests\main\28.har

2021-03-31 11:21:49 - [MESSAGE][PASSED] - Send request successfully

2021-03-31 11:21:49 - [MESSAGE][PASSED] - commonActions.SearchActions.verifyComicSuggest is PASSED

2021-03-31 11:21:49 - [TEST_STEP][PASSED] - commonActions.SearchActions.verifyVideoSuggest(findTestObject("SearchPageUI/VIDEO_ITEMS")): commonActions.SearchActions.verifyVideoSuggest is PASSED

2021-03-31 11:21:49 - [MESSAGE][INFO] - HAR: D:\Working\AUTO\KATAWEB\popstestautomation\POPSTestAutomation\Reports\20210331_111836\POPS App\POPSApp_DailySmoke\20210331_111836\requests\main\29.har

2021-03-31 11:21:49 - [MESSAGE][PASSED] - Send request successfully

2021-03-31 11:21:49 - [MESSAGE][PASSED] - Object 'Object Repository/SearchPageUI/VIDEO_ITEMS' is present

2021-03-31 11:21:49 - [MESSAGE][INFO] - HAR: D:\Working\AUTO\KATAWEB\popstestautomation\POPSTestAutomation\Reports\20210331_111836\POPS App\POPSApp_DailySmoke\20210331_111836\requests\main\30.har

2021-03-31 11:21:49 - [MESSAGE][PASSED] - Send request successfully

2021-03-31 11:21:49 - [MESSAGE][PASSED] - commonActions.SearchActions.verifyVideoSuggest is PASSED

2021-03-31 11:21:49 - [TEST_STEP][PASSED] - closeBrowser(): Browser is closed

2021-03-31 11:21:51 - [MESSAGE][PASSED] - Browser is closed

2021-03-31 11:21:51 - [TEST_STEP][PASSED] - Start listener action : sampleAfterTestCase: null

2021-03-31 11:21:51 - [TEST_STEP][PASSED] - println(testCaseContext.getTestCaseId()): null

2021-03-31 11:21:51 - [TEST_STEP][PASSED] - println(testCaseContext.getTestCaseStatus()): null]]></system-out>
         <system-err><![CDATA[]]></system-err>
      </testcase>
      <testcase name="Test Cases/Clickable/VerifyClickingOnGenre" time="9.438" classname="Test Cases/Clickable/VerifyClickingOnGenre" status="PASSED">
         <system-out><![CDATA[2021-03-31 11:21:51 - [TEST_CASE][PASSED] - Test Cases/Clickable/VerifyClickingOnGenre: Test Cases/Clickable/VerifyClickingOnGenre

2021-03-31 11:21:51 - [TEST_STEP][PASSED] - Start listener action : sampleBeforeTestCase: null

2021-03-31 11:21:51 - [TEST_STEP][PASSED] - println(testCaseContext.getTestCaseId()): null

2021-03-31 11:21:51 - [TEST_STEP][PASSED] - println(testCaseContext.getTestCaseVariables()): null

2021-03-31 11:21:51 - [TEST_STEP][PASSED] - openBrowser(SourceURL): Browser is opened with url: 'https://pops.vn/'

2021-03-31 11:21:51 - [MESSAGE][INFO] - Starting 'Chrome' driver

2021-03-31 11:21:51 - [MESSAGE][INFO] - Action delay is set to 0 milliseconds

2021-03-31 11:21:54 - [MESSAGE][PASSED] - Browser is opened with url: 'https://pops.vn/'

2021-03-31 11:21:54 - [TEST_STEP][PASSED] - maximizeWindow(): Current window maximized

2021-03-31 11:21:54 - [MESSAGE][PASSED] - Current window maximized

2021-03-31 11:21:54 - [TEST_STEP][PASSED] - commonActions.ClickableActions.clickingOnGenre(findTestObject("Object Repository/VideoDetailPageUI/TEXT_LINK_GENER")): commonActions.ClickableActions.clickingOnGenre is PASSED

2021-03-31 11:21:56 - [MESSAGE][PASSED] - Object 'Object Repository/SeriesDetailPageUI/SERIES_LIST_ITEMS' is present

2021-03-31 11:22:00 - [MESSAGE][PASSED] - Text of object 'Object Repository/SeriesDetailPageUI/GENRE_HEADER_TITLE' is: 'Anime'

2021-03-31 11:22:00 - [MESSAGE][PASSED] - commonActions.ClickableActions.clickingOnGenre is PASSED

2021-03-31 11:22:00 - [TEST_STEP][PASSED] - closeBrowser(): Browser is closed

2021-03-31 11:22:00 - [MESSAGE][PASSED] - Browser is closed

2021-03-31 11:22:00 - [TEST_STEP][PASSED] - Start listener action : sampleAfterTestCase: null

2021-03-31 11:22:00 - [TEST_STEP][PASSED] - println(testCaseContext.getTestCaseId()): null

2021-03-31 11:22:00 - [TEST_STEP][PASSED] - println(testCaseContext.getTestCaseStatus()): null]]></system-out>
         <system-err><![CDATA[]]></system-err>
      </testcase>
      <testcase name="Test Cases/Clickable/VerifyRankingcheckOnComicPage" time="28.762" classname="Test Cases/Clickable/VerifyRankingcheckOnComicPage" status="PASSED">
         <system-out><![CDATA[2021-03-31 11:22:00 - [TEST_CASE][PASSED] - Test Cases/Clickable/VerifyRankingcheckOnComicPage: Test Cases/Clickable/VerifyRankingcheckOnComicPage

2021-03-31 11:22:00 - [TEST_STEP][PASSED] - Start listener action : sampleBeforeTestCase: null

2021-03-31 11:22:00 - [TEST_STEP][PASSED] - println(testCaseContext.getTestCaseId()): null

2021-03-31 11:22:00 - [TEST_STEP][PASSED] - println(testCaseContext.getTestCaseVariables()): null

2021-03-31 11:22:00 - [TEST_STEP][PASSED] - openBrowser(SourceURL): Browser is opened with url: 'https://pops.vn/'

2021-03-31 11:22:00 - [MESSAGE][INFO] - Starting 'Chrome' driver

2021-03-31 11:22:00 - [MESSAGE][INFO] - Action delay is set to 0 milliseconds

2021-03-31 11:22:03 - [MESSAGE][PASSED] - Browser is opened with url: 'https://pops.vn/'

2021-03-31 11:22:03 - [TEST_STEP][PASSED] - maximizeWindow(): Current window maximized

2021-03-31 11:22:03 - [MESSAGE][PASSED] - Current window maximized

2021-03-31 11:22:03 - [TEST_STEP][PASSED] - commonActions.PageActions.openComicPage(): commonActions.PageActions.openComicPage is PASSED

2021-03-31 11:22:05 - [MESSAGE][PASSED] - Object: 'Object Repository/POPS App UI/TopMenu/menu_2_Comics' is clicked on

2021-03-31 11:22:05 - [MESSAGE][PASSED] - commonActions.PageActions.openComicPage is PASSED

2021-03-31 11:22:05 - [TEST_STEP][PASSED] - commonActions.BaseActions.ScrollToFooter(): commonActions.BaseActions.ScrollToFooter is PASSED

2021-03-31 11:22:05 - [MESSAGE][PASSED] - Execute JavaScript 'window.scrollTo(0, document.body.scrollHeight)' successfully

2021-03-31 11:22:07 - [MESSAGE][PASSED] - Delayed 2 second(s)

2021-03-31 11:22:08 - [MESSAGE][WARNING] - Object 'Object Repository/POPS App UI/Footer/POPS_Logo_In_Footer' is present but is not visible in viewport (Root cause: com.kms.katalon.core.exception.StepFailedException: Object 'Object Repository/POPS App UI/Footer/POPS_Logo_In_Footer' is present but is not visible in viewport
	at com.kms.katalon.core.webui.keyword.internal.WebUIKeywordMain.stepFailed(WebUIKeywordMain.groovy:64)
	at com.kms.katalon.core.webui.keyword.builtin.VerifyElementVisibleInViewportKeyword$_verifyElementVisibleInViewport_closure1.doCall(VerifyElementVisibleInViewportKeyword.groovy:79)
	at com.kms.katalon.core.webui.keyword.builtin.VerifyElementVisibleInViewportKeyword$_verifyElementVisibleInViewport_closure1.call(VerifyElementVisibleInViewportKeyword.groovy)
	at com.kms.katalon.core.webui.keyword.internal.WebUIKeywordMain.runKeyword(WebUIKeywordMain.groovy:20)
	at com.kms.katalon.core.webui.keyword.builtin.VerifyElementVisibleInViewportKeyword.verifyElementVisibleInViewport(VerifyElementVisibleInViewportKeyword.groovy:86)
	at com.kms.katalon.core.webui.keyword.builtin.VerifyElementVisibleInViewportKeyword.execute(VerifyElementVisibleInViewportKeyword.groovy:68)
	at com.kms.katalon.core.keyword.internal.KeywordExecutor.executeKeywordForPlatform(KeywordExecutor.groovy:73)
	at com.kms.katalon.core.webui.keyword.WebUiBuiltInKeywords.verifyElementInViewport(WebUiBuiltInKeywords.groovy:4050)
	at com.kms.katalon.core.webui.keyword.WebUiBuiltInKeywords$verifyElementInViewport$11.call(Unknown Source)
	at commonActions.BaseActions.ScrollToFooter(BaseActions.groovy:46)
	at commonActions.BaseActions.invokeMethod(BaseActions.groovy)
	at com.kms.katalon.core.main.CustomKeywordDelegatingMetaClass.invokeStaticMethod(CustomKeywordDelegatingMetaClass.java:50)
	at VerifyRankingcheckOnComicPage.run(VerifyRankingcheckOnComicPage:24)
	at com.kms.katalon.core.main.ScriptEngine.run(ScriptEngine.java:194)
	at com.kms.katalon.core.main.ScriptEngine.runScriptAsRawText(ScriptEngine.java:119)
	at com.kms.katalon.core.main.TestCaseExecutor.runScript(TestCaseExecutor.java:398)
	at com.kms.katalon.core.main.TestCaseExecutor.doExecute(TestCaseExecutor.java:389)
	at com.kms.katalon.core.main.TestCaseExecutor.processExecutionPhase(TestCaseExecutor.java:368)
	at com.kms.katalon.core.main.TestCaseExecutor.accessMainPhase(TestCaseExecutor.java:360)
	at com.kms.katalon.core.main.TestCaseExecutor.execute(TestCaseExecutor.java:255)
	at com.kms.katalon.core.main.TestSuiteExecutor.accessTestCaseMainPhase(TestSuiteExecutor.java:203)
	at com.kms.katalon.core.main.TestSuiteExecutor.accessTestSuiteMainPhase(TestSuiteExecutor.java:152)
	at com.kms.katalon.core.main.TestSuiteExecutor.execute(TestSuiteExecutor.java:95)
	at com.kms.katalon.core.main.TestCaseMain.startTestSuite(TestCaseMain.java:157)
	at com.kms.katalon.core.main.TestCaseMain$startTestSuite$0.call(Unknown Source)
	at TempTestSuite1617164316811.run(TempTestSuite1617164316811.groovy:39)
)
[[ATTACHMENT|D:\\Working\\AUTO\\KATAWEB\\popstestautomation\\POPSTestAutomation\\Reports\\20210331_111836\\POPS App\\POPSApp_DailySmoke\\20210331_111836\\1617164527823.png]]

2021-03-31 11:22:08 - [MESSAGE][PASSED] - Execute JavaScript 'window.scrollTo(0, document.body.scrollHeight)' successfully

2021-03-31 11:22:10 - [MESSAGE][PASSED] - Delayed 2 second(s)

2021-03-31 11:22:11 - [MESSAGE][WARNING] - Object 'Object Repository/POPS App UI/Footer/POPS_Logo_In_Footer' is present but is not visible in viewport (Root cause: com.kms.katalon.core.exception.StepFailedException: Object 'Object Repository/POPS App UI/Footer/POPS_Logo_In_Footer' is present but is not visible in viewport
	at com.kms.katalon.core.webui.keyword.internal.WebUIKeywordMain.stepFailed(WebUIKeywordMain.groovy:64)
	at com.kms.katalon.core.webui.keyword.builtin.VerifyElementVisibleInViewportKeyword$_verifyElementVisibleInViewport_closure1.doCall(VerifyElementVisibleInViewportKeyword.groovy:79)
	at com.kms.katalon.core.webui.keyword.builtin.VerifyElementVisibleInViewportKeyword$_verifyElementVisibleInViewport_closure1.call(VerifyElementVisibleInViewportKeyword.groovy)
	at com.kms.katalon.core.webui.keyword.internal.WebUIKeywordMain.runKeyword(WebUIKeywordMain.groovy:20)
	at com.kms.katalon.core.webui.keyword.builtin.VerifyElementVisibleInViewportKeyword.verifyElementVisibleInViewport(VerifyElementVisibleInViewportKeyword.groovy:86)
	at com.kms.katalon.core.webui.keyword.builtin.VerifyElementVisibleInViewportKeyword.execute(VerifyElementVisibleInViewportKeyword.groovy:68)
	at com.kms.katalon.core.keyword.internal.KeywordExecutor.executeKeywordForPlatform(KeywordExecutor.groovy:73)
	at com.kms.katalon.core.webui.keyword.WebUiBuiltInKeywords.verifyElementInViewport(WebUiBuiltInKeywords.groovy:4050)
	at com.kms.katalon.core.webui.keyword.WebUiBuiltInKeywords$verifyElementInViewport$11.call(Unknown Source)
	at commonActions.BaseActions.ScrollToFooter(BaseActions.groovy:46)
	at commonActions.BaseActions.invokeMethod(BaseActions.groovy)
	at com.kms.katalon.core.main.CustomKeywordDelegatingMetaClass.invokeStaticMethod(CustomKeywordDelegatingMetaClass.java:50)
	at VerifyRankingcheckOnComicPage.run(VerifyRankingcheckOnComicPage:24)
	at com.kms.katalon.core.main.ScriptEngine.run(ScriptEngine.java:194)
	at com.kms.katalon.core.main.ScriptEngine.runScriptAsRawText(ScriptEngine.java:119)
	at com.kms.katalon.core.main.TestCaseExecutor.runScript(TestCaseExecutor.java:398)
	at com.kms.katalon.core.main.TestCaseExecutor.doExecute(TestCaseExecutor.java:389)
	at com.kms.katalon.core.main.TestCaseExecutor.processExecutionPhase(TestCaseExecutor.java:368)
	at com.kms.katalon.core.main.TestCaseExecutor.accessMainPhase(TestCaseExecutor.java:360)
	at com.kms.katalon.core.main.TestCaseExecutor.execute(TestCaseExecutor.java:255)
	at com.kms.katalon.core.main.TestSuiteExecutor.accessTestCaseMainPhase(TestSuiteExecutor.java:203)
	at com.kms.katalon.core.main.TestSuiteExecutor.accessTestSuiteMainPhase(TestSuiteExecutor.java:152)
	at com.kms.katalon.core.main.TestSuiteExecutor.execute(TestSuiteExecutor.java:95)
	at com.kms.katalon.core.main.TestCaseMain.startTestSuite(TestCaseMain.java:157)
	at com.kms.katalon.core.main.TestCaseMain$startTestSuite$0.call(Unknown Source)
	at TempTestSuite1617164316811.run(TempTestSuite1617164316811.groovy:39)
)
[[ATTACHMENT|D:\\Working\\AUTO\\KATAWEB\\popstestautomation\\POPSTestAutomation\\Reports\\20210331_111836\\POPS App\\POPSApp_DailySmoke\\20210331_111836\\1617164531002.png]]

2021-03-31 11:22:11 - [MESSAGE][PASSED] - Execute JavaScript 'window.scrollTo(0, document.body.scrollHeight)' successfully

2021-03-31 11:22:13 - [MESSAGE][PASSED] - Delayed 2 second(s)

2021-03-31 11:22:14 - [MESSAGE][WARNING] - Object 'Object Repository/POPS App UI/Footer/POPS_Logo_In_Footer' is present but is not visible in viewport (Root cause: com.kms.katalon.core.exception.StepFailedException: Object 'Object Repository/POPS App UI/Footer/POPS_Logo_In_Footer' is present but is not visible in viewport
	at com.kms.katalon.core.webui.keyword.internal.WebUIKeywordMain.stepFailed(WebUIKeywordMain.groovy:64)
	at com.kms.katalon.core.webui.keyword.builtin.VerifyElementVisibleInViewportKeyword$_verifyElementVisibleInViewport_closure1.doCall(VerifyElementVisibleInViewportKeyword.groovy:79)
	at com.kms.katalon.core.webui.keyword.builtin.VerifyElementVisibleInViewportKeyword$_verifyElementVisibleInViewport_closure1.call(VerifyElementVisibleInViewportKeyword.groovy)
	at com.kms.katalon.core.webui.keyword.internal.WebUIKeywordMain.runKeyword(WebUIKeywordMain.groovy:20)
	at com.kms.katalon.core.webui.keyword.builtin.VerifyElementVisibleInViewportKeyword.verifyElementVisibleInViewport(VerifyElementVisibleInViewportKeyword.groovy:86)
	at com.kms.katalon.core.webui.keyword.builtin.VerifyElementVisibleInViewportKeyword.execute(VerifyElementVisibleInViewportKeyword.groovy:68)
	at com.kms.katalon.core.keyword.internal.KeywordExecutor.executeKeywordForPlatform(KeywordExecutor.groovy:73)
	at com.kms.katalon.core.webui.keyword.WebUiBuiltInKeywords.verifyElementInViewport(WebUiBuiltInKeywords.groovy:4050)
	at com.kms.katalon.core.webui.keyword.WebUiBuiltInKeywords$verifyElementInViewport$11.call(Unknown Source)
	at commonActions.BaseActions.ScrollToFooter(BaseActions.groovy:46)
	at commonActions.BaseActions.invokeMethod(BaseActions.groovy)
	at com.kms.katalon.core.main.CustomKeywordDelegatingMetaClass.invokeStaticMethod(CustomKeywordDelegatingMetaClass.java:50)
	at VerifyRankingcheckOnComicPage.run(VerifyRankingcheckOnComicPage:24)
	at com.kms.katalon.core.main.ScriptEngine.run(ScriptEngine.java:194)
	at com.kms.katalon.core.main.ScriptEngine.runScriptAsRawText(ScriptEngine.java:119)
	at com.kms.katalon.core.main.TestCaseExecutor.runScript(TestCaseExecutor.java:398)
	at com.kms.katalon.core.main.TestCaseExecutor.doExecute(TestCaseExecutor.java:389)
	at com.kms.katalon.core.main.TestCaseExecutor.processExecutionPhase(TestCaseExecutor.java:368)
	at com.kms.katalon.core.main.TestCaseExecutor.accessMainPhase(TestCaseExecutor.java:360)
	at com.kms.katalon.core.main.TestCaseExecutor.execute(TestCaseExecutor.java:255)
	at com.kms.katalon.core.main.TestSuiteExecutor.accessTestCaseMainPhase(TestSuiteExecutor.java:203)
	at com.kms.katalon.core.main.TestSuiteExecutor.accessTestSuiteMainPhase(TestSuiteExecutor.java:152)
	at com.kms.katalon.core.main.TestSuiteExecutor.execute(TestSuiteExecutor.java:95)
	at com.kms.katalon.core.main.TestCaseMain.startTestSuite(TestCaseMain.java:157)
	at com.kms.katalon.core.main.TestCaseMain$startTestSuite$0.call(Unknown Source)
	at TempTestSuite1617164316811.run(TempTestSuite1617164316811.groovy:39)
)
[[ATTACHMENT|D:\\Working\\AUTO\\KATAWEB\\popstestautomation\\POPSTestAutomation\\Reports\\20210331_111836\\POPS App\\POPSApp_DailySmoke\\20210331_111836\\1617164533985.png]]

2021-03-31 11:22:14 - [MESSAGE][PASSED] - Execute JavaScript 'window.scrollTo(0, document.body.scrollHeight)' successfully

2021-03-31 11:22:16 - [MESSAGE][PASSED] - Delayed 2 second(s)

2021-03-31 11:22:17 - [MESSAGE][WARNING] - Object 'Object Repository/POPS App UI/Footer/POPS_Logo_In_Footer' is present but is not visible in viewport (Root cause: com.kms.katalon.core.exception.StepFailedException: Object 'Object Repository/POPS App UI/Footer/POPS_Logo_In_Footer' is present but is not visible in viewport
	at com.kms.katalon.core.webui.keyword.internal.WebUIKeywordMain.stepFailed(WebUIKeywordMain.groovy:64)
	at com.kms.katalon.core.webui.keyword.builtin.VerifyElementVisibleInViewportKeyword$_verifyElementVisibleInViewport_closure1.doCall(VerifyElementVisibleInViewportKeyword.groovy:79)
	at com.kms.katalon.core.webui.keyword.builtin.VerifyElementVisibleInViewportKeyword$_verifyElementVisibleInViewport_closure1.call(VerifyElementVisibleInViewportKeyword.groovy)
	at com.kms.katalon.core.webui.keyword.internal.WebUIKeywordMain.runKeyword(WebUIKeywordMain.groovy:20)
	at com.kms.katalon.core.webui.keyword.builtin.VerifyElementVisibleInViewportKeyword.verifyElementVisibleInViewport(VerifyElementVisibleInViewportKeyword.groovy:86)
	at com.kms.katalon.core.webui.keyword.builtin.VerifyElementVisibleInViewportKeyword.execute(VerifyElementVisibleInViewportKeyword.groovy:68)
	at com.kms.katalon.core.keyword.internal.KeywordExecutor.executeKeywordForPlatform(KeywordExecutor.groovy:73)
	at com.kms.katalon.core.webui.keyword.WebUiBuiltInKeywords.verifyElementInViewport(WebUiBuiltInKeywords.groovy:4050)
	at com.kms.katalon.core.webui.keyword.WebUiBuiltInKeywords$verifyElementInViewport$11.call(Unknown Source)
	at commonActions.BaseActions.ScrollToFooter(BaseActions.groovy:46)
	at commonActions.BaseActions.invokeMethod(BaseActions.groovy)
	at com.kms.katalon.core.main.CustomKeywordDelegatingMetaClass.invokeStaticMethod(CustomKeywordDelegatingMetaClass.java:50)
	at VerifyRankingcheckOnComicPage.run(VerifyRankingcheckOnComicPage:24)
	at com.kms.katalon.core.main.ScriptEngine.run(ScriptEngine.java:194)
	at com.kms.katalon.core.main.ScriptEngine.runScriptAsRawText(ScriptEngine.java:119)
	at com.kms.katalon.core.main.TestCaseExecutor.runScript(TestCaseExecutor.java:398)
	at com.kms.katalon.core.main.TestCaseExecutor.doExecute(TestCaseExecutor.java:389)
	at com.kms.katalon.core.main.TestCaseExecutor.processExecutionPhase(TestCaseExecutor.java:368)
	at com.kms.katalon.core.main.TestCaseExecutor.accessMainPhase(TestCaseExecutor.java:360)
	at com.kms.katalon.core.main.TestCaseExecutor.execute(TestCaseExecutor.java:255)
	at com.kms.katalon.core.main.TestSuiteExecutor.accessTestCaseMainPhase(TestSuiteExecutor.java:203)
	at com.kms.katalon.core.main.TestSuiteExecutor.accessTestSuiteMainPhase(TestSuiteExecutor.java:152)
	at com.kms.katalon.core.main.TestSuiteExecutor.execute(TestSuiteExecutor.java:95)
	at com.kms.katalon.core.main.TestCaseMain.startTestSuite(TestCaseMain.java:157)
	at com.kms.katalon.core.main.TestCaseMain$startTestSuite$0.call(Unknown Source)
	at TempTestSuite1617164316811.run(TempTestSuite1617164316811.groovy:39)
)
[[ATTACHMENT|D:\\Working\\AUTO\\KATAWEB\\popstestautomation\\POPSTestAutomation\\Reports\\20210331_111836\\POPS App\\POPSApp_DailySmoke\\20210331_111836\\1617164536991.png]]

2021-03-31 11:22:17 - [MESSAGE][PASSED] - Execute JavaScript 'window.scrollTo(0, document.body.scrollHeight)' successfully

2021-03-31 11:22:19 - [MESSAGE][PASSED] - Delayed 2 second(s)

2021-03-31 11:22:20 - [MESSAGE][WARNING] - Object 'Object Repository/POPS App UI/Footer/POPS_Logo_In_Footer' is present but is not visible in viewport (Root cause: com.kms.katalon.core.exception.StepFailedException: Object 'Object Repository/POPS App UI/Footer/POPS_Logo_In_Footer' is present but is not visible in viewport
	at com.kms.katalon.core.webui.keyword.internal.WebUIKeywordMain.stepFailed(WebUIKeywordMain.groovy:64)
	at com.kms.katalon.core.webui.keyword.builtin.VerifyElementVisibleInViewportKeyword$_verifyElementVisibleInViewport_closure1.doCall(VerifyElementVisibleInViewportKeyword.groovy:79)
	at com.kms.katalon.core.webui.keyword.builtin.VerifyElementVisibleInViewportKeyword$_verifyElementVisibleInViewport_closure1.call(VerifyElementVisibleInViewportKeyword.groovy)
	at com.kms.katalon.core.webui.keyword.internal.WebUIKeywordMain.runKeyword(WebUIKeywordMain.groovy:20)
	at com.kms.katalon.core.webui.keyword.builtin.VerifyElementVisibleInViewportKeyword.verifyElementVisibleInViewport(VerifyElementVisibleInViewportKeyword.groovy:86)
	at com.kms.katalon.core.webui.keyword.builtin.VerifyElementVisibleInViewportKeyword.execute(VerifyElementVisibleInViewportKeyword.groovy:68)
	at com.kms.katalon.core.keyword.internal.KeywordExecutor.executeKeywordForPlatform(KeywordExecutor.groovy:73)
	at com.kms.katalon.core.webui.keyword.WebUiBuiltInKeywords.verifyElementInViewport(WebUiBuiltInKeywords.groovy:4050)
	at com.kms.katalon.core.webui.keyword.WebUiBuiltInKeywords$verifyElementInViewport$11.call(Unknown Source)
	at commonActions.BaseActions.ScrollToFooter(BaseActions.groovy:46)
	at commonActions.BaseActions.invokeMethod(BaseActions.groovy)
	at com.kms.katalon.core.main.CustomKeywordDelegatingMetaClass.invokeStaticMethod(CustomKeywordDelegatingMetaClass.java:50)
	at VerifyRankingcheckOnComicPage.run(VerifyRankingcheckOnComicPage:24)
	at com.kms.katalon.core.main.ScriptEngine.run(ScriptEngine.java:194)
	at com.kms.katalon.core.main.ScriptEngine.runScriptAsRawText(ScriptEngine.java:119)
	at com.kms.katalon.core.main.TestCaseExecutor.runScript(TestCaseExecutor.java:398)
	at com.kms.katalon.core.main.TestCaseExecutor.doExecute(TestCaseExecutor.java:389)
	at com.kms.katalon.core.main.TestCaseExecutor.processExecutionPhase(TestCaseExecutor.java:368)
	at com.kms.katalon.core.main.TestCaseExecutor.accessMainPhase(TestCaseExecutor.java:360)
	at com.kms.katalon.core.main.TestCaseExecutor.execute(TestCaseExecutor.java:255)
	at com.kms.katalon.core.main.TestSuiteExecutor.accessTestCaseMainPhase(TestSuiteExecutor.java:203)
	at com.kms.katalon.core.main.TestSuiteExecutor.accessTestSuiteMainPhase(TestSuiteExecutor.java:152)
	at com.kms.katalon.core.main.TestSuiteExecutor.execute(TestSuiteExecutor.java:95)
	at com.kms.katalon.core.main.TestCaseMain.startTestSuite(TestCaseMain.java:157)
	at com.kms.katalon.core.main.TestCaseMain$startTestSuite$0.call(Unknown Source)
	at TempTestSuite1617164316811.run(TempTestSuite1617164316811.groovy:39)
)
[[ATTACHMENT|D:\\Working\\AUTO\\KATAWEB\\popstestautomation\\POPSTestAutomation\\Reports\\20210331_111836\\POPS App\\POPSApp_DailySmoke\\20210331_111836\\1617164540031.png]]

2021-03-31 11:22:20 - [MESSAGE][PASSED] - Execute JavaScript 'window.scrollTo(0, document.body.scrollHeight)' successfully

2021-03-31 11:22:22 - [MESSAGE][PASSED] - Delayed 2 second(s)

2021-03-31 11:22:23 - [MESSAGE][WARNING] - Object 'Object Repository/POPS App UI/Footer/POPS_Logo_In_Footer' is present but is not visible in viewport (Root cause: com.kms.katalon.core.exception.StepFailedException: Object 'Object Repository/POPS App UI/Footer/POPS_Logo_In_Footer' is present but is not visible in viewport
	at com.kms.katalon.core.webui.keyword.internal.WebUIKeywordMain.stepFailed(WebUIKeywordMain.groovy:64)
	at com.kms.katalon.core.webui.keyword.builtin.VerifyElementVisibleInViewportKeyword$_verifyElementVisibleInViewport_closure1.doCall(VerifyElementVisibleInViewportKeyword.groovy:79)
	at com.kms.katalon.core.webui.keyword.builtin.VerifyElementVisibleInViewportKeyword$_verifyElementVisibleInViewport_closure1.call(VerifyElementVisibleInViewportKeyword.groovy)
	at com.kms.katalon.core.webui.keyword.internal.WebUIKeywordMain.runKeyword(WebUIKeywordMain.groovy:20)
	at com.kms.katalon.core.webui.keyword.builtin.VerifyElementVisibleInViewportKeyword.verifyElementVisibleInViewport(VerifyElementVisibleInViewportKeyword.groovy:86)
	at com.kms.katalon.core.webui.keyword.builtin.VerifyElementVisibleInViewportKeyword.execute(VerifyElementVisibleInViewportKeyword.groovy:68)
	at com.kms.katalon.core.keyword.internal.KeywordExecutor.executeKeywordForPlatform(KeywordExecutor.groovy:73)
	at com.kms.katalon.core.webui.keyword.WebUiBuiltInKeywords.verifyElementInViewport(WebUiBuiltInKeywords.groovy:4050)
	at com.kms.katalon.core.webui.keyword.WebUiBuiltInKeywords$verifyElementInViewport$11.call(Unknown Source)
	at commonActions.BaseActions.ScrollToFooter(BaseActions.groovy:46)
	at commonActions.BaseActions.invokeMethod(BaseActions.groovy)
	at com.kms.katalon.core.main.CustomKeywordDelegatingMetaClass.invokeStaticMethod(CustomKeywordDelegatingMetaClass.java:50)
	at VerifyRankingcheckOnComicPage.run(VerifyRankingcheckOnComicPage:24)
	at com.kms.katalon.core.main.ScriptEngine.run(ScriptEngine.java:194)
	at com.kms.katalon.core.main.ScriptEngine.runScriptAsRawText(ScriptEngine.java:119)
	at com.kms.katalon.core.main.TestCaseExecutor.runScript(TestCaseExecutor.java:398)
	at com.kms.katalon.core.main.TestCaseExecutor.doExecute(TestCaseExecutor.java:389)
	at com.kms.katalon.core.main.TestCaseExecutor.processExecutionPhase(TestCaseExecutor.java:368)
	at com.kms.katalon.core.main.TestCaseExecutor.accessMainPhase(TestCaseExecutor.java:360)
	at com.kms.katalon.core.main.TestCaseExecutor.execute(TestCaseExecutor.java:255)
	at com.kms.katalon.core.main.TestSuiteExecutor.accessTestCaseMainPhase(TestSuiteExecutor.java:203)
	at com.kms.katalon.core.main.TestSuiteExecutor.accessTestSuiteMainPhase(TestSuiteExecutor.java:152)
	at com.kms.katalon.core.main.TestSuiteExecutor.execute(TestSuiteExecutor.java:95)
	at com.kms.katalon.core.main.TestCaseMain.startTestSuite(TestCaseMain.java:157)
	at com.kms.katalon.core.main.TestCaseMain$startTestSuite$0.call(Unknown Source)
	at TempTestSuite1617164316811.run(TempTestSuite1617164316811.groovy:39)
)
[[ATTACHMENT|D:\\Working\\AUTO\\KATAWEB\\popstestautomation\\POPSTestAutomation\\Reports\\20210331_111836\\POPS App\\POPSApp_DailySmoke\\20210331_111836\\1617164543125.png]]

2021-03-31 11:22:24 - [MESSAGE][PASSED] - Execute JavaScript 'window.scrollTo(0, document.body.scrollHeight)' successfully

2021-03-31 11:22:26 - [MESSAGE][PASSED] - Delayed 2 second(s)

2021-03-31 11:22:26 - [MESSAGE][WARNING] - Object 'Object Repository/POPS App UI/Footer/POPS_Logo_In_Footer' is present but is not visible in viewport (Root cause: com.kms.katalon.core.exception.StepFailedException: Object 'Object Repository/POPS App UI/Footer/POPS_Logo_In_Footer' is present but is not visible in viewport
	at com.kms.katalon.core.webui.keyword.internal.WebUIKeywordMain.stepFailed(WebUIKeywordMain.groovy:64)
	at com.kms.katalon.core.webui.keyword.builtin.VerifyElementVisibleInViewportKeyword$_verifyElementVisibleInViewport_closure1.doCall(VerifyElementVisibleInViewportKeyword.groovy:79)
	at com.kms.katalon.core.webui.keyword.builtin.VerifyElementVisibleInViewportKeyword$_verifyElementVisibleInViewport_closure1.call(VerifyElementVisibleInViewportKeyword.groovy)
	at com.kms.katalon.core.webui.keyword.internal.WebUIKeywordMain.runKeyword(WebUIKeywordMain.groovy:20)
	at com.kms.katalon.core.webui.keyword.builtin.VerifyElementVisibleInViewportKeyword.verifyElementVisibleInViewport(VerifyElementVisibleInViewportKeyword.groovy:86)
	at com.kms.katalon.core.webui.keyword.builtin.VerifyElementVisibleInViewportKeyword.execute(VerifyElementVisibleInViewportKeyword.groovy:68)
	at com.kms.katalon.core.keyword.internal.KeywordExecutor.executeKeywordForPlatform(KeywordExecutor.groovy:73)
	at com.kms.katalon.core.webui.keyword.WebUiBuiltInKeywords.verifyElementInViewport(WebUiBuiltInKeywords.groovy:4050)
	at com.kms.katalon.core.webui.keyword.WebUiBuiltInKeywords$verifyElementInViewport$11.call(Unknown Source)
	at commonActions.BaseActions.ScrollToFooter(BaseActions.groovy:46)
	at commonActions.BaseActions.invokeMethod(BaseActions.groovy)
	at com.kms.katalon.core.main.CustomKeywordDelegatingMetaClass.invokeStaticMethod(CustomKeywordDelegatingMetaClass.java:50)
	at VerifyRankingcheckOnComicPage.run(VerifyRankingcheckOnComicPage:24)
	at com.kms.katalon.core.main.ScriptEngine.run(ScriptEngine.java:194)
	at com.kms.katalon.core.main.ScriptEngine.runScriptAsRawText(ScriptEngine.java:119)
	at com.kms.katalon.core.main.TestCaseExecutor.runScript(TestCaseExecutor.java:398)
	at com.kms.katalon.core.main.TestCaseExecutor.doExecute(TestCaseExecutor.java:389)
	at com.kms.katalon.core.main.TestCaseExecutor.processExecutionPhase(TestCaseExecutor.java:368)
	at com.kms.katalon.core.main.TestCaseExecutor.accessMainPhase(TestCaseExecutor.java:360)
	at com.kms.katalon.core.main.TestCaseExecutor.execute(TestCaseExecutor.java:255)
	at com.kms.katalon.core.main.TestSuiteExecutor.accessTestCaseMainPhase(TestSuiteExecutor.java:203)
	at com.kms.katalon.core.main.TestSuiteExecutor.accessTestSuiteMainPhase(TestSuiteExecutor.java:152)
	at com.kms.katalon.core.main.TestSuiteExecutor.execute(TestSuiteExecutor.java:95)
	at com.kms.katalon.core.main.TestCaseMain.startTestSuite(TestCaseMain.java:157)
	at com.kms.katalon.core.main.TestCaseMain$startTestSuite$0.call(Unknown Source)
	at TempTestSuite1617164316811.run(TempTestSuite1617164316811.groovy:39)
)
[[ATTACHMENT|D:\\Working\\AUTO\\KATAWEB\\popstestautomation\\POPSTestAutomation\\Reports\\20210331_111836\\POPS App\\POPSApp_DailySmoke\\20210331_111836\\1617164546290.png]]

2021-03-31 11:22:27 - [MESSAGE][PASSED] - Execute JavaScript 'window.scrollTo(0, document.body.scrollHeight)' successfully

2021-03-31 11:22:29 - [MESSAGE][PASSED] - Delayed 2 second(s)

2021-03-31 11:22:29 - [MESSAGE][PASSED] - Object 'Object Repository/POPS App UI/Footer/POPS_Logo_In_Footer' is present and visible in viewport

2021-03-31 11:22:29 - [MESSAGE][PASSED] - commonActions.BaseActions.ScrollToFooter is PASSED

2021-03-31 11:22:29 - [TEST_STEP][PASSED] - commonActions.Comics.CheckComicRankingDisplay20Items(findTestObject("ComicPageUI/COMIC_RANKING_SECTION")): commonActions.Comics.CheckComicRankingDisplay20Items is PASSED

2021-03-31 11:22:29 - [MESSAGE][PASSED] - commonActions.Comics.CheckComicRankingDisplay20Items is PASSED

2021-03-31 11:22:29 - [TEST_STEP][PASSED] - Start listener action : sampleAfterTestCase: null

2021-03-31 11:22:29 - [TEST_STEP][PASSED] - println(testCaseContext.getTestCaseId()): null

2021-03-31 11:22:29 - [TEST_STEP][PASSED] - println(testCaseContext.getTestCaseStatus()): null]]></system-out>
         <system-err><![CDATA[]]></system-err>
      </testcase>
      <testcase name="Test Cases/AddToMyList/VerifyClickOnAddToMyList" time="37.913" classname="Test Cases/AddToMyList/VerifyClickOnAddToMyList" status="PASSED">
         <system-out><![CDATA[2021-03-31 11:22:29 - [TEST_CASE][PASSED] - Test Cases/AddToMyList/VerifyClickOnAddToMyList: Test Cases/AddToMyList/VerifyClickOnAddToMyList

2021-03-31 11:22:29 - [TEST_STEP][PASSED] - Start listener action : sampleBeforeTestCase: null

2021-03-31 11:22:29 - [TEST_STEP][PASSED] - println(testCaseContext.getTestCaseId()): null

2021-03-31 11:22:29 - [TEST_STEP][PASSED] - println(testCaseContext.getTestCaseVariables()): null

2021-03-31 11:22:29 - [TEST_STEP][PASSED] - openBrowser(SourceURL): Browser is opened with url: 'https://pops.vn/'

2021-03-31 11:22:29 - [MESSAGE][WARNING] - A browser is already opened. Closing browser and opening a new one

2021-03-31 11:22:30 - [MESSAGE][INFO] - Starting 'Chrome' driver

2021-03-31 11:22:30 - [MESSAGE][INFO] - Action delay is set to 0 milliseconds

2021-03-31 11:22:33 - [MESSAGE][PASSED] - Browser is opened with url: 'https://pops.vn/'

2021-03-31 11:22:33 - [TEST_STEP][PASSED] - maximizeWindow(): Current window maximized

2021-03-31 11:22:33 - [MESSAGE][PASSED] - Current window maximized

2021-03-31 11:22:33 - [TEST_STEP][PASSED] - commonActions.PageActions.openVideoPage(): commonActions.PageActions.openVideoPage is PASSED

2021-03-31 11:22:36 - [MESSAGE][PASSED] - Object: 'Object Repository/SearchPageUI/TEXTBOX_SEARCH' is clicked on

2021-03-31 11:22:36 - [MESSAGE][WARNING] - Timeout '0' is invalid. Using default page load timeout: '30'

2021-03-31 11:22:37 - [MESSAGE][PASSED] - Object 'Object Repository/SearchPageUI/TEXTBOX_SEARCH' is present

2021-03-31 11:22:37 - [MESSAGE][PASSED] - Text of object 'Object Repository/SearchPageUI/TEXTBOX_SEARCH' is cleared

2021-03-31 11:22:38 - [MESSAGE][PASSED] - Text 'conan' is set on object 'Object Repository/SearchPageUI/TEXTBOX_SEARCH'

2021-03-31 11:22:39 - [MESSAGE][PASSED] - Object: 'Object Repository/SearchPageUI/ICON_SEARCH_BUTTON' is clicked on

2021-03-31 11:22:39 - [MESSAGE][WARNING] - Timeout '0' is invalid. Using default page load timeout: '30'

2021-03-31 11:22:40 - [MESSAGE][PASSED] - Object 'Object Repository/SearchPageUI/RESULT_ELEMENTS' is present

2021-03-31 11:22:42 - [MESSAGE][PASSED] - commonActions.PageActions.openVideoPage is PASSED

2021-03-31 11:22:42 - [TEST_STEP][PASSED] - commonActions.ClickableActions.addToMyList(): commonActions.ClickableActions.addToMyList is PASSED

2021-03-31 11:22:42 - [MESSAGE][WARNING] - Timeout '0' is invalid. Using default page load timeout: '30'

2021-03-31 11:23:02 - [MESSAGE][PASSED] - Execute JavaScript 'arguments[0].click()' successfully

2021-03-31 11:23:03 - [MESSAGE][PASSED] - Text of object 'Object Repository/MyListPageUI/TEXT_SAVED_VIDEO' is: ' Đã Lưu'

2021-03-31 11:23:04 - [MESSAGE][PASSED] - Text of object 'Object Repository/VideoDetailPageUI/CURRENT_VIDEO_TITLE_TEXT' is: 'Conan - Superclip 95: Vụ án đầu tiên của Kudo Shinichi'

2021-03-31 11:23:04 - [MESSAGE][PASSED] - Object: 'Object Repository/POPS App UI/TopMenu/menu_5_Them' is clicked on

2021-03-31 11:23:05 - [MESSAGE][PASSED] - Object: 'Object Repository/MyListPageUI/BUTTON_MY_LIST_INMOREPAGE' is clicked on

2021-03-31 11:23:06 - [MESSAGE][PASSED] - Object 'Object Repository/MyListPageUI/TEXT_TITLE_NAME' is visible

2021-03-31 11:23:06 - [MESSAGE][PASSED] - Text of object 'Object Repository/MyListPageUI/TEXT_TITLE_NAME' is: 'Conan - Superclip 95: Vụ án đầu tiên của Kudo Shinichi'

2021-03-31 11:23:06 - [MESSAGE][PASSED] - commonActions.ClickableActions.addToMyList is PASSED

2021-03-31 11:23:06 - [TEST_STEP][PASSED] - closeBrowser(): Browser is closed

2021-03-31 11:23:07 - [MESSAGE][PASSED] - Browser is closed

2021-03-31 11:23:07 - [TEST_STEP][PASSED] - Start listener action : sampleAfterTestCase: null

2021-03-31 11:23:07 - [TEST_STEP][PASSED] - println(testCaseContext.getTestCaseId()): null

2021-03-31 11:23:07 - [TEST_STEP][PASSED] - println(testCaseContext.getTestCaseStatus()): null]]></system-out>
         <system-err><![CDATA[]]></system-err>
      </testcase>
      <testcase name="Test Cases/AddToMyList/VerifyMyListShowValidData" time="15.003" classname="Test Cases/AddToMyList/VerifyMyListShowValidData" status="ERROR">
         <error type="ERROR" message="Test Cases/AddToMyList/VerifyMyListShowValidData FAILED.
Reason:
org.openqa.selenium.StaleElementReferenceException: stale element reference: element is not attached to the page document
  (Session info: chrome=89.0.4389.90)
For documentation on this error, please visit: https://www.seleniumhq.org/exceptions/stale_element_reference.html
Build info: version: '3.141.59', revision: 'e82be7d358', time: '2018-11-14T08:25:53'
System info: host: 'CA-HUYTHANH', ip: '192.168.56.1', os.name: 'Windows 10', os.arch: 'amd64', os.version: '10.0', java.version: '1.8.0_181'
Driver info: com.kms.katalon.selenium.driver.CChromeDriver
Capabilities {acceptInsecureCerts: false, browserName: chrome, browserVersion: 89.0.4389.90, chrome: {chromedriverVersion: 89.0.4389.23 (61b08ee2c5002..., userDataDir: C:\Users\HUY~1.THA\AppData\...}, goog:chromeOptions: {debuggerAddress: localhost:61770}, javascriptEnabled: true, networkConnectionEnabled: false, pageLoadStrategy: normal, platform: WINDOWS, platformName: WINDOWS, proxy: Proxy(), setWindowRect: true, strictFileInteractability: false, timeouts: {implicit: 0, pageLoad: 300000, script: 30000}, unhandledPromptBehavior: dismiss and notify, webauthn:extension:largeBlob: true, webauthn:virtualAuthenticators: true}
Session ID: 527e17149510dd779ba799a0e046b32b
	at org.openqa.selenium.remote.http.W3CHttpResponseCodec.createException(W3CHttpResponseCodec.java:187)
	at org.openqa.selenium.remote.http.W3CHttpResponseCodec.decode(W3CHttpResponseCodec.java:122)
	at org.openqa.selenium.remote.http.W3CHttpResponseCodec.decode(W3CHttpResponseCodec.java:49)
	at org.openqa.selenium.remote.HttpCommandExecutor.execute(HttpCommandExecutor.java:158)
	at org.openqa.selenium.remote.service.DriverCommandExecutor.execute(DriverCommandExecutor.java:83)
	at org.openqa.selenium.remote.RemoteWebDriver.execute(RemoteWebDriver.java:552)
	at com.kms.katalon.selenium.driver.CChromeDriver.execute(CChromeDriver.java:19)
	at org.openqa.selenium.remote.RemoteWebElement.execute(RemoteWebElement.java:285)
	at org.openqa.selenium.remote.RemoteWebElement.click(RemoteWebElement.java:84)
	at org.openqa.selenium.support.events.EventFiringWebDriver$EventFiringWebElement.lambda$new$0(EventFiringWebDriver.java:404)
	at com.sun.proxy.$Proxy14.click(Unknown Source)
	at org.openqa.selenium.support.events.EventFiringWebDriver$EventFiringWebElement.click(EventFiringWebDriver.java:417)
	at org.openqa.selenium.WebElement$click$0.call(Unknown Source)
	at commonActions.BaseActions.clickFirstElement(BaseActions.groovy:202)
	at commonActions.PageActions.openVideoPage(PageActions.groovy:63)
	at commonActions.PageActions.invokeMethod(PageActions.groovy)
	at com.kms.katalon.core.main.CustomKeywordDelegatingMetaClass.invokeStaticMethod(CustomKeywordDelegatingMetaClass.java:50)
	at VerifyMyListShowValidData.run(VerifyMyListShowValidData:22)
	at com.kms.katalon.core.main.ScriptEngine.run(ScriptEngine.java:194)
	at com.kms.katalon.core.main.ScriptEngine.runScriptAsRawText(ScriptEngine.java:119)
	at com.kms.katalon.core.main.TestCaseExecutor.runScript(TestCaseExecutor.java:398)
	at com.kms.katalon.core.main.TestCaseExecutor.doExecute(TestCaseExecutor.java:389)
	at com.kms.katalon.core.main.TestCaseExecutor.processExecutionPhase(TestCaseExecutor.java:368)
	at com.kms.katalon.core.main.TestCaseExecutor.accessMainPhase(TestCaseExecutor.java:360)
	at com.kms.katalon.core.main.TestCaseExecutor.execute(TestCaseExecutor.java:255)
	at com.kms.katalon.core.main.TestSuiteExecutor.accessTestCaseMainPhase(TestSuiteExecutor.java:203)
	at com.kms.katalon.core.main.TestSuiteExecutor.accessTestSuiteMainPhase(TestSuiteExecutor.java:152)
	at com.kms.katalon.core.main.TestSuiteExecutor.execute(TestSuiteExecutor.java:95)
	at com.kms.katalon.core.main.TestCaseMain.startTestSuite(TestCaseMain.java:157)
	at com.kms.katalon.core.main.TestCaseMain$startTestSuite$0.call(Unknown Source)
	at TempTestSuite1617164316811.run(TempTestSuite1617164316811.groovy:39)
"/>
         <system-out><![CDATA[2021-03-31 11:23:07 - [TEST_CASE][ERROR] - Test Cases/AddToMyList/VerifyMyListShowValidData: Test Cases/AddToMyList/VerifyMyListShowValidData FAILED.
Reason:
org.openqa.selenium.StaleElementReferenceException: stale element reference: element is not attached to the page document
  (Session info: chrome=89.0.4389.90)
For documentation on this error, please visit: https://www.seleniumhq.org/exceptions/stale_element_reference.html
Build info: version: '3.141.59', revision: 'e82be7d358', time: '2018-11-14T08:25:53'
System info: host: 'CA-HUYTHANH', ip: '192.168.56.1', os.name: 'Windows 10', os.arch: 'amd64', os.version: '10.0', java.version: '1.8.0_181'
Driver info: com.kms.katalon.selenium.driver.CChromeDriver
Capabilities {acceptInsecureCerts: false, browserName: chrome, browserVersion: 89.0.4389.90, chrome: {chromedriverVersion: 89.0.4389.23 (61b08ee2c5002..., userDataDir: C:\Users\HUY~1.THA\AppData\...}, goog:chromeOptions: {debuggerAddress: localhost:61770}, javascriptEnabled: true, networkConnectionEnabled: false, pageLoadStrategy: normal, platform: WINDOWS, platformName: WINDOWS, proxy: Proxy(), setWindowRect: true, strictFileInteractability: false, timeouts: {implicit: 0, pageLoad: 300000, script: 30000}, unhandledPromptBehavior: dismiss and notify, webauthn:extension:largeBlob: true, webauthn:virtualAuthenticators: true}
Session ID: 527e17149510dd779ba799a0e046b32b
	at org.openqa.selenium.remote.http.W3CHttpResponseCodec.createException(W3CHttpResponseCodec.java:187)
	at org.openqa.selenium.remote.http.W3CHttpResponseCodec.decode(W3CHttpResponseCodec.java:122)
	at org.openqa.selenium.remote.http.W3CHttpResponseCodec.decode(W3CHttpResponseCodec.java:49)
	at org.openqa.selenium.remote.HttpCommandExecutor.execute(HttpCommandExecutor.java:158)
	at org.openqa.selenium.remote.service.DriverCommandExecutor.execute(DriverCommandExecutor.java:83)
	at org.openqa.selenium.remote.RemoteWebDriver.execute(RemoteWebDriver.java:552)
	at com.kms.katalon.selenium.driver.CChromeDriver.execute(CChromeDriver.java:19)
	at org.openqa.selenium.remote.RemoteWebElement.execute(RemoteWebElement.java:285)
	at org.openqa.selenium.remote.RemoteWebElement.click(RemoteWebElement.java:84)
	at org.openqa.selenium.support.events.EventFiringWebDriver$EventFiringWebElement.lambda$new$0(EventFiringWebDriver.java:404)
	at com.sun.proxy.$Proxy14.click(Unknown Source)
	at org.openqa.selenium.support.events.EventFiringWebDriver$EventFiringWebElement.click(EventFiringWebDriver.java:417)
	at org.openqa.selenium.WebElement$click$0.call(Unknown Source)
	at commonActions.BaseActions.clickFirstElement(BaseActions.groovy:202)
	at commonActions.PageActions.openVideoPage(PageActions.groovy:63)
	at commonActions.PageActions.invokeMethod(PageActions.groovy)
	at com.kms.katalon.core.main.CustomKeywordDelegatingMetaClass.invokeStaticMethod(CustomKeywordDelegatingMetaClass.java:50)
	at VerifyMyListShowValidData.run(VerifyMyListShowValidData:22)
	at com.kms.katalon.core.main.ScriptEngine.run(ScriptEngine.java:194)
	at com.kms.katalon.core.main.ScriptEngine.runScriptAsRawText(ScriptEngine.java:119)
	at com.kms.katalon.core.main.TestCaseExecutor.runScript(TestCaseExecutor.java:398)
	at com.kms.katalon.core.main.TestCaseExecutor.doExecute(TestCaseExecutor.java:389)
	at com.kms.katalon.core.main.TestCaseExecutor.processExecutionPhase(TestCaseExecutor.java:368)
	at com.kms.katalon.core.main.TestCaseExecutor.accessMainPhase(TestCaseExecutor.java:360)
	at com.kms.katalon.core.main.TestCaseExecutor.execute(TestCaseExecutor.java:255)
	at com.kms.katalon.core.main.TestSuiteExecutor.accessTestCaseMainPhase(TestSuiteExecutor.java:203)
	at com.kms.katalon.core.main.TestSuiteExecutor.accessTestSuiteMainPhase(TestSuiteExecutor.java:152)
	at com.kms.katalon.core.main.TestSuiteExecutor.execute(TestSuiteExecutor.java:95)
	at com.kms.katalon.core.main.TestCaseMain.startTestSuite(TestCaseMain.java:157)
	at com.kms.katalon.core.main.TestCaseMain$startTestSuite$0.call(Unknown Source)
	at TempTestSuite1617164316811.run(TempTestSuite1617164316811.groovy:39)


2021-03-31 11:23:07 - [TEST_STEP][PASSED] - Start listener action : sampleBeforeTestCase: null

2021-03-31 11:23:07 - [TEST_STEP][PASSED] - println(testCaseContext.getTestCaseId()): null

2021-03-31 11:23:07 - [TEST_STEP][PASSED] - println(testCaseContext.getTestCaseVariables()): null

2021-03-31 11:23:07 - [TEST_STEP][PASSED] - openBrowser(SourceURL): Browser is opened with url: 'https://pops.vn/'

2021-03-31 11:23:07 - [MESSAGE][INFO] - Starting 'Chrome' driver

2021-03-31 11:23:07 - [MESSAGE][INFO] - Action delay is set to 0 milliseconds

2021-03-31 11:23:10 - [MESSAGE][PASSED] - Browser is opened with url: 'https://pops.vn/'

2021-03-31 11:23:10 - [TEST_STEP][PASSED] - maximizeWindow(): Current window maximized

2021-03-31 11:23:10 - [MESSAGE][PASSED] - Current window maximized

2021-03-31 11:23:10 - [TEST_STEP][ERROR] - commonActions.PageActions.openVideoPage(): stale element reference: element is not attached to the page document
  (Session info: chrome=89.0.4389.90)
For documentation on this error, please visit: https://www.seleniumhq.org/exceptions/stale_element_reference.html
Build info: version: '3.141.59', revision: 'e82be7d358', time: '2018-11-14T08:25:53'
System info: host: 'CA-HUYTHANH', ip: '192.168.56.1', os.name: 'Windows 10', os.arch: 'amd64', os.version: '10.0', java.version: '1.8.0_181'
Driver info: com.kms.katalon.selenium.driver.CChromeDriver
Capabilities {acceptInsecureCerts: false, browserName: chrome, browserVersion: 89.0.4389.90, chrome: {chromedriverVersion: 89.0.4389.23 (61b08ee2c5002..., userDataDir: C:\Users\HUY~1.THA\AppData\...}, goog:chromeOptions: {debuggerAddress: localhost:61770}, javascriptEnabled: true, networkConnectionEnabled: false, pageLoadStrategy: normal, platform: WINDOWS, platformName: WINDOWS, proxy: Proxy(), setWindowRect: true, strictFileInteractability: false, timeouts: {implicit: 0, pageLoad: 300000, script: 30000}, unhandledPromptBehavior: dismiss and notify, webauthn:extension:largeBlob: true, webauthn:virtualAuthenticators: true}
Session ID: 527e17149510dd779ba799a0e046b32b

2021-03-31 11:23:12 - [MESSAGE][PASSED] - Object: 'Object Repository/SearchPageUI/TEXTBOX_SEARCH' is clicked on

2021-03-31 11:23:12 - [MESSAGE][WARNING] - Timeout '0' is invalid. Using default page load timeout: '30'

2021-03-31 11:23:17 - [MESSAGE][PASSED] - Object 'Object Repository/SearchPageUI/TEXTBOX_SEARCH' is present

2021-03-31 11:23:17 - [MESSAGE][PASSED] - Text of object 'Object Repository/SearchPageUI/TEXTBOX_SEARCH' is cleared

2021-03-31 11:23:18 - [MESSAGE][PASSED] - Text 'conan' is set on object 'Object Repository/SearchPageUI/TEXTBOX_SEARCH'

2021-03-31 11:23:19 - [MESSAGE][PASSED] - Object: 'Object Repository/SearchPageUI/ICON_SEARCH_BUTTON' is clicked on

2021-03-31 11:23:19 - [MESSAGE][WARNING] - Timeout '0' is invalid. Using default page load timeout: '30'

2021-03-31 11:23:21 - [MESSAGE][PASSED] - Object 'Object Repository/SearchPageUI/RESULT_ELEMENTS' is present

2021-03-31 11:23:22 - [MESSAGE][ERROR] - stale element reference: element is not attached to the page document
  (Session info: chrome=89.0.4389.90)
For documentation on this error, please visit: https://www.seleniumhq.org/exceptions/stale_element_reference.html
Build info: version: '3.141.59', revision: 'e82be7d358', time: '2018-11-14T08:25:53'
System info: host: 'CA-HUYTHANH', ip: '192.168.56.1', os.name: 'Windows 10', os.arch: 'amd64', os.version: '10.0', java.version: '1.8.0_181'
Driver info: com.kms.katalon.selenium.driver.CChromeDriver
Capabilities {acceptInsecureCerts: false, browserName: chrome, browserVersion: 89.0.4389.90, chrome: {chromedriverVersion: 89.0.4389.23 (61b08ee2c5002..., userDataDir: C:\Users\HUY~1.THA\AppData\...}, goog:chromeOptions: {debuggerAddress: localhost:61770}, javascriptEnabled: true, networkConnectionEnabled: false, pageLoadStrategy: normal, platform: WINDOWS, platformName: WINDOWS, proxy: Proxy(), setWindowRect: true, strictFileInteractability: false, timeouts: {implicit: 0, pageLoad: 300000, script: 30000}, unhandledPromptBehavior: dismiss and notify, webauthn:extension:largeBlob: true, webauthn:virtualAuthenticators: true}
Session ID: 527e17149510dd779ba799a0e046b32b

2021-03-31 11:23:22 - [TEST_STEP][PASSED] - Start listener action : sampleAfterTestCase: null

2021-03-31 11:23:22 - [TEST_STEP][PASSED] - println(testCaseContext.getTestCaseId()): null

2021-03-31 11:23:22 - [TEST_STEP][PASSED] - println(testCaseContext.getTestCaseStatus()): null]]></system-out>
         <system-err><![CDATA[2021-03-31 11:23:07 - [TEST_CASE][ERROR] - Test Cases/AddToMyList/VerifyMyListShowValidData: Test Cases/AddToMyList/VerifyMyListShowValidData FAILED.
Reason:
org.openqa.selenium.StaleElementReferenceException: stale element reference: element is not attached to the page document
  (Session info: chrome=89.0.4389.90)
For documentation on this error, please visit: https://www.seleniumhq.org/exceptions/stale_element_reference.html
Build info: version: '3.141.59', revision: 'e82be7d358', time: '2018-11-14T08:25:53'
System info: host: 'CA-HUYTHANH', ip: '192.168.56.1', os.name: 'Windows 10', os.arch: 'amd64', os.version: '10.0', java.version: '1.8.0_181'
Driver info: com.kms.katalon.selenium.driver.CChromeDriver
Capabilities {acceptInsecureCerts: false, browserName: chrome, browserVersion: 89.0.4389.90, chrome: {chromedriverVersion: 89.0.4389.23 (61b08ee2c5002..., userDataDir: C:\Users\HUY~1.THA\AppData\...}, goog:chromeOptions: {debuggerAddress: localhost:61770}, javascriptEnabled: true, networkConnectionEnabled: false, pageLoadStrategy: normal, platform: WINDOWS, platformName: WINDOWS, proxy: Proxy(), setWindowRect: true, strictFileInteractability: false, timeouts: {implicit: 0, pageLoad: 300000, script: 30000}, unhandledPromptBehavior: dismiss and notify, webauthn:extension:largeBlob: true, webauthn:virtualAuthenticators: true}
Session ID: 527e17149510dd779ba799a0e046b32b
	at org.openqa.selenium.remote.http.W3CHttpResponseCodec.createException(W3CHttpResponseCodec.java:187)
	at org.openqa.selenium.remote.http.W3CHttpResponseCodec.decode(W3CHttpResponseCodec.java:122)
	at org.openqa.selenium.remote.http.W3CHttpResponseCodec.decode(W3CHttpResponseCodec.java:49)
	at org.openqa.selenium.remote.HttpCommandExecutor.execute(HttpCommandExecutor.java:158)
	at org.openqa.selenium.remote.service.DriverCommandExecutor.execute(DriverCommandExecutor.java:83)
	at org.openqa.selenium.remote.RemoteWebDriver.execute(RemoteWebDriver.java:552)
	at com.kms.katalon.selenium.driver.CChromeDriver.execute(CChromeDriver.java:19)
	at org.openqa.selenium.remote.RemoteWebElement.execute(RemoteWebElement.java:285)
	at org.openqa.selenium.remote.RemoteWebElement.click(RemoteWebElement.java:84)
	at org.openqa.selenium.support.events.EventFiringWebDriver$EventFiringWebElement.lambda$new$0(EventFiringWebDriver.java:404)
	at com.sun.proxy.$Proxy14.click(Unknown Source)
	at org.openqa.selenium.support.events.EventFiringWebDriver$EventFiringWebElement.click(EventFiringWebDriver.java:417)
	at org.openqa.selenium.WebElement$click$0.call(Unknown Source)
	at commonActions.BaseActions.clickFirstElement(BaseActions.groovy:202)
	at commonActions.PageActions.openVideoPage(PageActions.groovy:63)
	at commonActions.PageActions.invokeMethod(PageActions.groovy)
	at com.kms.katalon.core.main.CustomKeywordDelegatingMetaClass.invokeStaticMethod(CustomKeywordDelegatingMetaClass.java:50)
	at VerifyMyListShowValidData.run(VerifyMyListShowValidData:22)
	at com.kms.katalon.core.main.ScriptEngine.run(ScriptEngine.java:194)
	at com.kms.katalon.core.main.ScriptEngine.runScriptAsRawText(ScriptEngine.java:119)
	at com.kms.katalon.core.main.TestCaseExecutor.runScript(TestCaseExecutor.java:398)
	at com.kms.katalon.core.main.TestCaseExecutor.doExecute(TestCaseExecutor.java:389)
	at com.kms.katalon.core.main.TestCaseExecutor.processExecutionPhase(TestCaseExecutor.java:368)
	at com.kms.katalon.core.main.TestCaseExecutor.accessMainPhase(TestCaseExecutor.java:360)
	at com.kms.katalon.core.main.TestCaseExecutor.execute(TestCaseExecutor.java:255)
	at com.kms.katalon.core.main.TestSuiteExecutor.accessTestCaseMainPhase(TestSuiteExecutor.java:203)
	at com.kms.katalon.core.main.TestSuiteExecutor.accessTestSuiteMainPhase(TestSuiteExecutor.java:152)
	at com.kms.katalon.core.main.TestSuiteExecutor.execute(TestSuiteExecutor.java:95)
	at com.kms.katalon.core.main.TestCaseMain.startTestSuite(TestCaseMain.java:157)
	at com.kms.katalon.core.main.TestCaseMain$startTestSuite$0.call(Unknown Source)
	at TempTestSuite1617164316811.run(TempTestSuite1617164316811.groovy:39)]]></system-err>
      </testcase>
      <testcase name="Test Cases/Component/VerifyAlbumDisplayed" time="24.98" classname="Test Cases/Component/VerifyAlbumDisplayed" status="PASSED">
         <system-out><![CDATA[2021-03-31 11:23:22 - [TEST_CASE][PASSED] - Test Cases/Component/VerifyAlbumDisplayed: Test Cases/Component/VerifyAlbumDisplayed

2021-03-31 11:23:22 - [TEST_STEP][PASSED] - Start listener action : sampleBeforeTestCase: null

2021-03-31 11:23:22 - [TEST_STEP][PASSED] - println(testCaseContext.getTestCaseId()): null

2021-03-31 11:23:22 - [TEST_STEP][PASSED] - println(testCaseContext.getTestCaseVariables()): null

2021-03-31 11:23:22 - [TEST_STEP][PASSED] - openBrowser(SourceURL): Browser is opened with url: 'https://pops.vn/'

2021-03-31 11:23:22 - [MESSAGE][WARNING] - A browser is already opened. Closing browser and opening a new one

2021-03-31 11:23:23 - [MESSAGE][INFO] - Starting 'Chrome' driver

2021-03-31 11:23:23 - [MESSAGE][INFO] - Action delay is set to 0 milliseconds

2021-03-31 11:23:26 - [MESSAGE][PASSED] - Browser is opened with url: 'https://pops.vn/'

2021-03-31 11:23:26 - [TEST_STEP][PASSED] - maximizeWindow(): Current window maximized

2021-03-31 11:23:26 - [MESSAGE][PASSED] - Current window maximized

2021-03-31 11:23:26 - [TEST_STEP][PASSED] - commonActions.APIs.anonymousLogin(): commonActions.APIs.anonymousLogin is PASSED

2021-03-31 11:23:26 - [MESSAGE][INFO] - HAR: D:\Working\AUTO\KATAWEB\popstestautomation\POPSTestAutomation\Reports\20210331_111836\POPS App\POPSApp_DailySmoke\20210331_111836\requests\main\31.har

2021-03-31 11:23:26 - [MESSAGE][PASSED] - Send request successfully

2021-03-31 11:23:26 - [MESSAGE][PASSED] - commonActions.APIs.anonymousLogin is PASSED

2021-03-31 11:23:26 - [TEST_STEP][PASSED] - commonActions.BaseActions.ScrollToFooter(): commonActions.BaseActions.ScrollToFooter is PASSED

2021-03-31 11:23:26 - [MESSAGE][PASSED] - Execute JavaScript 'window.scrollTo(0, document.body.scrollHeight)' successfully

2021-03-31 11:23:28 - [MESSAGE][PASSED] - Delayed 2 second(s)

2021-03-31 11:23:30 - [MESSAGE][WARNING] - Object 'Object Repository/POPS App UI/Footer/POPS_Logo_In_Footer' is present but is not visible in viewport (Root cause: com.kms.katalon.core.exception.StepFailedException: Object 'Object Repository/POPS App UI/Footer/POPS_Logo_In_Footer' is present but is not visible in viewport
	at com.kms.katalon.core.webui.keyword.internal.WebUIKeywordMain.stepFailed(WebUIKeywordMain.groovy:64)
	at com.kms.katalon.core.webui.keyword.builtin.VerifyElementVisibleInViewportKeyword$_verifyElementVisibleInViewport_closure1.doCall(VerifyElementVisibleInViewportKeyword.groovy:79)
	at com.kms.katalon.core.webui.keyword.builtin.VerifyElementVisibleInViewportKeyword$_verifyElementVisibleInViewport_closure1.call(VerifyElementVisibleInViewportKeyword.groovy)
	at com.kms.katalon.core.webui.keyword.internal.WebUIKeywordMain.runKeyword(WebUIKeywordMain.groovy:20)
	at com.kms.katalon.core.webui.keyword.builtin.VerifyElementVisibleInViewportKeyword.verifyElementVisibleInViewport(VerifyElementVisibleInViewportKeyword.groovy:86)
	at com.kms.katalon.core.webui.keyword.builtin.VerifyElementVisibleInViewportKeyword.execute(VerifyElementVisibleInViewportKeyword.groovy:68)
	at com.kms.katalon.core.keyword.internal.KeywordExecutor.executeKeywordForPlatform(KeywordExecutor.groovy:73)
	at com.kms.katalon.core.webui.keyword.WebUiBuiltInKeywords.verifyElementInViewport(WebUiBuiltInKeywords.groovy:4050)
	at com.kms.katalon.core.webui.keyword.WebUiBuiltInKeywords$verifyElementInViewport$11.call(Unknown Source)
	at commonActions.BaseActions.ScrollToFooter(BaseActions.groovy:46)
	at commonActions.BaseActions.invokeMethod(BaseActions.groovy)
	at com.kms.katalon.core.main.CustomKeywordDelegatingMetaClass.invokeStaticMethod(CustomKeywordDelegatingMetaClass.java:50)
	at VerifyAlbumDisplayed.run(VerifyAlbumDisplayed:24)
	at com.kms.katalon.core.main.ScriptEngine.run(ScriptEngine.java:194)
	at com.kms.katalon.core.main.ScriptEngine.runScriptAsRawText(ScriptEngine.java:119)
	at com.kms.katalon.core.main.TestCaseExecutor.runScript(TestCaseExecutor.java:398)
	at com.kms.katalon.core.main.TestCaseExecutor.doExecute(TestCaseExecutor.java:389)
	at com.kms.katalon.core.main.TestCaseExecutor.processExecutionPhase(TestCaseExecutor.java:368)
	at com.kms.katalon.core.main.TestCaseExecutor.accessMainPhase(TestCaseExecutor.java:360)
	at com.kms.katalon.core.main.TestCaseExecutor.execute(TestCaseExecutor.java:255)
	at com.kms.katalon.core.main.TestSuiteExecutor.accessTestCaseMainPhase(TestSuiteExecutor.java:203)
	at com.kms.katalon.core.main.TestSuiteExecutor.accessTestSuiteMainPhase(TestSuiteExecutor.java:152)
	at com.kms.katalon.core.main.TestSuiteExecutor.execute(TestSuiteExecutor.java:95)
	at com.kms.katalon.core.main.TestCaseMain.startTestSuite(TestCaseMain.java:157)
	at com.kms.katalon.core.main.TestCaseMain$startTestSuite$0.call(Unknown Source)
	at TempTestSuite1617164316811.run(TempTestSuite1617164316811.groovy:39)
)
[[ATTACHMENT|D:\\Working\\AUTO\\KATAWEB\\popstestautomation\\POPSTestAutomation\\Reports\\20210331_111836\\POPS App\\POPSApp_DailySmoke\\20210331_111836\\1617164609523.png]]

2021-03-31 11:23:30 - [MESSAGE][PASSED] - Execute JavaScript 'window.scrollTo(0, document.body.scrollHeight)' successfully

2021-03-31 11:23:32 - [MESSAGE][PASSED] - Delayed 2 second(s)

2021-03-31 11:23:34 - [MESSAGE][WARNING] - Object 'Object Repository/POPS App UI/Footer/POPS_Logo_In_Footer' is present but is not visible in viewport (Root cause: com.kms.katalon.core.exception.StepFailedException: Object 'Object Repository/POPS App UI/Footer/POPS_Logo_In_Footer' is present but is not visible in viewport
	at com.kms.katalon.core.webui.keyword.internal.WebUIKeywordMain.stepFailed(WebUIKeywordMain.groovy:64)
	at com.kms.katalon.core.webui.keyword.builtin.VerifyElementVisibleInViewportKeyword$_verifyElementVisibleInViewport_closure1.doCall(VerifyElementVisibleInViewportKeyword.groovy:79)
	at com.kms.katalon.core.webui.keyword.builtin.VerifyElementVisibleInViewportKeyword$_verifyElementVisibleInViewport_closure1.call(VerifyElementVisibleInViewportKeyword.groovy)
	at com.kms.katalon.core.webui.keyword.internal.WebUIKeywordMain.runKeyword(WebUIKeywordMain.groovy:20)
	at com.kms.katalon.core.webui.keyword.builtin.VerifyElementVisibleInViewportKeyword.verifyElementVisibleInViewport(VerifyElementVisibleInViewportKeyword.groovy:86)
	at com.kms.katalon.core.webui.keyword.builtin.VerifyElementVisibleInViewportKeyword.execute(VerifyElementVisibleInViewportKeyword.groovy:68)
	at com.kms.katalon.core.keyword.internal.KeywordExecutor.executeKeywordForPlatform(KeywordExecutor.groovy:73)
	at com.kms.katalon.core.webui.keyword.WebUiBuiltInKeywords.verifyElementInViewport(WebUiBuiltInKeywords.groovy:4050)
	at com.kms.katalon.core.webui.keyword.WebUiBuiltInKeywords$verifyElementInViewport$11.call(Unknown Source)
	at commonActions.BaseActions.ScrollToFooter(BaseActions.groovy:46)
	at commonActions.BaseActions.invokeMethod(BaseActions.groovy)
	at com.kms.katalon.core.main.CustomKeywordDelegatingMetaClass.invokeStaticMethod(CustomKeywordDelegatingMetaClass.java:50)
	at VerifyAlbumDisplayed.run(VerifyAlbumDisplayed:24)
	at com.kms.katalon.core.main.ScriptEngine.run(ScriptEngine.java:194)
	at com.kms.katalon.core.main.ScriptEngine.runScriptAsRawText(ScriptEngine.java:119)
	at com.kms.katalon.core.main.TestCaseExecutor.runScript(TestCaseExecutor.java:398)
	at com.kms.katalon.core.main.TestCaseExecutor.doExecute(TestCaseExecutor.java:389)
	at com.kms.katalon.core.main.TestCaseExecutor.processExecutionPhase(TestCaseExecutor.java:368)
	at com.kms.katalon.core.main.TestCaseExecutor.accessMainPhase(TestCaseExecutor.java:360)
	at com.kms.katalon.core.main.TestCaseExecutor.execute(TestCaseExecutor.java:255)
	at com.kms.katalon.core.main.TestSuiteExecutor.accessTestCaseMainPhase(TestSuiteExecutor.java:203)
	at com.kms.katalon.core.main.TestSuiteExecutor.accessTestSuiteMainPhase(TestSuiteExecutor.java:152)
	at com.kms.katalon.core.main.TestSuiteExecutor.execute(TestSuiteExecutor.java:95)
	at com.kms.katalon.core.main.TestCaseMain.startTestSuite(TestCaseMain.java:157)
	at com.kms.katalon.core.main.TestCaseMain$startTestSuite$0.call(Unknown Source)
	at TempTestSuite1617164316811.run(TempTestSuite1617164316811.groovy:39)
)
[[ATTACHMENT|D:\\Working\\AUTO\\KATAWEB\\popstestautomation\\POPSTestAutomation\\Reports\\20210331_111836\\POPS App\\POPSApp_DailySmoke\\20210331_111836\\1617164613503.png]]

2021-03-31 11:23:34 - [MESSAGE][PASSED] - Execute JavaScript 'window.scrollTo(0, document.body.scrollHeight)' successfully

2021-03-31 11:23:36 - [MESSAGE][PASSED] - Delayed 2 second(s)

2021-03-31 11:23:37 - [MESSAGE][WARNING] - Object 'Object Repository/POPS App UI/Footer/POPS_Logo_In_Footer' is present but is not visible in viewport (Root cause: com.kms.katalon.core.exception.StepFailedException: Object 'Object Repository/POPS App UI/Footer/POPS_Logo_In_Footer' is present but is not visible in viewport
	at com.kms.katalon.core.webui.keyword.internal.WebUIKeywordMain.stepFailed(WebUIKeywordMain.groovy:64)
	at com.kms.katalon.core.webui.keyword.builtin.VerifyElementVisibleInViewportKeyword$_verifyElementVisibleInViewport_closure1.doCall(VerifyElementVisibleInViewportKeyword.groovy:79)
	at com.kms.katalon.core.webui.keyword.builtin.VerifyElementVisibleInViewportKeyword$_verifyElementVisibleInViewport_closure1.call(VerifyElementVisibleInViewportKeyword.groovy)
	at com.kms.katalon.core.webui.keyword.internal.WebUIKeywordMain.runKeyword(WebUIKeywordMain.groovy:20)
	at com.kms.katalon.core.webui.keyword.builtin.VerifyElementVisibleInViewportKeyword.verifyElementVisibleInViewport(VerifyElementVisibleInViewportKeyword.groovy:86)
	at com.kms.katalon.core.webui.keyword.builtin.VerifyElementVisibleInViewportKeyword.execute(VerifyElementVisibleInViewportKeyword.groovy:68)
	at com.kms.katalon.core.keyword.internal.KeywordExecutor.executeKeywordForPlatform(KeywordExecutor.groovy:73)
	at com.kms.katalon.core.webui.keyword.WebUiBuiltInKeywords.verifyElementInViewport(WebUiBuiltInKeywords.groovy:4050)
	at com.kms.katalon.core.webui.keyword.WebUiBuiltInKeywords$verifyElementInViewport$11.call(Unknown Source)
	at commonActions.BaseActions.ScrollToFooter(BaseActions.groovy:46)
	at commonActions.BaseActions.invokeMethod(BaseActions.groovy)
	at com.kms.katalon.core.main.CustomKeywordDelegatingMetaClass.invokeStaticMethod(CustomKeywordDelegatingMetaClass.java:50)
	at VerifyAlbumDisplayed.run(VerifyAlbumDisplayed:24)
	at com.kms.katalon.core.main.ScriptEngine.run(ScriptEngine.java:194)
	at com.kms.katalon.core.main.ScriptEngine.runScriptAsRawText(ScriptEngine.java:119)
	at com.kms.katalon.core.main.TestCaseExecutor.runScript(TestCaseExecutor.java:398)
	at com.kms.katalon.core.main.TestCaseExecutor.doExecute(TestCaseExecutor.java:389)
	at com.kms.katalon.core.main.TestCaseExecutor.processExecutionPhase(TestCaseExecutor.java:368)
	at com.kms.katalon.core.main.TestCaseExecutor.accessMainPhase(TestCaseExecutor.java:360)
	at com.kms.katalon.core.main.TestCaseExecutor.execute(TestCaseExecutor.java:255)
	at com.kms.katalon.core.main.TestSuiteExecutor.accessTestCaseMainPhase(TestSuiteExecutor.java:203)
	at com.kms.katalon.core.main.TestSuiteExecutor.accessTestSuiteMainPhase(TestSuiteExecutor.java:152)
	at com.kms.katalon.core.main.TestSuiteExecutor.execute(TestSuiteExecutor.java:95)
	at com.kms.katalon.core.main.TestCaseMain.startTestSuite(TestCaseMain.java:157)
	at com.kms.katalon.core.main.TestCaseMain$startTestSuite$0.call(Unknown Source)
	at TempTestSuite1617164316811.run(TempTestSuite1617164316811.groovy:39)
)
[[ATTACHMENT|D:\\Working\\AUTO\\KATAWEB\\popstestautomation\\POPSTestAutomation\\Reports\\20210331_111836\\POPS App\\POPSApp_DailySmoke\\20210331_111836\\1617164616497.png]]

2021-03-31 11:23:37 - [MESSAGE][PASSED] - Execute JavaScript 'window.scrollTo(0, document.body.scrollHeight)' successfully

2021-03-31 11:23:39 - [MESSAGE][PASSED] - Delayed 2 second(s)

2021-03-31 11:23:40 - [MESSAGE][WARNING] - Object 'Object Repository/POPS App UI/Footer/POPS_Logo_In_Footer' is present but is not visible in viewport (Root cause: com.kms.katalon.core.exception.StepFailedException: Object 'Object Repository/POPS App UI/Footer/POPS_Logo_In_Footer' is present but is not visible in viewport
	at com.kms.katalon.core.webui.keyword.internal.WebUIKeywordMain.stepFailed(WebUIKeywordMain.groovy:64)
	at com.kms.katalon.core.webui.keyword.builtin.VerifyElementVisibleInViewportKeyword$_verifyElementVisibleInViewport_closure1.doCall(VerifyElementVisibleInViewportKeyword.groovy:79)
	at com.kms.katalon.core.webui.keyword.builtin.VerifyElementVisibleInViewportKeyword$_verifyElementVisibleInViewport_closure1.call(VerifyElementVisibleInViewportKeyword.groovy)
	at com.kms.katalon.core.webui.keyword.internal.WebUIKeywordMain.runKeyword(WebUIKeywordMain.groovy:20)
	at com.kms.katalon.core.webui.keyword.builtin.VerifyElementVisibleInViewportKeyword.verifyElementVisibleInViewport(VerifyElementVisibleInViewportKeyword.groovy:86)
	at com.kms.katalon.core.webui.keyword.builtin.VerifyElementVisibleInViewportKeyword.execute(VerifyElementVisibleInViewportKeyword.groovy:68)
	at com.kms.katalon.core.keyword.internal.KeywordExecutor.executeKeywordForPlatform(KeywordExecutor.groovy:73)
	at com.kms.katalon.core.webui.keyword.WebUiBuiltInKeywords.verifyElementInViewport(WebUiBuiltInKeywords.groovy:4050)
	at com.kms.katalon.core.webui.keyword.WebUiBuiltInKeywords$verifyElementInViewport$11.call(Unknown Source)
	at commonActions.BaseActions.ScrollToFooter(BaseActions.groovy:46)
	at commonActions.BaseActions.invokeMethod(BaseActions.groovy)
	at com.kms.katalon.core.main.CustomKeywordDelegatingMetaClass.invokeStaticMethod(CustomKeywordDelegatingMetaClass.java:50)
	at VerifyAlbumDisplayed.run(VerifyAlbumDisplayed:24)
	at com.kms.katalon.core.main.ScriptEngine.run(ScriptEngine.java:194)
	at com.kms.katalon.core.main.ScriptEngine.runScriptAsRawText(ScriptEngine.java:119)
	at com.kms.katalon.core.main.TestCaseExecutor.runScript(TestCaseExecutor.java:398)
	at com.kms.katalon.core.main.TestCaseExecutor.doExecute(TestCaseExecutor.java:389)
	at com.kms.katalon.core.main.TestCaseExecutor.processExecutionPhase(TestCaseExecutor.java:368)
	at com.kms.katalon.core.main.TestCaseExecutor.accessMainPhase(TestCaseExecutor.java:360)
	at com.kms.katalon.core.main.TestCaseExecutor.execute(TestCaseExecutor.java:255)
	at com.kms.katalon.core.main.TestSuiteExecutor.accessTestCaseMainPhase(TestSuiteExecutor.java:203)
	at com.kms.katalon.core.main.TestSuiteExecutor.accessTestSuiteMainPhase(TestSuiteExecutor.java:152)
	at com.kms.katalon.core.main.TestSuiteExecutor.execute(TestSuiteExecutor.java:95)
	at com.kms.katalon.core.main.TestCaseMain.startTestSuite(TestCaseMain.java:157)
	at com.kms.katalon.core.main.TestCaseMain$startTestSuite$0.call(Unknown Source)
	at TempTestSuite1617164316811.run(TempTestSuite1617164316811.groovy:39)
)
[[ATTACHMENT|D:\\Working\\AUTO\\KATAWEB\\popstestautomation\\POPSTestAutomation\\Reports\\20210331_111836\\POPS App\\POPSApp_DailySmoke\\20210331_111836\\1617164619533.png]]

2021-03-31 11:23:40 - [MESSAGE][PASSED] - Execute JavaScript 'window.scrollTo(0, document.body.scrollHeight)' successfully

2021-03-31 11:23:42 - [MESSAGE][PASSED] - Delayed 2 second(s)

2021-03-31 11:23:43 - [MESSAGE][WARNING] - Object 'Object Repository/POPS App UI/Footer/POPS_Logo_In_Footer' is present but is not visible in viewport (Root cause: com.kms.katalon.core.exception.StepFailedException: Object 'Object Repository/POPS App UI/Footer/POPS_Logo_In_Footer' is present but is not visible in viewport
	at com.kms.katalon.core.webui.keyword.internal.WebUIKeywordMain.stepFailed(WebUIKeywordMain.groovy:64)
	at com.kms.katalon.core.webui.keyword.builtin.VerifyElementVisibleInViewportKeyword$_verifyElementVisibleInViewport_closure1.doCall(VerifyElementVisibleInViewportKeyword.groovy:79)
	at com.kms.katalon.core.webui.keyword.builtin.VerifyElementVisibleInViewportKeyword$_verifyElementVisibleInViewport_closure1.call(VerifyElementVisibleInViewportKeyword.groovy)
	at com.kms.katalon.core.webui.keyword.internal.WebUIKeywordMain.runKeyword(WebUIKeywordMain.groovy:20)
	at com.kms.katalon.core.webui.keyword.builtin.VerifyElementVisibleInViewportKeyword.verifyElementVisibleInViewport(VerifyElementVisibleInViewportKeyword.groovy:86)
	at com.kms.katalon.core.webui.keyword.builtin.VerifyElementVisibleInViewportKeyword.execute(VerifyElementVisibleInViewportKeyword.groovy:68)
	at com.kms.katalon.core.keyword.internal.KeywordExecutor.executeKeywordForPlatform(KeywordExecutor.groovy:73)
	at com.kms.katalon.core.webui.keyword.WebUiBuiltInKeywords.verifyElementInViewport(WebUiBuiltInKeywords.groovy:4050)
	at com.kms.katalon.core.webui.keyword.WebUiBuiltInKeywords$verifyElementInViewport$11.call(Unknown Source)
	at commonActions.BaseActions.ScrollToFooter(BaseActions.groovy:46)
	at commonActions.BaseActions.invokeMethod(BaseActions.groovy)
	at com.kms.katalon.core.main.CustomKeywordDelegatingMetaClass.invokeStaticMethod(CustomKeywordDelegatingMetaClass.java:50)
	at VerifyAlbumDisplayed.run(VerifyAlbumDisplayed:24)
	at com.kms.katalon.core.main.ScriptEngine.run(ScriptEngine.java:194)
	at com.kms.katalon.core.main.ScriptEngine.runScriptAsRawText(ScriptEngine.java:119)
	at com.kms.katalon.core.main.TestCaseExecutor.runScript(TestCaseExecutor.java:398)
	at com.kms.katalon.core.main.TestCaseExecutor.doExecute(TestCaseExecutor.java:389)
	at com.kms.katalon.core.main.TestCaseExecutor.processExecutionPhase(TestCaseExecutor.java:368)
	at com.kms.katalon.core.main.TestCaseExecutor.accessMainPhase(TestCaseExecutor.java:360)
	at com.kms.katalon.core.main.TestCaseExecutor.execute(TestCaseExecutor.java:255)
	at com.kms.katalon.core.main.TestSuiteExecutor.accessTestCaseMainPhase(TestSuiteExecutor.java:203)
	at com.kms.katalon.core.main.TestSuiteExecutor.accessTestSuiteMainPhase(TestSuiteExecutor.java:152)
	at com.kms.katalon.core.main.TestSuiteExecutor.execute(TestSuiteExecutor.java:95)
	at com.kms.katalon.core.main.TestCaseMain.startTestSuite(TestCaseMain.java:157)
	at com.kms.katalon.core.main.TestCaseMain$startTestSuite$0.call(Unknown Source)
	at TempTestSuite1617164316811.run(TempTestSuite1617164316811.groovy:39)
)
[[ATTACHMENT|D:\\Working\\AUTO\\KATAWEB\\popstestautomation\\POPSTestAutomation\\Reports\\20210331_111836\\POPS App\\POPSApp_DailySmoke\\20210331_111836\\1617164622506.png]]

2021-03-31 11:23:43 - [MESSAGE][PASSED] - Execute JavaScript 'window.scrollTo(0, document.body.scrollHeight)' successfully

2021-03-31 11:23:45 - [MESSAGE][PASSED] - Delayed 2 second(s)

2021-03-31 11:23:45 - [MESSAGE][PASSED] - Object 'Object Repository/POPS App UI/Footer/POPS_Logo_In_Footer' is present and visible in viewport

2021-03-31 11:23:45 - [MESSAGE][PASSED] - commonActions.BaseActions.ScrollToFooter is PASSED

2021-03-31 11:23:45 - [TEST_STEP][PASSED] - commonActions.PageActions.checkAlbumItemsCanClickable(findTestObject("Object Repository/POPS App UI/HomePageUI/ALBUM_PART")): commonActions.PageActions.checkAlbumItemsCanClickable is PASSED

2021-03-31 11:23:46 - [MESSAGE][PASSED] - commonActions.PageActions.checkAlbumItemsCanClickable is PASSED

2021-03-31 11:23:46 - [TEST_STEP][PASSED] - commonActions.PageActions.checkBrokenImages(findTestObject("Object Repository/CommonUI/IMG_THUMNAIL"), "src"): commonActions.PageActions.checkBrokenImages is PASSED

2021-03-31 11:23:47 - [MESSAGE][INFO] - HAR: D:\Working\AUTO\KATAWEB\popstestautomation\POPSTestAutomation\Reports\20210331_111836\POPS App\POPSApp_DailySmoke\20210331_111836\requests\main\32.har

2021-03-31 11:23:47 - [MESSAGE][PASSED] - Send request successfully

2021-03-31 11:23:47 - [MESSAGE][PASSED] - commonActions.PageActions.checkBrokenImages is PASSED

2021-03-31 11:23:47 - [TEST_STEP][PASSED] - Start listener action : sampleAfterTestCase: null

2021-03-31 11:23:47 - [TEST_STEP][PASSED] - println(testCaseContext.getTestCaseId()): null

2021-03-31 11:23:47 - [TEST_STEP][PASSED] - println(testCaseContext.getTestCaseStatus()): null]]></system-out>
         <system-err><![CDATA[]]></system-err>
      </testcase>
      <testcase name="Test Cases/Component/VerifyRecommandationDisplayed" time="22.15" classname="Test Cases/Component/VerifyRecommandationDisplayed" status="PASSED">
         <system-out><![CDATA[2021-03-31 11:23:47 - [TEST_CASE][PASSED] - Test Cases/Component/VerifyRecommandationDisplayed: Test Cases/Component/VerifyRecommandationDisplayed

2021-03-31 11:23:47 - [TEST_STEP][PASSED] - Start listener action : sampleBeforeTestCase: null

2021-03-31 11:23:47 - [TEST_STEP][PASSED] - println(testCaseContext.getTestCaseId()): null

2021-03-31 11:23:47 - [TEST_STEP][PASSED] - println(testCaseContext.getTestCaseVariables()): null

2021-03-31 11:23:47 - [TEST_STEP][PASSED] - openBrowser(SourceURL): Browser is opened with url: 'https://pops.vn/'

2021-03-31 11:23:47 - [MESSAGE][WARNING] - A browser is already opened. Closing browser and opening a new one

2021-03-31 11:23:48 - [MESSAGE][INFO] - Starting 'Chrome' driver

2021-03-31 11:23:48 - [MESSAGE][INFO] - Action delay is set to 0 milliseconds

2021-03-31 11:23:50 - [MESSAGE][PASSED] - Browser is opened with url: 'https://pops.vn/'

2021-03-31 11:23:50 - [TEST_STEP][PASSED] - maximizeWindow(): Current window maximized

2021-03-31 11:23:50 - [MESSAGE][PASSED] - Current window maximized

2021-03-31 11:23:50 - [TEST_STEP][PASSED] - commonActions.APIs.anonymousLogin(): commonActions.APIs.anonymousLogin is PASSED

2021-03-31 11:23:51 - [MESSAGE][INFO] - HAR: D:\Working\AUTO\KATAWEB\popstestautomation\POPSTestAutomation\Reports\20210331_111836\POPS App\POPSApp_DailySmoke\20210331_111836\requests\main\33.har

2021-03-31 11:23:51 - [MESSAGE][PASSED] - Send request successfully

2021-03-31 11:23:51 - [MESSAGE][PASSED] - commonActions.APIs.anonymousLogin is PASSED

2021-03-31 11:23:51 - [TEST_STEP][PASSED] - commonActions.BaseActions.ScrollToFooter(): commonActions.BaseActions.ScrollToFooter is PASSED

2021-03-31 11:23:51 - [MESSAGE][PASSED] - Execute JavaScript 'window.scrollTo(0, document.body.scrollHeight)' successfully

2021-03-31 11:23:53 - [MESSAGE][PASSED] - Delayed 2 second(s)

2021-03-31 11:23:54 - [MESSAGE][WARNING] - Object 'Object Repository/POPS App UI/Footer/POPS_Logo_In_Footer' is present but is not visible in viewport (Root cause: com.kms.katalon.core.exception.StepFailedException: Object 'Object Repository/POPS App UI/Footer/POPS_Logo_In_Footer' is present but is not visible in viewport
	at com.kms.katalon.core.webui.keyword.internal.WebUIKeywordMain.stepFailed(WebUIKeywordMain.groovy:64)
	at com.kms.katalon.core.webui.keyword.builtin.VerifyElementVisibleInViewportKeyword$_verifyElementVisibleInViewport_closure1.doCall(VerifyElementVisibleInViewportKeyword.groovy:79)
	at com.kms.katalon.core.webui.keyword.builtin.VerifyElementVisibleInViewportKeyword$_verifyElementVisibleInViewport_closure1.call(VerifyElementVisibleInViewportKeyword.groovy)
	at com.kms.katalon.core.webui.keyword.internal.WebUIKeywordMain.runKeyword(WebUIKeywordMain.groovy:20)
	at com.kms.katalon.core.webui.keyword.builtin.VerifyElementVisibleInViewportKeyword.verifyElementVisibleInViewport(VerifyElementVisibleInViewportKeyword.groovy:86)
	at com.kms.katalon.core.webui.keyword.builtin.VerifyElementVisibleInViewportKeyword.execute(VerifyElementVisibleInViewportKeyword.groovy:68)
	at com.kms.katalon.core.keyword.internal.KeywordExecutor.executeKeywordForPlatform(KeywordExecutor.groovy:73)
	at com.kms.katalon.core.webui.keyword.WebUiBuiltInKeywords.verifyElementInViewport(WebUiBuiltInKeywords.groovy:4050)
	at com.kms.katalon.core.webui.keyword.WebUiBuiltInKeywords$verifyElementInViewport$11.call(Unknown Source)
	at commonActions.BaseActions.ScrollToFooter(BaseActions.groovy:46)
	at commonActions.BaseActions.invokeMethod(BaseActions.groovy)
	at com.kms.katalon.core.main.CustomKeywordDelegatingMetaClass.invokeStaticMethod(CustomKeywordDelegatingMetaClass.java:50)
	at VerifyRecommandationDisplayed.run(VerifyRecommandationDisplayed:24)
	at com.kms.katalon.core.main.ScriptEngine.run(ScriptEngine.java:194)
	at com.kms.katalon.core.main.ScriptEngine.runScriptAsRawText(ScriptEngine.java:119)
	at com.kms.katalon.core.main.TestCaseExecutor.runScript(TestCaseExecutor.java:398)
	at com.kms.katalon.core.main.TestCaseExecutor.doExecute(TestCaseExecutor.java:389)
	at com.kms.katalon.core.main.TestCaseExecutor.processExecutionPhase(TestCaseExecutor.java:368)
	at com.kms.katalon.core.main.TestCaseExecutor.accessMainPhase(TestCaseExecutor.java:360)
	at com.kms.katalon.core.main.TestCaseExecutor.execute(TestCaseExecutor.java:255)
	at com.kms.katalon.core.main.TestSuiteExecutor.accessTestCaseMainPhase(TestSuiteExecutor.java:203)
	at com.kms.katalon.core.main.TestSuiteExecutor.accessTestSuiteMainPhase(TestSuiteExecutor.java:152)
	at com.kms.katalon.core.main.TestSuiteExecutor.execute(TestSuiteExecutor.java:95)
	at com.kms.katalon.core.main.TestCaseMain.startTestSuite(TestCaseMain.java:157)
	at com.kms.katalon.core.main.TestCaseMain$startTestSuite$0.call(Unknown Source)
	at TempTestSuite1617164316811.run(TempTestSuite1617164316811.groovy:39)
)
[[ATTACHMENT|D:\\Working\\AUTO\\KATAWEB\\popstestautomation\\POPSTestAutomation\\Reports\\20210331_111836\\POPS App\\POPSApp_DailySmoke\\20210331_111836\\1617164634164.png]]

2021-03-31 11:23:54 - [MESSAGE][PASSED] - Execute JavaScript 'window.scrollTo(0, document.body.scrollHeight)' successfully

2021-03-31 11:23:56 - [MESSAGE][PASSED] - Delayed 2 second(s)

2021-03-31 11:23:57 - [MESSAGE][WARNING] - Object 'Object Repository/POPS App UI/Footer/POPS_Logo_In_Footer' is present but is not visible in viewport (Root cause: com.kms.katalon.core.exception.StepFailedException: Object 'Object Repository/POPS App UI/Footer/POPS_Logo_In_Footer' is present but is not visible in viewport
	at com.kms.katalon.core.webui.keyword.internal.WebUIKeywordMain.stepFailed(WebUIKeywordMain.groovy:64)
	at com.kms.katalon.core.webui.keyword.builtin.VerifyElementVisibleInViewportKeyword$_verifyElementVisibleInViewport_closure1.doCall(VerifyElementVisibleInViewportKeyword.groovy:79)
	at com.kms.katalon.core.webui.keyword.builtin.VerifyElementVisibleInViewportKeyword$_verifyElementVisibleInViewport_closure1.call(VerifyElementVisibleInViewportKeyword.groovy)
	at com.kms.katalon.core.webui.keyword.internal.WebUIKeywordMain.runKeyword(WebUIKeywordMain.groovy:20)
	at com.kms.katalon.core.webui.keyword.builtin.VerifyElementVisibleInViewportKeyword.verifyElementVisibleInViewport(VerifyElementVisibleInViewportKeyword.groovy:86)
	at com.kms.katalon.core.webui.keyword.builtin.VerifyElementVisibleInViewportKeyword.execute(VerifyElementVisibleInViewportKeyword.groovy:68)
	at com.kms.katalon.core.keyword.internal.KeywordExecutor.executeKeywordForPlatform(KeywordExecutor.groovy:73)
	at com.kms.katalon.core.webui.keyword.WebUiBuiltInKeywords.verifyElementInViewport(WebUiBuiltInKeywords.groovy:4050)
	at com.kms.katalon.core.webui.keyword.WebUiBuiltInKeywords$verifyElementInViewport$11.call(Unknown Source)
	at commonActions.BaseActions.ScrollToFooter(BaseActions.groovy:46)
	at commonActions.BaseActions.invokeMethod(BaseActions.groovy)
	at com.kms.katalon.core.main.CustomKeywordDelegatingMetaClass.invokeStaticMethod(CustomKeywordDelegatingMetaClass.java:50)
	at VerifyRecommandationDisplayed.run(VerifyRecommandationDisplayed:24)
	at com.kms.katalon.core.main.ScriptEngine.run(ScriptEngine.java:194)
	at com.kms.katalon.core.main.ScriptEngine.runScriptAsRawText(ScriptEngine.java:119)
	at com.kms.katalon.core.main.TestCaseExecutor.runScript(TestCaseExecutor.java:398)
	at com.kms.katalon.core.main.TestCaseExecutor.doExecute(TestCaseExecutor.java:389)
	at com.kms.katalon.core.main.TestCaseExecutor.processExecutionPhase(TestCaseExecutor.java:368)
	at com.kms.katalon.core.main.TestCaseExecutor.accessMainPhase(TestCaseExecutor.java:360)
	at com.kms.katalon.core.main.TestCaseExecutor.execute(TestCaseExecutor.java:255)
	at com.kms.katalon.core.main.TestSuiteExecutor.accessTestCaseMainPhase(TestSuiteExecutor.java:203)
	at com.kms.katalon.core.main.TestSuiteExecutor.accessTestSuiteMainPhase(TestSuiteExecutor.java:152)
	at com.kms.katalon.core.main.TestSuiteExecutor.execute(TestSuiteExecutor.java:95)
	at com.kms.katalon.core.main.TestCaseMain.startTestSuite(TestCaseMain.java:157)
	at com.kms.katalon.core.main.TestCaseMain$startTestSuite$0.call(Unknown Source)
	at TempTestSuite1617164316811.run(TempTestSuite1617164316811.groovy:39)
)
[[ATTACHMENT|D:\\Working\\AUTO\\KATAWEB\\popstestautomation\\POPSTestAutomation\\Reports\\20210331_111836\\POPS App\\POPSApp_DailySmoke\\20210331_111836\\1617164637040.png]]

2021-03-31 11:23:57 - [MESSAGE][PASSED] - Execute JavaScript 'window.scrollTo(0, document.body.scrollHeight)' successfully

2021-03-31 11:23:59 - [MESSAGE][PASSED] - Delayed 2 second(s)

2021-03-31 11:24:00 - [MESSAGE][WARNING] - Object 'Object Repository/POPS App UI/Footer/POPS_Logo_In_Footer' is present but is not visible in viewport (Root cause: com.kms.katalon.core.exception.StepFailedException: Object 'Object Repository/POPS App UI/Footer/POPS_Logo_In_Footer' is present but is not visible in viewport
	at com.kms.katalon.core.webui.keyword.internal.WebUIKeywordMain.stepFailed(WebUIKeywordMain.groovy:64)
	at com.kms.katalon.core.webui.keyword.builtin.VerifyElementVisibleInViewportKeyword$_verifyElementVisibleInViewport_closure1.doCall(VerifyElementVisibleInViewportKeyword.groovy:79)
	at com.kms.katalon.core.webui.keyword.builtin.VerifyElementVisibleInViewportKeyword$_verifyElementVisibleInViewport_closure1.call(VerifyElementVisibleInViewportKeyword.groovy)
	at com.kms.katalon.core.webui.keyword.internal.WebUIKeywordMain.runKeyword(WebUIKeywordMain.groovy:20)
	at com.kms.katalon.core.webui.keyword.builtin.VerifyElementVisibleInViewportKeyword.verifyElementVisibleInViewport(VerifyElementVisibleInViewportKeyword.groovy:86)
	at com.kms.katalon.core.webui.keyword.builtin.VerifyElementVisibleInViewportKeyword.execute(VerifyElementVisibleInViewportKeyword.groovy:68)
	at com.kms.katalon.core.keyword.internal.KeywordExecutor.executeKeywordForPlatform(KeywordExecutor.groovy:73)
	at com.kms.katalon.core.webui.keyword.WebUiBuiltInKeywords.verifyElementInViewport(WebUiBuiltInKeywords.groovy:4050)
	at com.kms.katalon.core.webui.keyword.WebUiBuiltInKeywords$verifyElementInViewport$11.call(Unknown Source)
	at commonActions.BaseActions.ScrollToFooter(BaseActions.groovy:46)
	at commonActions.BaseActions.invokeMethod(BaseActions.groovy)
	at com.kms.katalon.core.main.CustomKeywordDelegatingMetaClass.invokeStaticMethod(CustomKeywordDelegatingMetaClass.java:50)
	at VerifyRecommandationDisplayed.run(VerifyRecommandationDisplayed:24)
	at com.kms.katalon.core.main.ScriptEngine.run(ScriptEngine.java:194)
	at com.kms.katalon.core.main.ScriptEngine.runScriptAsRawText(ScriptEngine.java:119)
	at com.kms.katalon.core.main.TestCaseExecutor.runScript(TestCaseExecutor.java:398)
	at com.kms.katalon.core.main.TestCaseExecutor.doExecute(TestCaseExecutor.java:389)
	at com.kms.katalon.core.main.TestCaseExecutor.processExecutionPhase(TestCaseExecutor.java:368)
	at com.kms.katalon.core.main.TestCaseExecutor.accessMainPhase(TestCaseExecutor.java:360)
	at com.kms.katalon.core.main.TestCaseExecutor.execute(TestCaseExecutor.java:255)
	at com.kms.katalon.core.main.TestSuiteExecutor.accessTestCaseMainPhase(TestSuiteExecutor.java:203)
	at com.kms.katalon.core.main.TestSuiteExecutor.accessTestSuiteMainPhase(TestSuiteExecutor.java:152)
	at com.kms.katalon.core.main.TestSuiteExecutor.execute(TestSuiteExecutor.java:95)
	at com.kms.katalon.core.main.TestCaseMain.startTestSuite(TestCaseMain.java:157)
	at com.kms.katalon.core.main.TestCaseMain$startTestSuite$0.call(Unknown Source)
	at TempTestSuite1617164316811.run(TempTestSuite1617164316811.groovy:39)
)
[[ATTACHMENT|D:\\Working\\AUTO\\KATAWEB\\popstestautomation\\POPSTestAutomation\\Reports\\20210331_111836\\POPS App\\POPSApp_DailySmoke\\20210331_111836\\1617164640065.png]]

2021-03-31 11:24:00 - [MESSAGE][PASSED] - Execute JavaScript 'window.scrollTo(0, document.body.scrollHeight)' successfully

2021-03-31 11:24:02 - [MESSAGE][PASSED] - Delayed 2 second(s)

2021-03-31 11:24:03 - [MESSAGE][WARNING] - Object 'Object Repository/POPS App UI/Footer/POPS_Logo_In_Footer' is present but is not visible in viewport (Root cause: com.kms.katalon.core.exception.StepFailedException: Object 'Object Repository/POPS App UI/Footer/POPS_Logo_In_Footer' is present but is not visible in viewport
	at com.kms.katalon.core.webui.keyword.internal.WebUIKeywordMain.stepFailed(WebUIKeywordMain.groovy:64)
	at com.kms.katalon.core.webui.keyword.builtin.VerifyElementVisibleInViewportKeyword$_verifyElementVisibleInViewport_closure1.doCall(VerifyElementVisibleInViewportKeyword.groovy:79)
	at com.kms.katalon.core.webui.keyword.builtin.VerifyElementVisibleInViewportKeyword$_verifyElementVisibleInViewport_closure1.call(VerifyElementVisibleInViewportKeyword.groovy)
	at com.kms.katalon.core.webui.keyword.internal.WebUIKeywordMain.runKeyword(WebUIKeywordMain.groovy:20)
	at com.kms.katalon.core.webui.keyword.builtin.VerifyElementVisibleInViewportKeyword.verifyElementVisibleInViewport(VerifyElementVisibleInViewportKeyword.groovy:86)
	at com.kms.katalon.core.webui.keyword.builtin.VerifyElementVisibleInViewportKeyword.execute(VerifyElementVisibleInViewportKeyword.groovy:68)
	at com.kms.katalon.core.keyword.internal.KeywordExecutor.executeKeywordForPlatform(KeywordExecutor.groovy:73)
	at com.kms.katalon.core.webui.keyword.WebUiBuiltInKeywords.verifyElementInViewport(WebUiBuiltInKeywords.groovy:4050)
	at com.kms.katalon.core.webui.keyword.WebUiBuiltInKeywords$verifyElementInViewport$11.call(Unknown Source)
	at commonActions.BaseActions.ScrollToFooter(BaseActions.groovy:46)
	at commonActions.BaseActions.invokeMethod(BaseActions.groovy)
	at com.kms.katalon.core.main.CustomKeywordDelegatingMetaClass.invokeStaticMethod(CustomKeywordDelegatingMetaClass.java:50)
	at VerifyRecommandationDisplayed.run(VerifyRecommandationDisplayed:24)
	at com.kms.katalon.core.main.ScriptEngine.run(ScriptEngine.java:194)
	at com.kms.katalon.core.main.ScriptEngine.runScriptAsRawText(ScriptEngine.java:119)
	at com.kms.katalon.core.main.TestCaseExecutor.runScript(TestCaseExecutor.java:398)
	at com.kms.katalon.core.main.TestCaseExecutor.doExecute(TestCaseExecutor.java:389)
	at com.kms.katalon.core.main.TestCaseExecutor.processExecutionPhase(TestCaseExecutor.java:368)
	at com.kms.katalon.core.main.TestCaseExecutor.accessMainPhase(TestCaseExecutor.java:360)
	at com.kms.katalon.core.main.TestCaseExecutor.execute(TestCaseExecutor.java:255)
	at com.kms.katalon.core.main.TestSuiteExecutor.accessTestCaseMainPhase(TestSuiteExecutor.java:203)
	at com.kms.katalon.core.main.TestSuiteExecutor.accessTestSuiteMainPhase(TestSuiteExecutor.java:152)
	at com.kms.katalon.core.main.TestSuiteExecutor.execute(TestSuiteExecutor.java:95)
	at com.kms.katalon.core.main.TestCaseMain.startTestSuite(TestCaseMain.java:157)
	at com.kms.katalon.core.main.TestCaseMain$startTestSuite$0.call(Unknown Source)
	at TempTestSuite1617164316811.run(TempTestSuite1617164316811.groovy:39)
)
[[ATTACHMENT|D:\\Working\\AUTO\\KATAWEB\\popstestautomation\\POPSTestAutomation\\Reports\\20210331_111836\\POPS App\\POPSApp_DailySmoke\\20210331_111836\\1617164643033.png]]

2021-03-31 11:24:03 - [MESSAGE][PASSED] - Execute JavaScript 'window.scrollTo(0, document.body.scrollHeight)' successfully

2021-03-31 11:24:05 - [MESSAGE][PASSED] - Delayed 2 second(s)

2021-03-31 11:24:06 - [MESSAGE][PASSED] - Object 'Object Repository/POPS App UI/Footer/POPS_Logo_In_Footer' is present and visible in viewport

2021-03-31 11:24:06 - [MESSAGE][PASSED] - commonActions.BaseActions.ScrollToFooter is PASSED

2021-03-31 11:24:06 - [TEST_STEP][PASSED] - commonActions.PageActions.checkRecommandation(findTestObject("POPS App UI/HomePageUI/RECOMMANDATION_PART")): commonActions.PageActions.checkRecommandation is PASSED

2021-03-31 11:24:06 - [MESSAGE][INFO] - HAR: D:\Working\AUTO\KATAWEB\popstestautomation\POPSTestAutomation\Reports\20210331_111836\POPS App\POPSApp_DailySmoke\20210331_111836\requests\main\34.har

2021-03-31 11:24:06 - [MESSAGE][PASSED] - Send request successfully

2021-03-31 11:24:06 - [MESSAGE][PASSED] - commonActions.PageActions.checkRecommandation is PASSED

2021-03-31 11:24:06 - [TEST_STEP][PASSED] - commonActions.PageActions.checkReCommandationCanClickable(findTestObject("POPS App UI/HomePageUI/RECOMMANDATION_PART")): commonActions.PageActions.checkReCommandationCanClickable is PASSED

2021-03-31 11:24:08 - [MESSAGE][PASSED] - commonActions.PageActions.checkReCommandationCanClickable is PASSED

2021-03-31 11:24:08 - [TEST_STEP][PASSED] - commonActions.PageActions.checkBrokenImages(findTestObject("Object Repository/CommonUI/IMG_THUMNAIL"), "src"): commonActions.PageActions.checkBrokenImages is PASSED

2021-03-31 11:24:09 - [MESSAGE][PASSED] - commonActions.PageActions.checkBrokenImages is PASSED

2021-03-31 11:24:09 - [TEST_STEP][PASSED] - Start listener action : sampleAfterTestCase: null

2021-03-31 11:24:09 - [TEST_STEP][PASSED] - println(testCaseContext.getTestCaseId()): null

2021-03-31 11:24:09 - [TEST_STEP][PASSED] - println(testCaseContext.getTestCaseStatus()): null]]></system-out>
         <system-err><![CDATA[]]></system-err>
      </testcase>
      <system-out><![CDATA[2021-03-31 11:18:47 - [TEST_SUITE][ERROR] - POPSApp_DailySmoke: Test Cases/AddToMyList/VerifyMyListShowValidData FAILED.
Reason:
org.openqa.selenium.StaleElementReferenceException: stale element reference: element is not attached to the page document
  (Session info: chrome=89.0.4389.90)
For documentation on this error, please visit: https://www.seleniumhq.org/exceptions/stale_element_reference.html
Build info: version: '3.141.59', revision: 'e82be7d358', time: '2018-11-14T08:25:53'
System info: host: 'CA-HUYTHANH', ip: '192.168.56.1', os.name: 'Windows 10', os.arch: 'amd64', os.version: '10.0', java.version: '1.8.0_181'
Driver info: com.kms.katalon.selenium.driver.CChromeDriver
Capabilities {acceptInsecureCerts: false, browserName: chrome, browserVersion: 89.0.4389.90, chrome: {chromedriverVersion: 89.0.4389.23 (61b08ee2c5002..., userDataDir: C:\Users\HUY~1.THA\AppData\...}, goog:chromeOptions: {debuggerAddress: localhost:61770}, javascriptEnabled: true, networkConnectionEnabled: false, pageLoadStrategy: normal, platform: WINDOWS, platformName: WINDOWS, proxy: Proxy(), setWindowRect: true, strictFileInteractability: false, timeouts: {implicit: 0, pageLoad: 300000, script: 30000}, unhandledPromptBehavior: dismiss and notify, webauthn:extension:largeBlob: true, webauthn:virtualAuthenticators: true}
Session ID: 527e17149510dd779ba799a0e046b32b
	at org.openqa.selenium.remote.http.W3CHttpResponseCodec.createException(W3CHttpResponseCodec.java:187)
	at org.openqa.selenium.remote.http.W3CHttpResponseCodec.decode(W3CHttpResponseCodec.java:122)
	at org.openqa.selenium.remote.http.W3CHttpResponseCodec.decode(W3CHttpResponseCodec.java:49)
	at org.openqa.selenium.remote.HttpCommandExecutor.execute(HttpCommandExecutor.java:158)
	at org.openqa.selenium.remote.service.DriverCommandExecutor.execute(DriverCommandExecutor.java:83)
	at org.openqa.selenium.remote.RemoteWebDriver.execute(RemoteWebDriver.java:552)
	at com.kms.katalon.selenium.driver.CChromeDriver.execute(CChromeDriver.java:19)
	at org.openqa.selenium.remote.RemoteWebElement.execute(RemoteWebElement.java:285)
	at org.openqa.selenium.remote.RemoteWebElement.click(RemoteWebElement.java:84)
	at org.openqa.selenium.support.events.EventFiringWebDriver$EventFiringWebElement.lambda$new$0(EventFiringWebDriver.java:404)
	at com.sun.proxy.$Proxy14.click(Unknown Source)
	at org.openqa.selenium.support.events.EventFiringWebDriver$EventFiringWebElement.click(EventFiringWebDriver.java:417)
	at org.openqa.selenium.WebElement$click$0.call(Unknown Source)
	at commonActions.BaseActions.clickFirstElement(BaseActions.groovy:202)
	at commonActions.PageActions.openVideoPage(PageActions.groovy:63)
	at commonActions.PageActions.invokeMethod(PageActions.groovy)
	at com.kms.katalon.core.main.CustomKeywordDelegatingMetaClass.invokeStaticMethod(CustomKeywordDelegatingMetaClass.java:50)
	at VerifyMyListShowValidData.run(VerifyMyListShowValidData:22)
	at com.kms.katalon.core.main.ScriptEngine.run(ScriptEngine.java:194)
	at com.kms.katalon.core.main.ScriptEngine.runScriptAsRawText(ScriptEngine.java:119)
	at com.kms.katalon.core.main.TestCaseExecutor.runScript(TestCaseExecutor.java:398)
	at com.kms.katalon.core.main.TestCaseExecutor.doExecute(TestCaseExecutor.java:389)
	at com.kms.katalon.core.main.TestCaseExecutor.processExecutionPhase(TestCaseExecutor.java:368)
	at com.kms.katalon.core.main.TestCaseExecutor.accessMainPhase(TestCaseExecutor.java:360)
	at com.kms.katalon.core.main.TestCaseExecutor.execute(TestCaseExecutor.java:255)
	at com.kms.katalon.core.main.TestSuiteExecutor.accessTestCaseMainPhase(TestSuiteExecutor.java:203)
	at com.kms.katalon.core.main.TestSuiteExecutor.accessTestSuiteMainPhase(TestSuiteExecutor.java:152)
	at com.kms.katalon.core.main.TestSuiteExecutor.execute(TestSuiteExecutor.java:95)
	at com.kms.katalon.core.main.TestCaseMain.startTestSuite(TestCaseMain.java:157)
	at com.kms.katalon.core.main.TestCaseMain$startTestSuite$0.call(Unknown Source)
	at TempTestSuite1617164316811.run(TempTestSuite1617164316811.groovy:39)]]></system-out>
      <system-err><![CDATA[2021-03-31 11:18:47 - [TEST_SUITE][ERROR] - POPSApp_DailySmoke: Test Cases/AddToMyList/VerifyMyListShowValidData FAILED.
Reason:
org.openqa.selenium.StaleElementReferenceException: stale element reference: element is not attached to the page document
  (Session info: chrome=89.0.4389.90)
For documentation on this error, please visit: https://www.seleniumhq.org/exceptions/stale_element_reference.html
Build info: version: '3.141.59', revision: 'e82be7d358', time: '2018-11-14T08:25:53'
System info: host: 'CA-HUYTHANH', ip: '192.168.56.1', os.name: 'Windows 10', os.arch: 'amd64', os.version: '10.0', java.version: '1.8.0_181'
Driver info: com.kms.katalon.selenium.driver.CChromeDriver
Capabilities {acceptInsecureCerts: false, browserName: chrome, browserVersion: 89.0.4389.90, chrome: {chromedriverVersion: 89.0.4389.23 (61b08ee2c5002..., userDataDir: C:\Users\HUY~1.THA\AppData\...}, goog:chromeOptions: {debuggerAddress: localhost:61770}, javascriptEnabled: true, networkConnectionEnabled: false, pageLoadStrategy: normal, platform: WINDOWS, platformName: WINDOWS, proxy: Proxy(), setWindowRect: true, strictFileInteractability: false, timeouts: {implicit: 0, pageLoad: 300000, script: 30000}, unhandledPromptBehavior: dismiss and notify, webauthn:extension:largeBlob: true, webauthn:virtualAuthenticators: true}
Session ID: 527e17149510dd779ba799a0e046b32b
	at org.openqa.selenium.remote.http.W3CHttpResponseCodec.createException(W3CHttpResponseCodec.java:187)
	at org.openqa.selenium.remote.http.W3CHttpResponseCodec.decode(W3CHttpResponseCodec.java:122)
	at org.openqa.selenium.remote.http.W3CHttpResponseCodec.decode(W3CHttpResponseCodec.java:49)
	at org.openqa.selenium.remote.HttpCommandExecutor.execute(HttpCommandExecutor.java:158)
	at org.openqa.selenium.remote.service.DriverCommandExecutor.execute(DriverCommandExecutor.java:83)
	at org.openqa.selenium.remote.RemoteWebDriver.execute(RemoteWebDriver.java:552)
	at com.kms.katalon.selenium.driver.CChromeDriver.execute(CChromeDriver.java:19)
	at org.openqa.selenium.remote.RemoteWebElement.execute(RemoteWebElement.java:285)
	at org.openqa.selenium.remote.RemoteWebElement.click(RemoteWebElement.java:84)
	at org.openqa.selenium.support.events.EventFiringWebDriver$EventFiringWebElement.lambda$new$0(EventFiringWebDriver.java:404)
	at com.sun.proxy.$Proxy14.click(Unknown Source)
	at org.openqa.selenium.support.events.EventFiringWebDriver$EventFiringWebElement.click(EventFiringWebDriver.java:417)
	at org.openqa.selenium.WebElement$click$0.call(Unknown Source)
	at commonActions.BaseActions.clickFirstElement(BaseActions.groovy:202)
	at commonActions.PageActions.openVideoPage(PageActions.groovy:63)
	at commonActions.PageActions.invokeMethod(PageActions.groovy)
	at com.kms.katalon.core.main.CustomKeywordDelegatingMetaClass.invokeStaticMethod(CustomKeywordDelegatingMetaClass.java:50)
	at VerifyMyListShowValidData.run(VerifyMyListShowValidData:22)
	at com.kms.katalon.core.main.ScriptEngine.run(ScriptEngine.java:194)
	at com.kms.katalon.core.main.ScriptEngine.runScriptAsRawText(ScriptEngine.java:119)
	at com.kms.katalon.core.main.TestCaseExecutor.runScript(TestCaseExecutor.java:398)
	at com.kms.katalon.core.main.TestCaseExecutor.doExecute(TestCaseExecutor.java:389)
	at com.kms.katalon.core.main.TestCaseExecutor.processExecutionPhase(TestCaseExecutor.java:368)
	at com.kms.katalon.core.main.TestCaseExecutor.accessMainPhase(TestCaseExecutor.java:360)
	at com.kms.katalon.core.main.TestCaseExecutor.execute(TestCaseExecutor.java:255)
	at com.kms.katalon.core.main.TestSuiteExecutor.accessTestCaseMainPhase(TestSuiteExecutor.java:203)
	at com.kms.katalon.core.main.TestSuiteExecutor.accessTestSuiteMainPhase(TestSuiteExecutor.java:152)
	at com.kms.katalon.core.main.TestSuiteExecutor.execute(TestSuiteExecutor.java:95)
	at com.kms.katalon.core.main.TestCaseMain.startTestSuite(TestCaseMain.java:157)
	at com.kms.katalon.core.main.TestCaseMain$startTestSuite$0.call(Unknown Source)
	at TempTestSuite1617164316811.run(TempTestSuite1617164316811.groovy:39)]]></system-err>
   </testsuite>
</testsuites>
