<?xml version="1.0" encoding="UTF-8"?>
<testsuites name="POPSApp_DailySmoke" time="406.733" tests="11" failures="0" skips="0" errors="1">
   <testsuite name="POPSApp_DailySmoke" tests="11" failures="0" errors="1" time="406.733" skips="0" timestamp="2021-03-31 14:23:52" hostname="huy.thanh - CA-HUYTHANH.pops.local" id="Test Suites/POPS App/POPSApp_DailySmoke">
      <properties>
         <property name="deviceName" value=""/>
         <property name="devicePlatform" value=""/>
         <property name="logFolder" value="D:\\Working\\AUTO\\KATAWEB\\popstestautomation\\POPSTestAutomation\\Reports\\20210331_142341\\POPS App\\POPSApp_DailySmoke\\20210331_142341"/>
         <property name="logFiles" value="D:\\Working\\AUTO\\KATAWEB\\popstestautomation\\POPSTestAutomation\\Reports\\20210331_142341\\POPS App\\POPSApp_DailySmoke\\20210331_142341\\execution0.log"/>
         <property name="attachments" value="D:\\Working\\AUTO\\KATAWEB\\popstestautomation\\POPSTestAutomation\\Reports\\20210331_142341\\POPS App\\POPSApp_DailySmoke\\20210331_142341\\Data Files/tmp/tc1/ActualmyScreenshot.png, D:\\Working\\AUTO\\KATAWEB\\popstestautomation\\POPSTestAutomation\\Reports\\20210331_142341\\POPS App\\POPSApp_DailySmoke\\20210331_142341\\Data Files/tmp/tc1/ActualanotherScreenshot.png, D:\\Working\\AUTO\\KATAWEB\\popstestautomation\\POPSTestAutomation\\Reports\\20210331_142341\\POPS App\\POPSApp_DailySmoke\\20210331_142341\\1617175632956.png, D:\\Working\\AUTO\\KATAWEB\\popstestautomation\\POPSTestAutomation\\Reports\\20210331_142341\\POPS App\\POPSApp_DailySmoke\\20210331_142341\\1617175691263.png, D:\\Working\\AUTO\\KATAWEB\\popstestautomation\\POPSTestAutomation\\Reports\\20210331_142341\\POPS App\\POPSApp_DailySmoke\\20210331_142341\\1617175694458.png, D:\\Working\\AUTO\\KATAWEB\\popstestautomation\\POPSTestAutomation\\Reports\\20210331_142341\\POPS App\\POPSApp_DailySmoke\\20210331_142341\\1617175697418.png, D:\\Working\\AUTO\\KATAWEB\\popstestautomation\\POPSTestAutomation\\Reports\\20210331_142341\\POPS App\\POPSApp_DailySmoke\\20210331_142341\\1617175700438.png, D:\\Working\\AUTO\\KATAWEB\\popstestautomation\\POPSTestAutomation\\Reports\\20210331_142341\\POPS App\\POPSApp_DailySmoke\\20210331_142341\\1617175703501.png, D:\\Working\\AUTO\\KATAWEB\\popstestautomation\\POPSTestAutomation\\Reports\\20210331_142341\\POPS App\\POPSApp_DailySmoke\\20210331_142341\\1617175706595.png, D:\\Working\\AUTO\\KATAWEB\\popstestautomation\\POPSTestAutomation\\Reports\\20210331_142341\\POPS App\\POPSApp_DailySmoke\\20210331_142341\\1617175709760.png, D:\\Working\\AUTO\\KATAWEB\\popstestautomation\\POPSTestAutomation\\Reports\\20210331_142341\\POPS App\\POPSApp_DailySmoke\\20210331_142341\\1617175798735.png, D:\\Working\\AUTO\\KATAWEB\\popstestautomation\\POPSTestAutomation\\Reports\\20210331_142341\\POPS App\\POPSApp_DailySmoke\\20210331_142341\\1617175801709.png, D:\\Working\\AUTO\\KATAWEB\\popstestautomation\\POPSTestAutomation\\Reports\\20210331_142341\\POPS App\\POPSApp_DailySmoke\\20210331_142341\\1617175804709.png, D:\\Working\\AUTO\\KATAWEB\\popstestautomation\\POPSTestAutomation\\Reports\\20210331_142341\\POPS App\\POPSApp_DailySmoke\\20210331_142341\\1617175807659.png, D:\\Working\\AUTO\\KATAWEB\\popstestautomation\\POPSTestAutomation\\Reports\\20210331_142341\\POPS App\\POPSApp_DailySmoke\\20210331_142341\\1617175821502.png, D:\\Working\\AUTO\\KATAWEB\\popstestautomation\\POPSTestAutomation\\Reports\\20210331_142341\\POPS App\\POPSApp_DailySmoke\\20210331_142341\\1617175824558.png, D:\\Working\\AUTO\\KATAWEB\\popstestautomation\\POPSTestAutomation\\Reports\\20210331_142341\\POPS App\\POPSApp_DailySmoke\\20210331_142341\\1617175827601.png, D:\\Working\\AUTO\\KATAWEB\\popstestautomation\\POPSTestAutomation\\Reports\\20210331_142341\\POPS App\\POPSApp_DailySmoke\\20210331_142341\\1617175830562.png"/>
         <property name="hostName" value="huy.thanh - CA-HUYTHANH.pops.local"/>
         <property name="os" value="Windows 10 64bit"/>
         <property name="katalonVersion" value="7.9.0.208"/>
         <property name="browser" value="Chrome 89.0.4389.114"/>
         <property name="hostAddress" value="192.168.56.1"/>
         <property name="sessionId" value="075e487eb7a26665116a478310d694a5"/>
         <property name="seleniumVersion" value="3.141.59"/>
         <property name="proxyInformation" value="ProxyInformation { proxyOption=NO_PROXY, proxyServerType=HTTP, username=, password=********, proxyServerAddress=, proxyServerPort=0, executionList=&quot;&quot;, isApplyToDesiredCapabilities=true }"/>
         <property name="platform" value="Windows 10"/>
      </properties>
      <testcase name="Test Cases/VideoPlayer/VerifyNextVideoByClickingButton" time="62.245" classname="Test Cases/VideoPlayer/VerifyNextVideoByClickingButton" status="PASSED">
         <system-out><![CDATA[2021-03-31 14:23:52 - [TEST_CASE][PASSED] - Test Cases/VideoPlayer/VerifyNextVideoByClickingButton: Test Cases/VideoPlayer/VerifyNextVideoByClickingButton

2021-03-31 14:23:52 - [TEST_STEP][PASSED] - Start listener action : sampleBeforeTestCase: null

2021-03-31 14:23:52 - [TEST_STEP][PASSED] - println(testCaseContext.getTestCaseId()): null

2021-03-31 14:23:52 - [TEST_STEP][PASSED] - println(testCaseContext.getTestCaseVariables()): null

2021-03-31 14:23:53 - [TEST_STEP][PASSED] - openBrowser(SourceURL): Browser is opened with url: 'https://pops.vn/'

2021-03-31 14:23:53 - [MESSAGE][INFO] - Starting 'Chrome' driver

2021-03-31 14:23:53 - [MESSAGE][INFO] - Action delay is set to 0 milliseconds

2021-03-31 14:23:56 - [MESSAGE][PASSED] - Browser is opened with url: 'https://pops.vn/'

2021-03-31 14:23:56 - [TEST_STEP][PASSED] - maximizeWindow(): Current window maximized

2021-03-31 14:23:56 - [MESSAGE][PASSED] - Current window maximized

2021-03-31 14:23:56 - [TEST_STEP][PASSED] - click(findTestObject("SearchPageUI/TEXTBOX_SEARCH")): Object: 'Object Repository/SearchPageUI/TEXTBOX_SEARCH' is clicked on

2021-03-31 14:23:58 - [MESSAGE][PASSED] - Object: 'Object Repository/SearchPageUI/TEXTBOX_SEARCH' is clicked on

2021-03-31 14:23:58 - [TEST_STEP][PASSED] - commonActions.SearchActions.verifyComicSuggest(findTestObject("SearchPageUI/COMIC_ITEMS")): commonActions.SearchActions.verifyComicSuggest is PASSED

2021-03-31 14:23:59 - [MESSAGE][INFO] - HAR: D:\Working\AUTO\KATAWEB\popstestautomation\POPSTestAutomation\Reports\20210331_142341\POPS App\POPSApp_DailySmoke\20210331_142341\requests\main\0.har

2021-03-31 14:23:59 - [MESSAGE][PASSED] - Send request successfully

2021-03-31 14:24:00 - [MESSAGE][PASSED] - Object 'Object Repository/SearchPageUI/COMIC_ITEMS' is present

2021-03-31 14:24:00 - [MESSAGE][INFO] - HAR: D:\Working\AUTO\KATAWEB\popstestautomation\POPSTestAutomation\Reports\20210331_142341\POPS App\POPSApp_DailySmoke\20210331_142341\requests\main\1.har

2021-03-31 14:24:00 - [MESSAGE][PASSED] - Send request successfully

2021-03-31 14:24:00 - [MESSAGE][PASSED] - commonActions.SearchActions.verifyComicSuggest is PASSED

2021-03-31 14:24:00 - [TEST_STEP][PASSED] - commonActions.SearchActions.verifyVideoSuggest(findTestObject("SearchPageUI/VIDEO_ITEMS")): commonActions.SearchActions.verifyVideoSuggest is PASSED

2021-03-31 14:24:01 - [MESSAGE][INFO] - HAR: D:\Working\AUTO\KATAWEB\popstestautomation\POPSTestAutomation\Reports\20210331_142341\POPS App\POPSApp_DailySmoke\20210331_142341\requests\main\2.har

2021-03-31 14:24:01 - [MESSAGE][PASSED] - Send request successfully

2021-03-31 14:24:01 - [MESSAGE][PASSED] - Object 'Object Repository/SearchPageUI/VIDEO_ITEMS' is present

2021-03-31 14:24:02 - [MESSAGE][INFO] - HAR: D:\Working\AUTO\KATAWEB\popstestautomation\POPSTestAutomation\Reports\20210331_142341\POPS App\POPSApp_DailySmoke\20210331_142341\requests\main\3.har

2021-03-31 14:24:02 - [MESSAGE][PASSED] - Send request successfully

2021-03-31 14:24:02 - [MESSAGE][PASSED] - commonActions.SearchActions.verifyVideoSuggest is PASSED

2021-03-31 14:24:02 - [TEST_STEP][PASSED] - commonActions.SearchActions.searchAnyVideo(findTestObject("SearchPageUI/TEXTBOX_SEARCH"), "conan"): commonActions.SearchActions.searchAnyVideo is PASSED

2021-03-31 14:24:02 - [MESSAGE][WARNING] - Timeout '0' is invalid. Using default page load timeout: '30'

2021-03-31 14:24:02 - [MESSAGE][PASSED] - Object 'Object Repository/SearchPageUI/TEXTBOX_SEARCH' is present

2021-03-31 14:24:03 - [MESSAGE][PASSED] - Text of object 'Object Repository/SearchPageUI/TEXTBOX_SEARCH' is cleared

2021-03-31 14:24:03 - [MESSAGE][PASSED] - Text 'conan' is set on object 'Object Repository/SearchPageUI/TEXTBOX_SEARCH'

2021-03-31 14:24:04 - [MESSAGE][PASSED] - Object: 'Object Repository/SearchPageUI/ICON_SEARCH_BUTTON' is clicked on

2021-03-31 14:24:04 - [MESSAGE][WARNING] - Timeout '0' is invalid. Using default page load timeout: '30'

2021-03-31 14:24:06 - [MESSAGE][PASSED] - commonActions.SearchActions.searchAnyVideo is PASSED

2021-03-31 14:24:06 - [TEST_STEP][PASSED] - waitForElementPresent(findTestObject("SearchPageUI/RESULT_ELEMENTS"), 1): Object 'Object Repository/SearchPageUI/RESULT_ELEMENTS' is present

2021-03-31 14:24:06 - [MESSAGE][PASSED] - Object 'Object Repository/SearchPageUI/RESULT_ELEMENTS' is present

2021-03-31 14:24:06 - [TEST_STEP][PASSED] - commonActions.BaseActions.clickFirstElement(findTestObject("SearchPageUI/RESULT_ELEMENTS"), 0): commonActions.BaseActions.clickFirstElement is PASSED

2021-03-31 14:24:06 - [MESSAGE][PASSED] - commonActions.BaseActions.clickFirstElement is PASSED

2021-03-31 14:24:06 - [TEST_STEP][PASSED] - commonActions.BaseActions.clickFirstElement(findTestObject("SearchPageUI/LIST_TITLE_RESULT"), 0): commonActions.BaseActions.clickFirstElement is PASSED

2021-03-31 14:24:08 - [MESSAGE][PASSED] - commonActions.BaseActions.clickFirstElement is PASSED

2021-03-31 14:24:08 - [TEST_STEP][PASSED] - commonActions.VideoPlayer.nextVideoByClicking(findTestObject("VideoDetailPageUI/video_frame")): commonActions.VideoPlayer.nextVideoByClicking is PASSED

2021-03-31 14:24:26 - [MESSAGE][PASSED] - Object 'Object Repository/VideoDetailPageUI/video_frame' is present

2021-03-31 14:24:26 - [MESSAGE][WARNING] - Timeout '0' is invalid. Using default page load timeout: '30'

2021-03-31 14:24:27 - [MESSAGE][PASSED] - Scroll to object 'Object Repository/VideoDetailPageUI/NEXT_VIDEO_TITLE_TEXT' successfully

2021-03-31 14:24:52 - [MESSAGE][PASSED] - Delayed 25 second(s)

2021-03-31 14:24:53 - [MESSAGE][PASSED] - Object: 'Object Repository/VideoDetailPageUI/video_frame' is clicked on

2021-03-31 14:24:54 - [MESSAGE][PASSED] - Execute JavaScript 'arguments[0].click()' successfully

2021-03-31 14:24:54 - [MESSAGE][PASSED] - commonActions.VideoPlayer.nextVideoByClicking is PASSED

2021-03-31 14:24:54 - [TEST_STEP][PASSED] - closeBrowser(): Browser is closed

2021-03-31 14:24:55 - [MESSAGE][PASSED] - Browser is closed

2021-03-31 14:24:55 - [TEST_STEP][PASSED] - Start listener action : sampleAfterTestCase: null

2021-03-31 14:24:55 - [TEST_STEP][PASSED] - println(testCaseContext.getTestCaseId()): null

2021-03-31 14:24:55 - [TEST_STEP][PASSED] - println(testCaseContext.getTestCaseStatus()): null]]></system-out>
         <system-err><![CDATA[]]></system-err>
      </testcase>
      <testcase name="Test Cases/VideoPlayer/VerifyVideoCanPlay" time="52.784" classname="Test Cases/VideoPlayer/VerifyVideoCanPlay" status="PASSED">
         <system-out><![CDATA[2021-03-31 14:24:55 - [TEST_CASE][PASSED] - Test Cases/VideoPlayer/VerifyVideoCanPlay: Test Cases/VideoPlayer/VerifyVideoCanPlay

2021-03-31 14:24:55 - [TEST_STEP][PASSED] - Start listener action : sampleBeforeTestCase: null

2021-03-31 14:24:55 - [TEST_STEP][PASSED] - println(testCaseContext.getTestCaseId()): null

2021-03-31 14:24:55 - [TEST_STEP][PASSED] - println(testCaseContext.getTestCaseVariables()): null

2021-03-31 14:24:55 - [TEST_STEP][PASSED] - openBrowser(SourceURL): Browser is opened with url: 'https://pops.vn/'

2021-03-31 14:24:55 - [MESSAGE][INFO] - Starting 'Chrome' driver

2021-03-31 14:24:55 - [MESSAGE][INFO] - Action delay is set to 0 milliseconds

2021-03-31 14:24:59 - [MESSAGE][PASSED] - Browser is opened with url: 'https://pops.vn/'

2021-03-31 14:24:59 - [TEST_STEP][PASSED] - maximizeWindow(): Current window maximized

2021-03-31 14:24:59 - [MESSAGE][PASSED] - Current window maximized

2021-03-31 14:24:59 - [TEST_STEP][PASSED] - click(findTestObject("SearchPageUI/TEXTBOX_SEARCH")): Object: 'Object Repository/SearchPageUI/TEXTBOX_SEARCH' is clicked on

2021-03-31 14:25:02 - [MESSAGE][PASSED] - Object: 'Object Repository/SearchPageUI/TEXTBOX_SEARCH' is clicked on

2021-03-31 14:25:02 - [TEST_STEP][PASSED] - commonActions.SearchActions.verifyComicSuggest(findTestObject("SearchPageUI/COMIC_ITEMS")): commonActions.SearchActions.verifyComicSuggest is PASSED

2021-03-31 14:25:02 - [MESSAGE][INFO] - HAR: D:\Working\AUTO\KATAWEB\popstestautomation\POPSTestAutomation\Reports\20210331_142341\POPS App\POPSApp_DailySmoke\20210331_142341\requests\main\4.har

2021-03-31 14:25:02 - [MESSAGE][PASSED] - Send request successfully

2021-03-31 14:25:02 - [MESSAGE][PASSED] - Object 'Object Repository/SearchPageUI/COMIC_ITEMS' is present

2021-03-31 14:25:03 - [MESSAGE][INFO] - HAR: D:\Working\AUTO\KATAWEB\popstestautomation\POPSTestAutomation\Reports\20210331_142341\POPS App\POPSApp_DailySmoke\20210331_142341\requests\main\5.har

2021-03-31 14:25:03 - [MESSAGE][PASSED] - Send request successfully

2021-03-31 14:25:03 - [MESSAGE][PASSED] - commonActions.SearchActions.verifyComicSuggest is PASSED

2021-03-31 14:25:03 - [TEST_STEP][PASSED] - commonActions.SearchActions.verifyVideoSuggest(findTestObject("SearchPageUI/VIDEO_ITEMS")): commonActions.SearchActions.verifyVideoSuggest is PASSED

2021-03-31 14:25:03 - [MESSAGE][INFO] - HAR: D:\Working\AUTO\KATAWEB\popstestautomation\POPSTestAutomation\Reports\20210331_142341\POPS App\POPSApp_DailySmoke\20210331_142341\requests\main\6.har

2021-03-31 14:25:03 - [MESSAGE][PASSED] - Send request successfully

2021-03-31 14:25:03 - [MESSAGE][PASSED] - Object 'Object Repository/SearchPageUI/VIDEO_ITEMS' is present

2021-03-31 14:25:04 - [MESSAGE][INFO] - HAR: D:\Working\AUTO\KATAWEB\popstestautomation\POPSTestAutomation\Reports\20210331_142341\POPS App\POPSApp_DailySmoke\20210331_142341\requests\main\7.har

2021-03-31 14:25:04 - [MESSAGE][PASSED] - Send request successfully

2021-03-31 14:25:04 - [MESSAGE][PASSED] - commonActions.SearchActions.verifyVideoSuggest is PASSED

2021-03-31 14:25:04 - [TEST_STEP][PASSED] - commonActions.SearchActions.searchAnyVideo(findTestObject("SearchPageUI/TEXTBOX_SEARCH"), "conan"): commonActions.SearchActions.searchAnyVideo is PASSED

2021-03-31 14:25:04 - [MESSAGE][WARNING] - Timeout '0' is invalid. Using default page load timeout: '30'

2021-03-31 14:25:05 - [MESSAGE][PASSED] - Object 'Object Repository/SearchPageUI/TEXTBOX_SEARCH' is present

2021-03-31 14:25:05 - [MESSAGE][PASSED] - Text of object 'Object Repository/SearchPageUI/TEXTBOX_SEARCH' is cleared

2021-03-31 14:25:06 - [MESSAGE][PASSED] - Text 'conan' is set on object 'Object Repository/SearchPageUI/TEXTBOX_SEARCH'

2021-03-31 14:25:07 - [MESSAGE][PASSED] - Object: 'Object Repository/SearchPageUI/ICON_SEARCH_BUTTON' is clicked on

2021-03-31 14:25:07 - [MESSAGE][WARNING] - Timeout '0' is invalid. Using default page load timeout: '30'

2021-03-31 14:25:11 - [MESSAGE][PASSED] - commonActions.SearchActions.searchAnyVideo is PASSED

2021-03-31 14:25:11 - [TEST_STEP][PASSED] - commonActions.BaseActions.clickFirstElement(findTestObject("SearchPageUI/RESULT_ELEMENTS"), 0): commonActions.BaseActions.clickFirstElement is PASSED

2021-03-31 14:25:12 - [MESSAGE][PASSED] - commonActions.BaseActions.clickFirstElement is PASSED

2021-03-31 14:25:12 - [TEST_STEP][PASSED] - commonActions.BaseActions.ClickElementsByJS(findTestObject("SearchPageUI/LIST_TITLE_RESULT"), 3): commonActions.BaseActions.ClickElementsByJS is PASSED

2021-03-31 14:25:13 - [MESSAGE][PASSED] - Execute JavaScript 'arguments[0].click()' successfully

2021-03-31 14:25:13 - [MESSAGE][PASSED] - commonActions.BaseActions.ClickElementsByJS is PASSED

2021-03-31 14:25:13 - [TEST_STEP][PASSED] - commonActions.VideoPlayer.verifyPlayer(25): commonActions.VideoPlayer.verifyPlayer is PASSED

2021-03-31 14:25:13 - [MESSAGE][WARNING] - Timeout '0' is invalid. Using default page load timeout: '30'

2021-03-31 14:25:19 - [MESSAGE][INFO] - 0 hidden object(s)

2021-03-31 14:25:19 - [MESSAGE][PASSED] - Taking screenshot successfully
[[ATTACHMENT|D:\\Working\\AUTO\\KATAWEB\\popstestautomation\\POPSTestAutomation\\Reports\\20210331_142341\\POPS App\\POPSApp_DailySmoke\\20210331_142341\\Data Files/tmp/tc1/ActualmyScreenshot.png]]

2021-03-31 14:25:44 - [MESSAGE][PASSED] - Delayed 25 second(s)

2021-03-31 14:25:44 - [MESSAGE][WARNING] - Timeout '0' is invalid. Using default page load timeout: '30'

2021-03-31 14:25:46 - [MESSAGE][INFO] - 0 hidden object(s)

2021-03-31 14:25:46 - [MESSAGE][PASSED] - Taking screenshot successfully
[[ATTACHMENT|D:\\Working\\AUTO\\KATAWEB\\popstestautomation\\POPSTestAutomation\\Reports\\20210331_142341\\POPS App\\POPSApp_DailySmoke\\20210331_142341\\Data Files/tmp/tc1/ActualanotherScreenshot.png]]

2021-03-31 14:25:47 - [MESSAGE][PASSED] - commonActions.VideoPlayer.verifyPlayer is PASSED

2021-03-31 14:25:47 - [TEST_STEP][PASSED] - closeBrowser(): Browser is closed

2021-03-31 14:25:47 - [MESSAGE][PASSED] - Browser is closed

2021-03-31 14:25:47 - [TEST_STEP][PASSED] - Start listener action : sampleAfterTestCase: null

2021-03-31 14:25:47 - [TEST_STEP][PASSED] - println(testCaseContext.getTestCaseId()): null

2021-03-31 14:25:47 - [TEST_STEP][PASSED] - println(testCaseContext.getTestCaseStatus()): null]]></system-out>
         <system-err><![CDATA[]]></system-err>
      </testcase>
      <testcase name="Test Cases/UnlockComic/VerifyUnlockComic" time="98.128" classname="Test Cases/UnlockComic/VerifyUnlockComic" status="ERROR">
         <error type="ERROR" message="Test Cases/UnlockComic/VerifyUnlockComic FAILED.
Reason:
java.lang.IndexOutOfBoundsException: Index: 0
	at java_util_List$get$1.call(Unknown Source)
	at java_util_List$get$1.call(Unknown Source)
	at commonActions.BaseActions.clickFirstElement(BaseActions.groovy:202)
	at commonActions.BaseActions.invokeMethod(BaseActions.groovy)
	at com.kms.katalon.core.main.CustomKeywordDelegatingMetaClass.invokeStaticMethod(CustomKeywordDelegatingMetaClass.java:50)
	at VerifyUnlockComic.run(VerifyUnlockComic:33)
	at com.kms.katalon.core.main.ScriptEngine.run(ScriptEngine.java:194)
	at com.kms.katalon.core.main.ScriptEngine.runScriptAsRawText(ScriptEngine.java:119)
	at com.kms.katalon.core.main.TestCaseExecutor.runScript(TestCaseExecutor.java:398)
	at com.kms.katalon.core.main.TestCaseExecutor.doExecute(TestCaseExecutor.java:389)
	at com.kms.katalon.core.main.TestCaseExecutor.processExecutionPhase(TestCaseExecutor.java:368)
	at com.kms.katalon.core.main.TestCaseExecutor.accessMainPhase(TestCaseExecutor.java:360)
	at com.kms.katalon.core.main.TestCaseExecutor.execute(TestCaseExecutor.java:255)
	at com.kms.katalon.core.main.TestSuiteExecutor.accessTestCaseMainPhase(TestSuiteExecutor.java:203)
	at com.kms.katalon.core.main.TestSuiteExecutor.accessTestSuiteMainPhase(TestSuiteExecutor.java:152)
	at com.kms.katalon.core.main.TestSuiteExecutor.execute(TestSuiteExecutor.java:95)
	at com.kms.katalon.core.main.TestCaseMain.startTestSuite(TestCaseMain.java:157)
	at com.kms.katalon.core.main.TestCaseMain$startTestSuite$0.call(Unknown Source)
	at TempTestSuite1617175421588.run(TempTestSuite1617175421588.groovy:39)
"/>
         <system-out><![CDATA[2021-03-31 14:25:47 - [TEST_CASE][ERROR] - Test Cases/UnlockComic/VerifyUnlockComic: Test Cases/UnlockComic/VerifyUnlockComic FAILED.
Reason:
java.lang.IndexOutOfBoundsException: Index: 0
	at java_util_List$get$1.call(Unknown Source)
	at java_util_List$get$1.call(Unknown Source)
	at commonActions.BaseActions.clickFirstElement(BaseActions.groovy:202)
	at commonActions.BaseActions.invokeMethod(BaseActions.groovy)
	at com.kms.katalon.core.main.CustomKeywordDelegatingMetaClass.invokeStaticMethod(CustomKeywordDelegatingMetaClass.java:50)
	at VerifyUnlockComic.run(VerifyUnlockComic:33)
	at com.kms.katalon.core.main.ScriptEngine.run(ScriptEngine.java:194)
	at com.kms.katalon.core.main.ScriptEngine.runScriptAsRawText(ScriptEngine.java:119)
	at com.kms.katalon.core.main.TestCaseExecutor.runScript(TestCaseExecutor.java:398)
	at com.kms.katalon.core.main.TestCaseExecutor.doExecute(TestCaseExecutor.java:389)
	at com.kms.katalon.core.main.TestCaseExecutor.processExecutionPhase(TestCaseExecutor.java:368)
	at com.kms.katalon.core.main.TestCaseExecutor.accessMainPhase(TestCaseExecutor.java:360)
	at com.kms.katalon.core.main.TestCaseExecutor.execute(TestCaseExecutor.java:255)
	at com.kms.katalon.core.main.TestSuiteExecutor.accessTestCaseMainPhase(TestSuiteExecutor.java:203)
	at com.kms.katalon.core.main.TestSuiteExecutor.accessTestSuiteMainPhase(TestSuiteExecutor.java:152)
	at com.kms.katalon.core.main.TestSuiteExecutor.execute(TestSuiteExecutor.java:95)
	at com.kms.katalon.core.main.TestCaseMain.startTestSuite(TestCaseMain.java:157)
	at com.kms.katalon.core.main.TestCaseMain$startTestSuite$0.call(Unknown Source)
	at TempTestSuite1617175421588.run(TempTestSuite1617175421588.groovy:39)


2021-03-31 14:25:47 - [TEST_STEP][PASSED] - Start listener action : sampleBeforeTestCase: null

2021-03-31 14:25:47 - [TEST_STEP][PASSED] - println(testCaseContext.getTestCaseId()): null

2021-03-31 14:25:47 - [TEST_STEP][PASSED] - println(testCaseContext.getTestCaseVariables()): null

2021-03-31 14:25:48 - [TEST_STEP][PASSED] - openBrowser(SourceURL): Browser is opened with url: 'https://pops.vn/'

2021-03-31 14:25:48 - [MESSAGE][INFO] - Starting 'Chrome' driver

2021-03-31 14:25:48 - [MESSAGE][INFO] - Action delay is set to 0 milliseconds

2021-03-31 14:25:52 - [MESSAGE][PASSED] - Browser is opened with url: 'https://pops.vn/'

2021-03-31 14:25:52 - [TEST_STEP][PASSED] - maximizeWindow(): Current window maximized

2021-03-31 14:25:53 - [MESSAGE][PASSED] - Current window maximized

2021-03-31 14:25:53 - [TEST_STEP][PASSED] - commonActions.SignInActions.SignInWithValidAccount("huy.thanh@pops.vn", "12345678"): commonActions.SignInActions.SignInWithValidAccount is PASSED

2021-03-31 14:25:55 - [MESSAGE][PASSED] - Object: 'Object Repository/POPS App UI/TopMenu/button_DangNhap' is clicked on

2021-03-31 14:25:55 - [TEST_CASE][PASSED] - Test Cases/POPS App/CommonTestCases/SignInWithAccount: Test Cases/POPS App/CommonTestCases/SignInWithAccount

2021-03-31 14:25:55 - [TEST_STEP][PASSED] - setText(findTestObject("POPS App UI/SignIn_DangNhap/input_Email"), Email): Text 'huy.thanh@pops.vn' is set on object 'Object Repository/POPS App UI/SignIn_DangNhap/input_Email'

2021-03-31 14:25:58 - [MESSAGE][PASSED] - Text 'huy.thanh@pops.vn' is set on object 'Object Repository/POPS App UI/SignIn_DangNhap/input_Email'

2021-03-31 14:25:58 - [TEST_STEP][PASSED] - setText(findTestObject("POPS App UI/SignIn_DangNhap/input_Password"), Password): Text '12345678' is set on object 'Object Repository/POPS App UI/SignIn_DangNhap/input_Password'

2021-03-31 14:25:58 - [MESSAGE][PASSED] - Text '12345678' is set on object 'Object Repository/POPS App UI/SignIn_DangNhap/input_Password'

2021-03-31 14:25:58 - [TEST_STEP][PASSED] - click(findTestObject("POPS App UI/SignIn_DangNhap/button_DangNhap")): Object: 'Object Repository/POPS App UI/SignIn_DangNhap/button_DangNhap' is clicked on

2021-03-31 14:25:59 - [MESSAGE][PASSED] - Object: 'Object Repository/POPS App UI/SignIn_DangNhap/button_DangNhap' is clicked on

2021-03-31 14:25:59 - [MESSAGE][PASSED] - Call Test Case 'Test Cases/POPS App/CommonTestCases/SignInWithAccount' successfully

2021-03-31 14:26:02 - [MESSAGE][PASSED] - Web element with id: 'Object Repository/POPS App UI/TopMenu/button_DangNhap' located by 'By.xpath: //div[@id='__next']/main/div/header/div[2]/div[2]/div[3]/a' is not present after '3' second(s)

2021-03-31 14:26:02 - [MESSAGE][PASSED] - commonActions.SignInActions.SignInWithValidAccount is PASSED

2021-03-31 14:26:02 - [TEST_STEP][PASSED] - commonActions.SearchActions.searchAnyComic(findTestObject("SearchPageUI/TEXTBOX_SEARCH"), APICMS.getComicNameCanUnlock()): commonActions.SearchActions.searchAnyComic is PASSED

2021-03-31 14:26:03 - [MESSAGE][INFO] - HAR: D:\Working\AUTO\KATAWEB\popstestautomation\POPSTestAutomation\Reports\20210331_142341\POPS App\POPSApp_DailySmoke\20210331_142341\requests\main\8.har

2021-03-31 14:26:03 - [MESSAGE][PASSED] - Send request successfully

2021-03-31 14:26:04 - [MESSAGE][INFO] - HAR: D:\Working\AUTO\KATAWEB\popstestautomation\POPSTestAutomation\Reports\20210331_142341\POPS App\POPSApp_DailySmoke\20210331_142341\requests\main\9.har

2021-03-31 14:26:04 - [MESSAGE][PASSED] - Send request successfully

2021-03-31 14:26:06 - [MESSAGE][INFO] - HAR: D:\Working\AUTO\KATAWEB\popstestautomation\POPSTestAutomation\Reports\20210331_142341\POPS App\POPSApp_DailySmoke\20210331_142341\requests\main\10.har

2021-03-31 14:26:06 - [MESSAGE][PASSED] - Send request successfully

2021-03-31 14:26:07 - [MESSAGE][INFO] - HAR: D:\Working\AUTO\KATAWEB\popstestautomation\POPSTestAutomation\Reports\20210331_142341\POPS App\POPSApp_DailySmoke\20210331_142341\requests\main\11.har

2021-03-31 14:26:07 - [MESSAGE][PASSED] - Send request successfully

2021-03-31 14:26:07 - [MESSAGE][INFO] - HAR: D:\Working\AUTO\KATAWEB\popstestautomation\POPSTestAutomation\Reports\20210331_142341\POPS App\POPSApp_DailySmoke\20210331_142341\requests\main\12.har

2021-03-31 14:26:07 - [MESSAGE][PASSED] - Send request successfully

2021-03-31 14:26:08 - [MESSAGE][INFO] - HAR: D:\Working\AUTO\KATAWEB\popstestautomation\POPSTestAutomation\Reports\20210331_142341\POPS App\POPSApp_DailySmoke\20210331_142341\requests\main\13.har

2021-03-31 14:26:08 - [MESSAGE][PASSED] - Send request successfully

2021-03-31 14:26:08 - [MESSAGE][INFO] - HAR: D:\Working\AUTO\KATAWEB\popstestautomation\POPSTestAutomation\Reports\20210331_142341\POPS App\POPSApp_DailySmoke\20210331_142341\requests\main\14.har

2021-03-31 14:26:08 - [MESSAGE][PASSED] - Send request successfully

2021-03-31 14:26:08 - [MESSAGE][INFO] - HAR: D:\Working\AUTO\KATAWEB\popstestautomation\POPSTestAutomation\Reports\20210331_142341\POPS App\POPSApp_DailySmoke\20210331_142341\requests\main\15.har

2021-03-31 14:26:08 - [MESSAGE][PASSED] - Send request successfully

2021-03-31 14:26:09 - [MESSAGE][INFO] - HAR: D:\Working\AUTO\KATAWEB\popstestautomation\POPSTestAutomation\Reports\20210331_142341\POPS App\POPSApp_DailySmoke\20210331_142341\requests\main\16.har

2021-03-31 14:26:09 - [MESSAGE][PASSED] - Send request successfully

2021-03-31 14:26:10 - [MESSAGE][INFO] - HAR: D:\Working\AUTO\KATAWEB\popstestautomation\POPSTestAutomation\Reports\20210331_142341\POPS App\POPSApp_DailySmoke\20210331_142341\requests\main\17.har

2021-03-31 14:26:10 - [MESSAGE][PASSED] - Send request successfully

2021-03-31 14:26:11 - [MESSAGE][INFO] - HAR: D:\Working\AUTO\KATAWEB\popstestautomation\POPSTestAutomation\Reports\20210331_142341\POPS App\POPSApp_DailySmoke\20210331_142341\requests\main\18.har

2021-03-31 14:26:11 - [MESSAGE][PASSED] - Send request successfully

2021-03-31 14:26:11 - [MESSAGE][INFO] - HAR: D:\Working\AUTO\KATAWEB\popstestautomation\POPSTestAutomation\Reports\20210331_142341\POPS App\POPSApp_DailySmoke\20210331_142341\requests\main\19.har

2021-03-31 14:26:11 - [MESSAGE][PASSED] - Send request successfully

2021-03-31 14:26:12 - [MESSAGE][INFO] - HAR: D:\Working\AUTO\KATAWEB\popstestautomation\POPSTestAutomation\Reports\20210331_142341\POPS App\POPSApp_DailySmoke\20210331_142341\requests\main\20.har

2021-03-31 14:26:12 - [MESSAGE][PASSED] - Send request successfully

2021-03-31 14:26:12 - [MESSAGE][INFO] - HAR: D:\Working\AUTO\KATAWEB\popstestautomation\POPSTestAutomation\Reports\20210331_142341\POPS App\POPSApp_DailySmoke\20210331_142341\requests\main\21.har

2021-03-31 14:26:12 - [MESSAGE][PASSED] - Send request successfully

2021-03-31 14:26:13 - [MESSAGE][INFO] - HAR: D:\Working\AUTO\KATAWEB\popstestautomation\POPSTestAutomation\Reports\20210331_142341\POPS App\POPSApp_DailySmoke\20210331_142341\requests\main\22.har

2021-03-31 14:26:13 - [MESSAGE][PASSED] - Send request successfully

2021-03-31 14:26:14 - [MESSAGE][INFO] - HAR: D:\Working\AUTO\KATAWEB\popstestautomation\POPSTestAutomation\Reports\20210331_142341\POPS App\POPSApp_DailySmoke\20210331_142341\requests\main\23.har

2021-03-31 14:26:14 - [MESSAGE][PASSED] - Send request successfully

2021-03-31 14:26:14 - [MESSAGE][INFO] - HAR: D:\Working\AUTO\KATAWEB\popstestautomation\POPSTestAutomation\Reports\20210331_142341\POPS App\POPSApp_DailySmoke\20210331_142341\requests\main\24.har

2021-03-31 14:26:14 - [MESSAGE][PASSED] - Send request successfully

2021-03-31 14:26:16 - [MESSAGE][INFO] - HAR: D:\Working\AUTO\KATAWEB\popstestautomation\POPSTestAutomation\Reports\20210331_142341\POPS App\POPSApp_DailySmoke\20210331_142341\requests\main\25.har

2021-03-31 14:26:16 - [MESSAGE][PASSED] - Send request successfully

2021-03-31 14:26:17 - [MESSAGE][INFO] - HAR: D:\Working\AUTO\KATAWEB\popstestautomation\POPSTestAutomation\Reports\20210331_142341\POPS App\POPSApp_DailySmoke\20210331_142341\requests\main\26.har

2021-03-31 14:26:17 - [MESSAGE][PASSED] - Send request successfully

2021-03-31 14:26:18 - [MESSAGE][INFO] - HAR: D:\Working\AUTO\KATAWEB\popstestautomation\POPSTestAutomation\Reports\20210331_142341\POPS App\POPSApp_DailySmoke\20210331_142341\requests\main\27.har

2021-03-31 14:26:18 - [MESSAGE][PASSED] - Send request successfully

2021-03-31 14:26:18 - [MESSAGE][WARNING] - Timeout '0' is invalid. Using default page load timeout: '30'

2021-03-31 14:26:18 - [MESSAGE][PASSED] - Object 'Object Repository/SearchPageUI/TEXTBOX_SEARCH' is present

2021-03-31 14:26:18 - [MESSAGE][PASSED] - Text of object 'Object Repository/SearchPageUI/TEXTBOX_SEARCH' is cleared

2021-03-31 14:26:19 - [MESSAGE][PASSED] - Text 'Trời đất quỷ thần ơi' is set on object 'Object Repository/SearchPageUI/TEXTBOX_SEARCH'

2021-03-31 14:26:20 - [MESSAGE][PASSED] - Object: 'Object Repository/SearchPageUI/ICON_SEARCH_BUTTON' is clicked on

2021-03-31 14:26:20 - [MESSAGE][WARNING] - Timeout '0' is invalid. Using default page load timeout: '30'

2021-03-31 14:26:22 - [MESSAGE][PASSED] - commonActions.SearchActions.searchAnyComic is PASSED

2021-03-31 14:26:22 - [TEST_STEP][PASSED] - commonActions.BaseActions.clickFirstElement(findTestObject("SearchPageUI/COMIC_RESULT_ITEMS")): commonActions.BaseActions.clickFirstElement is PASSED

2021-03-31 14:26:23 - [MESSAGE][PASSED] - commonActions.BaseActions.clickFirstElement is PASSED

2021-03-31 14:26:23 - [TEST_STEP][PASSED] - click(findTestObject("ComicPageUI/COMICDETAILPAGEUI/BUTTON_SORT")): Object: 'Object Repository/ComicPageUI/COMICDETAILPAGEUI/BUTTON_SORT' is clicked on

2021-03-31 14:26:24 - [MESSAGE][PASSED] - Object: 'Object Repository/ComicPageUI/COMICDETAILPAGEUI/BUTTON_SORT' is clicked on

2021-03-31 14:26:24 - [TEST_STEP][PASSED] - commonActions.Comics.checkUnlockChapterVisible(findTestObject("ComicPageUI/COMICDETAILPAGEUI/BUTTON_STAR_ICON")): commonActions.Comics.checkUnlockChapterVisible is PASSED

2021-03-31 14:26:30 - [MESSAGE][INFO] - Unable to find the element located by 'By.xpath: //div[@class='chapter-list']//*[name()='g' and @id='b6403b77-0667-483c-9d9e-0a0190b1fe52']'. Please recheck the objects properties to make sure the desired element is located. 

2021-03-31 14:26:30 - [MESSAGE][WARNING] - [SELF-HEALING] Failed to find element with id 'Object Repository/ComicPageUI/COMICDETAILPAGEUI/BUTTON_STAR_ICON'. Try using Self-healing.

2021-03-31 14:26:30 - [MESSAGE][INFO] - [SELF-HEALING] Working Locator: '//*[name()='g']'.

2021-03-31 14:26:30 - [MESSAGE][WARNING] - [SELF-HEALING] null

2021-03-31 14:26:31 - [MESSAGE][INFO] - Unable to find the element located by 'By.xpath: '. Please recheck the objects properties to make sure the desired element is located. 

2021-03-31 14:26:31 - [MESSAGE][WARNING] - [SELF-HEALING] Cannot find elements when the selector is null

2021-03-31 14:26:31 - [MESSAGE][PASSED] - Execute JavaScript 'window.scrollTo(0, document.body.scrollHeight)' successfully

2021-03-31 14:26:33 - [MESSAGE][PASSED] - Delayed 2 second(s)

2021-03-31 14:26:34 - [MESSAGE][PASSED] - Object 'Object Repository/POPS App UI/Footer/POPS_Logo_In_Footer' is present and visible in viewport

2021-03-31 14:26:38 - [MESSAGE][INFO] - Unable to find the element located by 'By.xpath: //div[@class='chapter-list__load-more']/a'. Please recheck the objects properties to make sure the desired element is located. 

2021-03-31 14:26:38 - [MESSAGE][WARNING] - [SELF-HEALING] Failed to find element with id 'Object Repository/ComicPageUI/COMICDETAILPAGEUI/BUTTON_LOAD_MORE'. Try using Self-healing.

2021-03-31 14:26:39 - [MESSAGE][INFO] - [SELF-HEALING] No working XPath is found.

2021-03-31 14:26:40 - [MESSAGE][INFO] - Unable to find the element located by 'By.xpath: '. Please recheck the objects properties to make sure the desired element is located. 

2021-03-31 14:26:40 - [MESSAGE][WARNING] - [SELF-HEALING] Cannot find elements when the selector is null

2021-03-31 14:27:11 - [MESSAGE][INFO] - Unable to find the element located by 'By.xpath: //div[@class='chapter-list']//*[name()='g' and @id='b6403b77-0667-483c-9d9e-0a0190b1fe52']'. Please recheck the objects properties to make sure the desired element is located. 

2021-03-31 14:27:11 - [MESSAGE][WARNING] - [SELF-HEALING] Failed to find element with id 'Object Repository/ComicPageUI/COMICDETAILPAGEUI/BUTTON_STAR_ICON'. Try using Self-healing.

2021-03-31 14:27:11 - [MESSAGE][INFO] - [SELF-HEALING] Working Locator: '//*[name()='g']'.

2021-03-31 14:27:11 - [MESSAGE][WARNING] - [SELF-HEALING] null

2021-03-31 14:27:12 - [MESSAGE][INFO] - Unable to find the element located by 'By.xpath: '. Please recheck the objects properties to make sure the desired element is located. 

2021-03-31 14:27:12 - [MESSAGE][WARNING] - [SELF-HEALING] Cannot find elements when the selector is null

2021-03-31 14:27:13 - [MESSAGE][WARNING] - Web element with id: 'Object Repository/ComicPageUI/COMICDETAILPAGEUI/BUTTON_STAR_ICON' located by '//div[@class='chapter-list']//*[name()='g' and @id='b6403b77-0667-483c-9d9e-0a0190b1fe52']' not found (Root cause: com.kms.katalon.core.exception.StepFailedException: Web element with id: 'Object Repository/ComicPageUI/COMICDETAILPAGEUI/BUTTON_STAR_ICON' located by '//div[@class='chapter-list']//*[name()='g' and @id='b6403b77-0667-483c-9d9e-0a0190b1fe52']' not found
	at com.kms.katalon.core.webui.keyword.internal.WebUIKeywordMain.stepFailed(WebUIKeywordMain.groovy:64)
	at com.kms.katalon.core.webui.keyword.builtin.VerifyElementVisibleKeyword$_verifyElementVisible_closure1.doCall(VerifyElementVisibleKeyword.groovy:89)
	at com.kms.katalon.core.webui.keyword.builtin.VerifyElementVisibleKeyword$_verifyElementVisible_closure1.call(VerifyElementVisibleKeyword.groovy)
	at com.kms.katalon.core.webui.keyword.internal.WebUIKeywordMain.runKeyword(WebUIKeywordMain.groovy:20)
	at com.kms.katalon.core.webui.keyword.builtin.VerifyElementVisibleKeyword.verifyElementVisible(VerifyElementVisibleKeyword.groovy:97)
	at com.kms.katalon.core.webui.keyword.builtin.VerifyElementVisibleKeyword.execute(VerifyElementVisibleKeyword.groovy:67)
	at com.kms.katalon.core.keyword.internal.KeywordExecutor.executeKeywordForPlatform(KeywordExecutor.groovy:73)
	at com.kms.katalon.core.webui.keyword.WebUiBuiltInKeywords.verifyElementVisible(WebUiBuiltInKeywords.groovy:361)
	at com.kms.katalon.core.webui.keyword.WebUiBuiltInKeywords$verifyElementVisible$12.call(Unknown Source)
	at commonActions.Comics.checkUnlockChapterVisible(Comics.groovy:55)
	at commonActions.Comics.invokeMethod(Comics.groovy)
	at com.kms.katalon.core.main.CustomKeywordDelegatingMetaClass.invokeStaticMethod(CustomKeywordDelegatingMetaClass.java:50)
	at VerifyUnlockComic.run(VerifyUnlockComic:31)
	at com.kms.katalon.core.main.ScriptEngine.run(ScriptEngine.java:194)
	at com.kms.katalon.core.main.ScriptEngine.runScriptAsRawText(ScriptEngine.java:119)
	at com.kms.katalon.core.main.TestCaseExecutor.runScript(TestCaseExecutor.java:398)
	at com.kms.katalon.core.main.TestCaseExecutor.doExecute(TestCaseExecutor.java:389)
	at com.kms.katalon.core.main.TestCaseExecutor.processExecutionPhase(TestCaseExecutor.java:368)
	at com.kms.katalon.core.main.TestCaseExecutor.accessMainPhase(TestCaseExecutor.java:360)
	at com.kms.katalon.core.main.TestCaseExecutor.execute(TestCaseExecutor.java:255)
	at com.kms.katalon.core.main.TestSuiteExecutor.accessTestCaseMainPhase(TestSuiteExecutor.java:203)
	at com.kms.katalon.core.main.TestSuiteExecutor.accessTestSuiteMainPhase(TestSuiteExecutor.java:152)
	at com.kms.katalon.core.main.TestSuiteExecutor.execute(TestSuiteExecutor.java:95)
	at com.kms.katalon.core.main.TestCaseMain.startTestSuite(TestCaseMain.java:157)
	at com.kms.katalon.core.main.TestCaseMain$startTestSuite$0.call(Unknown Source)
	at TempTestSuite1617175421588.run(TempTestSuite1617175421588.groovy:39)
)
[[ATTACHMENT|D:\\Working\\AUTO\\KATAWEB\\popstestautomation\\POPSTestAutomation\\Reports\\20210331_142341\\POPS App\\POPSApp_DailySmoke\\20210331_142341\\1617175632956.png]]

2021-03-31 14:27:13 - [MESSAGE][PASSED] - commonActions.Comics.checkUnlockChapterVisible is PASSED

2021-03-31 14:27:13 - [TEST_STEP][ERROR] - commonActions.BaseActions.clickFirstElement(findTestObject("ComicPageUI/COMICDETAILPAGEUI/BUTTON_STAR_ICON")): Index: 0

2021-03-31 14:27:24 - [MESSAGE][INFO] - Unable to find the element located by 'By.xpath: //div[@class='chapter-list']//*[name()='g' and @id='b6403b77-0667-483c-9d9e-0a0190b1fe52']'. Please recheck the objects properties to make sure the desired element is located. 

2021-03-31 14:27:24 - [MESSAGE][WARNING] - [SELF-HEALING] Failed to find element with id 'Object Repository/ComicPageUI/COMICDETAILPAGEUI/BUTTON_STAR_ICON'. Try using Self-healing.

2021-03-31 14:27:24 - [MESSAGE][INFO] - [SELF-HEALING] Working Locator: '//*[name()='g']'.

2021-03-31 14:27:24 - [MESSAGE][WARNING] - [SELF-HEALING] null

2021-03-31 14:27:25 - [MESSAGE][INFO] - Unable to find the element located by 'By.xpath: '. Please recheck the objects properties to make sure the desired element is located. 

2021-03-31 14:27:25 - [MESSAGE][WARNING] - [SELF-HEALING] Cannot find elements when the selector is null

2021-03-31 14:27:25 - [MESSAGE][ERROR] - Index: 0

2021-03-31 14:27:25 - [TEST_STEP][PASSED] - Start listener action : sampleAfterTestCase: null

2021-03-31 14:27:25 - [TEST_STEP][PASSED] - println(testCaseContext.getTestCaseId()): null

2021-03-31 14:27:25 - [TEST_STEP][PASSED] - println(testCaseContext.getTestCaseStatus()): null]]></system-out>
         <system-err><![CDATA[2021-03-31 14:25:47 - [TEST_CASE][ERROR] - Test Cases/UnlockComic/VerifyUnlockComic: Test Cases/UnlockComic/VerifyUnlockComic FAILED.
Reason:
java.lang.IndexOutOfBoundsException: Index: 0
	at java_util_List$get$1.call(Unknown Source)
	at java_util_List$get$1.call(Unknown Source)
	at commonActions.BaseActions.clickFirstElement(BaseActions.groovy:202)
	at commonActions.BaseActions.invokeMethod(BaseActions.groovy)
	at com.kms.katalon.core.main.CustomKeywordDelegatingMetaClass.invokeStaticMethod(CustomKeywordDelegatingMetaClass.java:50)
	at VerifyUnlockComic.run(VerifyUnlockComic:33)
	at com.kms.katalon.core.main.ScriptEngine.run(ScriptEngine.java:194)
	at com.kms.katalon.core.main.ScriptEngine.runScriptAsRawText(ScriptEngine.java:119)
	at com.kms.katalon.core.main.TestCaseExecutor.runScript(TestCaseExecutor.java:398)
	at com.kms.katalon.core.main.TestCaseExecutor.doExecute(TestCaseExecutor.java:389)
	at com.kms.katalon.core.main.TestCaseExecutor.processExecutionPhase(TestCaseExecutor.java:368)
	at com.kms.katalon.core.main.TestCaseExecutor.accessMainPhase(TestCaseExecutor.java:360)
	at com.kms.katalon.core.main.TestCaseExecutor.execute(TestCaseExecutor.java:255)
	at com.kms.katalon.core.main.TestSuiteExecutor.accessTestCaseMainPhase(TestSuiteExecutor.java:203)
	at com.kms.katalon.core.main.TestSuiteExecutor.accessTestSuiteMainPhase(TestSuiteExecutor.java:152)
	at com.kms.katalon.core.main.TestSuiteExecutor.execute(TestSuiteExecutor.java:95)
	at com.kms.katalon.core.main.TestCaseMain.startTestSuite(TestCaseMain.java:157)
	at com.kms.katalon.core.main.TestCaseMain$startTestSuite$0.call(Unknown Source)
	at TempTestSuite1617175421588.run(TempTestSuite1617175421588.groovy:39)]]></system-err>
      </testcase>
      <testcase name="Test Cases/Search/VerifySearchData" time="17.618" classname="Test Cases/Search/VerifySearchData" status="PASSED">
         <system-out><![CDATA[2021-03-31 14:27:25 - [TEST_CASE][PASSED] - Test Cases/Search/VerifySearchData: Test Cases/Search/VerifySearchData

2021-03-31 14:27:25 - [TEST_STEP][PASSED] - Start listener action : sampleBeforeTestCase: null

2021-03-31 14:27:25 - [TEST_STEP][PASSED] - println(testCaseContext.getTestCaseId()): null

2021-03-31 14:27:25 - [TEST_STEP][PASSED] - println(testCaseContext.getTestCaseVariables()): null

2021-03-31 14:27:26 - [TEST_STEP][PASSED] - openBrowser(SourceURL): Browser is opened with url: 'https://pops.vn/'

2021-03-31 14:27:26 - [MESSAGE][WARNING] - A browser is already opened. Closing browser and opening a new one

2021-03-31 14:27:26 - [MESSAGE][INFO] - Starting 'Chrome' driver

2021-03-31 14:27:26 - [MESSAGE][INFO] - Action delay is set to 0 milliseconds

2021-03-31 14:27:38 - [MESSAGE][PASSED] - Browser is opened with url: 'https://pops.vn/'

2021-03-31 14:27:38 - [TEST_STEP][PASSED] - maximizeWindow(): Current window maximized

2021-03-31 14:27:38 - [MESSAGE][PASSED] - Current window maximized

2021-03-31 14:27:38 - [TEST_STEP][PASSED] - click(findTestObject("SearchPageUI/TEXTBOX_SEARCH")): Object: 'Object Repository/SearchPageUI/TEXTBOX_SEARCH' is clicked on

2021-03-31 14:27:39 - [MESSAGE][PASSED] - Object: 'Object Repository/SearchPageUI/TEXTBOX_SEARCH' is clicked on

2021-03-31 14:27:39 - [TEST_STEP][PASSED] - commonActions.SearchActions.verifyComicSuggest(findTestObject("SearchPageUI/COMIC_ITEMS")): commonActions.SearchActions.verifyComicSuggest is PASSED

2021-03-31 14:27:39 - [MESSAGE][INFO] - HAR: D:\Working\AUTO\KATAWEB\popstestautomation\POPSTestAutomation\Reports\20210331_142341\POPS App\POPSApp_DailySmoke\20210331_142341\requests\main\28.har

2021-03-31 14:27:39 - [MESSAGE][PASSED] - Send request successfully

2021-03-31 14:27:40 - [MESSAGE][PASSED] - Object 'Object Repository/SearchPageUI/COMIC_ITEMS' is present

2021-03-31 14:27:41 - [MESSAGE][INFO] - HAR: D:\Working\AUTO\KATAWEB\popstestautomation\POPSTestAutomation\Reports\20210331_142341\POPS App\POPSApp_DailySmoke\20210331_142341\requests\main\29.har

2021-03-31 14:27:41 - [MESSAGE][PASSED] - Send request successfully

2021-03-31 14:27:41 - [MESSAGE][PASSED] - commonActions.SearchActions.verifyComicSuggest is PASSED

2021-03-31 14:27:41 - [TEST_STEP][PASSED] - commonActions.SearchActions.verifyVideoSuggest(findTestObject("SearchPageUI/VIDEO_ITEMS")): commonActions.SearchActions.verifyVideoSuggest is PASSED

2021-03-31 14:27:41 - [MESSAGE][INFO] - HAR: D:\Working\AUTO\KATAWEB\popstestautomation\POPSTestAutomation\Reports\20210331_142341\POPS App\POPSApp_DailySmoke\20210331_142341\requests\main\30.har

2021-03-31 14:27:41 - [MESSAGE][PASSED] - Send request successfully

2021-03-31 14:27:42 - [MESSAGE][PASSED] - Object 'Object Repository/SearchPageUI/VIDEO_ITEMS' is present

2021-03-31 14:27:42 - [MESSAGE][INFO] - HAR: D:\Working\AUTO\KATAWEB\popstestautomation\POPSTestAutomation\Reports\20210331_142341\POPS App\POPSApp_DailySmoke\20210331_142341\requests\main\31.har

2021-03-31 14:27:42 - [MESSAGE][PASSED] - Send request successfully

2021-03-31 14:27:42 - [MESSAGE][PASSED] - commonActions.SearchActions.verifyVideoSuggest is PASSED

2021-03-31 14:27:42 - [TEST_STEP][PASSED] - closeBrowser(): Browser is closed

2021-03-31 14:27:43 - [MESSAGE][PASSED] - Browser is closed

2021-03-31 14:27:43 - [TEST_STEP][PASSED] - Start listener action : sampleAfterTestCase: null

2021-03-31 14:27:43 - [TEST_STEP][PASSED] - println(testCaseContext.getTestCaseId()): null

2021-03-31 14:27:43 - [TEST_STEP][PASSED] - println(testCaseContext.getTestCaseStatus()): null]]></system-out>
         <system-err><![CDATA[]]></system-err>
      </testcase>
      <testcase name="Test Cases/Search/VerifySearchSugguest" time="8.015" classname="Test Cases/Search/VerifySearchSugguest" status="PASSED">
         <system-out><![CDATA[2021-03-31 14:27:43 - [TEST_CASE][PASSED] - Test Cases/Search/VerifySearchSugguest: Test Cases/Search/VerifySearchSugguest

2021-03-31 14:27:43 - [TEST_STEP][PASSED] - Start listener action : sampleBeforeTestCase: null

2021-03-31 14:27:43 - [TEST_STEP][PASSED] - println(testCaseContext.getTestCaseId()): null

2021-03-31 14:27:43 - [TEST_STEP][PASSED] - println(testCaseContext.getTestCaseVariables()): null

2021-03-31 14:27:43 - [TEST_STEP][PASSED] - openBrowser(SourceURL): Browser is opened with url: 'https://pops.vn/'

2021-03-31 14:27:43 - [MESSAGE][INFO] - Starting 'Chrome' driver

2021-03-31 14:27:43 - [MESSAGE][INFO] - Action delay is set to 0 milliseconds

2021-03-31 14:27:46 - [MESSAGE][PASSED] - Browser is opened with url: 'https://pops.vn/'

2021-03-31 14:27:46 - [TEST_STEP][PASSED] - maximizeWindow(): Current window maximized

2021-03-31 14:27:46 - [MESSAGE][PASSED] - Current window maximized

2021-03-31 14:27:46 - [TEST_STEP][PASSED] - click(findTestObject("SearchPageUI/TEXTBOX_SEARCH")): Object: 'Object Repository/SearchPageUI/TEXTBOX_SEARCH' is clicked on

2021-03-31 14:27:48 - [MESSAGE][PASSED] - Object: 'Object Repository/SearchPageUI/TEXTBOX_SEARCH' is clicked on

2021-03-31 14:27:48 - [TEST_STEP][PASSED] - commonActions.SearchActions.verifyComicSuggest(findTestObject("SearchPageUI/COMIC_ITEMS")): commonActions.SearchActions.verifyComicSuggest is PASSED

2021-03-31 14:27:49 - [MESSAGE][INFO] - HAR: D:\Working\AUTO\KATAWEB\popstestautomation\POPSTestAutomation\Reports\20210331_142341\POPS App\POPSApp_DailySmoke\20210331_142341\requests\main\32.har

2021-03-31 14:27:49 - [MESSAGE][PASSED] - Send request successfully

2021-03-31 14:27:49 - [MESSAGE][PASSED] - Object 'Object Repository/SearchPageUI/COMIC_ITEMS' is present

2021-03-31 14:27:50 - [MESSAGE][INFO] - HAR: D:\Working\AUTO\KATAWEB\popstestautomation\POPSTestAutomation\Reports\20210331_142341\POPS App\POPSApp_DailySmoke\20210331_142341\requests\main\33.har

2021-03-31 14:27:50 - [MESSAGE][PASSED] - Send request successfully

2021-03-31 14:27:50 - [MESSAGE][PASSED] - commonActions.SearchActions.verifyComicSuggest is PASSED

2021-03-31 14:27:50 - [TEST_STEP][PASSED] - commonActions.SearchActions.verifyVideoSuggest(findTestObject("SearchPageUI/VIDEO_ITEMS")): commonActions.SearchActions.verifyVideoSuggest is PASSED

2021-03-31 14:27:50 - [MESSAGE][INFO] - HAR: D:\Working\AUTO\KATAWEB\popstestautomation\POPSTestAutomation\Reports\20210331_142341\POPS App\POPSApp_DailySmoke\20210331_142341\requests\main\34.har

2021-03-31 14:27:50 - [MESSAGE][PASSED] - Send request successfully

2021-03-31 14:27:50 - [MESSAGE][PASSED] - Object 'Object Repository/SearchPageUI/VIDEO_ITEMS' is present

2021-03-31 14:27:51 - [MESSAGE][INFO] - HAR: D:\Working\AUTO\KATAWEB\popstestautomation\POPSTestAutomation\Reports\20210331_142341\POPS App\POPSApp_DailySmoke\20210331_142341\requests\main\35.har

2021-03-31 14:27:51 - [MESSAGE][PASSED] - Send request successfully

2021-03-31 14:27:51 - [MESSAGE][PASSED] - commonActions.SearchActions.verifyVideoSuggest is PASSED

2021-03-31 14:27:51 - [TEST_STEP][PASSED] - closeBrowser(): Browser is closed

2021-03-31 14:27:51 - [MESSAGE][PASSED] - Browser is closed

2021-03-31 14:27:51 - [TEST_STEP][PASSED] - Start listener action : sampleAfterTestCase: null

2021-03-31 14:27:51 - [TEST_STEP][PASSED] - println(testCaseContext.getTestCaseId()): null

2021-03-31 14:27:51 - [TEST_STEP][PASSED] - println(testCaseContext.getTestCaseStatus()): null]]></system-out>
         <system-err><![CDATA[]]></system-err>
      </testcase>
      <testcase name="Test Cases/Clickable/VerifyClickingOnGenre" time="10.481" classname="Test Cases/Clickable/VerifyClickingOnGenre" status="PASSED">
         <system-out><![CDATA[2021-03-31 14:27:51 - [TEST_CASE][PASSED] - Test Cases/Clickable/VerifyClickingOnGenre: Test Cases/Clickable/VerifyClickingOnGenre

2021-03-31 14:27:51 - [TEST_STEP][PASSED] - Start listener action : sampleBeforeTestCase: null

2021-03-31 14:27:51 - [TEST_STEP][PASSED] - println(testCaseContext.getTestCaseId()): null

2021-03-31 14:27:51 - [TEST_STEP][PASSED] - println(testCaseContext.getTestCaseVariables()): null

2021-03-31 14:27:51 - [TEST_STEP][PASSED] - openBrowser(SourceURL): Browser is opened with url: 'https://pops.vn/'

2021-03-31 14:27:51 - [MESSAGE][INFO] - Starting 'Chrome' driver

2021-03-31 14:27:51 - [MESSAGE][INFO] - Action delay is set to 0 milliseconds

2021-03-31 14:27:54 - [MESSAGE][PASSED] - Browser is opened with url: 'https://pops.vn/'

2021-03-31 14:27:54 - [TEST_STEP][PASSED] - maximizeWindow(): Current window maximized

2021-03-31 14:27:54 - [MESSAGE][PASSED] - Current window maximized

2021-03-31 14:27:54 - [TEST_STEP][PASSED] - commonActions.ClickableActions.clickingOnGenre(findTestObject("Object Repository/VideoDetailPageUI/TEXT_LINK_GENER")): commonActions.ClickableActions.clickingOnGenre is PASSED

2021-03-31 14:27:56 - [MESSAGE][PASSED] - Object 'Object Repository/SeriesDetailPageUI/SERIES_LIST_ITEMS' is present

2021-03-31 14:28:00 - [MESSAGE][PASSED] - Text of object 'Object Repository/SeriesDetailPageUI/GENRE_HEADER_TITLE' is: 'Anime'

2021-03-31 14:28:00 - [MESSAGE][PASSED] - commonActions.ClickableActions.clickingOnGenre is PASSED

2021-03-31 14:28:00 - [TEST_STEP][PASSED] - closeBrowser(): Browser is closed

2021-03-31 14:28:02 - [MESSAGE][PASSED] - Browser is closed

2021-03-31 14:28:02 - [TEST_STEP][PASSED] - Start listener action : sampleAfterTestCase: null

2021-03-31 14:28:02 - [TEST_STEP][PASSED] - println(testCaseContext.getTestCaseId()): null

2021-03-31 14:28:02 - [TEST_STEP][PASSED] - println(testCaseContext.getTestCaseStatus()): null]]></system-out>
         <system-err><![CDATA[]]></system-err>
      </testcase>
      <testcase name="Test Cases/Clickable/VerifyRankingcheckOnComicPage" time="30.98" classname="Test Cases/Clickable/VerifyRankingcheckOnComicPage" status="PASSED">
         <system-out><![CDATA[2021-03-31 14:28:02 - [TEST_CASE][PASSED] - Test Cases/Clickable/VerifyRankingcheckOnComicPage: Test Cases/Clickable/VerifyRankingcheckOnComicPage

2021-03-31 14:28:02 - [TEST_STEP][PASSED] - Start listener action : sampleBeforeTestCase: null

2021-03-31 14:28:02 - [TEST_STEP][PASSED] - println(testCaseContext.getTestCaseId()): null

2021-03-31 14:28:02 - [TEST_STEP][PASSED] - println(testCaseContext.getTestCaseVariables()): null

2021-03-31 14:28:02 - [TEST_STEP][PASSED] - openBrowser(SourceURL): Browser is opened with url: 'https://pops.vn/'

2021-03-31 14:28:02 - [MESSAGE][INFO] - Starting 'Chrome' driver

2021-03-31 14:28:02 - [MESSAGE][INFO] - Action delay is set to 0 milliseconds

2021-03-31 14:28:04 - [MESSAGE][PASSED] - Browser is opened with url: 'https://pops.vn/'

2021-03-31 14:28:04 - [TEST_STEP][PASSED] - maximizeWindow(): Current window maximized

2021-03-31 14:28:05 - [MESSAGE][PASSED] - Current window maximized

2021-03-31 14:28:05 - [TEST_STEP][PASSED] - commonActions.PageActions.openComicPage(): commonActions.PageActions.openComicPage is PASSED

2021-03-31 14:28:08 - [MESSAGE][PASSED] - Object: 'Object Repository/POPS App UI/TopMenu/menu_2_Comics' is clicked on

2021-03-31 14:28:08 - [MESSAGE][PASSED] - commonActions.PageActions.openComicPage is PASSED

2021-03-31 14:28:08 - [TEST_STEP][PASSED] - commonActions.BaseActions.ScrollToFooter(): commonActions.BaseActions.ScrollToFooter is PASSED

2021-03-31 14:28:08 - [MESSAGE][PASSED] - Execute JavaScript 'window.scrollTo(0, document.body.scrollHeight)' successfully

2021-03-31 14:28:10 - [MESSAGE][PASSED] - Delayed 2 second(s)

2021-03-31 14:28:12 - [MESSAGE][WARNING] - Object 'Object Repository/POPS App UI/Footer/POPS_Logo_In_Footer' is present but is not visible in viewport (Root cause: com.kms.katalon.core.exception.StepFailedException: Object 'Object Repository/POPS App UI/Footer/POPS_Logo_In_Footer' is present but is not visible in viewport
	at com.kms.katalon.core.webui.keyword.internal.WebUIKeywordMain.stepFailed(WebUIKeywordMain.groovy:64)
	at com.kms.katalon.core.webui.keyword.builtin.VerifyElementVisibleInViewportKeyword$_verifyElementVisibleInViewport_closure1.doCall(VerifyElementVisibleInViewportKeyword.groovy:79)
	at com.kms.katalon.core.webui.keyword.builtin.VerifyElementVisibleInViewportKeyword$_verifyElementVisibleInViewport_closure1.call(VerifyElementVisibleInViewportKeyword.groovy)
	at com.kms.katalon.core.webui.keyword.internal.WebUIKeywordMain.runKeyword(WebUIKeywordMain.groovy:20)
	at com.kms.katalon.core.webui.keyword.builtin.VerifyElementVisibleInViewportKeyword.verifyElementVisibleInViewport(VerifyElementVisibleInViewportKeyword.groovy:86)
	at com.kms.katalon.core.webui.keyword.builtin.VerifyElementVisibleInViewportKeyword.execute(VerifyElementVisibleInViewportKeyword.groovy:68)
	at com.kms.katalon.core.keyword.internal.KeywordExecutor.executeKeywordForPlatform(KeywordExecutor.groovy:73)
	at com.kms.katalon.core.webui.keyword.WebUiBuiltInKeywords.verifyElementInViewport(WebUiBuiltInKeywords.groovy:4050)
	at com.kms.katalon.core.webui.keyword.WebUiBuiltInKeywords$verifyElementInViewport$11.call(Unknown Source)
	at commonActions.BaseActions.ScrollToFooter(BaseActions.groovy:46)
	at commonActions.BaseActions.invokeMethod(BaseActions.groovy)
	at com.kms.katalon.core.main.CustomKeywordDelegatingMetaClass.invokeStaticMethod(CustomKeywordDelegatingMetaClass.java:50)
	at VerifyRankingcheckOnComicPage.run(VerifyRankingcheckOnComicPage:24)
	at com.kms.katalon.core.main.ScriptEngine.run(ScriptEngine.java:194)
	at com.kms.katalon.core.main.ScriptEngine.runScriptAsRawText(ScriptEngine.java:119)
	at com.kms.katalon.core.main.TestCaseExecutor.runScript(TestCaseExecutor.java:398)
	at com.kms.katalon.core.main.TestCaseExecutor.doExecute(TestCaseExecutor.java:389)
	at com.kms.katalon.core.main.TestCaseExecutor.processExecutionPhase(TestCaseExecutor.java:368)
	at com.kms.katalon.core.main.TestCaseExecutor.accessMainPhase(TestCaseExecutor.java:360)
	at com.kms.katalon.core.main.TestCaseExecutor.execute(TestCaseExecutor.java:255)
	at com.kms.katalon.core.main.TestSuiteExecutor.accessTestCaseMainPhase(TestSuiteExecutor.java:203)
	at com.kms.katalon.core.main.TestSuiteExecutor.accessTestSuiteMainPhase(TestSuiteExecutor.java:152)
	at com.kms.katalon.core.main.TestSuiteExecutor.execute(TestSuiteExecutor.java:95)
	at com.kms.katalon.core.main.TestCaseMain.startTestSuite(TestCaseMain.java:157)
	at com.kms.katalon.core.main.TestCaseMain$startTestSuite$0.call(Unknown Source)
	at TempTestSuite1617175421588.run(TempTestSuite1617175421588.groovy:39)
)
[[ATTACHMENT|D:\\Working\\AUTO\\KATAWEB\\popstestautomation\\POPSTestAutomation\\Reports\\20210331_142341\\POPS App\\POPSApp_DailySmoke\\20210331_142341\\1617175691263.png]]

2021-03-31 14:28:12 - [MESSAGE][PASSED] - Execute JavaScript 'window.scrollTo(0, document.body.scrollHeight)' successfully

2021-03-31 14:28:14 - [MESSAGE][PASSED] - Delayed 2 second(s)

2021-03-31 14:28:15 - [MESSAGE][WARNING] - Object 'Object Repository/POPS App UI/Footer/POPS_Logo_In_Footer' is present but is not visible in viewport (Root cause: com.kms.katalon.core.exception.StepFailedException: Object 'Object Repository/POPS App UI/Footer/POPS_Logo_In_Footer' is present but is not visible in viewport
	at com.kms.katalon.core.webui.keyword.internal.WebUIKeywordMain.stepFailed(WebUIKeywordMain.groovy:64)
	at com.kms.katalon.core.webui.keyword.builtin.VerifyElementVisibleInViewportKeyword$_verifyElementVisibleInViewport_closure1.doCall(VerifyElementVisibleInViewportKeyword.groovy:79)
	at com.kms.katalon.core.webui.keyword.builtin.VerifyElementVisibleInViewportKeyword$_verifyElementVisibleInViewport_closure1.call(VerifyElementVisibleInViewportKeyword.groovy)
	at com.kms.katalon.core.webui.keyword.internal.WebUIKeywordMain.runKeyword(WebUIKeywordMain.groovy:20)
	at com.kms.katalon.core.webui.keyword.builtin.VerifyElementVisibleInViewportKeyword.verifyElementVisibleInViewport(VerifyElementVisibleInViewportKeyword.groovy:86)
	at com.kms.katalon.core.webui.keyword.builtin.VerifyElementVisibleInViewportKeyword.execute(VerifyElementVisibleInViewportKeyword.groovy:68)
	at com.kms.katalon.core.keyword.internal.KeywordExecutor.executeKeywordForPlatform(KeywordExecutor.groovy:73)
	at com.kms.katalon.core.webui.keyword.WebUiBuiltInKeywords.verifyElementInViewport(WebUiBuiltInKeywords.groovy:4050)
	at com.kms.katalon.core.webui.keyword.WebUiBuiltInKeywords$verifyElementInViewport$11.call(Unknown Source)
	at commonActions.BaseActions.ScrollToFooter(BaseActions.groovy:46)
	at commonActions.BaseActions.invokeMethod(BaseActions.groovy)
	at com.kms.katalon.core.main.CustomKeywordDelegatingMetaClass.invokeStaticMethod(CustomKeywordDelegatingMetaClass.java:50)
	at VerifyRankingcheckOnComicPage.run(VerifyRankingcheckOnComicPage:24)
	at com.kms.katalon.core.main.ScriptEngine.run(ScriptEngine.java:194)
	at com.kms.katalon.core.main.ScriptEngine.runScriptAsRawText(ScriptEngine.java:119)
	at com.kms.katalon.core.main.TestCaseExecutor.runScript(TestCaseExecutor.java:398)
	at com.kms.katalon.core.main.TestCaseExecutor.doExecute(TestCaseExecutor.java:389)
	at com.kms.katalon.core.main.TestCaseExecutor.processExecutionPhase(TestCaseExecutor.java:368)
	at com.kms.katalon.core.main.TestCaseExecutor.accessMainPhase(TestCaseExecutor.java:360)
	at com.kms.katalon.core.main.TestCaseExecutor.execute(TestCaseExecutor.java:255)
	at com.kms.katalon.core.main.TestSuiteExecutor.accessTestCaseMainPhase(TestSuiteExecutor.java:203)
	at com.kms.katalon.core.main.TestSuiteExecutor.accessTestSuiteMainPhase(TestSuiteExecutor.java:152)
	at com.kms.katalon.core.main.TestSuiteExecutor.execute(TestSuiteExecutor.java:95)
	at com.kms.katalon.core.main.TestCaseMain.startTestSuite(TestCaseMain.java:157)
	at com.kms.katalon.core.main.TestCaseMain$startTestSuite$0.call(Unknown Source)
	at TempTestSuite1617175421588.run(TempTestSuite1617175421588.groovy:39)
)
[[ATTACHMENT|D:\\Working\\AUTO\\KATAWEB\\popstestautomation\\POPSTestAutomation\\Reports\\20210331_142341\\POPS App\\POPSApp_DailySmoke\\20210331_142341\\1617175694458.png]]

2021-03-31 14:28:15 - [MESSAGE][PASSED] - Execute JavaScript 'window.scrollTo(0, document.body.scrollHeight)' successfully

2021-03-31 14:28:17 - [MESSAGE][PASSED] - Delayed 2 second(s)

2021-03-31 14:28:18 - [MESSAGE][WARNING] - Object 'Object Repository/POPS App UI/Footer/POPS_Logo_In_Footer' is present but is not visible in viewport (Root cause: com.kms.katalon.core.exception.StepFailedException: Object 'Object Repository/POPS App UI/Footer/POPS_Logo_In_Footer' is present but is not visible in viewport
	at com.kms.katalon.core.webui.keyword.internal.WebUIKeywordMain.stepFailed(WebUIKeywordMain.groovy:64)
	at com.kms.katalon.core.webui.keyword.builtin.VerifyElementVisibleInViewportKeyword$_verifyElementVisibleInViewport_closure1.doCall(VerifyElementVisibleInViewportKeyword.groovy:79)
	at com.kms.katalon.core.webui.keyword.builtin.VerifyElementVisibleInViewportKeyword$_verifyElementVisibleInViewport_closure1.call(VerifyElementVisibleInViewportKeyword.groovy)
	at com.kms.katalon.core.webui.keyword.internal.WebUIKeywordMain.runKeyword(WebUIKeywordMain.groovy:20)
	at com.kms.katalon.core.webui.keyword.builtin.VerifyElementVisibleInViewportKeyword.verifyElementVisibleInViewport(VerifyElementVisibleInViewportKeyword.groovy:86)
	at com.kms.katalon.core.webui.keyword.builtin.VerifyElementVisibleInViewportKeyword.execute(VerifyElementVisibleInViewportKeyword.groovy:68)
	at com.kms.katalon.core.keyword.internal.KeywordExecutor.executeKeywordForPlatform(KeywordExecutor.groovy:73)
	at com.kms.katalon.core.webui.keyword.WebUiBuiltInKeywords.verifyElementInViewport(WebUiBuiltInKeywords.groovy:4050)
	at com.kms.katalon.core.webui.keyword.WebUiBuiltInKeywords$verifyElementInViewport$11.call(Unknown Source)
	at commonActions.BaseActions.ScrollToFooter(BaseActions.groovy:46)
	at commonActions.BaseActions.invokeMethod(BaseActions.groovy)
	at com.kms.katalon.core.main.CustomKeywordDelegatingMetaClass.invokeStaticMethod(CustomKeywordDelegatingMetaClass.java:50)
	at VerifyRankingcheckOnComicPage.run(VerifyRankingcheckOnComicPage:24)
	at com.kms.katalon.core.main.ScriptEngine.run(ScriptEngine.java:194)
	at com.kms.katalon.core.main.ScriptEngine.runScriptAsRawText(ScriptEngine.java:119)
	at com.kms.katalon.core.main.TestCaseExecutor.runScript(TestCaseExecutor.java:398)
	at com.kms.katalon.core.main.TestCaseExecutor.doExecute(TestCaseExecutor.java:389)
	at com.kms.katalon.core.main.TestCaseExecutor.processExecutionPhase(TestCaseExecutor.java:368)
	at com.kms.katalon.core.main.TestCaseExecutor.accessMainPhase(TestCaseExecutor.java:360)
	at com.kms.katalon.core.main.TestCaseExecutor.execute(TestCaseExecutor.java:255)
	at com.kms.katalon.core.main.TestSuiteExecutor.accessTestCaseMainPhase(TestSuiteExecutor.java:203)
	at com.kms.katalon.core.main.TestSuiteExecutor.accessTestSuiteMainPhase(TestSuiteExecutor.java:152)
	at com.kms.katalon.core.main.TestSuiteExecutor.execute(TestSuiteExecutor.java:95)
	at com.kms.katalon.core.main.TestCaseMain.startTestSuite(TestCaseMain.java:157)
	at com.kms.katalon.core.main.TestCaseMain$startTestSuite$0.call(Unknown Source)
	at TempTestSuite1617175421588.run(TempTestSuite1617175421588.groovy:39)
)
[[ATTACHMENT|D:\\Working\\AUTO\\KATAWEB\\popstestautomation\\POPSTestAutomation\\Reports\\20210331_142341\\POPS App\\POPSApp_DailySmoke\\20210331_142341\\1617175697418.png]]

2021-03-31 14:28:18 - [MESSAGE][PASSED] - Execute JavaScript 'window.scrollTo(0, document.body.scrollHeight)' successfully

2021-03-31 14:28:20 - [MESSAGE][PASSED] - Delayed 2 second(s)

2021-03-31 14:28:21 - [MESSAGE][WARNING] - Object 'Object Repository/POPS App UI/Footer/POPS_Logo_In_Footer' is present but is not visible in viewport (Root cause: com.kms.katalon.core.exception.StepFailedException: Object 'Object Repository/POPS App UI/Footer/POPS_Logo_In_Footer' is present but is not visible in viewport
	at com.kms.katalon.core.webui.keyword.internal.WebUIKeywordMain.stepFailed(WebUIKeywordMain.groovy:64)
	at com.kms.katalon.core.webui.keyword.builtin.VerifyElementVisibleInViewportKeyword$_verifyElementVisibleInViewport_closure1.doCall(VerifyElementVisibleInViewportKeyword.groovy:79)
	at com.kms.katalon.core.webui.keyword.builtin.VerifyElementVisibleInViewportKeyword$_verifyElementVisibleInViewport_closure1.call(VerifyElementVisibleInViewportKeyword.groovy)
	at com.kms.katalon.core.webui.keyword.internal.WebUIKeywordMain.runKeyword(WebUIKeywordMain.groovy:20)
	at com.kms.katalon.core.webui.keyword.builtin.VerifyElementVisibleInViewportKeyword.verifyElementVisibleInViewport(VerifyElementVisibleInViewportKeyword.groovy:86)
	at com.kms.katalon.core.webui.keyword.builtin.VerifyElementVisibleInViewportKeyword.execute(VerifyElementVisibleInViewportKeyword.groovy:68)
	at com.kms.katalon.core.keyword.internal.KeywordExecutor.executeKeywordForPlatform(KeywordExecutor.groovy:73)
	at com.kms.katalon.core.webui.keyword.WebUiBuiltInKeywords.verifyElementInViewport(WebUiBuiltInKeywords.groovy:4050)
	at com.kms.katalon.core.webui.keyword.WebUiBuiltInKeywords$verifyElementInViewport$11.call(Unknown Source)
	at commonActions.BaseActions.ScrollToFooter(BaseActions.groovy:46)
	at commonActions.BaseActions.invokeMethod(BaseActions.groovy)
	at com.kms.katalon.core.main.CustomKeywordDelegatingMetaClass.invokeStaticMethod(CustomKeywordDelegatingMetaClass.java:50)
	at VerifyRankingcheckOnComicPage.run(VerifyRankingcheckOnComicPage:24)
	at com.kms.katalon.core.main.ScriptEngine.run(ScriptEngine.java:194)
	at com.kms.katalon.core.main.ScriptEngine.runScriptAsRawText(ScriptEngine.java:119)
	at com.kms.katalon.core.main.TestCaseExecutor.runScript(TestCaseExecutor.java:398)
	at com.kms.katalon.core.main.TestCaseExecutor.doExecute(TestCaseExecutor.java:389)
	at com.kms.katalon.core.main.TestCaseExecutor.processExecutionPhase(TestCaseExecutor.java:368)
	at com.kms.katalon.core.main.TestCaseExecutor.accessMainPhase(TestCaseExecutor.java:360)
	at com.kms.katalon.core.main.TestCaseExecutor.execute(TestCaseExecutor.java:255)
	at com.kms.katalon.core.main.TestSuiteExecutor.accessTestCaseMainPhase(TestSuiteExecutor.java:203)
	at com.kms.katalon.core.main.TestSuiteExecutor.accessTestSuiteMainPhase(TestSuiteExecutor.java:152)
	at com.kms.katalon.core.main.TestSuiteExecutor.execute(TestSuiteExecutor.java:95)
	at com.kms.katalon.core.main.TestCaseMain.startTestSuite(TestCaseMain.java:157)
	at com.kms.katalon.core.main.TestCaseMain$startTestSuite$0.call(Unknown Source)
	at TempTestSuite1617175421588.run(TempTestSuite1617175421588.groovy:39)
)
[[ATTACHMENT|D:\\Working\\AUTO\\KATAWEB\\popstestautomation\\POPSTestAutomation\\Reports\\20210331_142341\\POPS App\\POPSApp_DailySmoke\\20210331_142341\\1617175700438.png]]

2021-03-31 14:28:21 - [MESSAGE][PASSED] - Execute JavaScript 'window.scrollTo(0, document.body.scrollHeight)' successfully

2021-03-31 14:28:23 - [MESSAGE][PASSED] - Delayed 2 second(s)

2021-03-31 14:28:24 - [MESSAGE][WARNING] - Object 'Object Repository/POPS App UI/Footer/POPS_Logo_In_Footer' is present but is not visible in viewport (Root cause: com.kms.katalon.core.exception.StepFailedException: Object 'Object Repository/POPS App UI/Footer/POPS_Logo_In_Footer' is present but is not visible in viewport
	at com.kms.katalon.core.webui.keyword.internal.WebUIKeywordMain.stepFailed(WebUIKeywordMain.groovy:64)
	at com.kms.katalon.core.webui.keyword.builtin.VerifyElementVisibleInViewportKeyword$_verifyElementVisibleInViewport_closure1.doCall(VerifyElementVisibleInViewportKeyword.groovy:79)
	at com.kms.katalon.core.webui.keyword.builtin.VerifyElementVisibleInViewportKeyword$_verifyElementVisibleInViewport_closure1.call(VerifyElementVisibleInViewportKeyword.groovy)
	at com.kms.katalon.core.webui.keyword.internal.WebUIKeywordMain.runKeyword(WebUIKeywordMain.groovy:20)
	at com.kms.katalon.core.webui.keyword.builtin.VerifyElementVisibleInViewportKeyword.verifyElementVisibleInViewport(VerifyElementVisibleInViewportKeyword.groovy:86)
	at com.kms.katalon.core.webui.keyword.builtin.VerifyElementVisibleInViewportKeyword.execute(VerifyElementVisibleInViewportKeyword.groovy:68)
	at com.kms.katalon.core.keyword.internal.KeywordExecutor.executeKeywordForPlatform(KeywordExecutor.groovy:73)
	at com.kms.katalon.core.webui.keyword.WebUiBuiltInKeywords.verifyElementInViewport(WebUiBuiltInKeywords.groovy:4050)
	at com.kms.katalon.core.webui.keyword.WebUiBuiltInKeywords$verifyElementInViewport$11.call(Unknown Source)
	at commonActions.BaseActions.ScrollToFooter(BaseActions.groovy:46)
	at commonActions.BaseActions.invokeMethod(BaseActions.groovy)
	at com.kms.katalon.core.main.CustomKeywordDelegatingMetaClass.invokeStaticMethod(CustomKeywordDelegatingMetaClass.java:50)
	at VerifyRankingcheckOnComicPage.run(VerifyRankingcheckOnComicPage:24)
	at com.kms.katalon.core.main.ScriptEngine.run(ScriptEngine.java:194)
	at com.kms.katalon.core.main.ScriptEngine.runScriptAsRawText(ScriptEngine.java:119)
	at com.kms.katalon.core.main.TestCaseExecutor.runScript(TestCaseExecutor.java:398)
	at com.kms.katalon.core.main.TestCaseExecutor.doExecute(TestCaseExecutor.java:389)
	at com.kms.katalon.core.main.TestCaseExecutor.processExecutionPhase(TestCaseExecutor.java:368)
	at com.kms.katalon.core.main.TestCaseExecutor.accessMainPhase(TestCaseExecutor.java:360)
	at com.kms.katalon.core.main.TestCaseExecutor.execute(TestCaseExecutor.java:255)
	at com.kms.katalon.core.main.TestSuiteExecutor.accessTestCaseMainPhase(TestSuiteExecutor.java:203)
	at com.kms.katalon.core.main.TestSuiteExecutor.accessTestSuiteMainPhase(TestSuiteExecutor.java:152)
	at com.kms.katalon.core.main.TestSuiteExecutor.execute(TestSuiteExecutor.java:95)
	at com.kms.katalon.core.main.TestCaseMain.startTestSuite(TestCaseMain.java:157)
	at com.kms.katalon.core.main.TestCaseMain$startTestSuite$0.call(Unknown Source)
	at TempTestSuite1617175421588.run(TempTestSuite1617175421588.groovy:39)
)
[[ATTACHMENT|D:\\Working\\AUTO\\KATAWEB\\popstestautomation\\POPSTestAutomation\\Reports\\20210331_142341\\POPS App\\POPSApp_DailySmoke\\20210331_142341\\1617175703501.png]]

2021-03-31 14:28:24 - [MESSAGE][PASSED] - Execute JavaScript 'window.scrollTo(0, document.body.scrollHeight)' successfully

2021-03-31 14:28:26 - [MESSAGE][PASSED] - Delayed 2 second(s)

2021-03-31 14:28:27 - [MESSAGE][WARNING] - Object 'Object Repository/POPS App UI/Footer/POPS_Logo_In_Footer' is present but is not visible in viewport (Root cause: com.kms.katalon.core.exception.StepFailedException: Object 'Object Repository/POPS App UI/Footer/POPS_Logo_In_Footer' is present but is not visible in viewport
	at com.kms.katalon.core.webui.keyword.internal.WebUIKeywordMain.stepFailed(WebUIKeywordMain.groovy:64)
	at com.kms.katalon.core.webui.keyword.builtin.VerifyElementVisibleInViewportKeyword$_verifyElementVisibleInViewport_closure1.doCall(VerifyElementVisibleInViewportKeyword.groovy:79)
	at com.kms.katalon.core.webui.keyword.builtin.VerifyElementVisibleInViewportKeyword$_verifyElementVisibleInViewport_closure1.call(VerifyElementVisibleInViewportKeyword.groovy)
	at com.kms.katalon.core.webui.keyword.internal.WebUIKeywordMain.runKeyword(WebUIKeywordMain.groovy:20)
	at com.kms.katalon.core.webui.keyword.builtin.VerifyElementVisibleInViewportKeyword.verifyElementVisibleInViewport(VerifyElementVisibleInViewportKeyword.groovy:86)
	at com.kms.katalon.core.webui.keyword.builtin.VerifyElementVisibleInViewportKeyword.execute(VerifyElementVisibleInViewportKeyword.groovy:68)
	at com.kms.katalon.core.keyword.internal.KeywordExecutor.executeKeywordForPlatform(KeywordExecutor.groovy:73)
	at com.kms.katalon.core.webui.keyword.WebUiBuiltInKeywords.verifyElementInViewport(WebUiBuiltInKeywords.groovy:4050)
	at com.kms.katalon.core.webui.keyword.WebUiBuiltInKeywords$verifyElementInViewport$11.call(Unknown Source)
	at commonActions.BaseActions.ScrollToFooter(BaseActions.groovy:46)
	at commonActions.BaseActions.invokeMethod(BaseActions.groovy)
	at com.kms.katalon.core.main.CustomKeywordDelegatingMetaClass.invokeStaticMethod(CustomKeywordDelegatingMetaClass.java:50)
	at VerifyRankingcheckOnComicPage.run(VerifyRankingcheckOnComicPage:24)
	at com.kms.katalon.core.main.ScriptEngine.run(ScriptEngine.java:194)
	at com.kms.katalon.core.main.ScriptEngine.runScriptAsRawText(ScriptEngine.java:119)
	at com.kms.katalon.core.main.TestCaseExecutor.runScript(TestCaseExecutor.java:398)
	at com.kms.katalon.core.main.TestCaseExecutor.doExecute(TestCaseExecutor.java:389)
	at com.kms.katalon.core.main.TestCaseExecutor.processExecutionPhase(TestCaseExecutor.java:368)
	at com.kms.katalon.core.main.TestCaseExecutor.accessMainPhase(TestCaseExecutor.java:360)
	at com.kms.katalon.core.main.TestCaseExecutor.execute(TestCaseExecutor.java:255)
	at com.kms.katalon.core.main.TestSuiteExecutor.accessTestCaseMainPhase(TestSuiteExecutor.java:203)
	at com.kms.katalon.core.main.TestSuiteExecutor.accessTestSuiteMainPhase(TestSuiteExecutor.java:152)
	at com.kms.katalon.core.main.TestSuiteExecutor.execute(TestSuiteExecutor.java:95)
	at com.kms.katalon.core.main.TestCaseMain.startTestSuite(TestCaseMain.java:157)
	at com.kms.katalon.core.main.TestCaseMain$startTestSuite$0.call(Unknown Source)
	at TempTestSuite1617175421588.run(TempTestSuite1617175421588.groovy:39)
)
[[ATTACHMENT|D:\\Working\\AUTO\\KATAWEB\\popstestautomation\\POPSTestAutomation\\Reports\\20210331_142341\\POPS App\\POPSApp_DailySmoke\\20210331_142341\\1617175706595.png]]

2021-03-31 14:28:27 - [MESSAGE][PASSED] - Execute JavaScript 'window.scrollTo(0, document.body.scrollHeight)' successfully

2021-03-31 14:28:29 - [MESSAGE][PASSED] - Delayed 2 second(s)

2021-03-31 14:28:30 - [MESSAGE][WARNING] - Object 'Object Repository/POPS App UI/Footer/POPS_Logo_In_Footer' is present but is not visible in viewport (Root cause: com.kms.katalon.core.exception.StepFailedException: Object 'Object Repository/POPS App UI/Footer/POPS_Logo_In_Footer' is present but is not visible in viewport
	at com.kms.katalon.core.webui.keyword.internal.WebUIKeywordMain.stepFailed(WebUIKeywordMain.groovy:64)
	at com.kms.katalon.core.webui.keyword.builtin.VerifyElementVisibleInViewportKeyword$_verifyElementVisibleInViewport_closure1.doCall(VerifyElementVisibleInViewportKeyword.groovy:79)
	at com.kms.katalon.core.webui.keyword.builtin.VerifyElementVisibleInViewportKeyword$_verifyElementVisibleInViewport_closure1.call(VerifyElementVisibleInViewportKeyword.groovy)
	at com.kms.katalon.core.webui.keyword.internal.WebUIKeywordMain.runKeyword(WebUIKeywordMain.groovy:20)
	at com.kms.katalon.core.webui.keyword.builtin.VerifyElementVisibleInViewportKeyword.verifyElementVisibleInViewport(VerifyElementVisibleInViewportKeyword.groovy:86)
	at com.kms.katalon.core.webui.keyword.builtin.VerifyElementVisibleInViewportKeyword.execute(VerifyElementVisibleInViewportKeyword.groovy:68)
	at com.kms.katalon.core.keyword.internal.KeywordExecutor.executeKeywordForPlatform(KeywordExecutor.groovy:73)
	at com.kms.katalon.core.webui.keyword.WebUiBuiltInKeywords.verifyElementInViewport(WebUiBuiltInKeywords.groovy:4050)
	at com.kms.katalon.core.webui.keyword.WebUiBuiltInKeywords$verifyElementInViewport$11.call(Unknown Source)
	at commonActions.BaseActions.ScrollToFooter(BaseActions.groovy:46)
	at commonActions.BaseActions.invokeMethod(BaseActions.groovy)
	at com.kms.katalon.core.main.CustomKeywordDelegatingMetaClass.invokeStaticMethod(CustomKeywordDelegatingMetaClass.java:50)
	at VerifyRankingcheckOnComicPage.run(VerifyRankingcheckOnComicPage:24)
	at com.kms.katalon.core.main.ScriptEngine.run(ScriptEngine.java:194)
	at com.kms.katalon.core.main.ScriptEngine.runScriptAsRawText(ScriptEngine.java:119)
	at com.kms.katalon.core.main.TestCaseExecutor.runScript(TestCaseExecutor.java:398)
	at com.kms.katalon.core.main.TestCaseExecutor.doExecute(TestCaseExecutor.java:389)
	at com.kms.katalon.core.main.TestCaseExecutor.processExecutionPhase(TestCaseExecutor.java:368)
	at com.kms.katalon.core.main.TestCaseExecutor.accessMainPhase(TestCaseExecutor.java:360)
	at com.kms.katalon.core.main.TestCaseExecutor.execute(TestCaseExecutor.java:255)
	at com.kms.katalon.core.main.TestSuiteExecutor.accessTestCaseMainPhase(TestSuiteExecutor.java:203)
	at com.kms.katalon.core.main.TestSuiteExecutor.accessTestSuiteMainPhase(TestSuiteExecutor.java:152)
	at com.kms.katalon.core.main.TestSuiteExecutor.execute(TestSuiteExecutor.java:95)
	at com.kms.katalon.core.main.TestCaseMain.startTestSuite(TestCaseMain.java:157)
	at com.kms.katalon.core.main.TestCaseMain$startTestSuite$0.call(Unknown Source)
	at TempTestSuite1617175421588.run(TempTestSuite1617175421588.groovy:39)
)
[[ATTACHMENT|D:\\Working\\AUTO\\KATAWEB\\popstestautomation\\POPSTestAutomation\\Reports\\20210331_142341\\POPS App\\POPSApp_DailySmoke\\20210331_142341\\1617175709760.png]]

2021-03-31 14:28:30 - [MESSAGE][PASSED] - Execute JavaScript 'window.scrollTo(0, document.body.scrollHeight)' successfully

2021-03-31 14:28:32 - [MESSAGE][PASSED] - Delayed 2 second(s)

2021-03-31 14:28:32 - [MESSAGE][PASSED] - Object 'Object Repository/POPS App UI/Footer/POPS_Logo_In_Footer' is present and visible in viewport

2021-03-31 14:28:32 - [MESSAGE][PASSED] - commonActions.BaseActions.ScrollToFooter is PASSED

2021-03-31 14:28:32 - [TEST_STEP][PASSED] - commonActions.Comics.CheckComicRankingDisplay20Items(findTestObject("ComicPageUI/COMIC_RANKING_SECTION")): commonActions.Comics.CheckComicRankingDisplay20Items is PASSED

2021-03-31 14:28:33 - [MESSAGE][PASSED] - commonActions.Comics.CheckComicRankingDisplay20Items is PASSED

2021-03-31 14:28:33 - [TEST_STEP][PASSED] - Start listener action : sampleAfterTestCase: null

2021-03-31 14:28:33 - [TEST_STEP][PASSED] - println(testCaseContext.getTestCaseId()): null

2021-03-31 14:28:33 - [TEST_STEP][PASSED] - println(testCaseContext.getTestCaseStatus()): null]]></system-out>
         <system-err><![CDATA[]]></system-err>
      </testcase>
      <testcase name="Test Cases/AddToMyList/VerifyClickOnAddToMyList" time="39.293" classname="Test Cases/AddToMyList/VerifyClickOnAddToMyList" status="PASSED">
         <system-out><![CDATA[2021-03-31 14:28:33 - [TEST_CASE][PASSED] - Test Cases/AddToMyList/VerifyClickOnAddToMyList: Test Cases/AddToMyList/VerifyClickOnAddToMyList

2021-03-31 14:28:33 - [TEST_STEP][PASSED] - Start listener action : sampleBeforeTestCase: null

2021-03-31 14:28:33 - [TEST_STEP][PASSED] - println(testCaseContext.getTestCaseId()): null

2021-03-31 14:28:33 - [TEST_STEP][PASSED] - println(testCaseContext.getTestCaseVariables()): null

2021-03-31 14:28:33 - [TEST_STEP][PASSED] - openBrowser(SourceURL): Browser is opened with url: 'https://pops.vn/'

2021-03-31 14:28:33 - [MESSAGE][WARNING] - A browser is already opened. Closing browser and opening a new one

2021-03-31 14:28:33 - [MESSAGE][INFO] - Starting 'Chrome' driver

2021-03-31 14:28:33 - [MESSAGE][INFO] - Action delay is set to 0 milliseconds

2021-03-31 14:28:38 - [MESSAGE][PASSED] - Browser is opened with url: 'https://pops.vn/'

2021-03-31 14:28:38 - [TEST_STEP][PASSED] - maximizeWindow(): Current window maximized

2021-03-31 14:28:38 - [MESSAGE][PASSED] - Current window maximized

2021-03-31 14:28:38 - [TEST_STEP][PASSED] - commonActions.PageActions.openVideoPage(): commonActions.PageActions.openVideoPage is PASSED

2021-03-31 14:28:40 - [MESSAGE][PASSED] - Object: 'Object Repository/SearchPageUI/TEXTBOX_SEARCH' is clicked on

2021-03-31 14:28:40 - [MESSAGE][WARNING] - Timeout '0' is invalid. Using default page load timeout: '30'

2021-03-31 14:28:41 - [MESSAGE][PASSED] - Object 'Object Repository/SearchPageUI/TEXTBOX_SEARCH' is present

2021-03-31 14:28:41 - [MESSAGE][PASSED] - Text of object 'Object Repository/SearchPageUI/TEXTBOX_SEARCH' is cleared

2021-03-31 14:28:42 - [MESSAGE][PASSED] - Text 'conan' is set on object 'Object Repository/SearchPageUI/TEXTBOX_SEARCH'

2021-03-31 14:28:43 - [MESSAGE][PASSED] - Object: 'Object Repository/SearchPageUI/ICON_SEARCH_BUTTON' is clicked on

2021-03-31 14:28:43 - [MESSAGE][WARNING] - Timeout '0' is invalid. Using default page load timeout: '30'

2021-03-31 14:28:45 - [MESSAGE][PASSED] - Object 'Object Repository/SearchPageUI/RESULT_ELEMENTS' is present

2021-03-31 14:28:46 - [MESSAGE][PASSED] - Execute JavaScript 'arguments[0].click()' successfully

2021-03-31 14:28:46 - [MESSAGE][PASSED] - commonActions.PageActions.openVideoPage is PASSED

2021-03-31 14:28:46 - [TEST_STEP][PASSED] - commonActions.ClickableActions.addToMyList(): commonActions.ClickableActions.addToMyList is PASSED

2021-03-31 14:28:46 - [MESSAGE][WARNING] - Timeout '0' is invalid. Using default page load timeout: '30'

2021-03-31 14:29:07 - [MESSAGE][PASSED] - Execute JavaScript 'arguments[0].click()' successfully

2021-03-31 14:29:08 - [MESSAGE][PASSED] - Text of object 'Object Repository/MyListPageUI/TEXT_SAVED_VIDEO' is: ' Đã Lưu'

2021-03-31 14:29:09 - [MESSAGE][PASSED] - Text of object 'Object Repository/VideoDetailPageUI/CURRENT_VIDEO_TITLE_TEXT' is: 'Conan - Superclip 87: Hành trình bí ẩn của Momotaro'

2021-03-31 14:29:09 - [MESSAGE][PASSED] - Object: 'Object Repository/POPS App UI/TopMenu/menu_5_Them' is clicked on

2021-03-31 14:29:10 - [MESSAGE][PASSED] - Object: 'Object Repository/MyListPageUI/BUTTON_MY_LIST_INMOREPAGE' is clicked on

2021-03-31 14:29:11 - [MESSAGE][PASSED] - Object 'Object Repository/MyListPageUI/TEXT_TITLE_NAME' is visible

2021-03-31 14:29:11 - [MESSAGE][PASSED] - Text of object 'Object Repository/MyListPageUI/TEXT_TITLE_NAME' is: 'Conan - Superclip 87: Hành trình bí ẩn của Momotaro'

2021-03-31 14:29:11 - [MESSAGE][PASSED] - commonActions.ClickableActions.addToMyList is PASSED

2021-03-31 14:29:11 - [TEST_STEP][PASSED] - closeBrowser(): Browser is closed

2021-03-31 14:29:12 - [MESSAGE][PASSED] - Browser is closed

2021-03-31 14:29:12 - [TEST_STEP][PASSED] - Start listener action : sampleAfterTestCase: null

2021-03-31 14:29:12 - [TEST_STEP][PASSED] - println(testCaseContext.getTestCaseId()): null

2021-03-31 14:29:12 - [TEST_STEP][PASSED] - println(testCaseContext.getTestCaseStatus()): null]]></system-out>
         <system-err><![CDATA[]]></system-err>
      </testcase>
      <testcase name="Test Cases/AddToMyList/VerifyMyListShowValidData" time="38.427" classname="Test Cases/AddToMyList/VerifyMyListShowValidData" status="PASSED">
         <system-out><![CDATA[2021-03-31 14:29:12 - [TEST_CASE][PASSED] - Test Cases/AddToMyList/VerifyMyListShowValidData: Test Cases/AddToMyList/VerifyMyListShowValidData

2021-03-31 14:29:12 - [TEST_STEP][PASSED] - Start listener action : sampleBeforeTestCase: null

2021-03-31 14:29:12 - [TEST_STEP][PASSED] - println(testCaseContext.getTestCaseId()): null

2021-03-31 14:29:12 - [TEST_STEP][PASSED] - println(testCaseContext.getTestCaseVariables()): null

2021-03-31 14:29:12 - [TEST_STEP][PASSED] - openBrowser(SourceURL): Browser is opened with url: 'https://pops.vn/'

2021-03-31 14:29:12 - [MESSAGE][INFO] - Starting 'Chrome' driver

2021-03-31 14:29:12 - [MESSAGE][INFO] - Action delay is set to 0 milliseconds

2021-03-31 14:29:15 - [MESSAGE][PASSED] - Browser is opened with url: 'https://pops.vn/'

2021-03-31 14:29:15 - [TEST_STEP][PASSED] - maximizeWindow(): Current window maximized

2021-03-31 14:29:15 - [MESSAGE][PASSED] - Current window maximized

2021-03-31 14:29:15 - [TEST_STEP][PASSED] - commonActions.PageActions.openVideoPage(): commonActions.PageActions.openVideoPage is PASSED

2021-03-31 14:29:17 - [MESSAGE][PASSED] - Object: 'Object Repository/SearchPageUI/TEXTBOX_SEARCH' is clicked on

2021-03-31 14:29:17 - [MESSAGE][WARNING] - Timeout '0' is invalid. Using default page load timeout: '30'

2021-03-31 14:29:18 - [MESSAGE][PASSED] - Object 'Object Repository/SearchPageUI/TEXTBOX_SEARCH' is present

2021-03-31 14:29:19 - [MESSAGE][PASSED] - Text of object 'Object Repository/SearchPageUI/TEXTBOX_SEARCH' is cleared

2021-03-31 14:29:19 - [MESSAGE][PASSED] - Text 'conan' is set on object 'Object Repository/SearchPageUI/TEXTBOX_SEARCH'

2021-03-31 14:29:20 - [MESSAGE][PASSED] - Object: 'Object Repository/SearchPageUI/ICON_SEARCH_BUTTON' is clicked on

2021-03-31 14:29:20 - [MESSAGE][WARNING] - Timeout '0' is invalid. Using default page load timeout: '30'

2021-03-31 14:29:22 - [MESSAGE][PASSED] - Object 'Object Repository/SearchPageUI/RESULT_ELEMENTS' is present

2021-03-31 14:29:23 - [MESSAGE][PASSED] - Execute JavaScript 'arguments[0].click()' successfully

2021-03-31 14:29:23 - [MESSAGE][PASSED] - commonActions.PageActions.openVideoPage is PASSED

2021-03-31 14:29:23 - [TEST_STEP][PASSED] - commonActions.ClickableActions.addToMyList(): commonActions.ClickableActions.addToMyList is PASSED

2021-03-31 14:29:23 - [MESSAGE][WARNING] - Timeout '0' is invalid. Using default page load timeout: '30'

2021-03-31 14:29:45 - [MESSAGE][PASSED] - Execute JavaScript 'arguments[0].click()' successfully

2021-03-31 14:29:46 - [MESSAGE][PASSED] - Text of object 'Object Repository/MyListPageUI/TEXT_SAVED_VIDEO' is: ' Đã Lưu'

2021-03-31 14:29:47 - [MESSAGE][PASSED] - Text of object 'Object Repository/VideoDetailPageUI/CURRENT_VIDEO_TITLE_TEXT' is: 'Conan - Superclip 69: Bí mật trong nhà vệ sinh'

2021-03-31 14:29:48 - [MESSAGE][PASSED] - Object: 'Object Repository/POPS App UI/TopMenu/menu_5_Them' is clicked on

2021-03-31 14:29:49 - [MESSAGE][PASSED] - Object: 'Object Repository/MyListPageUI/BUTTON_MY_LIST_INMOREPAGE' is clicked on

2021-03-31 14:29:49 - [MESSAGE][PASSED] - Object 'Object Repository/MyListPageUI/TEXT_TITLE_NAME' is visible

2021-03-31 14:29:50 - [MESSAGE][PASSED] - Text of object 'Object Repository/MyListPageUI/TEXT_TITLE_NAME' is: 'Conan - Superclip 69: Bí mật trong nhà vệ sinh'

2021-03-31 14:29:50 - [MESSAGE][PASSED] - commonActions.ClickableActions.addToMyList is PASSED

2021-03-31 14:29:50 - [TEST_STEP][PASSED] - closeBrowser(): Browser is closed

2021-03-31 14:29:50 - [MESSAGE][PASSED] - Browser is closed

2021-03-31 14:29:50 - [TEST_STEP][PASSED] - Start listener action : sampleAfterTestCase: null

2021-03-31 14:29:50 - [TEST_STEP][PASSED] - println(testCaseContext.getTestCaseId()): null

2021-03-31 14:29:50 - [TEST_STEP][PASSED] - println(testCaseContext.getTestCaseStatus()): null]]></system-out>
         <system-err><![CDATA[]]></system-err>
      </testcase>
      <testcase name="Test Cases/Component/VerifyAlbumDisplayed" time="24.078" classname="Test Cases/Component/VerifyAlbumDisplayed" status="PASSED">
         <system-out><![CDATA[2021-03-31 14:29:50 - [TEST_CASE][PASSED] - Test Cases/Component/VerifyAlbumDisplayed: Test Cases/Component/VerifyAlbumDisplayed

2021-03-31 14:29:50 - [TEST_STEP][PASSED] - Start listener action : sampleBeforeTestCase: null

2021-03-31 14:29:50 - [TEST_STEP][PASSED] - println(testCaseContext.getTestCaseId()): null

2021-03-31 14:29:50 - [TEST_STEP][PASSED] - println(testCaseContext.getTestCaseVariables()): null

2021-03-31 14:29:50 - [TEST_STEP][PASSED] - openBrowser(SourceURL): Browser is opened with url: 'https://pops.vn/'

2021-03-31 14:29:50 - [MESSAGE][INFO] - Starting 'Chrome' driver

2021-03-31 14:29:50 - [MESSAGE][INFO] - Action delay is set to 0 milliseconds

2021-03-31 14:29:55 - [MESSAGE][PASSED] - Browser is opened with url: 'https://pops.vn/'

2021-03-31 14:29:55 - [TEST_STEP][PASSED] - maximizeWindow(): Current window maximized

2021-03-31 14:29:55 - [MESSAGE][PASSED] - Current window maximized

2021-03-31 14:29:55 - [TEST_STEP][PASSED] - commonActions.APIs.anonymousLogin(): commonActions.APIs.anonymousLogin is PASSED

2021-03-31 14:29:56 - [MESSAGE][INFO] - HAR: D:\Working\AUTO\KATAWEB\popstestautomation\POPSTestAutomation\Reports\20210331_142341\POPS App\POPSApp_DailySmoke\20210331_142341\requests\main\36.har

2021-03-31 14:29:56 - [MESSAGE][PASSED] - Send request successfully

2021-03-31 14:29:56 - [MESSAGE][PASSED] - commonActions.APIs.anonymousLogin is PASSED

2021-03-31 14:29:56 - [TEST_STEP][PASSED] - commonActions.BaseActions.ScrollToFooter(): commonActions.BaseActions.ScrollToFooter is PASSED

2021-03-31 14:29:56 - [MESSAGE][PASSED] - Execute JavaScript 'window.scrollTo(0, document.body.scrollHeight)' successfully

2021-03-31 14:29:58 - [MESSAGE][PASSED] - Delayed 2 second(s)

2021-03-31 14:29:59 - [MESSAGE][WARNING] - Object 'Object Repository/POPS App UI/Footer/POPS_Logo_In_Footer' is present but is not visible in viewport (Root cause: com.kms.katalon.core.exception.StepFailedException: Object 'Object Repository/POPS App UI/Footer/POPS_Logo_In_Footer' is present but is not visible in viewport
	at com.kms.katalon.core.webui.keyword.internal.WebUIKeywordMain.stepFailed(WebUIKeywordMain.groovy:64)
	at com.kms.katalon.core.webui.keyword.builtin.VerifyElementVisibleInViewportKeyword$_verifyElementVisibleInViewport_closure1.doCall(VerifyElementVisibleInViewportKeyword.groovy:79)
	at com.kms.katalon.core.webui.keyword.builtin.VerifyElementVisibleInViewportKeyword$_verifyElementVisibleInViewport_closure1.call(VerifyElementVisibleInViewportKeyword.groovy)
	at com.kms.katalon.core.webui.keyword.internal.WebUIKeywordMain.runKeyword(WebUIKeywordMain.groovy:20)
	at com.kms.katalon.core.webui.keyword.builtin.VerifyElementVisibleInViewportKeyword.verifyElementVisibleInViewport(VerifyElementVisibleInViewportKeyword.groovy:86)
	at com.kms.katalon.core.webui.keyword.builtin.VerifyElementVisibleInViewportKeyword.execute(VerifyElementVisibleInViewportKeyword.groovy:68)
	at com.kms.katalon.core.keyword.internal.KeywordExecutor.executeKeywordForPlatform(KeywordExecutor.groovy:73)
	at com.kms.katalon.core.webui.keyword.WebUiBuiltInKeywords.verifyElementInViewport(WebUiBuiltInKeywords.groovy:4050)
	at com.kms.katalon.core.webui.keyword.WebUiBuiltInKeywords$verifyElementInViewport$11.call(Unknown Source)
	at commonActions.BaseActions.ScrollToFooter(BaseActions.groovy:46)
	at commonActions.BaseActions.invokeMethod(BaseActions.groovy)
	at com.kms.katalon.core.main.CustomKeywordDelegatingMetaClass.invokeStaticMethod(CustomKeywordDelegatingMetaClass.java:50)
	at VerifyAlbumDisplayed.run(VerifyAlbumDisplayed:24)
	at com.kms.katalon.core.main.ScriptEngine.run(ScriptEngine.java:194)
	at com.kms.katalon.core.main.ScriptEngine.runScriptAsRawText(ScriptEngine.java:119)
	at com.kms.katalon.core.main.TestCaseExecutor.runScript(TestCaseExecutor.java:398)
	at com.kms.katalon.core.main.TestCaseExecutor.doExecute(TestCaseExecutor.java:389)
	at com.kms.katalon.core.main.TestCaseExecutor.processExecutionPhase(TestCaseExecutor.java:368)
	at com.kms.katalon.core.main.TestCaseExecutor.accessMainPhase(TestCaseExecutor.java:360)
	at com.kms.katalon.core.main.TestCaseExecutor.execute(TestCaseExecutor.java:255)
	at com.kms.katalon.core.main.TestSuiteExecutor.accessTestCaseMainPhase(TestSuiteExecutor.java:203)
	at com.kms.katalon.core.main.TestSuiteExecutor.accessTestSuiteMainPhase(TestSuiteExecutor.java:152)
	at com.kms.katalon.core.main.TestSuiteExecutor.execute(TestSuiteExecutor.java:95)
	at com.kms.katalon.core.main.TestCaseMain.startTestSuite(TestCaseMain.java:157)
	at com.kms.katalon.core.main.TestCaseMain$startTestSuite$0.call(Unknown Source)
	at TempTestSuite1617175421588.run(TempTestSuite1617175421588.groovy:39)
)
[[ATTACHMENT|D:\\Working\\AUTO\\KATAWEB\\popstestautomation\\POPSTestAutomation\\Reports\\20210331_142341\\POPS App\\POPSApp_DailySmoke\\20210331_142341\\1617175798735.png]]

2021-03-31 14:29:59 - [MESSAGE][PASSED] - Execute JavaScript 'window.scrollTo(0, document.body.scrollHeight)' successfully

2021-03-31 14:30:01 - [MESSAGE][PASSED] - Delayed 2 second(s)

2021-03-31 14:30:02 - [MESSAGE][WARNING] - Object 'Object Repository/POPS App UI/Footer/POPS_Logo_In_Footer' is present but is not visible in viewport (Root cause: com.kms.katalon.core.exception.StepFailedException: Object 'Object Repository/POPS App UI/Footer/POPS_Logo_In_Footer' is present but is not visible in viewport
	at com.kms.katalon.core.webui.keyword.internal.WebUIKeywordMain.stepFailed(WebUIKeywordMain.groovy:64)
	at com.kms.katalon.core.webui.keyword.builtin.VerifyElementVisibleInViewportKeyword$_verifyElementVisibleInViewport_closure1.doCall(VerifyElementVisibleInViewportKeyword.groovy:79)
	at com.kms.katalon.core.webui.keyword.builtin.VerifyElementVisibleInViewportKeyword$_verifyElementVisibleInViewport_closure1.call(VerifyElementVisibleInViewportKeyword.groovy)
	at com.kms.katalon.core.webui.keyword.internal.WebUIKeywordMain.runKeyword(WebUIKeywordMain.groovy:20)
	at com.kms.katalon.core.webui.keyword.builtin.VerifyElementVisibleInViewportKeyword.verifyElementVisibleInViewport(VerifyElementVisibleInViewportKeyword.groovy:86)
	at com.kms.katalon.core.webui.keyword.builtin.VerifyElementVisibleInViewportKeyword.execute(VerifyElementVisibleInViewportKeyword.groovy:68)
	at com.kms.katalon.core.keyword.internal.KeywordExecutor.executeKeywordForPlatform(KeywordExecutor.groovy:73)
	at com.kms.katalon.core.webui.keyword.WebUiBuiltInKeywords.verifyElementInViewport(WebUiBuiltInKeywords.groovy:4050)
	at com.kms.katalon.core.webui.keyword.WebUiBuiltInKeywords$verifyElementInViewport$11.call(Unknown Source)
	at commonActions.BaseActions.ScrollToFooter(BaseActions.groovy:46)
	at commonActions.BaseActions.invokeMethod(BaseActions.groovy)
	at com.kms.katalon.core.main.CustomKeywordDelegatingMetaClass.invokeStaticMethod(CustomKeywordDelegatingMetaClass.java:50)
	at VerifyAlbumDisplayed.run(VerifyAlbumDisplayed:24)
	at com.kms.katalon.core.main.ScriptEngine.run(ScriptEngine.java:194)
	at com.kms.katalon.core.main.ScriptEngine.runScriptAsRawText(ScriptEngine.java:119)
	at com.kms.katalon.core.main.TestCaseExecutor.runScript(TestCaseExecutor.java:398)
	at com.kms.katalon.core.main.TestCaseExecutor.doExecute(TestCaseExecutor.java:389)
	at com.kms.katalon.core.main.TestCaseExecutor.processExecutionPhase(TestCaseExecutor.java:368)
	at com.kms.katalon.core.main.TestCaseExecutor.accessMainPhase(TestCaseExecutor.java:360)
	at com.kms.katalon.core.main.TestCaseExecutor.execute(TestCaseExecutor.java:255)
	at com.kms.katalon.core.main.TestSuiteExecutor.accessTestCaseMainPhase(TestSuiteExecutor.java:203)
	at com.kms.katalon.core.main.TestSuiteExecutor.accessTestSuiteMainPhase(TestSuiteExecutor.java:152)
	at com.kms.katalon.core.main.TestSuiteExecutor.execute(TestSuiteExecutor.java:95)
	at com.kms.katalon.core.main.TestCaseMain.startTestSuite(TestCaseMain.java:157)
	at com.kms.katalon.core.main.TestCaseMain$startTestSuite$0.call(Unknown Source)
	at TempTestSuite1617175421588.run(TempTestSuite1617175421588.groovy:39)
)
[[ATTACHMENT|D:\\Working\\AUTO\\KATAWEB\\popstestautomation\\POPSTestAutomation\\Reports\\20210331_142341\\POPS App\\POPSApp_DailySmoke\\20210331_142341\\1617175801709.png]]

2021-03-31 14:30:02 - [MESSAGE][PASSED] - Execute JavaScript 'window.scrollTo(0, document.body.scrollHeight)' successfully

2021-03-31 14:30:04 - [MESSAGE][PASSED] - Delayed 2 second(s)

2021-03-31 14:30:05 - [MESSAGE][WARNING] - Object 'Object Repository/POPS App UI/Footer/POPS_Logo_In_Footer' is present but is not visible in viewport (Root cause: com.kms.katalon.core.exception.StepFailedException: Object 'Object Repository/POPS App UI/Footer/POPS_Logo_In_Footer' is present but is not visible in viewport
	at com.kms.katalon.core.webui.keyword.internal.WebUIKeywordMain.stepFailed(WebUIKeywordMain.groovy:64)
	at com.kms.katalon.core.webui.keyword.builtin.VerifyElementVisibleInViewportKeyword$_verifyElementVisibleInViewport_closure1.doCall(VerifyElementVisibleInViewportKeyword.groovy:79)
	at com.kms.katalon.core.webui.keyword.builtin.VerifyElementVisibleInViewportKeyword$_verifyElementVisibleInViewport_closure1.call(VerifyElementVisibleInViewportKeyword.groovy)
	at com.kms.katalon.core.webui.keyword.internal.WebUIKeywordMain.runKeyword(WebUIKeywordMain.groovy:20)
	at com.kms.katalon.core.webui.keyword.builtin.VerifyElementVisibleInViewportKeyword.verifyElementVisibleInViewport(VerifyElementVisibleInViewportKeyword.groovy:86)
	at com.kms.katalon.core.webui.keyword.builtin.VerifyElementVisibleInViewportKeyword.execute(VerifyElementVisibleInViewportKeyword.groovy:68)
	at com.kms.katalon.core.keyword.internal.KeywordExecutor.executeKeywordForPlatform(KeywordExecutor.groovy:73)
	at com.kms.katalon.core.webui.keyword.WebUiBuiltInKeywords.verifyElementInViewport(WebUiBuiltInKeywords.groovy:4050)
	at com.kms.katalon.core.webui.keyword.WebUiBuiltInKeywords$verifyElementInViewport$11.call(Unknown Source)
	at commonActions.BaseActions.ScrollToFooter(BaseActions.groovy:46)
	at commonActions.BaseActions.invokeMethod(BaseActions.groovy)
	at com.kms.katalon.core.main.CustomKeywordDelegatingMetaClass.invokeStaticMethod(CustomKeywordDelegatingMetaClass.java:50)
	at VerifyAlbumDisplayed.run(VerifyAlbumDisplayed:24)
	at com.kms.katalon.core.main.ScriptEngine.run(ScriptEngine.java:194)
	at com.kms.katalon.core.main.ScriptEngine.runScriptAsRawText(ScriptEngine.java:119)
	at com.kms.katalon.core.main.TestCaseExecutor.runScript(TestCaseExecutor.java:398)
	at com.kms.katalon.core.main.TestCaseExecutor.doExecute(TestCaseExecutor.java:389)
	at com.kms.katalon.core.main.TestCaseExecutor.processExecutionPhase(TestCaseExecutor.java:368)
	at com.kms.katalon.core.main.TestCaseExecutor.accessMainPhase(TestCaseExecutor.java:360)
	at com.kms.katalon.core.main.TestCaseExecutor.execute(TestCaseExecutor.java:255)
	at com.kms.katalon.core.main.TestSuiteExecutor.accessTestCaseMainPhase(TestSuiteExecutor.java:203)
	at com.kms.katalon.core.main.TestSuiteExecutor.accessTestSuiteMainPhase(TestSuiteExecutor.java:152)
	at com.kms.katalon.core.main.TestSuiteExecutor.execute(TestSuiteExecutor.java:95)
	at com.kms.katalon.core.main.TestCaseMain.startTestSuite(TestCaseMain.java:157)
	at com.kms.katalon.core.main.TestCaseMain$startTestSuite$0.call(Unknown Source)
	at TempTestSuite1617175421588.run(TempTestSuite1617175421588.groovy:39)
)
[[ATTACHMENT|D:\\Working\\AUTO\\KATAWEB\\popstestautomation\\POPSTestAutomation\\Reports\\20210331_142341\\POPS App\\POPSApp_DailySmoke\\20210331_142341\\1617175804709.png]]

2021-03-31 14:30:05 - [MESSAGE][PASSED] - Execute JavaScript 'window.scrollTo(0, document.body.scrollHeight)' successfully

2021-03-31 14:30:07 - [MESSAGE][PASSED] - Delayed 2 second(s)

2021-03-31 14:30:08 - [MESSAGE][WARNING] - Object 'Object Repository/POPS App UI/Footer/POPS_Logo_In_Footer' is present but is not visible in viewport (Root cause: com.kms.katalon.core.exception.StepFailedException: Object 'Object Repository/POPS App UI/Footer/POPS_Logo_In_Footer' is present but is not visible in viewport
	at com.kms.katalon.core.webui.keyword.internal.WebUIKeywordMain.stepFailed(WebUIKeywordMain.groovy:64)
	at com.kms.katalon.core.webui.keyword.builtin.VerifyElementVisibleInViewportKeyword$_verifyElementVisibleInViewport_closure1.doCall(VerifyElementVisibleInViewportKeyword.groovy:79)
	at com.kms.katalon.core.webui.keyword.builtin.VerifyElementVisibleInViewportKeyword$_verifyElementVisibleInViewport_closure1.call(VerifyElementVisibleInViewportKeyword.groovy)
	at com.kms.katalon.core.webui.keyword.internal.WebUIKeywordMain.runKeyword(WebUIKeywordMain.groovy:20)
	at com.kms.katalon.core.webui.keyword.builtin.VerifyElementVisibleInViewportKeyword.verifyElementVisibleInViewport(VerifyElementVisibleInViewportKeyword.groovy:86)
	at com.kms.katalon.core.webui.keyword.builtin.VerifyElementVisibleInViewportKeyword.execute(VerifyElementVisibleInViewportKeyword.groovy:68)
	at com.kms.katalon.core.keyword.internal.KeywordExecutor.executeKeywordForPlatform(KeywordExecutor.groovy:73)
	at com.kms.katalon.core.webui.keyword.WebUiBuiltInKeywords.verifyElementInViewport(WebUiBuiltInKeywords.groovy:4050)
	at com.kms.katalon.core.webui.keyword.WebUiBuiltInKeywords$verifyElementInViewport$11.call(Unknown Source)
	at commonActions.BaseActions.ScrollToFooter(BaseActions.groovy:46)
	at commonActions.BaseActions.invokeMethod(BaseActions.groovy)
	at com.kms.katalon.core.main.CustomKeywordDelegatingMetaClass.invokeStaticMethod(CustomKeywordDelegatingMetaClass.java:50)
	at VerifyAlbumDisplayed.run(VerifyAlbumDisplayed:24)
	at com.kms.katalon.core.main.ScriptEngine.run(ScriptEngine.java:194)
	at com.kms.katalon.core.main.ScriptEngine.runScriptAsRawText(ScriptEngine.java:119)
	at com.kms.katalon.core.main.TestCaseExecutor.runScript(TestCaseExecutor.java:398)
	at com.kms.katalon.core.main.TestCaseExecutor.doExecute(TestCaseExecutor.java:389)
	at com.kms.katalon.core.main.TestCaseExecutor.processExecutionPhase(TestCaseExecutor.java:368)
	at com.kms.katalon.core.main.TestCaseExecutor.accessMainPhase(TestCaseExecutor.java:360)
	at com.kms.katalon.core.main.TestCaseExecutor.execute(TestCaseExecutor.java:255)
	at com.kms.katalon.core.main.TestSuiteExecutor.accessTestCaseMainPhase(TestSuiteExecutor.java:203)
	at com.kms.katalon.core.main.TestSuiteExecutor.accessTestSuiteMainPhase(TestSuiteExecutor.java:152)
	at com.kms.katalon.core.main.TestSuiteExecutor.execute(TestSuiteExecutor.java:95)
	at com.kms.katalon.core.main.TestCaseMain.startTestSuite(TestCaseMain.java:157)
	at com.kms.katalon.core.main.TestCaseMain$startTestSuite$0.call(Unknown Source)
	at TempTestSuite1617175421588.run(TempTestSuite1617175421588.groovy:39)
)
[[ATTACHMENT|D:\\Working\\AUTO\\KATAWEB\\popstestautomation\\POPSTestAutomation\\Reports\\20210331_142341\\POPS App\\POPSApp_DailySmoke\\20210331_142341\\1617175807659.png]]

2021-03-31 14:30:08 - [MESSAGE][PASSED] - Execute JavaScript 'window.scrollTo(0, document.body.scrollHeight)' successfully

2021-03-31 14:30:10 - [MESSAGE][PASSED] - Delayed 2 second(s)

2021-03-31 14:30:10 - [MESSAGE][PASSED] - Object 'Object Repository/POPS App UI/Footer/POPS_Logo_In_Footer' is present and visible in viewport

2021-03-31 14:30:10 - [MESSAGE][PASSED] - commonActions.BaseActions.ScrollToFooter is PASSED

2021-03-31 14:30:10 - [TEST_STEP][PASSED] - commonActions.PageActions.checkAlbumItemsCanClickable(findTestObject("Object Repository/POPS App UI/HomePageUI/ALBUM_PART")): commonActions.PageActions.checkAlbumItemsCanClickable is PASSED

2021-03-31 14:30:11 - [MESSAGE][PASSED] - commonActions.PageActions.checkAlbumItemsCanClickable is PASSED

2021-03-31 14:30:11 - [TEST_STEP][PASSED] - commonActions.PageActions.checkBrokenImages(findTestObject("Object Repository/CommonUI/IMG_THUMNAIL"), "src"): commonActions.PageActions.checkBrokenImages is PASSED

2021-03-31 14:30:14 - [MESSAGE][INFO] - HAR: D:\Working\AUTO\KATAWEB\popstestautomation\POPSTestAutomation\Reports\20210331_142341\POPS App\POPSApp_DailySmoke\20210331_142341\requests\main\37.har

2021-03-31 14:30:14 - [MESSAGE][PASSED] - Send request successfully

2021-03-31 14:30:14 - [MESSAGE][PASSED] - commonActions.PageActions.checkBrokenImages is PASSED

2021-03-31 14:30:14 - [TEST_STEP][PASSED] - Start listener action : sampleAfterTestCase: null

2021-03-31 14:30:14 - [TEST_STEP][PASSED] - println(testCaseContext.getTestCaseId()): null

2021-03-31 14:30:14 - [TEST_STEP][PASSED] - println(testCaseContext.getTestCaseStatus()): null]]></system-out>
         <system-err><![CDATA[]]></system-err>
      </testcase>
      <testcase name="Test Cases/Component/VerifyRecommandationDisplayed" time="21.941" classname="Test Cases/Component/VerifyRecommandationDisplayed" status="PASSED">
         <system-out><![CDATA[2021-03-31 14:30:14 - [TEST_CASE][PASSED] - Test Cases/Component/VerifyRecommandationDisplayed: Test Cases/Component/VerifyRecommandationDisplayed

2021-03-31 14:30:14 - [TEST_STEP][PASSED] - Start listener action : sampleBeforeTestCase: null

2021-03-31 14:30:14 - [TEST_STEP][PASSED] - println(testCaseContext.getTestCaseId()): null

2021-03-31 14:30:14 - [TEST_STEP][PASSED] - println(testCaseContext.getTestCaseVariables()): null

2021-03-31 14:30:15 - [TEST_STEP][PASSED] - openBrowser(SourceURL): Browser is opened with url: 'https://pops.vn/'

2021-03-31 14:30:15 - [MESSAGE][WARNING] - A browser is already opened. Closing browser and opening a new one

2021-03-31 14:30:15 - [MESSAGE][INFO] - Starting 'Chrome' driver

2021-03-31 14:30:15 - [MESSAGE][INFO] - Action delay is set to 0 milliseconds

2021-03-31 14:30:18 - [MESSAGE][PASSED] - Browser is opened with url: 'https://pops.vn/'

2021-03-31 14:30:18 - [TEST_STEP][PASSED] - maximizeWindow(): Current window maximized

2021-03-31 14:30:18 - [MESSAGE][PASSED] - Current window maximized

2021-03-31 14:30:18 - [TEST_STEP][PASSED] - commonActions.APIs.anonymousLogin(): commonActions.APIs.anonymousLogin is PASSED

2021-03-31 14:30:18 - [MESSAGE][INFO] - HAR: D:\Working\AUTO\KATAWEB\popstestautomation\POPSTestAutomation\Reports\20210331_142341\POPS App\POPSApp_DailySmoke\20210331_142341\requests\main\38.har

2021-03-31 14:30:18 - [MESSAGE][PASSED] - Send request successfully

2021-03-31 14:30:18 - [MESSAGE][PASSED] - commonActions.APIs.anonymousLogin is PASSED

2021-03-31 14:30:18 - [TEST_STEP][PASSED] - commonActions.BaseActions.ScrollToFooter(): commonActions.BaseActions.ScrollToFooter is PASSED

2021-03-31 14:30:18 - [MESSAGE][PASSED] - Execute JavaScript 'window.scrollTo(0, document.body.scrollHeight)' successfully

2021-03-31 14:30:20 - [MESSAGE][PASSED] - Delayed 2 second(s)

2021-03-31 14:30:22 - [MESSAGE][WARNING] - Object 'Object Repository/POPS App UI/Footer/POPS_Logo_In_Footer' is present but is not visible in viewport (Root cause: com.kms.katalon.core.exception.StepFailedException: Object 'Object Repository/POPS App UI/Footer/POPS_Logo_In_Footer' is present but is not visible in viewport
	at com.kms.katalon.core.webui.keyword.internal.WebUIKeywordMain.stepFailed(WebUIKeywordMain.groovy:64)
	at com.kms.katalon.core.webui.keyword.builtin.VerifyElementVisibleInViewportKeyword$_verifyElementVisibleInViewport_closure1.doCall(VerifyElementVisibleInViewportKeyword.groovy:79)
	at com.kms.katalon.core.webui.keyword.builtin.VerifyElementVisibleInViewportKeyword$_verifyElementVisibleInViewport_closure1.call(VerifyElementVisibleInViewportKeyword.groovy)
	at com.kms.katalon.core.webui.keyword.internal.WebUIKeywordMain.runKeyword(WebUIKeywordMain.groovy:20)
	at com.kms.katalon.core.webui.keyword.builtin.VerifyElementVisibleInViewportKeyword.verifyElementVisibleInViewport(VerifyElementVisibleInViewportKeyword.groovy:86)
	at com.kms.katalon.core.webui.keyword.builtin.VerifyElementVisibleInViewportKeyword.execute(VerifyElementVisibleInViewportKeyword.groovy:68)
	at com.kms.katalon.core.keyword.internal.KeywordExecutor.executeKeywordForPlatform(KeywordExecutor.groovy:73)
	at com.kms.katalon.core.webui.keyword.WebUiBuiltInKeywords.verifyElementInViewport(WebUiBuiltInKeywords.groovy:4050)
	at com.kms.katalon.core.webui.keyword.WebUiBuiltInKeywords$verifyElementInViewport$11.call(Unknown Source)
	at commonActions.BaseActions.ScrollToFooter(BaseActions.groovy:46)
	at commonActions.BaseActions.invokeMethod(BaseActions.groovy)
	at com.kms.katalon.core.main.CustomKeywordDelegatingMetaClass.invokeStaticMethod(CustomKeywordDelegatingMetaClass.java:50)
	at VerifyRecommandationDisplayed.run(VerifyRecommandationDisplayed:24)
	at com.kms.katalon.core.main.ScriptEngine.run(ScriptEngine.java:194)
	at com.kms.katalon.core.main.ScriptEngine.runScriptAsRawText(ScriptEngine.java:119)
	at com.kms.katalon.core.main.TestCaseExecutor.runScript(TestCaseExecutor.java:398)
	at com.kms.katalon.core.main.TestCaseExecutor.doExecute(TestCaseExecutor.java:389)
	at com.kms.katalon.core.main.TestCaseExecutor.processExecutionPhase(TestCaseExecutor.java:368)
	at com.kms.katalon.core.main.TestCaseExecutor.accessMainPhase(TestCaseExecutor.java:360)
	at com.kms.katalon.core.main.TestCaseExecutor.execute(TestCaseExecutor.java:255)
	at com.kms.katalon.core.main.TestSuiteExecutor.accessTestCaseMainPhase(TestSuiteExecutor.java:203)
	at com.kms.katalon.core.main.TestSuiteExecutor.accessTestSuiteMainPhase(TestSuiteExecutor.java:152)
	at com.kms.katalon.core.main.TestSuiteExecutor.execute(TestSuiteExecutor.java:95)
	at com.kms.katalon.core.main.TestCaseMain.startTestSuite(TestCaseMain.java:157)
	at com.kms.katalon.core.main.TestCaseMain$startTestSuite$0.call(Unknown Source)
	at TempTestSuite1617175421588.run(TempTestSuite1617175421588.groovy:39)
)
[[ATTACHMENT|D:\\Working\\AUTO\\KATAWEB\\popstestautomation\\POPSTestAutomation\\Reports\\20210331_142341\\POPS App\\POPSApp_DailySmoke\\20210331_142341\\1617175821502.png]]

2021-03-31 14:30:22 - [MESSAGE][PASSED] - Execute JavaScript 'window.scrollTo(0, document.body.scrollHeight)' successfully

2021-03-31 14:30:24 - [MESSAGE][PASSED] - Delayed 2 second(s)

2021-03-31 14:30:25 - [MESSAGE][WARNING] - Object 'Object Repository/POPS App UI/Footer/POPS_Logo_In_Footer' is present but is not visible in viewport (Root cause: com.kms.katalon.core.exception.StepFailedException: Object 'Object Repository/POPS App UI/Footer/POPS_Logo_In_Footer' is present but is not visible in viewport
	at com.kms.katalon.core.webui.keyword.internal.WebUIKeywordMain.stepFailed(WebUIKeywordMain.groovy:64)
	at com.kms.katalon.core.webui.keyword.builtin.VerifyElementVisibleInViewportKeyword$_verifyElementVisibleInViewport_closure1.doCall(VerifyElementVisibleInViewportKeyword.groovy:79)
	at com.kms.katalon.core.webui.keyword.builtin.VerifyElementVisibleInViewportKeyword$_verifyElementVisibleInViewport_closure1.call(VerifyElementVisibleInViewportKeyword.groovy)
	at com.kms.katalon.core.webui.keyword.internal.WebUIKeywordMain.runKeyword(WebUIKeywordMain.groovy:20)
	at com.kms.katalon.core.webui.keyword.builtin.VerifyElementVisibleInViewportKeyword.verifyElementVisibleInViewport(VerifyElementVisibleInViewportKeyword.groovy:86)
	at com.kms.katalon.core.webui.keyword.builtin.VerifyElementVisibleInViewportKeyword.execute(VerifyElementVisibleInViewportKeyword.groovy:68)
	at com.kms.katalon.core.keyword.internal.KeywordExecutor.executeKeywordForPlatform(KeywordExecutor.groovy:73)
	at com.kms.katalon.core.webui.keyword.WebUiBuiltInKeywords.verifyElementInViewport(WebUiBuiltInKeywords.groovy:4050)
	at com.kms.katalon.core.webui.keyword.WebUiBuiltInKeywords$verifyElementInViewport$11.call(Unknown Source)
	at commonActions.BaseActions.ScrollToFooter(BaseActions.groovy:46)
	at commonActions.BaseActions.invokeMethod(BaseActions.groovy)
	at com.kms.katalon.core.main.CustomKeywordDelegatingMetaClass.invokeStaticMethod(CustomKeywordDelegatingMetaClass.java:50)
	at VerifyRecommandationDisplayed.run(VerifyRecommandationDisplayed:24)
	at com.kms.katalon.core.main.ScriptEngine.run(ScriptEngine.java:194)
	at com.kms.katalon.core.main.ScriptEngine.runScriptAsRawText(ScriptEngine.java:119)
	at com.kms.katalon.core.main.TestCaseExecutor.runScript(TestCaseExecutor.java:398)
	at com.kms.katalon.core.main.TestCaseExecutor.doExecute(TestCaseExecutor.java:389)
	at com.kms.katalon.core.main.TestCaseExecutor.processExecutionPhase(TestCaseExecutor.java:368)
	at com.kms.katalon.core.main.TestCaseExecutor.accessMainPhase(TestCaseExecutor.java:360)
	at com.kms.katalon.core.main.TestCaseExecutor.execute(TestCaseExecutor.java:255)
	at com.kms.katalon.core.main.TestSuiteExecutor.accessTestCaseMainPhase(TestSuiteExecutor.java:203)
	at com.kms.katalon.core.main.TestSuiteExecutor.accessTestSuiteMainPhase(TestSuiteExecutor.java:152)
	at com.kms.katalon.core.main.TestSuiteExecutor.execute(TestSuiteExecutor.java:95)
	at com.kms.katalon.core.main.TestCaseMain.startTestSuite(TestCaseMain.java:157)
	at com.kms.katalon.core.main.TestCaseMain$startTestSuite$0.call(Unknown Source)
	at TempTestSuite1617175421588.run(TempTestSuite1617175421588.groovy:39)
)
[[ATTACHMENT|D:\\Working\\AUTO\\KATAWEB\\popstestautomation\\POPSTestAutomation\\Reports\\20210331_142341\\POPS App\\POPSApp_DailySmoke\\20210331_142341\\1617175824558.png]]

2021-03-31 14:30:25 - [MESSAGE][PASSED] - Execute JavaScript 'window.scrollTo(0, document.body.scrollHeight)' successfully

2021-03-31 14:30:27 - [MESSAGE][PASSED] - Delayed 2 second(s)

2021-03-31 14:30:28 - [MESSAGE][WARNING] - Object 'Object Repository/POPS App UI/Footer/POPS_Logo_In_Footer' is present but is not visible in viewport (Root cause: com.kms.katalon.core.exception.StepFailedException: Object 'Object Repository/POPS App UI/Footer/POPS_Logo_In_Footer' is present but is not visible in viewport
	at com.kms.katalon.core.webui.keyword.internal.WebUIKeywordMain.stepFailed(WebUIKeywordMain.groovy:64)
	at com.kms.katalon.core.webui.keyword.builtin.VerifyElementVisibleInViewportKeyword$_verifyElementVisibleInViewport_closure1.doCall(VerifyElementVisibleInViewportKeyword.groovy:79)
	at com.kms.katalon.core.webui.keyword.builtin.VerifyElementVisibleInViewportKeyword$_verifyElementVisibleInViewport_closure1.call(VerifyElementVisibleInViewportKeyword.groovy)
	at com.kms.katalon.core.webui.keyword.internal.WebUIKeywordMain.runKeyword(WebUIKeywordMain.groovy:20)
	at com.kms.katalon.core.webui.keyword.builtin.VerifyElementVisibleInViewportKeyword.verifyElementVisibleInViewport(VerifyElementVisibleInViewportKeyword.groovy:86)
	at com.kms.katalon.core.webui.keyword.builtin.VerifyElementVisibleInViewportKeyword.execute(VerifyElementVisibleInViewportKeyword.groovy:68)
	at com.kms.katalon.core.keyword.internal.KeywordExecutor.executeKeywordForPlatform(KeywordExecutor.groovy:73)
	at com.kms.katalon.core.webui.keyword.WebUiBuiltInKeywords.verifyElementInViewport(WebUiBuiltInKeywords.groovy:4050)
	at com.kms.katalon.core.webui.keyword.WebUiBuiltInKeywords$verifyElementInViewport$11.call(Unknown Source)
	at commonActions.BaseActions.ScrollToFooter(BaseActions.groovy:46)
	at commonActions.BaseActions.invokeMethod(BaseActions.groovy)
	at com.kms.katalon.core.main.CustomKeywordDelegatingMetaClass.invokeStaticMethod(CustomKeywordDelegatingMetaClass.java:50)
	at VerifyRecommandationDisplayed.run(VerifyRecommandationDisplayed:24)
	at com.kms.katalon.core.main.ScriptEngine.run(ScriptEngine.java:194)
	at com.kms.katalon.core.main.ScriptEngine.runScriptAsRawText(ScriptEngine.java:119)
	at com.kms.katalon.core.main.TestCaseExecutor.runScript(TestCaseExecutor.java:398)
	at com.kms.katalon.core.main.TestCaseExecutor.doExecute(TestCaseExecutor.java:389)
	at com.kms.katalon.core.main.TestCaseExecutor.processExecutionPhase(TestCaseExecutor.java:368)
	at com.kms.katalon.core.main.TestCaseExecutor.accessMainPhase(TestCaseExecutor.java:360)
	at com.kms.katalon.core.main.TestCaseExecutor.execute(TestCaseExecutor.java:255)
	at com.kms.katalon.core.main.TestSuiteExecutor.accessTestCaseMainPhase(TestSuiteExecutor.java:203)
	at com.kms.katalon.core.main.TestSuiteExecutor.accessTestSuiteMainPhase(TestSuiteExecutor.java:152)
	at com.kms.katalon.core.main.TestSuiteExecutor.execute(TestSuiteExecutor.java:95)
	at com.kms.katalon.core.main.TestCaseMain.startTestSuite(TestCaseMain.java:157)
	at com.kms.katalon.core.main.TestCaseMain$startTestSuite$0.call(Unknown Source)
	at TempTestSuite1617175421588.run(TempTestSuite1617175421588.groovy:39)
)
[[ATTACHMENT|D:\\Working\\AUTO\\KATAWEB\\popstestautomation\\POPSTestAutomation\\Reports\\20210331_142341\\POPS App\\POPSApp_DailySmoke\\20210331_142341\\1617175827601.png]]

2021-03-31 14:30:28 - [MESSAGE][PASSED] - Execute JavaScript 'window.scrollTo(0, document.body.scrollHeight)' successfully

2021-03-31 14:30:30 - [MESSAGE][PASSED] - Delayed 2 second(s)

2021-03-31 14:30:31 - [MESSAGE][WARNING] - Object 'Object Repository/POPS App UI/Footer/POPS_Logo_In_Footer' is present but is not visible in viewport (Root cause: com.kms.katalon.core.exception.StepFailedException: Object 'Object Repository/POPS App UI/Footer/POPS_Logo_In_Footer' is present but is not visible in viewport
	at com.kms.katalon.core.webui.keyword.internal.WebUIKeywordMain.stepFailed(WebUIKeywordMain.groovy:64)
	at com.kms.katalon.core.webui.keyword.builtin.VerifyElementVisibleInViewportKeyword$_verifyElementVisibleInViewport_closure1.doCall(VerifyElementVisibleInViewportKeyword.groovy:79)
	at com.kms.katalon.core.webui.keyword.builtin.VerifyElementVisibleInViewportKeyword$_verifyElementVisibleInViewport_closure1.call(VerifyElementVisibleInViewportKeyword.groovy)
	at com.kms.katalon.core.webui.keyword.internal.WebUIKeywordMain.runKeyword(WebUIKeywordMain.groovy:20)
	at com.kms.katalon.core.webui.keyword.builtin.VerifyElementVisibleInViewportKeyword.verifyElementVisibleInViewport(VerifyElementVisibleInViewportKeyword.groovy:86)
	at com.kms.katalon.core.webui.keyword.builtin.VerifyElementVisibleInViewportKeyword.execute(VerifyElementVisibleInViewportKeyword.groovy:68)
	at com.kms.katalon.core.keyword.internal.KeywordExecutor.executeKeywordForPlatform(KeywordExecutor.groovy:73)
	at com.kms.katalon.core.webui.keyword.WebUiBuiltInKeywords.verifyElementInViewport(WebUiBuiltInKeywords.groovy:4050)
	at com.kms.katalon.core.webui.keyword.WebUiBuiltInKeywords$verifyElementInViewport$11.call(Unknown Source)
	at commonActions.BaseActions.ScrollToFooter(BaseActions.groovy:46)
	at commonActions.BaseActions.invokeMethod(BaseActions.groovy)
	at com.kms.katalon.core.main.CustomKeywordDelegatingMetaClass.invokeStaticMethod(CustomKeywordDelegatingMetaClass.java:50)
	at VerifyRecommandationDisplayed.run(VerifyRecommandationDisplayed:24)
	at com.kms.katalon.core.main.ScriptEngine.run(ScriptEngine.java:194)
	at com.kms.katalon.core.main.ScriptEngine.runScriptAsRawText(ScriptEngine.java:119)
	at com.kms.katalon.core.main.TestCaseExecutor.runScript(TestCaseExecutor.java:398)
	at com.kms.katalon.core.main.TestCaseExecutor.doExecute(TestCaseExecutor.java:389)
	at com.kms.katalon.core.main.TestCaseExecutor.processExecutionPhase(TestCaseExecutor.java:368)
	at com.kms.katalon.core.main.TestCaseExecutor.accessMainPhase(TestCaseExecutor.java:360)
	at com.kms.katalon.core.main.TestCaseExecutor.execute(TestCaseExecutor.java:255)
	at com.kms.katalon.core.main.TestSuiteExecutor.accessTestCaseMainPhase(TestSuiteExecutor.java:203)
	at com.kms.katalon.core.main.TestSuiteExecutor.accessTestSuiteMainPhase(TestSuiteExecutor.java:152)
	at com.kms.katalon.core.main.TestSuiteExecutor.execute(TestSuiteExecutor.java:95)
	at com.kms.katalon.core.main.TestCaseMain.startTestSuite(TestCaseMain.java:157)
	at com.kms.katalon.core.main.TestCaseMain$startTestSuite$0.call(Unknown Source)
	at TempTestSuite1617175421588.run(TempTestSuite1617175421588.groovy:39)
)
[[ATTACHMENT|D:\\Working\\AUTO\\KATAWEB\\popstestautomation\\POPSTestAutomation\\Reports\\20210331_142341\\POPS App\\POPSApp_DailySmoke\\20210331_142341\\1617175830562.png]]

2021-03-31 14:30:31 - [MESSAGE][PASSED] - Execute JavaScript 'window.scrollTo(0, document.body.scrollHeight)' successfully

2021-03-31 14:30:33 - [MESSAGE][PASSED] - Delayed 2 second(s)

2021-03-31 14:30:33 - [MESSAGE][PASSED] - Object 'Object Repository/POPS App UI/Footer/POPS_Logo_In_Footer' is present and visible in viewport

2021-03-31 14:30:33 - [MESSAGE][PASSED] - commonActions.BaseActions.ScrollToFooter is PASSED

2021-03-31 14:30:33 - [TEST_STEP][PASSED] - commonActions.PageActions.checkRecommandation(findTestObject("POPS App UI/HomePageUI/RECOMMANDATION_PART")): commonActions.PageActions.checkRecommandation is PASSED

2021-03-31 14:30:34 - [MESSAGE][INFO] - HAR: D:\Working\AUTO\KATAWEB\popstestautomation\POPSTestAutomation\Reports\20210331_142341\POPS App\POPSApp_DailySmoke\20210331_142341\requests\main\39.har

2021-03-31 14:30:34 - [MESSAGE][PASSED] - Send request successfully

2021-03-31 14:30:34 - [MESSAGE][PASSED] - commonActions.PageActions.checkRecommandation is PASSED

2021-03-31 14:30:34 - [TEST_STEP][PASSED] - commonActions.PageActions.checkReCommandationCanClickable(findTestObject("POPS App UI/HomePageUI/RECOMMANDATION_PART")): commonActions.PageActions.checkReCommandationCanClickable is PASSED

2021-03-31 14:30:35 - [MESSAGE][PASSED] - commonActions.PageActions.checkReCommandationCanClickable is PASSED

2021-03-31 14:30:35 - [TEST_STEP][PASSED] - commonActions.PageActions.checkBrokenImages(findTestObject("Object Repository/CommonUI/IMG_THUMNAIL"), "src"): commonActions.PageActions.checkBrokenImages is PASSED

2021-03-31 14:30:36 - [MESSAGE][PASSED] - commonActions.PageActions.checkBrokenImages is PASSED

2021-03-31 14:30:36 - [TEST_STEP][PASSED] - Start listener action : sampleAfterTestCase: null

2021-03-31 14:30:36 - [TEST_STEP][PASSED] - println(testCaseContext.getTestCaseId()): null

2021-03-31 14:30:36 - [TEST_STEP][PASSED] - println(testCaseContext.getTestCaseStatus()): null]]></system-out>
         <system-err><![CDATA[]]></system-err>
      </testcase>
      <system-out><![CDATA[2021-03-31 14:23:52 - [TEST_SUITE][ERROR] - POPSApp_DailySmoke: Test Cases/UnlockComic/VerifyUnlockComic FAILED.
Reason:
java.lang.IndexOutOfBoundsException: Index: 0
	at java_util_List$get$1.call(Unknown Source)
	at java_util_List$get$1.call(Unknown Source)
	at commonActions.BaseActions.clickFirstElement(BaseActions.groovy:202)
	at commonActions.BaseActions.invokeMethod(BaseActions.groovy)
	at com.kms.katalon.core.main.CustomKeywordDelegatingMetaClass.invokeStaticMethod(CustomKeywordDelegatingMetaClass.java:50)
	at VerifyUnlockComic.run(VerifyUnlockComic:33)
	at com.kms.katalon.core.main.ScriptEngine.run(ScriptEngine.java:194)
	at com.kms.katalon.core.main.ScriptEngine.runScriptAsRawText(ScriptEngine.java:119)
	at com.kms.katalon.core.main.TestCaseExecutor.runScript(TestCaseExecutor.java:398)
	at com.kms.katalon.core.main.TestCaseExecutor.doExecute(TestCaseExecutor.java:389)
	at com.kms.katalon.core.main.TestCaseExecutor.processExecutionPhase(TestCaseExecutor.java:368)
	at com.kms.katalon.core.main.TestCaseExecutor.accessMainPhase(TestCaseExecutor.java:360)
	at com.kms.katalon.core.main.TestCaseExecutor.execute(TestCaseExecutor.java:255)
	at com.kms.katalon.core.main.TestSuiteExecutor.accessTestCaseMainPhase(TestSuiteExecutor.java:203)
	at com.kms.katalon.core.main.TestSuiteExecutor.accessTestSuiteMainPhase(TestSuiteExecutor.java:152)
	at com.kms.katalon.core.main.TestSuiteExecutor.execute(TestSuiteExecutor.java:95)
	at com.kms.katalon.core.main.TestCaseMain.startTestSuite(TestCaseMain.java:157)
	at com.kms.katalon.core.main.TestCaseMain$startTestSuite$0.call(Unknown Source)
	at TempTestSuite1617175421588.run(TempTestSuite1617175421588.groovy:39)]]></system-out>
      <system-err><![CDATA[2021-03-31 14:23:52 - [TEST_SUITE][ERROR] - POPSApp_DailySmoke: Test Cases/UnlockComic/VerifyUnlockComic FAILED.
Reason:
java.lang.IndexOutOfBoundsException: Index: 0
	at java_util_List$get$1.call(Unknown Source)
	at java_util_List$get$1.call(Unknown Source)
	at commonActions.BaseActions.clickFirstElement(BaseActions.groovy:202)
	at commonActions.BaseActions.invokeMethod(BaseActions.groovy)
	at com.kms.katalon.core.main.CustomKeywordDelegatingMetaClass.invokeStaticMethod(CustomKeywordDelegatingMetaClass.java:50)
	at VerifyUnlockComic.run(VerifyUnlockComic:33)
	at com.kms.katalon.core.main.ScriptEngine.run(ScriptEngine.java:194)
	at com.kms.katalon.core.main.ScriptEngine.runScriptAsRawText(ScriptEngine.java:119)
	at com.kms.katalon.core.main.TestCaseExecutor.runScript(TestCaseExecutor.java:398)
	at com.kms.katalon.core.main.TestCaseExecutor.doExecute(TestCaseExecutor.java:389)
	at com.kms.katalon.core.main.TestCaseExecutor.processExecutionPhase(TestCaseExecutor.java:368)
	at com.kms.katalon.core.main.TestCaseExecutor.accessMainPhase(TestCaseExecutor.java:360)
	at com.kms.katalon.core.main.TestCaseExecutor.execute(TestCaseExecutor.java:255)
	at com.kms.katalon.core.main.TestSuiteExecutor.accessTestCaseMainPhase(TestSuiteExecutor.java:203)
	at com.kms.katalon.core.main.TestSuiteExecutor.accessTestSuiteMainPhase(TestSuiteExecutor.java:152)
	at com.kms.katalon.core.main.TestSuiteExecutor.execute(TestSuiteExecutor.java:95)
	at com.kms.katalon.core.main.TestCaseMain.startTestSuite(TestCaseMain.java:157)
	at com.kms.katalon.core.main.TestCaseMain$startTestSuite$0.call(Unknown Source)
	at TempTestSuite1617175421588.run(TempTestSuite1617175421588.groovy:39)]]></system-err>
   </testsuite>
</testsuites>
